
          -------------------------------------------------------
          Amber 16 PMEMD                              2016
          -------------------------------------------------------

| PMEMD implementation of SANDER, Release 16

| Run on 04/06/2017 at 19:22:17

|   Executable path: pmemd.cuda
| Working directory: /home/robert/Research/AADH/MD/7_tuning
|          Hostname: Unknown
  [-O]verwriting output

File Assignments:
|   MDIN: anderson.in                                                           
|  MDOUT: anderson.out                                                          
| INPCRD: ../common/equil6.rst                                                  
|   PARM: ../common/2agy_final_min.prmtop                                       
| RESTRT: restrt                                                                
|   REFC: refc                                                                  
|  MDVEL: mdvel                                                                 
|   MDEN: mden                                                                  
|  MDCRD: mdcrd                                                                 
| MDINFO: mdinfo                                                                
|  MDFRC: mdfrc                                                                 


 Here is the input file:

AADH reference trajectory: 40ps MD                                             
&cntrl                                                                         
  imin   = 0,                    ! INP Standard MD, no minimization            
  irest  = 1,                    ! INP Restart simulation                      
  ntx    = 5,                    ! INP Read in coordinates and velocities      
  ntpr   = 500,                  ! OUT print frequencey for energy info to mdou
  ntc    = 2,                    ! RESTRAINTS SHAKE for TIP3P                  
  nscm   = 1000,                 ! MD frequency to remove C.o.M motion         
  dt     = 0.002,                ! MD timestep                                 
  nrespa = 1,                    ! MD RESPA time step.  Keep nrespa * dt <= 4  
  nstlim = 20000,                 ! MD Number of time steps                    
  tempi  = 310.0,                  ! TEMP initial temperature                  
  temp0  = 310.0,                ! TEMP final temperature                      
  ntt    = 2,                    ! TEMP Temp control 3 = Langevin, 2= Anderson,
  vrand  = 1000,                 ! TEMP Anderson randomisation frequency       
  ntf    = 2,                    ! POTENTIAL omit H-atoms in potential evaluati
  ntb    = 1,                    ! POTENTIAL Constant Volume PBC for non-bonded
  cut    = 12.0,                 ! POTENTIAL Non-bonded cutoff                 
  fswitch = 10.0,                ! POTENTIAL Switching function start length   
/                                                                              
                                                                               


Note: ig = -1. Setting random seed to    43059 based on wallclock time in 
      microseconds.
 
|--------------------- INFORMATION ----------------------
| GPU (CUDA) Version of PMEMD in use: NVIDIA GPU IN USE.
|                    Version 16.0.0
| 
|                      02/25/2016
| 
| Implementation by:
|                    Ross C. Walker     (SDSC)
|                    Scott Le Grand     (nVIDIA)
| 
| Precision model in use:
|      [SPFP] - Single Precision Forces, 64-bit Fixed Point
|               Accumulation. (Default)
| 
|--------------------------------------------------------
 
|----------------- CITATION INFORMATION -----------------
|
|    When publishing work that utilized the CUDA version
|    of AMBER, please cite the following in addition to
|    the regular AMBER citations:
|
|  - Romelia Salomon-Ferrer; Andreas W. Goetz; Duncan
|    Poole; Scott Le Grand; Ross C. Walker "Routine
|    microsecond molecular dynamics simulations with
|    AMBER - Part II: Particle Mesh Ewald", J. Chem.
|    Theory Comput., 2013, 9 (9), pp3878-3888,
|    DOI: 10.1021/ct400314y.
|
|  - Andreas W. Goetz; Mark J. Williamson; Dong Xu;
|    Duncan Poole; Scott Le Grand; Ross C. Walker
|    "Routine microsecond molecular dynamics simulations
|    with AMBER - Part I: Generalized Born", J. Chem.
|    Theory Comput., 2012, 8 (5), pp1542-1555.
|
|  - Scott Le Grand; Andreas W. Goetz; Ross C. Walker
|    "SPFP: Speed without compromise - a mixed precision
|    model for GPU accelerated molecular dynamics
|    simulations.", Comp. Phys. Comm., 2013, 184
|    pp374-380, DOI: 10.1016/j.cpc.2012.09.022
|
|--------------------------------------------------------
 
|------------------- GPU DEVICE INFO --------------------
|
|            CUDA_VISIBLE_DEVICES: not set
|   CUDA Capable Devices Detected:      1
|           CUDA Device ID in use:      0
|                CUDA Device Name: GeForce GTX 980
|     CUDA Device Global Mem Size:   8112 MB
| CUDA Device Num Multiprocessors:     16
|           CUDA Device Core Freq:   1.19 GHz
|
|--------------------------------------------------------
 
 
| Conditional Compilation Defines Used:
| PUBFFT
| BINTRAJ
| CUDA
| EMIL

| Largest sphere to fit in unit cell has radius =    44.450

| New format PARM file being parsed.
| Version =    1.000 Date = 04/03/17 Time = 21:47:27
| Force field information read from topology file: 
|              >>>> CHARMM36 All-Hydrogen Parameter File for Proteins <<<<<<<<<<  
|
|CHARMM: CHARMM force field in use. 

| Note: 1-4 EEL scale factors are being read from the topology file.

| Note: 1-4 VDW scale factors are being read from the topology file.
| INFO: Off Diagonal (NBFIX) LJ terms found in prmtop file.
|       The prmtop file has been modified to support atom
|       type based pairwise Lennard-Jones terms.
| Duplicated    0 dihedrals

| Duplicated    0 dihedrals

--------------------------------------------------------------------------------
   1.  RESOURCE   USE: 
--------------------------------------------------------------------------------

 getting new box info from bottom of inpcrd
 NATOM  =  115183 NTYPES =      45 NBONH =  107615 MBONA  =    7567
 NTHETH =   49571 MTHETA =   10290 NPHIH =   26934 MPHIA  =   18893
 NHPARM =       0 NPARM  =       0 NNB   =  213960 NRES   =   34667
 NBONA  =    7567 NTHETA =   10290 NPHIA =   18893 NUMBND =      84
 NUMANG =     194 NPTRA  =     454 NATYP =       1 NPHB   =       0
 IFBOX  =       1 NMXRS  =      45 IFCAP =       0 NEXTRA =       0
 NCOPY  =       0

|CHARMM: Reticulating splines.

| Coordinate Index Table dimensions:    19   15   13
| Direct force subcell size =     6.5198    6.8766    6.8384

     BOX TYPE: RECTILINEAR

--------------------------------------------------------------------------------
   2.  CONTROL  DATA  FOR  THE  RUN
--------------------------------------------------------------------------------

                                                                                

General flags:
     imin    =       0, nmropt  =       0

Nature and format of input:
     ntx     =       5, irest   =       1, ntrx    =       1

Nature and format of output:
     ntxo    =       2, ntpr    =     500, ntrx    =       1, ntwr    =   20000
     iwrap   =       0, ntwx    =       0, ntwv    =       0, ntwe    =       0
     ioutfm  =       1, ntwprt  =       0, idecomp =       0, rbornstat=      0

Potential function:
     ntf     =       2, ntb     =       1, igb     =       0, nsnb    =      25
     ipol    =       0, gbsa    =       0, iesp    =       0
     dielc   =   1.00000, cut     =  12.00000, intdiel =   1.00000

Frozen or restrained atoms:
     ibelly  =       0, ntr     =       0

Molecular dynamics:
     nstlim  =     20000, nscm    =      1000, nrespa  =         1
     t       =   0.00000, dt      =   0.00200, vlimit  =  -1.00000

Anderson (strong collision) temperature regulation:
     ig      =   43059, vrand   =    1000
     temp0   = 310.00000, tempi   = 310.00000

SHAKE:
     ntc     =       2, jfastw  =       0
     tol     =   0.00001

| Intermolecular bonds treatment:
|     no_intermolecular_bonds =       1

| Energy averages sample interval:
|     ene_avg_sampling =     500

Ewald parameters:
     verbose =       0, ew_type =       0, nbflag  =       1, use_pme =       1
     vdwmeth =       0, eedmeth =       1, netfrc  =       1
     Box X =  123.876   Box Y =  103.149   Box Z =   88.900
     Alpha =   90.000   Beta  =   90.000   Gamma =   90.000
     NFFT1 =  128       NFFT2 =  108       NFFT3 =   96
     Cutoff=   12.000   Tol   =0.100E-04
     Ewald Coefficient =  0.22664
     Interpolation order =    4

--------------------------------------------------------------------------------
   3.  ATOMIC COORDINATES AND VELOCITIES
--------------------------------------------------------------------------------

                                                                                
 begin time read from input coords =  1070.000 ps

 
 Number of triangulated 3-point waters found:    33521

     Sum of charges from parm topology file =  -0.00000000
     Forcing neutrality...

| Dynamic Memory, Types Used:
| Reals             3079032
| Integers          3841927

| Nonbonded Pairs Initial Allocation:    57283385

| GPU memory information (estimate):
| KB of GPU memory in use:    909778
| KB of CPU memory in use:    167278

--------------------------------------------------------------------------------
   4.  RESULTS
--------------------------------------------------------------------------------

 ---------------------------------------------------
 APPROXIMATING switch and d/dx switch using CUBIC SPLINE INTERPOLATION
 using   5000.0 points per unit in tabled values
 TESTING RELATIVE ERROR over r ranging from 0.0 to cutoff
| CHECK switch(x): max rel err =   0.2738E-14   at   2.422500
| CHECK d/dx switch(x): max rel err =   0.7967E-11   at   2.716640
 ---------------------------------------------------
|---------------------------------------------------
| APPROXIMATING direct energy using CUBIC SPLINE INTERPOLATION
|  with   50.0 points per unit in tabled values
| Relative Error Limit not exceeded for r .gt.   2.27
| APPROXIMATING direct force using CUBIC SPLINE INTERPOLATION
|  with   50.0 points per unit in tabled values
| Relative Error Limit not exceeded for r .gt.   2.78
|---------------------------------------------------

 NSTEP =      500   TIME(PS) =    1071.000  TEMP(K) =   310.67  PRESS =     0.0
 Etot   =   -285372.8621  EKtot   =     73445.2500  EPtot      =   -358818.1121
 BOND   =      3067.0575  ANGLE   =      7583.8940  DIHED      =      9514.9360
 UB     =       882.9239  IMP     =       500.2460  CMAP       =      -594.1812
 1-4 NB =      2504.0677  1-4 EEL =     39353.9518  VDWAALS    =     28827.9348
 EELEC  =   -450458.9427  EHBOND  =         0.0000  RESTRAINT  =         0.0000
 ------------------------------------------------------------------------------

Setting new random velocities at step     1000
check COM velocity, temp:        0.001293     0.00(Removed)

 NSTEP =     1000   TIME(PS) =    1072.000  TEMP(K) =   310.61  PRESS =     0.0
 Etot   =   -285078.1621  EKtot   =     73431.6376  EPtot      =   -358509.7997
 BOND   =      2991.6277  ANGLE   =      7642.0802  DIHED      =      9635.3216
 UB     =       867.1649  IMP     =       536.9107  CMAP       =      -563.5891
 1-4 NB =      2543.2025  1-4 EEL =     39271.2153  VDWAALS    =     29208.4440
 EELEC  =   -450642.1774  EHBOND  =         0.0000  RESTRAINT  =         0.0000
 ------------------------------------------------------------------------------


 NSTEP =     1500   TIME(PS) =    1073.000  TEMP(K) =   308.80  PRESS =     0.0
 Etot   =   -285532.6711  EKtot   =     73001.8438  EPtot      =   -358534.5149
 BOND   =      3138.9603  ANGLE   =      7634.4011  DIHED      =      9617.2446
 UB     =       889.8470  IMP     =       496.9345  CMAP       =      -573.4136
 1-4 NB =      2503.6204  1-4 EEL =     39330.8304  VDWAALS    =     28932.6631
 EELEC  =   -450505.6027  EHBOND  =         0.0000  RESTRAINT  =         0.0000
 ------------------------------------------------------------------------------

Setting new random velocities at step     2000
check COM velocity, temp:        0.002393     0.01(Removed)

 NSTEP =     2000   TIME(PS) =    1074.000  TEMP(K) =   309.06  PRESS =     0.0
 Etot   =   -285427.2666  EKtot   =     73064.3908  EPtot      =   -358491.6574
 BOND   =      3150.9875  ANGLE   =      7642.6270  DIHED      =      9581.4192
 UB     =       879.5722  IMP     =       506.4363  CMAP       =      -611.4003
 1-4 NB =      2496.9317  1-4 EEL =     39246.3546  VDWAALS    =     29300.9178
 EELEC  =   -450685.5035  EHBOND  =         0.0000  RESTRAINT  =         0.0000
 ------------------------------------------------------------------------------


 NSTEP =     2500   TIME(PS) =    1075.000  TEMP(K) =   309.26  PRESS =     0.0
 Etot   =   -285141.3766  EKtot   =     73111.9766  EPtot      =   -358253.3531
 BOND   =      3068.7126  ANGLE   =      7604.8359  DIHED      =      9636.9264
 UB     =       886.2040  IMP     =       509.6801  CMAP       =      -624.5705
 1-4 NB =      2529.5148  1-4 EEL =     39300.8976  VDWAALS    =     29086.9907
 EELEC  =   -450252.5448  EHBOND  =         0.0000  RESTRAINT  =         0.0000
 ------------------------------------------------------------------------------

Setting new random velocities at step     3000
check COM velocity, temp:        0.001781     0.00(Removed)

 NSTEP =     3000   TIME(PS) =    1076.000  TEMP(K) =   309.08  PRESS =     0.0
 Etot   =   -285180.1028  EKtot   =     73068.8927  EPtot      =   -358248.9955
 BOND   =      3094.1288  ANGLE   =      7549.1183  DIHED      =      9617.5448
 UB     =       875.9094  IMP     =       523.0668  CMAP       =      -586.5288
 1-4 NB =      2522.4465  1-4 EEL =     39220.6694  VDWAALS    =     29138.3008
 EELEC  =   -450203.6514  EHBOND  =         0.0000  RESTRAINT  =         0.0000
 ------------------------------------------------------------------------------


 NSTEP =     3500   TIME(PS) =    1077.000  TEMP(K) =   309.73  PRESS =     0.0
 Etot   =   -285205.7231  EKtot   =     73221.2422  EPtot      =   -358426.9653
 BOND   =      3098.1077  ANGLE   =      7688.4036  DIHED      =      9563.9137
 UB     =       896.9156  IMP     =       519.0283  CMAP       =      -575.2529
 1-4 NB =      2547.0777  1-4 EEL =     39208.8927  VDWAALS    =     29041.1131
 EELEC  =   -450415.1648  EHBOND  =         0.0000  RESTRAINT  =         0.0000
 ------------------------------------------------------------------------------

Setting new random velocities at step     4000
check COM velocity, temp:        0.002814     0.01(Removed)

 NSTEP =     4000   TIME(PS) =    1078.000  TEMP(K) =   309.37  PRESS =     0.0
 Etot   =   -284988.4128  EKtot   =     73136.9870  EPtot      =   -358125.3998
 BOND   =      3134.8023  ANGLE   =      7661.3242  DIHED      =      9628.0209
 UB     =       894.4050  IMP     =       528.0774  CMAP       =      -640.1789
 1-4 NB =      2492.2902  1-4 EEL =     39289.1513  VDWAALS    =     29309.3052
 EELEC  =   -450422.5975  EHBOND  =         0.0000  RESTRAINT  =         0.0000
 ------------------------------------------------------------------------------


 NSTEP =     4500   TIME(PS) =    1079.000  TEMP(K) =   310.64  PRESS =     0.0
 Etot   =   -284517.4587  EKtot   =     73437.0078  EPtot      =   -357954.4665
 BOND   =      3144.4257  ANGLE   =      7686.7044  DIHED      =      9650.8806
 UB     =       902.5272  IMP     =       517.1819  CMAP       =      -606.3307
 1-4 NB =      2542.0222  1-4 EEL =     39283.9304  VDWAALS    =     28976.9363
 EELEC  =   -450052.7446  EHBOND  =         0.0000  RESTRAINT  =         0.0000
 ------------------------------------------------------------------------------

Setting new random velocities at step     5000
check COM velocity, temp:        0.001909     0.01(Removed)

 NSTEP =     5000   TIME(PS) =    1080.000  TEMP(K) =   310.50  PRESS =     0.0
 Etot   =   -284581.6280  EKtot   =     73404.2400  EPtot      =   -357985.8680
 BOND   =      3166.3421  ANGLE   =      7617.4496  DIHED      =      9660.5016
 UB     =       890.6686  IMP     =       516.7814  CMAP       =      -631.9481
 1-4 NB =      2517.8617  1-4 EEL =     39227.7455  VDWAALS    =     28919.1450
 EELEC  =   -449870.4154  EHBOND  =         0.0000  RESTRAINT  =         0.0000
 ------------------------------------------------------------------------------


 NSTEP =     5500   TIME(PS) =    1081.000  TEMP(K) =   310.08  PRESS =     0.0
 Etot   =   -284562.8687  EKtot   =     73304.0312  EPtot      =   -357866.9000
 BOND   =      3123.1775  ANGLE   =      7610.1431  DIHED      =      9568.8007
 UB     =       884.3930  IMP     =       498.2028  CMAP       =      -600.9037
 1-4 NB =      2531.2407  1-4 EEL =     39186.5341  VDWAALS    =     29045.4865
 EELEC  =   -449713.9747  EHBOND  =         0.0000  RESTRAINT  =         0.0000
 ------------------------------------------------------------------------------

Setting new random velocities at step     6000
check COM velocity, temp:        0.001616     0.00(Removed)

 NSTEP =     6000   TIME(PS) =    1082.000  TEMP(K) =   310.43  PRESS =     0.0
 Etot   =   -284528.0450  EKtot   =     73388.1165  EPtot      =   -357916.1615
 BOND   =      3123.9216  ANGLE   =      7605.8917  DIHED      =      9640.0215
 UB     =       884.1375  IMP     =       546.5211  CMAP       =      -587.6768
 1-4 NB =      2510.2353  1-4 EEL =     39262.5697  VDWAALS    =     29036.0260
 EELEC  =   -449937.8092  EHBOND  =         0.0000  RESTRAINT  =         0.0000
 ------------------------------------------------------------------------------


 NSTEP =     6500   TIME(PS) =    1083.000  TEMP(K) =   310.16  PRESS =     0.0
 Etot   =   -284538.8470  EKtot   =     73323.8828  EPtot      =   -357862.7299
 BOND   =      3173.5291  ANGLE   =      7563.9543  DIHED      =      9667.8463
 UB     =       880.9559  IMP     =       521.2944  CMAP       =      -612.6931
 1-4 NB =      2542.2588  1-4 EEL =     39326.7639  VDWAALS    =     29085.4357
 EELEC  =   -450012.0750  EHBOND  =         0.0000  RESTRAINT  =         0.0000
 ------------------------------------------------------------------------------

Setting new random velocities at step     7000
check COM velocity, temp:        0.001865     0.01(Removed)

 NSTEP =     7000   TIME(PS) =    1084.000  TEMP(K) =   309.82  PRESS =     0.0
 Etot   =   -284577.0452  EKtot   =     73242.9548  EPtot      =   -357819.9999
 BOND   =      3128.6302  ANGLE   =      7612.9391  DIHED      =      9678.9116
 UB     =       887.2263  IMP     =       519.7757  CMAP       =      -606.7882
 1-4 NB =      2486.3264  1-4 EEL =     39257.7859  VDWAALS    =     29075.6960
 EELEC  =   -449860.5030  EHBOND  =         0.0000  RESTRAINT  =         0.0000
 ------------------------------------------------------------------------------


 NSTEP =     7500   TIME(PS) =    1085.000  TEMP(K) =   310.77  PRESS =     0.0
 Etot   =   -284697.5088  EKtot   =     73468.1016  EPtot      =   -358165.6104
 BOND   =      3051.0432  ANGLE   =      7612.8272  DIHED      =      9573.3296
 UB     =       866.5308  IMP     =       539.8683  CMAP       =      -564.5668
 1-4 NB =      2517.0679  1-4 EEL =     39373.5859  VDWAALS    =     29000.7552
 EELEC  =   -450136.0516  EHBOND  =         0.0000  RESTRAINT  =         0.0000
 ------------------------------------------------------------------------------

Setting new random velocities at step     8000
check COM velocity, temp:        0.000658     0.00(Removed)

 NSTEP =     8000   TIME(PS) =    1086.000  TEMP(K) =   310.40  PRESS =     0.0
 Etot   =   -284877.0539  EKtot   =     73380.3097  EPtot      =   -358257.3636
 BOND   =      3062.9063  ANGLE   =      7622.0153  DIHED      =      9607.6809
 UB     =       905.2657  IMP     =       519.0684  CMAP       =      -584.0820
 1-4 NB =      2536.5157  1-4 EEL =     39449.8204  VDWAALS    =     29345.8319
 EELEC  =   -450722.3863  EHBOND  =         0.0000  RESTRAINT  =         0.0000
 ------------------------------------------------------------------------------


 NSTEP =     8500   TIME(PS) =    1087.000  TEMP(K) =   309.64  PRESS =     0.0
 Etot   =   -284619.0558  EKtot   =     73200.4766  EPtot      =   -357819.5323
 BOND   =      3070.2603  ANGLE   =      7532.2077  DIHED      =      9667.0144
 UB     =       908.7019  IMP     =       510.7514  CMAP       =      -594.7696
 1-4 NB =      2536.7279  1-4 EEL =     39288.7961  VDWAALS    =     28729.2719
 EELEC  =   -449468.4944  EHBOND  =         0.0000  RESTRAINT  =         0.0000
 ------------------------------------------------------------------------------

Setting new random velocities at step     9000
check COM velocity, temp:        0.002304     0.01(Removed)

 NSTEP =     9000   TIME(PS) =    1088.000  TEMP(K) =   309.84  PRESS =     0.0
 Etot   =   -284860.2828  EKtot   =     73249.2424  EPtot      =   -358109.5251
 BOND   =      3099.2606  ANGLE   =      7525.7637  DIHED      =      9644.2785
 UB     =       858.1224  IMP     =       511.9483  CMAP       =      -606.9963
 1-4 NB =      2545.5689  1-4 EEL =     39392.3920  VDWAALS    =     28979.0208
 EELEC  =   -450058.8842  EHBOND  =         0.0000  RESTRAINT  =         0.0000
 ------------------------------------------------------------------------------


 NSTEP =     9500   TIME(PS) =    1089.000  TEMP(K) =   310.85  PRESS =     0.0
 Etot   =   -284556.9505  EKtot   =     73486.7578  EPtot      =   -358043.7083
 BOND   =      3088.3515  ANGLE   =      7511.0676  DIHED      =      9599.8714
 UB     =       875.3137  IMP     =       491.7145  CMAP       =      -613.2784
 1-4 NB =      2527.4835  1-4 EEL =     39317.3199  VDWAALS    =     28936.3816
 EELEC  =   -449777.9335  EHBOND  =         0.0000  RESTRAINT  =         0.0000
 ------------------------------------------------------------------------------

Setting new random velocities at step    10000
check COM velocity, temp:        0.000424     0.00(Removed)

 NSTEP =    10000   TIME(PS) =    1090.000  TEMP(K) =   310.42  PRESS =     0.0
 Etot   =   -284784.9478  EKtot   =     73385.1740  EPtot      =   -358170.1218
 BOND   =      3137.1646  ANGLE   =      7571.4750  DIHED      =      9559.8033
 UB     =       896.2154  IMP     =       535.4833  CMAP       =      -629.3712
 1-4 NB =      2537.8963  1-4 EEL =     39232.8713  VDWAALS    =     29413.7244
 EELEC  =   -450425.3843  EHBOND  =         0.0000  RESTRAINT  =         0.0000
 ------------------------------------------------------------------------------


 NSTEP =    10500   TIME(PS) =    1091.000  TEMP(K) =   310.09  PRESS =     0.0
 Etot   =   -284967.4673  EKtot   =     73307.0547  EPtot      =   -358274.5220
 BOND   =      3092.8317  ANGLE   =      7498.1195  DIHED      =      9648.3287
 UB     =       882.4714  IMP     =       522.5502  CMAP       =      -578.8424
 1-4 NB =      2535.3802  1-4 EEL =     39398.6202  VDWAALS    =     29291.3463
 EELEC  =   -450565.3277  EHBOND  =         0.0000  RESTRAINT  =         0.0000
 ------------------------------------------------------------------------------

Setting new random velocities at step    11000
check COM velocity, temp:        0.001424     0.00(Removed)

 NSTEP =    11000   TIME(PS) =    1092.000  TEMP(K) =   309.82  PRESS =     0.0
 Etot   =   -285088.1185  EKtot   =     73242.6540  EPtot      =   -358330.7725
 BOND   =      3098.1650  ANGLE   =      7662.7839  DIHED      =      9610.3237
 UB     =       876.6224  IMP     =       507.9833  CMAP       =      -611.9163
 1-4 NB =      2502.3898  1-4 EEL =     39268.8680  VDWAALS    =     29263.2304
 EELEC  =   -450509.2229  EHBOND  =         0.0000  RESTRAINT  =         0.0000
 ------------------------------------------------------------------------------


 NSTEP =    11500   TIME(PS) =    1093.000  TEMP(K) =   309.55  PRESS =     0.0
 Etot   =   -284825.1745  EKtot   =     73179.2578  EPtot      =   -358004.4323
 BOND   =      3102.1373  ANGLE   =      7746.4849  DIHED      =      9592.6854
 UB     =       912.9941  IMP     =       550.8534  CMAP       =      -592.1067
 1-4 NB =      2520.9797  1-4 EEL =     39193.7574  VDWAALS    =     28841.1226
 EELEC  =   -449873.3405  EHBOND  =         0.0000  RESTRAINT  =         0.0000
 ------------------------------------------------------------------------------

Setting new random velocities at step    12000
check COM velocity, temp:        0.001271     0.00(Removed)

 NSTEP =    12000   TIME(PS) =    1094.000  TEMP(K) =   309.69  PRESS =     0.0
 Etot   =   -285056.5678  EKtot   =     73213.4502  EPtot      =   -358270.0181
 BOND   =      3018.2717  ANGLE   =      7581.8447  DIHED      =      9648.0635
 UB     =       890.6062  IMP     =       495.2219  CMAP       =      -609.8889
 1-4 NB =      2539.5027  1-4 EEL =     39109.6955  VDWAALS    =     28790.9360
 EELEC  =   -449734.2714  EHBOND  =         0.0000  RESTRAINT  =         0.0000
 ------------------------------------------------------------------------------


 NSTEP =    12500   TIME(PS) =    1095.000  TEMP(K) =   309.35  PRESS =     0.0
 Etot   =   -284936.4077  EKtot   =     73132.2031  EPtot      =   -358068.6109
 BOND   =      3131.7443  ANGLE   =      7601.6180  DIHED      =      9570.2028
 UB     =       917.7050  IMP     =       515.4873  CMAP       =      -594.9223
 1-4 NB =      2534.6132  1-4 EEL =     39334.3880  VDWAALS    =     28954.7135
 EELEC  =   -450034.1607  EHBOND  =         0.0000  RESTRAINT  =         0.0000
 ------------------------------------------------------------------------------

Setting new random velocities at step    13000
check COM velocity, temp:        0.001153     0.00(Removed)

 NSTEP =    13000   TIME(PS) =    1096.000  TEMP(K) =   309.60  PRESS =     0.0
 Etot   =   -284872.6428  EKtot   =     73190.5828  EPtot      =   -358063.2256
 BOND   =      3115.9657  ANGLE   =      7639.9449  DIHED      =      9631.8614
 UB     =       888.6985  IMP     =       517.1407  CMAP       =      -602.2470
 1-4 NB =      2506.8073  1-4 EEL =     39184.2172  VDWAALS    =     28880.9746
 EELEC  =   -449826.5889  EHBOND  =         0.0000  RESTRAINT  =         0.0000
 ------------------------------------------------------------------------------


 NSTEP =    13500   TIME(PS) =    1097.000  TEMP(K) =   309.66  PRESS =     0.0
 Etot   =   -284908.6062  EKtot   =     73206.6016  EPtot      =   -358115.2077
 BOND   =      3087.6846  ANGLE   =      7573.1826  DIHED      =      9572.8838
 UB     =       881.5233  IMP     =       528.4310  CMAP       =      -630.7047
 1-4 NB =      2538.3849  1-4 EEL =     39302.9164  VDWAALS    =     29118.9967
 EELEC  =   -450088.5063  EHBOND  =         0.0000  RESTRAINT  =         0.0000
 ------------------------------------------------------------------------------

Setting new random velocities at step    14000
check COM velocity, temp:        0.000295     0.00(Removed)

 NSTEP =    14000   TIME(PS) =    1098.000  TEMP(K) =   310.15  PRESS =     0.0
 Etot   =   -285050.9144  EKtot   =     73320.5299  EPtot      =   -358371.4443
 BOND   =      3065.1145  ANGLE   =      7783.8321  DIHED      =      9524.3577
 UB     =       875.9332  IMP     =       497.9738  CMAP       =      -637.4765
 1-4 NB =      2516.4968  1-4 EEL =     39219.7893  VDWAALS    =     29083.7629
 EELEC  =   -450301.2282  EHBOND  =         0.0000  RESTRAINT  =         0.0000
 ------------------------------------------------------------------------------


 NSTEP =    14500   TIME(PS) =    1099.000  TEMP(K) =   308.33  PRESS =     0.0
 Etot   =   -285036.2956  EKtot   =     72890.5938  EPtot      =   -357926.8894
 BOND   =      3154.3793  ANGLE   =      7600.6239  DIHED      =      9614.7902
 UB     =       891.1516  IMP     =       527.8020  CMAP       =      -594.3101
 1-4 NB =      2519.3686  1-4 EEL =     39182.0616  VDWAALS    =     28959.7514
 EELEC  =   -449782.5079  EHBOND  =         0.0000  RESTRAINT  =         0.0000
 ------------------------------------------------------------------------------

Setting new random velocities at step    15000
check COM velocity, temp:        0.001046     0.00(Removed)

 NSTEP =    15000   TIME(PS) =    1100.000  TEMP(K) =   308.56  PRESS =     0.0
 Etot   =   -285182.7059  EKtot   =     72946.6150  EPtot      =   -358129.3208
 BOND   =      3182.5007  ANGLE   =      7497.2245  DIHED      =      9623.8939
 UB     =       885.4061  IMP     =       544.9646  CMAP       =      -578.5912
 1-4 NB =      2500.8548  1-4 EEL =     39222.1234  VDWAALS    =     28980.3532
 EELEC  =   -449988.0510  EHBOND  =         0.0000  RESTRAINT  =         0.0000
 ------------------------------------------------------------------------------


 NSTEP =    15500   TIME(PS) =    1101.000  TEMP(K) =   308.84  PRESS =     0.0
 Etot   =   -284998.8297  EKtot   =     73011.2969  EPtot      =   -358010.1265
 BOND   =      3149.5035  ANGLE   =      7578.5597  DIHED      =      9648.3273
 UB     =       891.6165  IMP     =       524.2137  CMAP       =      -607.2395
 1-4 NB =      2521.0769  1-4 EEL =     39232.4173  VDWAALS    =     28877.4513
 EELEC  =   -449826.0532  EHBOND  =         0.0000  RESTRAINT  =         0.0000
 ------------------------------------------------------------------------------

Setting new random velocities at step    16000
check COM velocity, temp:        0.001664     0.00(Removed)

 NSTEP =    16000   TIME(PS) =    1102.000  TEMP(K) =   309.14  PRESS =     0.0
 Etot   =   -285247.7755  EKtot   =     73082.1229  EPtot      =   -358329.8984
 BOND   =      3131.3320  ANGLE   =      7625.6255  DIHED      =      9588.9338
 UB     =       891.3534  IMP     =       522.1397  CMAP       =      -602.8567
 1-4 NB =      2477.2400  1-4 EEL =     39379.6576  VDWAALS    =     29003.0991
 EELEC  =   -450346.4228  EHBOND  =         0.0000  RESTRAINT  =         0.0000
 ------------------------------------------------------------------------------


 NSTEP =    16500   TIME(PS) =    1103.000  TEMP(K) =   310.55  PRESS =     0.0
 Etot   =   -285322.4645  EKtot   =     73417.2266  EPtot      =   -358739.6911
 BOND   =      3070.6847  ANGLE   =      7622.7210  DIHED      =      9643.4986
 UB     =       887.9516  IMP     =       546.2459  CMAP       =      -566.5926
 1-4 NB =      2548.9135  1-4 EEL =     39416.3153  VDWAALS    =     29645.5059
 EELEC  =   -451554.9350  EHBOND  =         0.0000  RESTRAINT  =         0.0000
 ------------------------------------------------------------------------------

Setting new random velocities at step    17000
check COM velocity, temp:        0.002339     0.01(Removed)

 NSTEP =    17000   TIME(PS) =    1104.000  TEMP(K) =   310.58  PRESS =     0.0
 Etot   =   -285038.8732  EKtot   =     73423.1863  EPtot      =   -358462.0595
 BOND   =      3105.1036  ANGLE   =      7662.7602  DIHED      =      9616.7877
 UB     =       894.2234  IMP     =       530.3915  CMAP       =      -572.0838
 1-4 NB =      2529.0597  1-4 EEL =     39292.5687  VDWAALS    =     29061.1277
 EELEC  =   -450581.9982  EHBOND  =         0.0000  RESTRAINT  =         0.0000
 ------------------------------------------------------------------------------


 NSTEP =    17500   TIME(PS) =    1105.000  TEMP(K) =   310.22  PRESS =     0.0
 Etot   =   -285181.8113  EKtot   =     73339.2734  EPtot      =   -358521.0847
 BOND   =      3050.9374  ANGLE   =      7618.1514  DIHED      =      9656.6620
 UB     =       869.6754  IMP     =       510.2468  CMAP       =      -602.1714
 1-4 NB =      2551.3192  1-4 EEL =     39311.1917  VDWAALS    =     29454.2355
 EELEC  =   -450941.3326  EHBOND  =         0.0000  RESTRAINT  =         0.0000
 ------------------------------------------------------------------------------

Setting new random velocities at step    18000
check COM velocity, temp:        0.002172     0.01(Removed)

 NSTEP =    18000   TIME(PS) =    1106.000  TEMP(K) =   309.93  PRESS =     0.0
 Etot   =   -285213.2256  EKtot   =     73269.0332  EPtot      =   -358482.2588
 BOND   =      3131.6648  ANGLE   =      7660.1380  DIHED      =      9541.5389
 UB     =       890.1009  IMP     =       524.0550  CMAP       =      -613.2877
 1-4 NB =      2524.2603  1-4 EEL =     39185.1243  VDWAALS    =     28888.0410
 EELEC  =   -450213.8942  EHBOND  =         0.0000  RESTRAINT  =         0.0000
 ------------------------------------------------------------------------------


 NSTEP =    18500   TIME(PS) =    1107.000  TEMP(K) =   308.73  PRESS =     0.0
 Etot   =   -285426.3995  EKtot   =     72986.4453  EPtot      =   -358412.8448
 BOND   =      3101.0210  ANGLE   =      7730.5864  DIHED      =      9649.0783
 UB     =       916.1676  IMP     =       542.3402  CMAP       =      -586.1659
 1-4 NB =      2549.0191  1-4 EEL =     39310.2115  VDWAALS    =     29012.3963
 EELEC  =   -450637.4994  EHBOND  =         0.0000  RESTRAINT  =         0.0000
 ------------------------------------------------------------------------------

Setting new random velocities at step    19000
check COM velocity, temp:        0.000907     0.00(Removed)

 NSTEP =    19000   TIME(PS) =    1108.000  TEMP(K) =   308.30  PRESS =     0.0
 Etot   =   -285796.5783  EKtot   =     72883.9960  EPtot      =   -358680.5743
 BOND   =      3111.6461  ANGLE   =      7732.3508  DIHED      =      9588.2127
 UB     =       904.5134  IMP     =       519.9140  CMAP       =      -583.4173
 1-4 NB =      2483.7210  1-4 EEL =     39277.4979  VDWAALS    =     29413.0949
 EELEC  =   -451128.1077  EHBOND  =         0.0000  RESTRAINT  =         0.0000
 ------------------------------------------------------------------------------


 NSTEP =    19500   TIME(PS) =    1109.000  TEMP(K) =   308.36  PRESS =     0.0
 Etot   =   -285820.0086  EKtot   =     72898.8359  EPtot      =   -358718.8445
 BOND   =      3072.4252  ANGLE   =      7655.5939  DIHED      =      9682.0074
 UB     =       879.8354  IMP     =       548.7916  CMAP       =      -589.1740
 1-4 NB =      2519.6171  1-4 EEL =     39254.7509  VDWAALS    =     29283.8034
 EELEC  =   -451026.4955  EHBOND  =         0.0000  RESTRAINT  =         0.0000
 ------------------------------------------------------------------------------

Setting new random velocities at step    20000
check COM velocity, temp:        0.001465     0.00(Removed)

 NSTEP =    20000   TIME(PS) =    1110.000  TEMP(K) =   308.63  PRESS =     0.0
 Etot   =   -285983.9808  EKtot   =     72962.3473  EPtot      =   -358946.3281
 BOND   =      3085.8421  ANGLE   =      7536.1943  DIHED      =      9605.4219
 UB     =       893.6327  IMP     =       519.8770  CMAP       =      -586.2538
 1-4 NB =      2566.7800  1-4 EEL =     39207.3308  VDWAALS    =     28980.2942
 EELEC  =   -450755.4474  EHBOND  =         0.0000  RESTRAINT  =         0.0000
 ------------------------------------------------------------------------------


      A V E R A G E S   O V E R      40 S T E P S


 NSTEP =    20000   TIME(PS) =    1110.000  TEMP(K) =   309.70  PRESS =     0.0
 Etot   =   -285039.5779  EKtot   =     73216.3956  EPtot      =   -358255.9735
 BOND   =      3104.3088  ANGLE   =      7617.1866  DIHED      =      9614.3032
 UB     =       888.3796  IMP     =       521.1399  CMAP       =      -598.7192
 1-4 NB =      2523.9035  1-4 EEL =     39277.6395  VDWAALS    =     29079.3404
 EELEC  =   -450283.4558  EHBOND  =         0.0000  RESTRAINT  =         0.0000
 ------------------------------------------------------------------------------


      R M S  F L U C T U A T I O N S


 NSTEP =    20000   TIME(PS) =    1110.000  TEMP(K) =     0.74  PRESS =     0.0
 Etot   =       359.9167  EKtot   =       175.4339  EPtot      =       285.7703
 BOND   =        40.7053  ANGLE   =        65.2575  DIHED      =        41.1436
 UB     =        13.0861  IMP     =        15.4524  CMAP       =        19.8216
 1-4 NB =        20.3953  1-4 EEL =        73.1659  VDWAALS    =       200.0611
 EELEC  =       440.3758  EHBOND  =         0.0000  RESTRAINT  =         0.0000
 ------------------------------------------------------------------------------

--------------------------------------------------------------------------------
   5.  TIMINGS
--------------------------------------------------------------------------------

|  NonSetup CPU Time in Major Routines:
|
|     Routine           Sec        %
|     ------------------------------
|     Nonbond         232.64   95.09
|     Bond              0.00    0.00
|     Angle             0.00    0.00
|     Dihedral          0.00    0.00
|     Shake             0.08    0.03
|     RunMD            11.91    4.87
|     Other             0.03    0.01
|     ------------------------------
|     Total           244.67

|  PME Nonbond Pairlist CPU Time:
|
|     Routine              Sec        %
|     ---------------------------------
|     Set Up Cit           0.00    0.00
|     Build List           0.00    0.00
|     ---------------------------------
|     Total                0.00    0.00

|  PME Direct Force CPU Time:
|
|     Routine              Sec        %
|     ---------------------------------
|     NonBonded Calc       0.00    0.00
|     Exclude Masked       0.00    0.00
|     Other                0.03    0.01
|     ---------------------------------
|     Total                0.03    0.01

|  PME Reciprocal Force CPU Time:
|
|     Routine              Sec        %
|     ---------------------------------
|     1D bspline           0.00    0.00
|     Grid Charges         0.00    0.00
|     Scalar Sum           0.00    0.00
|     Gradient Sum         0.00    0.00
|     FFT                  0.00    0.00
|     ---------------------------------
|     Total                0.00    0.00

|  Final Performance Info:
|     -----------------------------------------------------
|     Average timings for last    4500 steps:
|     Elapsed(s) =      55.67 Per Step(ms) =      12.37
|         ns/day =      13.97   seconds/ns =    6185.81
|
|     Average timings for all steps:
|     Elapsed(s) =     244.65 Per Step(ms) =      12.23
|         ns/day =      14.13   seconds/ns =    6116.15
|     -----------------------------------------------------

|  Setup CPU time:            1.21 seconds
|  NonSetup CPU time:       244.67 seconds
|  Total CPU time:          245.88 seconds     0.07 hours

|  Setup wall time:           1    seconds
|  NonSetup wall time:      245    seconds
|  Total wall time:         246    seconds     0.07 hours
