
          -------------------------------------------------------
          Amber 16 PMEMD                              2016
          -------------------------------------------------------

| PMEMD implementation of SANDER, Release 16

| Run on 04/06/2017 at 15:17:22

|   Executable path: pmemd.cuda
| Working directory: /home/robert/Research/AADH/MD/6_equilibration
|          Hostname: Unknown
  [-O]verwriting output

File Assignments:
|   MDIN: equil6.in                                                             
|  MDOUT: equil6.out                                                            
| INPCRD: equil5.rst                                                            
|   PARM: ../common/2agy_final_min.prmtop                                       
| RESTRT: equil6.rst                                                            
|   REFC: refc                                                                  
|  MDVEL: mdvel                                                                 
|   MDEN: mden                                                                  
|  MDCRD: equil6.mdcrd                                                          
| MDINFO: mdinfo                                                                
|  MDFRC: mdfrc                                                                 


 Here is the input file:

AADH equilibration: 100ps MD with no res on backbone                           
&cntrl                                                                         
  imin   = 0,                    ! INP Standard MD, no minimization            
  irest  = 1,                    ! INP Restart simulation                      
  ntx    = 5,                    ! INP Read in coordinates and velocities      
  ntxo   = 1,                    ! OUT format (NetCDF) for restart file        
  ntpr   = 1000,                  ! OUT print frequencey for energy info to mdo
  ntwr   = 1000,                  ! OUT write frequency for restart file       
  ntwx   = 1000,                  ! OUT write frequency for coordinates        
  ntc    = 2,                    ! RESTRAINTS SHAKE for TIP3P                  
  nscm   = 1000,                 ! MD frequency to remove C.o.M motion         
  dt     = 0.001,                ! MD timestep                                 
  nrespa = 1,                    ! MD RESPA time step.  Keep nrespa * dt <= 4  
  nstlim = 100000,                 ! MD Number of time steps                   
  tempi  = 310.0                  ! TEMP initial temperature                   
  temp0  = 310.0,                ! TEMP final temperature                      
  ntt    = 3,                    ! TEMP Temp control 3 = Langevin, 0 = NVE     
  gamma_ln = 5.0,                ! TEMP collision frequency                    
  ntp    = 1,                    ! PRESSURE Constant pressure dynamics         
  barostat = 2,                  ! PRESSURE MC barostat                        
  pres0 = 1.01325,               ! PRESSURE the pressure in bar                
  mcbarint = 100, 		 ! PRESSURE # MC sampling frequency                        
  taup   = 1.0,                  ! PRESSURE pressure relaxation (increase if un
  ntf    = 2,                    ! POTENTIAL omit H-atoms in potential evaluati
  ntb    = 2,                    ! POTENTIAL Constant pressurem PBC for non-bon
  cut    = 12.0,                 ! POTENTIAL Non-bonded cutoff                 
  fswitch = 10.0,                ! POTENTIAL Switching function start length   
/                                                                              
                                                                               


Note: ig = -1. Setting random seed to   379479 based on wallclock time in 
      microseconds.
 
|--------------------- INFORMATION ----------------------
| GPU (CUDA) Version of PMEMD in use: NVIDIA GPU IN USE.
|                    Version 16.0.0
| 
|                      02/25/2016
| 
| Implementation by:
|                    Ross C. Walker     (SDSC)
|                    Scott Le Grand     (nVIDIA)
| 
| Precision model in use:
|      [SPFP] - Single Precision Forces, 64-bit Fixed Point
|               Accumulation. (Default)
| 
|--------------------------------------------------------
 
|----------------- CITATION INFORMATION -----------------
|
|    When publishing work that utilized the CUDA version
|    of AMBER, please cite the following in addition to
|    the regular AMBER citations:
|
|  - Romelia Salomon-Ferrer; Andreas W. Goetz; Duncan
|    Poole; Scott Le Grand; Ross C. Walker "Routine
|    microsecond molecular dynamics simulations with
|    AMBER - Part II: Particle Mesh Ewald", J. Chem.
|    Theory Comput., 2013, 9 (9), pp3878-3888,
|    DOI: 10.1021/ct400314y.
|
|  - Andreas W. Goetz; Mark J. Williamson; Dong Xu;
|    Duncan Poole; Scott Le Grand; Ross C. Walker
|    "Routine microsecond molecular dynamics simulations
|    with AMBER - Part I: Generalized Born", J. Chem.
|    Theory Comput., 2012, 8 (5), pp1542-1555.
|
|  - Scott Le Grand; Andreas W. Goetz; Ross C. Walker
|    "SPFP: Speed without compromise - a mixed precision
|    model for GPU accelerated molecular dynamics
|    simulations.", Comp. Phys. Comm., 2013, 184
|    pp374-380, DOI: 10.1016/j.cpc.2012.09.022
|
|--------------------------------------------------------
 
|------------------- GPU DEVICE INFO --------------------
|
|            CUDA_VISIBLE_DEVICES: not set
|   CUDA Capable Devices Detected:      1
|           CUDA Device ID in use:      0
|                CUDA Device Name: GeForce GTX 980
|     CUDA Device Global Mem Size:   8112 MB
| CUDA Device Num Multiprocessors:     16
|           CUDA Device Core Freq:   1.19 GHz
|
|--------------------------------------------------------
 
 
| Conditional Compilation Defines Used:
| PUBFFT
| BINTRAJ
| CUDA
| EMIL

| Largest sphere to fit in unit cell has radius =    44.502

| New format PARM file being parsed.
| Version =    1.000 Date = 04/03/17 Time = 21:47:27
| Force field information read from topology file: 
|              >>>> CHARMM36 All-Hydrogen Parameter File for Proteins <<<<<<<<<<  
|
|CHARMM: CHARMM force field in use. 

| Note: 1-4 EEL scale factors are being read from the topology file.

| Note: 1-4 VDW scale factors are being read from the topology file.
| INFO: Off Diagonal (NBFIX) LJ terms found in prmtop file.
|       The prmtop file has been modified to support atom
|       type based pairwise Lennard-Jones terms.
| Duplicated    0 dihedrals

| Duplicated    0 dihedrals

--------------------------------------------------------------------------------
   1.  RESOURCE   USE: 
--------------------------------------------------------------------------------

 getting new box info from bottom of inpcrd
 NATOM  =  115183 NTYPES =      45 NBONH =  107615 MBONA  =    7567
 NTHETH =   49571 MTHETA =   10290 NPHIH =   26934 MPHIA  =   18893
 NHPARM =       0 NPARM  =       0 NNB   =  213960 NRES   =   34667
 NBONA  =    7567 NTHETA =   10290 NPHIA =   18893 NUMBND =      84
 NUMANG =     194 NPTRA  =     454 NATYP =       1 NPHB   =       0
 IFBOX  =       1 NMXRS  =      45 IFCAP =       0 NEXTRA =       0
 NCOPY  =       0

|CHARMM: Reticulating splines.

| Coordinate Index Table dimensions:    19   15   13
| Direct force subcell size =     6.5274    6.8846    6.8464

     BOX TYPE: RECTILINEAR

--------------------------------------------------------------------------------
   2.  CONTROL  DATA  FOR  THE  RUN
--------------------------------------------------------------------------------

                                                                                

General flags:
     imin    =       0, nmropt  =       0

Nature and format of input:
     ntx     =       5, irest   =       1, ntrx    =       1

Nature and format of output:
     ntxo    =       1, ntpr    =    1000, ntrx    =       1, ntwr    =    1000
     iwrap   =       0, ntwx    =    1000, ntwv    =       0, ntwe    =       0
     ioutfm  =       1, ntwprt  =       0, idecomp =       0, rbornstat=      0

Potential function:
     ntf     =       2, ntb     =       2, igb     =       0, nsnb    =      25
     ipol    =       0, gbsa    =       0, iesp    =       0
     dielc   =   1.00000, cut     =  12.00000, intdiel =   1.00000

Frozen or restrained atoms:
     ibelly  =       0, ntr     =       0

Molecular dynamics:
     nstlim  =    100000, nscm    =      1000, nrespa  =         1
     t       =   0.00000, dt      =   0.00100, vlimit  =  -1.00000

Langevin dynamics temperature regulation:
     ig      =  379479
     temp0   = 310.00000, tempi   = 310.00000, gamma_ln=   5.00000

Pressure regulation:
     ntp     =       1
     pres0   =   1.01325, comp    =  44.60000, taup    =   1.00000
     Monte-Carlo Barostat:
     mcbarint  =     100

SHAKE:
     ntc     =       2, jfastw  =       0
     tol     =   0.00001

| Intermolecular bonds treatment:
|     no_intermolecular_bonds =       1

| Energy averages sample interval:
|     ene_avg_sampling =    1000

Ewald parameters:
     verbose =       0, ew_type =       0, nbflag  =       1, use_pme =       1
     vdwmeth =       0, eedmeth =       1, netfrc  =       1
     Box X =  124.020   Box Y =  103.270   Box Z =   89.003
     Alpha =   90.000   Beta  =   90.000   Gamma =   90.000
     NFFT1 =  128       NFFT2 =  108       NFFT3 =   96
     Cutoff=   12.000   Tol   =0.100E-04
     Ewald Coefficient =  0.22664
     Interpolation order =    4
| MONTE CARLO BAROSTAT IMPORTANT NOTE:
|   The Monte-Carlo barostat does not require the virial to adjust the system volume.
|   Since it is an expensive calculation, it is skipped for efficiency. A side-effect
|   is that the reported pressure is always 0 because it is not calculated.

--------------------------------------------------------------------------------
   3.  ATOMIC COORDINATES AND VELOCITIES
--------------------------------------------------------------------------------

                                                                                
 begin time read from input coords =   970.000 ps

 
 Number of triangulated 3-point waters found:    33521

     Sum of charges from parm topology file =  -0.00000000
     Forcing neutrality...

| Dynamic Memory, Types Used:
| Reals             4621554
| Integers          4125735

| Nonbonded Pairs Initial Allocation:    57283385

| GPU memory information (estimate):
| KB of GPU memory in use:    913226
| KB of CPU memory in use:    170726

--------------------------------------------------------------------------------
   4.  RESULTS
--------------------------------------------------------------------------------

 ---------------------------------------------------
 APPROXIMATING switch and d/dx switch using CUBIC SPLINE INTERPOLATION
 using   5000.0 points per unit in tabled values
 TESTING RELATIVE ERROR over r ranging from 0.0 to cutoff
| CHECK switch(x): max rel err =   0.2738E-14   at   2.422500
| CHECK d/dx switch(x): max rel err =   0.7967E-11   at   2.716640
 ---------------------------------------------------
|---------------------------------------------------
| APPROXIMATING direct energy using CUBIC SPLINE INTERPOLATION
|  with   50.0 points per unit in tabled values
| Relative Error Limit not exceeded for r .gt.   2.27
| APPROXIMATING direct force using CUBIC SPLINE INTERPOLATION
|  with   50.0 points per unit in tabled values
| Relative Error Limit not exceeded for r .gt.   2.78
|---------------------------------------------------
| MC Barostat: Decreasing size of volume moves

 NSTEP =     1000   TIME(PS) =     971.000  TEMP(K) =   309.04  PRESS =     0.0
 Etot   =   -285755.4736  EKtot   =     73059.3594  EPtot      =   -358814.8329
 BOND   =      2921.3752  ANGLE   =      7458.1528  DIHED      =      9619.3612
 UB     =       873.6954  IMP     =       505.2759  CMAP       =      -599.8617
 1-4 NB =      2522.3247  1-4 EEL =     39318.5905  VDWAALS    =     28708.6578
 EELEC  =   -450142.4048  EHBOND  =         0.0000  RESTRAINT  =         0.0000
 EKCMT  =         0.0000  VIRIAL  =         0.0000  VOLUME     =   1139911.8930
                                                    Density    =         1.0410
 ------------------------------------------------------------------------------

| MC Barostat: Decreasing size of volume moves

 NSTEP =     2000   TIME(PS) =     972.000  TEMP(K) =   311.18  PRESS =     0.0
 Etot   =   -284673.6421  EKtot   =     73566.2500  EPtot      =   -358239.8921
 BOND   =      3078.5921  ANGLE   =      7542.0868  DIHED      =      9565.1078
 UB     =       889.0433  IMP     =       514.4109  CMAP       =      -586.9469
 1-4 NB =      2523.8894  1-4 EEL =     39289.2046  VDWAALS    =     28927.8869
 EELEC  =   -449983.1669  EHBOND  =         0.0000  RESTRAINT  =         0.0000
 EKCMT  =         0.0000  VIRIAL  =         0.0000  VOLUME     =   1140263.6492
                                                    Density    =         1.0407
 ------------------------------------------------------------------------------

| MC Barostat: Decreasing size of volume moves

 NSTEP =     3000   TIME(PS) =     973.000  TEMP(K) =   310.80  PRESS =     0.0
 Etot   =   -285119.1805  EKtot   =     73476.7109  EPtot      =   -358595.8915
 BOND   =      3102.4542  ANGLE   =      7496.6233  DIHED      =      9635.9160
 UB     =       874.2947  IMP     =       536.3908  CMAP       =      -542.1742
 1-4 NB =      2531.7149  1-4 EEL =     39171.2333  VDWAALS    =     29230.2937
 EELEC  =   -450632.6382  EHBOND  =         0.0000  RESTRAINT  =         0.0000
 EKCMT  =         0.0000  VIRIAL  =         0.0000  VOLUME     =   1140244.2685
                                                    Density    =         1.0407
 ------------------------------------------------------------------------------

| MC Barostat: Decreasing size of volume moves

 NSTEP =     4000   TIME(PS) =     974.000  TEMP(K) =   309.95  PRESS =     0.0
 Etot   =   -285056.0413  EKtot   =     73276.4531  EPtot      =   -358332.4944
 BOND   =      3076.2049  ANGLE   =      7506.1818  DIHED      =      9615.4451
 UB     =       882.9830  IMP     =       532.5184  CMAP       =      -573.1459
 1-4 NB =      2489.5542  1-4 EEL =     39133.9771  VDWAALS    =     29179.6594
 EELEC  =   -450175.8724  EHBOND  =         0.0000  RESTRAINT  =         0.0000
 EKCMT  =         0.0000  VIRIAL  =         0.0000  VOLUME     =   1140244.2685
                                                    Density    =         1.0407
 ------------------------------------------------------------------------------

| MC Barostat: Decreasing size of volume moves

 NSTEP =     5000   TIME(PS) =     975.000  TEMP(K) =   308.99  PRESS =     0.0
 Etot   =   -285568.7566  EKtot   =     73047.6250  EPtot      =   -358616.3816
 BOND   =      3020.4285  ANGLE   =      7487.7039  DIHED      =      9607.8930
 UB     =       858.7527  IMP     =       528.1524  CMAP       =      -560.7461
 1-4 NB =      2533.0212  1-4 EEL =     39237.2606  VDWAALS    =     29606.3594
 EELEC  =   -450935.2072  EHBOND  =         0.0000  RESTRAINT  =         0.0000
 EKCMT  =         0.0000  VIRIAL  =         0.0000  VOLUME     =   1140278.2500
                                                    Density    =         1.0406
 ------------------------------------------------------------------------------

| MC Barostat: Decreasing size of volume moves

 NSTEP =     6000   TIME(PS) =     976.000  TEMP(K) =   309.10  PRESS =     0.0
 Etot   =   -286105.7740  EKtot   =     73075.3906  EPtot      =   -359181.1646
 BOND   =      3041.6324  ANGLE   =      7508.0092  DIHED      =      9613.4541
 UB     =       872.1547  IMP     =       533.7041  CMAP       =      -630.9982
 1-4 NB =      2492.7725  1-4 EEL =     39467.6265  VDWAALS    =     29175.0629
 EELEC  =   -451254.5828  EHBOND  =         0.0000  RESTRAINT  =         0.0000
 EKCMT  =         0.0000  VIRIAL  =         0.0000  VOLUME     =   1140029.7804
                                                    Density    =         1.0409
 ------------------------------------------------------------------------------

| MC Barostat: Decreasing size of volume moves

 NSTEP =     7000   TIME(PS) =     977.000  TEMP(K) =   310.13  PRESS =     0.0
 Etot   =   -285604.4718  EKtot   =     73317.7422  EPtot      =   -358922.2140
 BOND   =      3127.3760  ANGLE   =      7375.8305  DIHED      =      9583.3583
 UB     =       839.4874  IMP     =       499.9313  CMAP       =      -581.0266
 1-4 NB =      2483.0723  1-4 EEL =     39335.5933  VDWAALS    =     29144.3991
 EELEC  =   -450730.2356  EHBOND  =         0.0000  RESTRAINT  =         0.0000
 EKCMT  =         0.0000  VIRIAL  =         0.0000  VOLUME     =   1140029.7804
                                                    Density    =         1.0409
 ------------------------------------------------------------------------------

| MC Barostat: Decreasing size of volume moves

 NSTEP =     8000   TIME(PS) =     978.000  TEMP(K) =   307.81  PRESS =     0.0
 Etot   =   -286300.8279  EKtot   =     72768.8672  EPtot      =   -359069.6951
 BOND   =      3004.2999  ANGLE   =      7460.6458  DIHED      =      9596.9710
 UB     =       853.5525  IMP     =       517.0017  CMAP       =      -570.3911
 1-4 NB =      2566.8708  1-4 EEL =     39319.7009  VDWAALS    =     28773.2447
 EELEC  =   -450591.5914  EHBOND  =         0.0000  RESTRAINT  =         0.0000
 EKCMT  =         0.0000  VIRIAL  =         0.0000  VOLUME     =   1139552.5349
                                                    Density    =         1.0413
 ------------------------------------------------------------------------------

| MC Barostat: Decreasing size of volume moves

 NSTEP =     9000   TIME(PS) =     979.000  TEMP(K) =   310.13  PRESS =     0.0
 Etot   =   -285819.4703  EKtot   =     73318.8438  EPtot      =   -359138.3140
 BOND   =      3012.5245  ANGLE   =      7513.2055  DIHED      =      9576.3762
 UB     =       858.6715  IMP     =       505.1986  CMAP       =      -597.1144
 1-4 NB =      2512.2687  1-4 EEL =     39280.1518  VDWAALS    =     28769.8071
 EELEC  =   -450569.4037  EHBOND  =         0.0000  RESTRAINT  =         0.0000
 EKCMT  =         0.0000  VIRIAL  =         0.0000  VOLUME     =   1138855.9606
                                                    Density    =         1.0419
 ------------------------------------------------------------------------------

| MC Barostat: Decreasing size of volume moves

 NSTEP =    10000   TIME(PS) =     980.000  TEMP(K) =   309.07  PRESS =     0.0
 Etot   =   -285264.5794  EKtot   =     73068.1094  EPtot      =   -358332.6887
 BOND   =      3109.4322  ANGLE   =      7549.8696  DIHED      =      9611.4321
 UB     =       882.7607  IMP     =       512.9260  CMAP       =      -582.5749
 1-4 NB =      2469.4829  1-4 EEL =     39225.7048  VDWAALS    =     28989.7118
 EELEC  =   -450101.4339  EHBOND  =         0.0000  RESTRAINT  =         0.0000
 EKCMT  =         0.0000  VIRIAL  =         0.0000  VOLUME     =   1138827.6077
                                                    Density    =         1.0420
 ------------------------------------------------------------------------------

| MC Barostat: Decreasing size of volume moves

 NSTEP =    11000   TIME(PS) =     981.000  TEMP(K) =   309.11  PRESS =     0.0
 Etot   =   -285530.1637  EKtot   =     73077.5469  EPtot      =   -358607.7106
 BOND   =      3044.4707  ANGLE   =      7533.7974  DIHED      =      9589.1030
 UB     =       850.0949  IMP     =       485.1774  CMAP       =      -611.1649
 1-4 NB =      2490.9522  1-4 EEL =     39355.0787  VDWAALS    =     29698.5428
 EELEC  =   -451043.7627  EHBOND  =         0.0000  RESTRAINT  =         0.0000
 EKCMT  =         0.0000  VIRIAL  =         0.0000  VOLUME     =   1138275.4846
                                                    Density    =         1.0425
 ------------------------------------------------------------------------------

| MC Barostat: Decreasing size of volume moves

 NSTEP =    12000   TIME(PS) =     982.000  TEMP(K) =   308.78  PRESS =     0.0
 Etot   =   -285927.4808  EKtot   =     72998.8047  EPtot      =   -358926.2855
 BOND   =      3060.0035  ANGLE   =      7439.7494  DIHED      =      9675.1687
 UB     =       855.5766  IMP     =       523.2895  CMAP       =      -608.8385
 1-4 NB =      2507.6239  1-4 EEL =     39232.9896  VDWAALS    =     28743.4193
 EELEC  =   -450355.2674  EHBOND  =         0.0000  RESTRAINT  =         0.0000
 EKCMT  =         0.0000  VIRIAL  =         0.0000  VOLUME     =   1138275.4846
                                                    Density    =         1.0425
 ------------------------------------------------------------------------------

| MC Barostat: Decreasing size of volume moves

 NSTEP =    13000   TIME(PS) =     983.000  TEMP(K) =   310.26  PRESS =     0.0
 Etot   =   -285298.5114  EKtot   =     73349.5156  EPtot      =   -358648.0270
 BOND   =      3022.9715  ANGLE   =      7582.3504  DIHED      =      9648.6488
 UB     =       853.5268  IMP     =       487.0494  CMAP       =      -562.6506
 1-4 NB =      2499.4084  1-4 EEL =     39193.4678  VDWAALS    =     29394.4171
 EELEC  =   -450767.2166  EHBOND  =         0.0000  RESTRAINT  =         0.0000
 EKCMT  =         0.0000  VIRIAL  =         0.0000  VOLUME     =   1139672.5052
                                                    Density    =         1.0412
 ------------------------------------------------------------------------------

| MC Barostat: Decreasing size of volume moves

 NSTEP =    14000   TIME(PS) =     984.000  TEMP(K) =   309.96  PRESS =     0.0
 Etot   =   -285140.2971  EKtot   =     73277.7578  EPtot      =   -358418.0549
 BOND   =      3036.5683  ANGLE   =      7651.7786  DIHED      =      9620.5623
 UB     =       885.6134  IMP     =       516.3829  CMAP       =      -595.6745
 1-4 NB =      2515.2498  1-4 EEL =     39366.0565  VDWAALS    =     29186.6392
 EELEC  =   -450601.2315  EHBOND  =         0.0000  RESTRAINT  =         0.0000
 EKCMT  =         0.0000  VIRIAL  =         0.0000  VOLUME     =   1139688.5819
                                                    Density    =         1.0412
 ------------------------------------------------------------------------------


 NSTEP =    15000   TIME(PS) =     985.000  TEMP(K) =   308.55  PRESS =     0.0
 Etot   =   -285880.2719  EKtot   =     72945.4297  EPtot      =   -358825.7016
 BOND   =      3069.3384  ANGLE   =      7471.2284  DIHED      =      9587.1405
 UB     =       882.4005  IMP     =       516.3537  CMAP       =      -581.6255
 1-4 NB =      2513.1385  1-4 EEL =     39385.1586  VDWAALS    =     29370.0412
 EELEC  =   -451038.8761  EHBOND  =         0.0000  RESTRAINT  =         0.0000
 EKCMT  =         0.0000  VIRIAL  =         0.0000  VOLUME     =   1140448.0592
                                                    Density    =         1.0405
 ------------------------------------------------------------------------------

| MC Barostat: Decreasing size of volume moves

 NSTEP =    16000   TIME(PS) =     986.000  TEMP(K) =   310.14  PRESS =     0.0
 Etot   =   -285442.5576  EKtot   =     73321.2344  EPtot      =   -358763.7920
 BOND   =      3032.6707  ANGLE   =      7370.9462  DIHED      =      9636.3232
 UB     =       870.6712  IMP     =       520.4433  CMAP       =      -600.7364
 1-4 NB =      2539.0655  1-4 EEL =     39387.7110  VDWAALS    =     29463.7801
 EELEC  =   -450984.6668  EHBOND  =         0.0000  RESTRAINT  =         0.0000
 EKCMT  =         0.0000  VIRIAL  =         0.0000  VOLUME     =   1139822.0547
                                                    Density    =         1.0411
 ------------------------------------------------------------------------------


 NSTEP =    17000   TIME(PS) =     987.000  TEMP(K) =   310.18  PRESS =     0.0
 Etot   =   -285302.6385  EKtot   =     73329.5312  EPtot      =   -358632.1698
 BOND   =      3103.9745  ANGLE   =      7415.8540  DIHED      =      9604.0020
 UB     =       868.4503  IMP     =       523.7226  CMAP       =      -594.0552
 1-4 NB =      2525.2214  1-4 EEL =     39360.2693  VDWAALS    =     29341.1041
 EELEC  =   -450780.7128  EHBOND  =         0.0000  RESTRAINT  =         0.0000
 EKCMT  =         0.0000  VIRIAL  =         0.0000  VOLUME     =   1139763.8976
                                                    Density    =         1.0411
 ------------------------------------------------------------------------------

| MC Barostat: Decreasing size of volume moves

 NSTEP =    18000   TIME(PS) =     988.000  TEMP(K) =   312.33  PRESS =     0.0
 Etot   =   -284905.8963  EKtot   =     73838.2812  EPtot      =   -358744.1775
 BOND   =      3096.3219  ANGLE   =      7501.7432  DIHED      =      9582.0555
 UB     =       859.6968  IMP     =       511.2932  CMAP       =      -606.9722
 1-4 NB =      2527.0200  1-4 EEL =     39168.8714  VDWAALS    =     28956.0837
 EELEC  =   -450340.2913  EHBOND  =         0.0000  RESTRAINT  =         0.0000
 EKCMT  =         0.0000  VIRIAL  =         0.0000  VOLUME     =   1138036.2449
                                                    Density    =         1.0427
 ------------------------------------------------------------------------------

| MC Barostat: Decreasing size of volume moves

 NSTEP =    19000   TIME(PS) =     989.000  TEMP(K) =   308.82  PRESS =     0.0
 Etot   =   -285540.6823  EKtot   =     73008.3906  EPtot      =   -358549.0730
 BOND   =      3014.1155  ANGLE   =      7552.0993  DIHED      =      9642.2277
 UB     =       881.5665  IMP     =       529.3245  CMAP       =      -588.3809
 1-4 NB =      2505.6894  1-4 EEL =     39306.1616  VDWAALS    =     29082.2335
 EELEC  =   -450474.1099  EHBOND  =         0.0000  RESTRAINT  =         0.0000
 EKCMT  =         0.0000  VIRIAL  =         0.0000  VOLUME     =   1138190.0828
                                                    Density    =         1.0426
 ------------------------------------------------------------------------------

| MC Barostat: Decreasing size of volume moves

 NSTEP =    20000   TIME(PS) =     990.000  TEMP(K) =   310.88  PRESS =     0.0
 Etot   =   -285295.1832  EKtot   =     73494.0469  EPtot      =   -358789.2300
 BOND   =      3052.0095  ANGLE   =      7497.8664  DIHED      =      9588.7462
 UB     =       861.9272  IMP     =       492.3684  CMAP       =      -570.8501
 1-4 NB =      2491.1728  1-4 EEL =     39089.0002  VDWAALS    =     29294.8837
 EELEC  =   -450586.3544  EHBOND  =         0.0000  RESTRAINT  =         0.0000
 EKCMT  =         0.0000  VIRIAL  =         0.0000  VOLUME     =   1138144.8727
                                                    Density    =         1.0426
 ------------------------------------------------------------------------------

| MC Barostat: Decreasing size of volume moves

 NSTEP =    21000   TIME(PS) =     991.000  TEMP(K) =   309.51  PRESS =     0.0
 Etot   =   -285545.0144  EKtot   =     73170.7500  EPtot      =   -358715.7644
 BOND   =      3130.4413  ANGLE   =      7482.8229  DIHED      =      9685.0832
 UB     =       874.3610  IMP     =       532.2973  CMAP       =      -588.1954
 1-4 NB =      2450.6742  1-4 EEL =     39150.1777  VDWAALS    =     29290.5819
 EELEC  =   -450724.0085  EHBOND  =         0.0000  RESTRAINT  =         0.0000
 EKCMT  =         0.0000  VIRIAL  =         0.0000  VOLUME     =   1137833.0019
                                                    Density    =         1.0429
 ------------------------------------------------------------------------------

| MC Barostat: Decreasing size of volume moves

 NSTEP =    22000   TIME(PS) =     992.000  TEMP(K) =   308.34  PRESS =     0.0
 Etot   =   -286169.2506  EKtot   =     72895.1953  EPtot      =   -359064.4459
 BOND   =      3118.5910  ANGLE   =      7535.5417  DIHED      =      9614.3117
 UB     =       874.5412  IMP     =       506.0908  CMAP       =      -588.4909
 1-4 NB =      2515.6539  1-4 EEL =     39219.2947  VDWAALS    =     29238.5331
 EELEC  =   -451098.5130  EHBOND  =         0.0000  RESTRAINT  =         0.0000
 EKCMT  =         0.0000  VIRIAL  =         0.0000  VOLUME     =   1137339.9354
                                                    Density    =         1.0433
 ------------------------------------------------------------------------------

| MC Barostat: Decreasing size of volume moves

 NSTEP =    23000   TIME(PS) =     993.000  TEMP(K) =   308.44  PRESS =     0.0
 Etot   =   -286185.6174  EKtot   =     72918.4531  EPtot      =   -359104.0706
 BOND   =      3039.4925  ANGLE   =      7566.2104  DIHED      =      9597.8253
 UB     =       872.6945  IMP     =       513.5313  CMAP       =      -602.4450
 1-4 NB =      2503.4151  1-4 EEL =     39185.4164  VDWAALS    =     29350.3381
 EELEC  =   -451130.5490  EHBOND  =         0.0000  RESTRAINT  =         0.0000
 EKCMT  =         0.0000  VIRIAL  =         0.0000  VOLUME     =   1137339.9354
                                                    Density    =         1.0433
 ------------------------------------------------------------------------------


 NSTEP =    24000   TIME(PS) =     994.000  TEMP(K) =   309.28  PRESS =     0.0
 Etot   =   -285849.3892  EKtot   =     73116.2656  EPtot      =   -358965.6548
 BOND   =      3129.3025  ANGLE   =      7510.7191  DIHED      =      9624.6020
 UB     =       880.2636  IMP     =       528.4271  CMAP       =      -618.3295
 1-4 NB =      2553.0423  1-4 EEL =     39073.5885  VDWAALS    =     28963.9144
 EELEC  =   -450611.1850  EHBOND  =         0.0000  RESTRAINT  =         0.0000
 EKCMT  =         0.0000  VIRIAL  =         0.0000  VOLUME     =   1138194.8843
                                                    Density    =         1.0425
 ------------------------------------------------------------------------------


 NSTEP =    25000   TIME(PS) =     995.000  TEMP(K) =   310.37  PRESS =     0.0
 Etot   =   -285361.6891  EKtot   =     73374.9922  EPtot      =   -358736.6812
 BOND   =      3109.6960  ANGLE   =      7520.9852  DIHED      =      9621.2369
 UB     =       855.7050  IMP     =       492.1753  CMAP       =      -604.2016
 1-4 NB =      2497.3876  1-4 EEL =     39126.0465  VDWAALS    =     29519.2276
 EELEC  =   -450874.9398  EHBOND  =         0.0000  RESTRAINT  =         0.0000
 EKCMT  =         0.0000  VIRIAL  =         0.0000  VOLUME     =   1137315.6628
                                                    Density    =         1.0434
 ------------------------------------------------------------------------------


 NSTEP =    26000   TIME(PS) =     996.000  TEMP(K) =   309.25  PRESS =     0.0
 Etot   =   -285651.0176  EKtot   =     73110.1016  EPtot      =   -358761.1191
 BOND   =      3086.5684  ANGLE   =      7492.0159  DIHED      =      9614.1904
 UB     =       897.2672  IMP     =       481.6069  CMAP       =      -639.2110
 1-4 NB =      2505.8570  1-4 EEL =     39159.0054  VDWAALS    =     29015.3677
 EELEC  =   -450373.7870  EHBOND  =         0.0000  RESTRAINT  =         0.0000
 EKCMT  =         0.0000  VIRIAL  =         0.0000  VOLUME     =   1136974.8605
                                                    Density    =         1.0437
 ------------------------------------------------------------------------------


 NSTEP =    27000   TIME(PS) =     997.000  TEMP(K) =   311.29  PRESS =     0.0
 Etot   =   -285378.2802  EKtot   =     73591.5625  EPtot      =   -358969.8427
 BOND   =      3017.8317  ANGLE   =      7588.4368  DIHED      =      9652.4582
 UB     =       875.2898  IMP     =       494.3249  CMAP       =      -595.2384
 1-4 NB =      2502.1053  1-4 EEL =     39110.2740  VDWAALS    =     28812.4102
 EELEC  =   -450427.7353  EHBOND  =         0.0000  RESTRAINT  =         0.0000
 EKCMT  =         0.0000  VIRIAL  =         0.0000  VOLUME     =   1135012.1273
                                                    Density    =         1.0455
 ------------------------------------------------------------------------------


 NSTEP =    28000   TIME(PS) =     998.000  TEMP(K) =   309.98  PRESS =     0.0
 Etot   =   -285656.6014  EKtot   =     73281.4219  EPtot      =   -358938.0233
 BOND   =      3028.4763  ANGLE   =      7465.9519  DIHED      =      9688.0156
 UB     =       877.3649  IMP     =       515.4275  CMAP       =      -601.9367
 1-4 NB =      2502.7398  1-4 EEL =     39084.4528  VDWAALS    =     29861.3176
 EELEC  =   -451359.8329  EHBOND  =         0.0000  RESTRAINT  =         0.0000
 EKCMT  =         0.0000  VIRIAL  =         0.0000  VOLUME     =   1133982.1189
                                                    Density    =         1.0464
 ------------------------------------------------------------------------------


 NSTEP =    29000   TIME(PS) =     999.000  TEMP(K) =   310.22  PRESS =     0.0
 Etot   =   -285442.3857  EKtot   =     73338.9219  EPtot      =   -358781.3076
 BOND   =      3069.4570  ANGLE   =      7486.9386  DIHED      =      9686.0752
 UB     =       864.3782  IMP     =       505.3466  CMAP       =      -591.8560
 1-4 NB =      2515.9199  1-4 EEL =     39297.3038  VDWAALS    =     29087.5999
 EELEC  =   -450702.4707  EHBOND  =         0.0000  RESTRAINT  =         0.0000
 EKCMT  =         0.0000  VIRIAL  =         0.0000  VOLUME     =   1135810.7691
                                                    Density    =         1.0447
 ------------------------------------------------------------------------------


 NSTEP =    30000   TIME(PS) =    1000.000  TEMP(K) =   311.40  PRESS =     0.0
 Etot   =   -285296.3320  EKtot   =     73618.8984  EPtot      =   -358915.2304
 BOND   =      3052.2715  ANGLE   =      7475.6463  DIHED      =      9688.3826
 UB     =       864.4740  IMP     =       501.3391  CMAP       =      -592.1655
 1-4 NB =      2498.5657  1-4 EEL =     39326.2858  VDWAALS    =     29464.6231
 EELEC  =   -451194.6530  EHBOND  =         0.0000  RESTRAINT  =         0.0000
 EKCMT  =         0.0000  VIRIAL  =         0.0000  VOLUME     =   1137932.7495
                                                    Density    =         1.0428
 ------------------------------------------------------------------------------


 NSTEP =    31000   TIME(PS) =    1001.000  TEMP(K) =   310.02  PRESS =     0.0
 Etot   =   -286180.1170  EKtot   =     73292.2422  EPtot      =   -359472.3592
 BOND   =      3031.1431  ANGLE   =      7533.8815  DIHED      =      9666.3861
 UB     =       865.0212  IMP     =       513.3093  CMAP       =      -593.1501
 1-4 NB =      2513.3022  1-4 EEL =     39078.5945  VDWAALS    =     29374.6471
 EELEC  =   -451455.4942  EHBOND  =         0.0000  RESTRAINT  =         0.0000
 EKCMT  =         0.0000  VIRIAL  =         0.0000  VOLUME     =   1135235.3511
                                                    Density    =         1.0453
 ------------------------------------------------------------------------------


 NSTEP =    32000   TIME(PS) =    1002.000  TEMP(K) =   310.10  PRESS =     0.0
 Etot   =   -285232.0320  EKtot   =     73310.6406  EPtot      =   -358542.6726
 BOND   =      3067.5028  ANGLE   =      7509.4716  DIHED      =      9627.4425
 UB     =       881.1079  IMP     =       541.3951  CMAP       =      -561.9282
 1-4 NB =      2526.9900  1-4 EEL =     39276.4574  VDWAALS    =     29064.8366
 EELEC  =   -450475.9483  EHBOND  =         0.0000  RESTRAINT  =         0.0000
 EKCMT  =         0.0000  VIRIAL  =         0.0000  VOLUME     =   1135918.7845
                                                    Density    =         1.0446
 ------------------------------------------------------------------------------


 NSTEP =    33000   TIME(PS) =    1003.000  TEMP(K) =   310.06  PRESS =     0.0
 Etot   =   -285418.6256  EKtot   =     73300.2891  EPtot      =   -358718.9146
 BOND   =      3066.5788  ANGLE   =      7430.2603  DIHED      =      9625.3414
 UB     =       862.6880  IMP     =       550.6222  CMAP       =      -579.8331
 1-4 NB =      2498.0182  1-4 EEL =     39241.4854  VDWAALS    =     29325.0993
 EELEC  =   -450739.1751  EHBOND  =         0.0000  RESTRAINT  =         0.0000
 EKCMT  =         0.0000  VIRIAL  =         0.0000  VOLUME     =   1136700.9756
                                                    Density    =         1.0439
 ------------------------------------------------------------------------------


 NSTEP =    34000   TIME(PS) =    1004.000  TEMP(K) =   310.36  PRESS =     0.0
 Etot   =   -285850.8900  EKtot   =     73371.5078  EPtot      =   -359222.3978
 BOND   =      3034.0815  ANGLE   =      7504.3586  DIHED      =      9657.4993
 UB     =       871.6813  IMP     =       520.7751  CMAP       =      -602.1833
 1-4 NB =      2546.5896  1-4 EEL =     39422.5180  VDWAALS    =     28801.9117
 EELEC  =   -450979.6296  EHBOND  =         0.0000  RESTRAINT  =         0.0000
 EKCMT  =         0.0000  VIRIAL  =         0.0000  VOLUME     =   1136930.9340
                                                    Density    =         1.0437
 ------------------------------------------------------------------------------


 NSTEP =    35000   TIME(PS) =    1005.000  TEMP(K) =   310.64  PRESS =     0.0
 Etot   =   -285450.9622  EKtot   =     73439.2812  EPtot      =   -358890.2434
 BOND   =      2951.5496  ANGLE   =      7634.7947  DIHED      =      9593.5098
 UB     =       868.5083  IMP     =       521.1428  CMAP       =      -581.4604
 1-4 NB =      2467.5518  1-4 EEL =     39206.6076  VDWAALS    =     28728.5412
 EELEC  =   -450280.9889  EHBOND  =         0.0000  RESTRAINT  =         0.0000
 EKCMT  =         0.0000  VIRIAL  =         0.0000  VOLUME     =   1137825.0623
                                                    Density    =         1.0429
 ------------------------------------------------------------------------------


 NSTEP =    36000   TIME(PS) =    1006.000  TEMP(K) =   310.39  PRESS =     0.0
 Etot   =   -285927.2001  EKtot   =     73379.1016  EPtot      =   -359306.3017
 BOND   =      3046.2362  ANGLE   =      7485.2210  DIHED      =      9628.5258
 UB     =       866.0113  IMP     =       514.3637  CMAP       =      -602.0942
 1-4 NB =      2529.7629  1-4 EEL =     39245.7059  VDWAALS    =     29452.6950
 EELEC  =   -451472.7294  EHBOND  =         0.0000  RESTRAINT  =         0.0000
 EKCMT  =         0.0000  VIRIAL  =         0.0000  VOLUME     =   1137831.5760
                                                    Density    =         1.0429
 ------------------------------------------------------------------------------


 NSTEP =    37000   TIME(PS) =    1007.000  TEMP(K) =   310.26  PRESS =     0.0
 Etot   =   -285759.5601  EKtot   =     73348.7656  EPtot      =   -359108.3258
 BOND   =      3087.0404  ANGLE   =      7559.3260  DIHED      =      9598.4219
 UB     =       865.4338  IMP     =       521.4415  CMAP       =      -598.9315
 1-4 NB =      2512.8246  1-4 EEL =     39173.5645  VDWAALS    =     29317.6794
 EELEC  =   -451145.1264  EHBOND  =         0.0000  RESTRAINT  =         0.0000
 EKCMT  =         0.0000  VIRIAL  =         0.0000  VOLUME     =   1135353.7459
                                                    Density    =         1.0452
 ------------------------------------------------------------------------------


 NSTEP =    38000   TIME(PS) =    1008.000  TEMP(K) =   309.70  PRESS =     0.0
 Etot   =   -285091.5621  EKtot   =     73216.2578  EPtot      =   -358307.8199
 BOND   =      3118.0386  ANGLE   =      7556.1139  DIHED      =      9674.8848
 UB     =       889.6831  IMP     =       507.4283  CMAP       =      -604.8831
 1-4 NB =      2476.9543  1-4 EEL =     39227.4265  VDWAALS    =     29283.8373
 EELEC  =   -450437.3034  EHBOND  =         0.0000  RESTRAINT  =         0.0000
 EKCMT  =         0.0000  VIRIAL  =         0.0000  VOLUME     =   1137118.4524
                                                    Density    =         1.0435
 ------------------------------------------------------------------------------


 NSTEP =    39000   TIME(PS) =    1009.000  TEMP(K) =   310.96  PRESS =     0.0
 Etot   =   -285767.0642  EKtot   =     73514.9844  EPtot      =   -359282.0485
 BOND   =      2979.6321  ANGLE   =      7441.4565  DIHED      =      9588.9636
 UB     =       860.1956  IMP     =       505.6597  CMAP       =      -526.8430
 1-4 NB =      2515.5702  1-4 EEL =     39266.6561  VDWAALS    =     29272.3883
 EELEC  =   -451185.7275  EHBOND  =         0.0000  RESTRAINT  =         0.0000
 EKCMT  =         0.0000  VIRIAL  =         0.0000  VOLUME     =   1137118.4524
                                                    Density    =         1.0435
 ------------------------------------------------------------------------------


 NSTEP =    40000   TIME(PS) =    1010.000  TEMP(K) =   310.46  PRESS =     0.0
 Etot   =   -285742.6545  EKtot   =     73394.8359  EPtot      =   -359137.4904
 BOND   =      3042.5580  ANGLE   =      7488.9624  DIHED      =      9645.3891
 UB     =       850.9321  IMP     =       526.2600  CMAP       =      -599.6007
 1-4 NB =      2504.9453  1-4 EEL =     39377.7979  VDWAALS    =     29356.0981
 EELEC  =   -451330.8325  EHBOND  =         0.0000  RESTRAINT  =         0.0000
 EKCMT  =         0.0000  VIRIAL  =         0.0000  VOLUME     =   1138014.0726
                                                    Density    =         1.0427
 ------------------------------------------------------------------------------


 NSTEP =    41000   TIME(PS) =    1011.000  TEMP(K) =   310.12  PRESS =     0.0
 Etot   =   -285904.5642  EKtot   =     73314.3906  EPtot      =   -359218.9548
 BOND   =      3065.1852  ANGLE   =      7523.6526  DIHED      =      9639.6138
 UB     =       889.2910  IMP     =       531.5893  CMAP       =      -607.4088
 1-4 NB =      2562.7461  1-4 EEL =     39138.9481  VDWAALS    =     29485.7677
 EELEC  =   -451448.3397  EHBOND  =         0.0000  RESTRAINT  =         0.0000
 EKCMT  =         0.0000  VIRIAL  =         0.0000  VOLUME     =   1137503.3353
                                                    Density    =         1.0432
 ------------------------------------------------------------------------------


 NSTEP =    42000   TIME(PS) =    1012.000  TEMP(K) =   309.14  PRESS =     0.0
 Etot   =   -285853.6904  EKtot   =     73082.8047  EPtot      =   -358936.4951
 BOND   =      3095.9297  ANGLE   =      7421.8982  DIHED      =      9633.7934
 UB     =       870.9627  IMP     =       504.8644  CMAP       =      -544.7450
 1-4 NB =      2517.9328  1-4 EEL =     39337.6998  VDWAALS    =     29399.1558
 EELEC  =   -451173.9868  EHBOND  =         0.0000  RESTRAINT  =         0.0000
 EKCMT  =         0.0000  VIRIAL  =         0.0000  VOLUME     =   1136385.4362
                                                    Density    =         1.0442
 ------------------------------------------------------------------------------


 NSTEP =    43000   TIME(PS) =    1013.000  TEMP(K) =   309.42  PRESS =     0.0
 Etot   =   -285266.8211  EKtot   =     73150.2031  EPtot      =   -358417.0242
 BOND   =      3065.2956  ANGLE   =      7513.4707  DIHED      =      9644.3577
 UB     =       871.7855  IMP     =       529.4179  CMAP       =      -566.1411
 1-4 NB =      2510.3034  1-4 EEL =     39206.5235  VDWAALS    =     29024.0554
 EELEC  =   -450216.0926  EHBOND  =         0.0000  RESTRAINT  =         0.0000
 EKCMT  =         0.0000  VIRIAL  =         0.0000  VOLUME     =   1136665.1751
                                                    Density    =         1.0440
 ------------------------------------------------------------------------------


 NSTEP =    44000   TIME(PS) =    1014.000  TEMP(K) =   310.01  PRESS =     0.0
 Etot   =   -285880.7620  EKtot   =     73289.1094  EPtot      =   -359169.8714
 BOND   =      2962.5924  ANGLE   =      7537.5183  DIHED      =      9626.1343
 UB     =       876.4012  IMP     =       479.4431  CMAP       =      -599.2578
 1-4 NB =      2540.1683  1-4 EEL =     39295.9585  VDWAALS    =     29342.1824
 EELEC  =   -451231.0121  EHBOND  =         0.0000  RESTRAINT  =         0.0000
 EKCMT  =         0.0000  VIRIAL  =         0.0000  VOLUME     =   1136052.0002
                                                    Density    =         1.0445
 ------------------------------------------------------------------------------


 NSTEP =    45000   TIME(PS) =    1015.000  TEMP(K) =   311.08  PRESS =     0.0
 Etot   =   -285104.5995  EKtot   =     73542.0547  EPtot      =   -358646.6542
 BOND   =      2985.0338  ANGLE   =      7518.9337  DIHED      =      9606.0850
 UB     =       864.6478  IMP     =       507.3278  CMAP       =      -572.6751
 1-4 NB =      2519.3802  1-4 EEL =     39215.4017  VDWAALS    =     28634.7341
 EELEC  =   -449925.5231  EHBOND  =         0.0000  RESTRAINT  =         0.0000
 EKCMT  =         0.0000  VIRIAL  =         0.0000  VOLUME     =   1137797.4811
                                                    Density    =         1.0429
 ------------------------------------------------------------------------------


 NSTEP =    46000   TIME(PS) =    1016.000  TEMP(K) =   310.18  PRESS =     0.0
 Etot   =   -285461.5767  EKtot   =     73329.8438  EPtot      =   -358791.4205
 BOND   =      2958.4173  ANGLE   =      7432.4289  DIHED      =      9566.7056
 UB     =       838.5811  IMP     =       509.6715  CMAP       =      -572.8979
 1-4 NB =      2537.0254  1-4 EEL =     39367.7894  VDWAALS    =     28826.0486
 EELEC  =   -450255.1903  EHBOND  =         0.0000  RESTRAINT  =         0.0000
 EKCMT  =         0.0000  VIRIAL  =         0.0000  VOLUME     =   1138570.7572
                                                    Density    =         1.0422
 ------------------------------------------------------------------------------


 NSTEP =    47000   TIME(PS) =    1017.000  TEMP(K) =   309.86  PRESS =     0.0
 Etot   =   -285471.9451  EKtot   =     73253.0625  EPtot      =   -358725.0076
 BOND   =      3094.7471  ANGLE   =      7385.1759  DIHED      =      9609.9616
 UB     =       869.8198  IMP     =       511.3472  CMAP       =      -595.1700
 1-4 NB =      2527.1461  1-4 EEL =     39153.8735  VDWAALS    =     29014.7138
 EELEC  =   -450296.6225  EHBOND  =         0.0000  RESTRAINT  =         0.0000
 EKCMT  =         0.0000  VIRIAL  =         0.0000  VOLUME     =   1137858.0855
                                                    Density    =         1.0429
 ------------------------------------------------------------------------------


 NSTEP =    48000   TIME(PS) =    1018.000  TEMP(K) =   310.48  PRESS =     0.0
 Etot   =   -285499.1173  EKtot   =     73400.8047  EPtot      =   -358899.9220
 BOND   =      3006.3831  ANGLE   =      7531.6379  DIHED      =      9595.0387
 UB     =       890.4271  IMP     =       531.8788  CMAP       =      -578.0308
 1-4 NB =      2525.9177  1-4 EEL =     39235.5981  VDWAALS    =     29389.2237
 EELEC  =   -451027.9962  EHBOND  =         0.0000  RESTRAINT  =         0.0000
 EKCMT  =         0.0000  VIRIAL  =         0.0000  VOLUME     =   1137789.9920
                                                    Density    =         1.0429
 ------------------------------------------------------------------------------


 NSTEP =    49000   TIME(PS) =    1019.000  TEMP(K) =   309.48  PRESS =     0.0
 Etot   =   -286018.2735  EKtot   =     73163.2266  EPtot      =   -359181.5000
 BOND   =      3012.0615  ANGLE   =      7517.0830  DIHED      =      9604.2837
 UB     =       887.0689  IMP     =       506.7435  CMAP       =      -616.8127
 1-4 NB =      2552.9529  1-4 EEL =     39281.3788  VDWAALS    =     29048.4610
 EELEC  =   -450974.7205  EHBOND  =         0.0000  RESTRAINT  =         0.0000
 EKCMT  =         0.0000  VIRIAL  =         0.0000  VOLUME     =   1136562.6072
                                                    Density    =         1.0440
 ------------------------------------------------------------------------------


 NSTEP =    50000   TIME(PS) =    1020.000  TEMP(K) =   310.41  PRESS =     0.0
 Etot   =   -285921.7968  EKtot   =     73383.5312  EPtot      =   -359305.3281
 BOND   =      3058.7060  ANGLE   =      7512.8701  DIHED      =      9650.0998
 UB     =       858.7049  IMP     =       526.2250  CMAP       =      -599.3022
 1-4 NB =      2473.8725  1-4 EEL =     39173.8807  VDWAALS    =     29051.5241
 EELEC  =   -451011.9088  EHBOND  =         0.0000  RESTRAINT  =         0.0000
 EKCMT  =         0.0000  VIRIAL  =         0.0000  VOLUME     =   1135186.1531
                                                    Density    =         1.0453
 ------------------------------------------------------------------------------


 NSTEP =    51000   TIME(PS) =    1021.000  TEMP(K) =   310.65  PRESS =     0.0
 Etot   =   -286182.2951  EKtot   =     73441.4609  EPtot      =   -359623.7560
 BOND   =      3084.2767  ANGLE   =      7474.2016  DIHED      =      9578.6942
 UB     =       873.7387  IMP     =       513.1246  CMAP       =      -602.7711
 1-4 NB =      2500.5550  1-4 EEL =     39197.5707  VDWAALS    =     29030.0445
 EELEC  =   -451273.1910  EHBOND  =         0.0000  RESTRAINT  =         0.0000
 EKCMT  =         0.0000  VIRIAL  =         0.0000  VOLUME     =   1135657.0250
                                                    Density    =         1.0449
 ------------------------------------------------------------------------------


 NSTEP =    52000   TIME(PS) =    1022.000  TEMP(K) =   310.90  PRESS =     0.0
 Etot   =   -285604.6907  EKtot   =     73499.6875  EPtot      =   -359104.3782
 BOND   =      3039.3861  ANGLE   =      7636.9265  DIHED      =      9615.6436
 UB     =       900.3668  IMP     =       544.7051  CMAP       =      -619.8278
 1-4 NB =      2544.8868  1-4 EEL =     39181.4531  VDWAALS    =     29316.6951
 EELEC  =   -451264.6135  EHBOND  =         0.0000  RESTRAINT  =         0.0000
 EKCMT  =         0.0000  VIRIAL  =         0.0000  VOLUME     =   1137131.9578
                                                    Density    =         1.0435
 ------------------------------------------------------------------------------


 NSTEP =    53000   TIME(PS) =    1023.000  TEMP(K) =   308.31  PRESS =     0.0
 Etot   =   -285748.3733  EKtot   =     72888.4609  EPtot      =   -358636.8342
 BOND   =      3084.1296  ANGLE   =      7510.0387  DIHED      =      9606.8841
 UB     =       879.5989  IMP     =       534.3587  CMAP       =      -593.8571
 1-4 NB =      2506.6791  1-4 EEL =     39062.9145  VDWAALS    =     28851.7332
 EELEC  =   -450079.3140  EHBOND  =         0.0000  RESTRAINT  =         0.0000
 EKCMT  =         0.0000  VIRIAL  =         0.0000  VOLUME     =   1137131.9578
                                                    Density    =         1.0435
 ------------------------------------------------------------------------------


 NSTEP =    54000   TIME(PS) =    1024.000  TEMP(K) =   309.92  PRESS =     0.0
 Etot   =   -285442.3079  EKtot   =     73268.7656  EPtot      =   -358711.0735
 BOND   =      3048.7396  ANGLE   =      7493.5688  DIHED      =      9594.4846
 UB     =       878.4267  IMP     =       512.5971  CMAP       =      -590.2550
 1-4 NB =      2530.2195  1-4 EEL =     39293.9524  VDWAALS    =     29242.5500
 EELEC  =   -450715.3571  EHBOND  =         0.0000  RESTRAINT  =         0.0000
 EKCMT  =         0.0000  VIRIAL  =         0.0000  VOLUME     =   1136951.7831
                                                    Density    =         1.0437
 ------------------------------------------------------------------------------


 NSTEP =    55000   TIME(PS) =    1025.000  TEMP(K) =   311.84  PRESS =     0.0
 Etot   =   -285277.9339  EKtot   =     73721.5234  EPtot      =   -358999.4574
 BOND   =      3040.0726  ANGLE   =      7415.8695  DIHED      =      9581.7741
 UB     =       854.2119  IMP     =       504.5309  CMAP       =      -576.0959
 1-4 NB =      2531.1010  1-4 EEL =     39349.9888  VDWAALS    =     29176.7417
 EELEC  =   -450877.6520  EHBOND  =         0.0000  RESTRAINT  =         0.0000
 EKCMT  =         0.0000  VIRIAL  =         0.0000  VOLUME     =   1137012.5720
                                                    Density    =         1.0436
 ------------------------------------------------------------------------------


 NSTEP =    56000   TIME(PS) =    1026.000  TEMP(K) =   310.07  PRESS =     0.0
 Etot   =   -285425.7033  EKtot   =     73302.9609  EPtot      =   -358728.6642
 BOND   =      3152.7446  ANGLE   =      7456.1337  DIHED      =      9616.4986
 UB     =       872.4591  IMP     =       502.7410  CMAP       =      -587.0126
 1-4 NB =      2493.8111  1-4 EEL =     39209.3131  VDWAALS    =     29395.2155
 EELEC  =   -450840.5681  EHBOND  =         0.0000  RESTRAINT  =         0.0000
 EKCMT  =         0.0000  VIRIAL  =         0.0000  VOLUME     =   1136918.2101
                                                    Density    =         1.0437
 ------------------------------------------------------------------------------


 NSTEP =    57000   TIME(PS) =    1027.000  TEMP(K) =   309.57  PRESS =     0.0
 Etot   =   -285458.9760  EKtot   =     73186.0469  EPtot      =   -358645.0229
 BOND   =      3086.2579  ANGLE   =      7678.9150  DIHED      =      9656.8360
 UB     =       868.5445  IMP     =       503.4590  CMAP       =      -601.5267
 1-4 NB =      2489.3188  1-4 EEL =     39006.3394  VDWAALS    =     29198.6982
 EELEC  =   -450531.8649  EHBOND  =         0.0000  RESTRAINT  =         0.0000
 EKCMT  =         0.0000  VIRIAL  =         0.0000  VOLUME     =   1136095.7322
                                                    Density    =         1.0445
 ------------------------------------------------------------------------------


 NSTEP =    58000   TIME(PS) =    1028.000  TEMP(K) =   312.01  PRESS =     0.0
 Etot   =   -285235.1593  EKtot   =     73762.2344  EPtot      =   -358997.3937
 BOND   =      3049.1867  ANGLE   =      7579.6011  DIHED      =      9657.6666
 UB     =       890.7154  IMP     =       522.6627  CMAP       =      -625.2710
 1-4 NB =      2485.0340  1-4 EEL =     39108.6441  VDWAALS    =     29506.1695
 EELEC  =   -451171.8029  EHBOND  =         0.0000  RESTRAINT  =         0.0000
 EKCMT  =         0.0000  VIRIAL  =         0.0000  VOLUME     =   1136590.1884
                                                    Density    =         1.0440
 ------------------------------------------------------------------------------


 NSTEP =    59000   TIME(PS) =    1029.000  TEMP(K) =   308.78  PRESS =     0.0
 Etot   =   -286087.0045  EKtot   =     72999.5078  EPtot      =   -359086.5123
 BOND   =      2994.7123  ANGLE   =      7631.8066  DIHED      =      9651.4323
 UB     =       885.6708  IMP     =       514.1999  CMAP       =      -587.3876
 1-4 NB =      2518.1774  1-4 EEL =     39101.8765  VDWAALS    =     29124.6774
 EELEC  =   -450921.6779  EHBOND  =         0.0000  RESTRAINT  =         0.0000
 EKCMT  =         0.0000  VIRIAL  =         0.0000  VOLUME     =   1135664.0779
                                                    Density    =         1.0449
 ------------------------------------------------------------------------------


 NSTEP =    60000   TIME(PS) =    1030.000  TEMP(K) =   310.20  PRESS =     0.0
 Etot   =   -286001.5703  EKtot   =     73334.5625  EPtot      =   -359336.1328
 BOND   =      3058.8234  ANGLE   =      7549.8635  DIHED      =      9620.8928
 UB     =       861.1565  IMP     =       519.2534  CMAP       =      -639.2632
 1-4 NB =      2507.3572  1-4 EEL =     39183.4411  VDWAALS    =     29313.3574
 EELEC  =   -451311.0149  EHBOND  =         0.0000  RESTRAINT  =         0.0000
 EKCMT  =         0.0000  VIRIAL  =         0.0000  VOLUME     =   1135842.6356
                                                    Density    =         1.0447
 ------------------------------------------------------------------------------


 NSTEP =    61000   TIME(PS) =    1031.000  TEMP(K) =   309.11  PRESS =     0.0
 Etot   =   -285934.0704  EKtot   =     73075.8672  EPtot      =   -359009.9376
 BOND   =      3040.5513  ANGLE   =      7481.6128  DIHED      =      9643.9112
 UB     =       888.2323  IMP     =       533.2897  CMAP       =      -626.9123
 1-4 NB =      2536.5891  1-4 EEL =     39365.0282  VDWAALS    =     29229.0020
 EELEC  =   -451101.2419  EHBOND  =         0.0000  RESTRAINT  =         0.0000
 EKCMT  =         0.0000  VIRIAL  =         0.0000  VOLUME     =   1134831.3621
                                                    Density    =         1.0456
 ------------------------------------------------------------------------------


 NSTEP =    62000   TIME(PS) =    1032.000  TEMP(K) =   310.82  PRESS =     0.0
 Etot   =   -285685.5825  EKtot   =     73480.8672  EPtot      =   -359166.4496
 BOND   =      3113.0392  ANGLE   =      7398.0027  DIHED      =      9591.2577
 UB     =       858.3072  IMP     =       517.1528  CMAP       =      -597.2804
 1-4 NB =      2480.3995  1-4 EEL =     39221.2436  VDWAALS    =     28985.4828
 EELEC  =   -450734.0548  EHBOND  =         0.0000  RESTRAINT  =         0.0000
 EKCMT  =         0.0000  VIRIAL  =         0.0000  VOLUME     =   1134765.9384
                                                    Density    =         1.0457
 ------------------------------------------------------------------------------


 NSTEP =    63000   TIME(PS) =    1033.000  TEMP(K) =   310.33  PRESS =     0.0
 Etot   =   -285763.8110  EKtot   =     73364.1328  EPtot      =   -359127.9438
 BOND   =      3055.3039  ANGLE   =      7522.9691  DIHED      =      9625.1721
 UB     =       866.8956  IMP     =       501.8630  CMAP       =      -586.8319
 1-4 NB =      2503.2550  1-4 EEL =     39365.3680  VDWAALS    =     29329.9832
 EELEC  =   -451311.9217  EHBOND  =         0.0000  RESTRAINT  =         0.0000
 EKCMT  =         0.0000  VIRIAL  =         0.0000  VOLUME     =   1136644.2276
                                                    Density    =         1.0440
 ------------------------------------------------------------------------------


 NSTEP =    64000   TIME(PS) =    1034.000  TEMP(K) =   311.77  PRESS =     0.0
 Etot   =   -285066.1765  EKtot   =     73706.2812  EPtot      =   -358772.4578
 BOND   =      3087.7279  ANGLE   =      7529.0712  DIHED      =      9663.6288
 UB     =       872.7661  IMP     =       506.5917  CMAP       =      -596.6050
 1-4 NB =      2462.0177  1-4 EEL =     39387.8444  VDWAALS    =     28930.3184
 EELEC  =   -450615.8188  EHBOND  =         0.0000  RESTRAINT  =         0.0000
 EKCMT  =         0.0000  VIRIAL  =         0.0000  VOLUME     =   1136969.0712
                                                    Density    =         1.0437
 ------------------------------------------------------------------------------


 NSTEP =    65000   TIME(PS) =    1035.000  TEMP(K) =   311.53  PRESS =     0.0
 Etot   =   -285214.6239  EKtot   =     73647.8984  EPtot      =   -358862.5223
 BOND   =      3105.3335  ANGLE   =      7532.3296  DIHED      =      9623.2384
 UB     =       868.8488  IMP     =       524.0307  CMAP       =      -589.9461
 1-4 NB =      2492.7643  1-4 EEL =     39154.7047  VDWAALS    =     29138.6760
 EELEC  =   -450712.5023  EHBOND  =         0.0000  RESTRAINT  =         0.0000
 EKCMT  =         0.0000  VIRIAL  =         0.0000  VOLUME     =   1138019.3660
                                                    Density    =         1.0427
 ------------------------------------------------------------------------------


 NSTEP =    66000   TIME(PS) =    1036.000  TEMP(K) =   310.64  PRESS =     0.0
 Etot   =   -285466.8870  EKtot   =     73439.5391  EPtot      =   -358906.4261
 BOND   =      3066.2213  ANGLE   =      7523.0123  DIHED      =      9602.5282
 UB     =       864.7656  IMP     =       494.2842  CMAP       =      -571.7283
 1-4 NB =      2472.4849  1-4 EEL =     39205.9894  VDWAALS    =     29062.2762
 EELEC  =   -450626.2598  EHBOND  =         0.0000  RESTRAINT  =         0.0000
 EKCMT  =         0.0000  VIRIAL  =         0.0000  VOLUME     =   1137454.3404
                                                    Density    =         1.0432
 ------------------------------------------------------------------------------


 NSTEP =    67000   TIME(PS) =    1037.000  TEMP(K) =   309.56  PRESS =     0.0
 Etot   =   -285402.1387  EKtot   =     73182.7109  EPtot      =   -358584.8496
 BOND   =      3087.8283  ANGLE   =      7627.7874  DIHED      =      9650.7664
 UB     =       890.0332  IMP     =       534.1337  CMAP       =      -585.7996
 1-4 NB =      2524.6352  1-4 EEL =     39296.9894  VDWAALS    =     29114.5733
 EELEC  =   -450725.7969  EHBOND  =         0.0000  RESTRAINT  =         0.0000
 EKCMT  =         0.0000  VIRIAL  =         0.0000  VOLUME     =   1135694.8189
                                                    Density    =         1.0448
 ------------------------------------------------------------------------------


 NSTEP =    68000   TIME(PS) =    1038.000  TEMP(K) =   309.76  PRESS =     0.0
 Etot   =   -285938.3043  EKtot   =     73229.3672  EPtot      =   -359167.6715
 BOND   =      3061.5596  ANGLE   =      7536.9353  DIHED      =      9645.2009
 UB     =       873.7969  IMP     =       529.5168  CMAP       =      -631.6354
 1-4 NB =      2502.7829  1-4 EEL =     39162.8557  VDWAALS    =     29048.2293
 EELEC  =   -450896.9134  EHBOND  =         0.0000  RESTRAINT  =         0.0000
 EKCMT  =         0.0000  VIRIAL  =         0.0000  VOLUME     =   1134727.6796
                                                    Density    =         1.0457
 ------------------------------------------------------------------------------


 NSTEP =    69000   TIME(PS) =    1039.000  TEMP(K) =   310.44  PRESS =     0.0
 Etot   =   -286309.6638  EKtot   =     73390.8828  EPtot      =   -359700.5466
 BOND   =      3052.6638  ANGLE   =      7444.9669  DIHED      =      9691.6216
 UB     =       862.6726  IMP     =       514.8892  CMAP       =      -611.4028
 1-4 NB =      2512.4251  1-4 EEL =     39221.7897  VDWAALS    =     29651.6165
 EELEC  =   -452041.7892  EHBOND  =         0.0000  RESTRAINT  =         0.0000
 EKCMT  =         0.0000  VIRIAL  =         0.0000  VOLUME     =   1134774.2726
                                                    Density    =         1.0457
 ------------------------------------------------------------------------------


 NSTEP =    70000   TIME(PS) =    1040.000  TEMP(K) =   310.61  PRESS =     0.0
 Etot   =   -285799.1456  EKtot   =     73431.0938  EPtot      =   -359230.2393
 BOND   =      3064.9806  ANGLE   =      7370.2356  DIHED      =      9661.7061
 UB     =       845.7880  IMP     =       482.5080  CMAP       =      -567.2870
 1-4 NB =      2519.7751  1-4 EEL =     39274.8783  VDWAALS    =     29192.9332
 EELEC  =   -451075.7571  EHBOND  =         0.0000  RESTRAINT  =         0.0000
 EKCMT  =         0.0000  VIRIAL  =         0.0000  VOLUME     =   1136936.0693
                                                    Density    =         1.0437
 ------------------------------------------------------------------------------


 NSTEP =    71000   TIME(PS) =    1041.000  TEMP(K) =   311.44  PRESS =     0.0
 Etot   =   -285311.0157  EKtot   =     73626.9844  EPtot      =   -358938.0001
 BOND   =      3020.0043  ANGLE   =      7575.7318  DIHED      =      9608.4367
 UB     =       868.8382  IMP     =       491.3673  CMAP       =      -592.0884
 1-4 NB =      2480.1744  1-4 EEL =     39097.1843  VDWAALS    =     29107.6054
 EELEC  =   -450595.2540  EHBOND  =         0.0000  RESTRAINT  =         0.0000
 EKCMT  =         0.0000  VIRIAL  =         0.0000  VOLUME     =   1136371.6386
                                                    Density    =         1.0442
 ------------------------------------------------------------------------------


 NSTEP =    72000   TIME(PS) =    1042.000  TEMP(K) =   311.46  PRESS =     0.0
 Etot   =   -285106.6355  EKtot   =     73632.4531  EPtot      =   -358739.0886
 BOND   =      3036.3791  ANGLE   =      7486.8537  DIHED      =      9574.9237
 UB     =       872.2846  IMP     =       489.3875  CMAP       =      -585.2114
 1-4 NB =      2553.7026  1-4 EEL =     39306.6981  VDWAALS    =     28889.0287
 EELEC  =   -450363.1354  EHBOND  =         0.0000  RESTRAINT  =         0.0000
 EKCMT  =         0.0000  VIRIAL  =         0.0000  VOLUME     =   1136489.9214
                                                    Density    =         1.0441
 ------------------------------------------------------------------------------


 NSTEP =    73000   TIME(PS) =    1043.000  TEMP(K) =   309.52  PRESS =     0.0
 Etot   =   -285712.8968  EKtot   =     73174.7734  EPtot      =   -358887.6702
 BOND   =      3036.1794  ANGLE   =      7468.4465  DIHED      =      9658.3258
 UB     =       857.8481  IMP     =       537.2411  CMAP       =      -620.6629
 1-4 NB =      2512.7271  1-4 EEL =     39314.4696  VDWAALS    =     29229.5207
 EELEC  =   -450881.7655  EHBOND  =         0.0000  RESTRAINT  =         0.0000
 EKCMT  =         0.0000  VIRIAL  =         0.0000  VOLUME     =   1138260.2826
                                                    Density    =         1.0425
 ------------------------------------------------------------------------------


 NSTEP =    74000   TIME(PS) =    1044.000  TEMP(K) =   309.75  PRESS =     0.0
 Etot   =   -285732.3657  EKtot   =     73228.3750  EPtot      =   -358960.7407
 BOND   =      3004.5023  ANGLE   =      7390.1543  DIHED      =      9586.2803
 UB     =       871.5385  IMP     =       504.9681  CMAP       =      -604.3495
 1-4 NB =      2481.3594  1-4 EEL =     39258.0543  VDWAALS    =     29609.6309
 EELEC  =   -451062.8794  EHBOND  =         0.0000  RESTRAINT  =         0.0000
 EKCMT  =         0.0000  VIRIAL  =         0.0000  VOLUME     =   1137937.4482
                                                    Density    =         1.0428
 ------------------------------------------------------------------------------


 NSTEP =    75000   TIME(PS) =    1045.000  TEMP(K) =   309.58  PRESS =     0.0
 Etot   =   -285545.0325  EKtot   =     73188.3672  EPtot      =   -358733.3996
 BOND   =      3019.3341  ANGLE   =      7428.1519  DIHED      =      9589.2157
 UB     =       845.5101  IMP     =       512.5796  CMAP       =      -571.0355
 1-4 NB =      2506.5639  1-4 EEL =     39390.0274  VDWAALS    =     28919.9703
 EELEC  =   -450373.7172  EHBOND  =         0.0000  RESTRAINT  =         0.0000
 EKCMT  =         0.0000  VIRIAL  =         0.0000  VOLUME     =   1138358.0832
                                                    Density    =         1.0424
 ------------------------------------------------------------------------------


 NSTEP =    76000   TIME(PS) =    1046.000  TEMP(K) =   311.25  PRESS =     0.0
 Etot   =   -285179.4982  EKtot   =     73582.4219  EPtot      =   -358761.9201
 BOND   =      3097.6042  ANGLE   =      7553.8915  DIHED      =      9574.6128
 UB     =       885.8345  IMP     =       509.5948  CMAP       =      -611.0500
 1-4 NB =      2488.6883  1-4 EEL =     39299.9684  VDWAALS    =     29771.6430
 EELEC  =   -451332.7076  EHBOND  =         0.0000  RESTRAINT  =         0.0000
 EKCMT  =         0.0000  VIRIAL  =         0.0000  VOLUME     =   1139037.8331
                                                    Density    =         1.0418
 ------------------------------------------------------------------------------


 NSTEP =    77000   TIME(PS) =    1047.000  TEMP(K) =   308.45  PRESS =     0.0
 Etot   =   -286123.1155  EKtot   =     72920.2109  EPtot      =   -359043.3264
 BOND   =      3022.2308  ANGLE   =      7585.6978  DIHED      =      9597.1914
 UB     =       874.9676  IMP     =       519.8322  CMAP       =      -620.0978
 1-4 NB =      2496.2181  1-4 EEL =     39307.4749  VDWAALS    =     29268.5639
 EELEC  =   -451095.4052  EHBOND  =         0.0000  RESTRAINT  =         0.0000
 EKCMT  =         0.0000  VIRIAL  =         0.0000  VOLUME     =   1138893.6913
                                                    Density    =         1.0419
 ------------------------------------------------------------------------------


 NSTEP =    78000   TIME(PS) =    1048.000  TEMP(K) =   310.75  PRESS =     0.0
 Etot   =   -284908.3001  EKtot   =     73464.0234  EPtot      =   -358372.3235
 BOND   =      3062.4983  ANGLE   =      7535.1779  DIHED      =      9607.0286
 UB     =       867.8880  IMP     =       525.8934  CMAP       =      -584.0009
 1-4 NB =      2464.2311  1-4 EEL =     39413.1485  VDWAALS    =     28959.3407
 EELEC  =   -450223.5291  EHBOND  =         0.0000  RESTRAINT  =         0.0000
 EKCMT  =         0.0000  VIRIAL  =         0.0000  VOLUME     =   1138953.0210
                                                    Density    =         1.0419
 ------------------------------------------------------------------------------


 NSTEP =    79000   TIME(PS) =    1049.000  TEMP(K) =   309.35  PRESS =     0.0
 Etot   =   -285343.8785  EKtot   =     73134.4219  EPtot      =   -358478.3004
 BOND   =      3020.0272  ANGLE   =      7415.0993  DIHED      =      9626.4079
 UB     =       874.5639  IMP     =       531.5741  CMAP       =      -589.9072
 1-4 NB =      2508.2250  1-4 EEL =     39221.0975  VDWAALS    =     28796.9788
 EELEC  =   -449882.3669  EHBOND  =         0.0000  RESTRAINT  =         0.0000
 EKCMT  =         0.0000  VIRIAL  =         0.0000  VOLUME     =   1140370.3300
                                                    Density    =         1.0406
 ------------------------------------------------------------------------------


 NSTEP =    80000   TIME(PS) =    1050.000  TEMP(K) =   311.07  PRESS =     0.0
 Etot   =   -285521.4573  EKtot   =     73540.5312  EPtot      =   -359061.9885
 BOND   =      2988.9943  ANGLE   =      7563.1047  DIHED      =      9625.8317
 UB     =       871.1076  IMP     =       522.9653  CMAP       =      -609.8038
 1-4 NB =      2498.9036  1-4 EEL =     39326.9285  VDWAALS    =     29192.2977
 EELEC  =   -451042.3182  EHBOND  =         0.0000  RESTRAINT  =         0.0000
 EKCMT  =         0.0000  VIRIAL  =         0.0000  VOLUME     =   1141026.6844
                                                    Density    =         1.0400
 ------------------------------------------------------------------------------


 NSTEP =    81000   TIME(PS) =    1051.000  TEMP(K) =   309.14  PRESS =     0.0
 Etot   =   -285509.6469  EKtot   =     73083.8906  EPtot      =   -358593.5376
 BOND   =      3140.9320  ANGLE   =      7616.1460  DIHED      =      9623.4516
 UB     =       876.4564  IMP     =       522.5688  CMAP       =      -601.3558
 1-4 NB =      2498.5530  1-4 EEL =     39222.3112  VDWAALS    =     29158.9204
 EELEC  =   -450651.5211  EHBOND  =         0.0000  RESTRAINT  =         0.0000
 EKCMT  =         0.0000  VIRIAL  =         0.0000  VOLUME     =   1140378.0021
                                                    Density    =         1.0406
 ------------------------------------------------------------------------------


 NSTEP =    82000   TIME(PS) =    1052.000  TEMP(K) =   310.72  PRESS =     0.0
 Etot   =   -285612.2931  EKtot   =     73457.4297  EPtot      =   -359069.7228
 BOND   =      3096.4744  ANGLE   =      7444.0113  DIHED      =      9590.1595
 UB     =       856.4816  IMP     =       521.3564  CMAP       =      -626.8239
 1-4 NB =      2496.5726  1-4 EEL =     39245.1151  VDWAALS    =     29011.8139
 EELEC  =   -450704.8838  EHBOND  =         0.0000  RESTRAINT  =         0.0000
 EKCMT  =         0.0000  VIRIAL  =         0.0000  VOLUME     =   1139896.5212
                                                    Density    =         1.0410
 ------------------------------------------------------------------------------


 NSTEP =    83000   TIME(PS) =    1053.000  TEMP(K) =   311.26  PRESS =     0.0
 Etot   =   -285506.2121  EKtot   =     73584.9609  EPtot      =   -359091.1730
 BOND   =      3059.3346  ANGLE   =      7466.5298  DIHED      =      9611.5626
 UB     =       869.1978  IMP     =       524.3800  CMAP       =      -595.9142
 1-4 NB =      2491.5056  1-4 EEL =     39419.1969  VDWAALS    =     29080.2574
 EELEC  =   -451017.2237  EHBOND  =         0.0000  RESTRAINT  =         0.0000
 EKCMT  =         0.0000  VIRIAL  =         0.0000  VOLUME     =   1139320.4989
                                                    Density    =         1.0415
 ------------------------------------------------------------------------------


 NSTEP =    84000   TIME(PS) =    1054.000  TEMP(K) =   308.92  PRESS =     0.0
 Etot   =   -286239.2896  EKtot   =     73032.4062  EPtot      =   -359271.6958
 BOND   =      3038.1651  ANGLE   =      7465.8641  DIHED      =      9594.0702
 UB     =       846.4015  IMP     =       520.9029  CMAP       =      -619.2450
 1-4 NB =      2493.9689  1-4 EEL =     39297.7356  VDWAALS    =     29072.5811
 EELEC  =   -450982.1403  EHBOND  =         0.0000  RESTRAINT  =         0.0000
 EKCMT  =         0.0000  VIRIAL  =         0.0000  VOLUME     =   1139172.4111
                                                    Density    =         1.0417
 ------------------------------------------------------------------------------


 NSTEP =    85000   TIME(PS) =    1055.000  TEMP(K) =   309.15  PRESS =     0.0
 Etot   =   -285421.2359  EKtot   =     73085.5781  EPtot      =   -358506.8140
 BOND   =      3134.2310  ANGLE   =      7453.9093  DIHED      =      9608.9647
 UB     =       851.7920  IMP     =       498.2625  CMAP       =      -592.6060
 1-4 NB =      2507.7532  1-4 EEL =     39480.3810  VDWAALS    =     29071.4160
 EELEC  =   -450520.9177  EHBOND  =         0.0000  RESTRAINT  =         0.0000
 EKCMT  =         0.0000  VIRIAL  =         0.0000  VOLUME     =   1139424.8731
                                                    Density    =         1.0414
 ------------------------------------------------------------------------------


 NSTEP =    86000   TIME(PS) =    1056.000  TEMP(K) =   310.75  PRESS =     0.0
 Etot   =   -285108.7025  EKtot   =     73464.6484  EPtot      =   -358573.3510
 BOND   =      3037.8448  ANGLE   =      7485.0419  DIHED      =      9619.9673
 UB     =       856.6759  IMP     =       524.1735  CMAP       =      -590.7089
 1-4 NB =      2521.9041  1-4 EEL =     39348.5165  VDWAALS    =     29412.7965
 EELEC  =   -450789.5625  EHBOND  =         0.0000  RESTRAINT  =         0.0000
 EKCMT  =         0.0000  VIRIAL  =         0.0000  VOLUME     =   1139308.9320
                                                    Density    =         1.0415
 ------------------------------------------------------------------------------


 NSTEP =    87000   TIME(PS) =    1057.000  TEMP(K) =   311.13  PRESS =     0.0
 Etot   =   -285637.7870  EKtot   =     73554.5781  EPtot      =   -359192.3651
 BOND   =      3109.6071  ANGLE   =      7457.3658  DIHED      =      9604.9463
 UB     =       868.8477  IMP     =       526.0372  CMAP       =      -606.6040
 1-4 NB =      2500.4314  1-4 EEL =     39222.3161  VDWAALS    =     29358.3485
 EELEC  =   -451233.6613  EHBOND  =         0.0000  RESTRAINT  =         0.0000
 EKCMT  =         0.0000  VIRIAL  =         0.0000  VOLUME     =   1139171.2014
                                                    Density    =         1.0417
 ------------------------------------------------------------------------------


 NSTEP =    88000   TIME(PS) =    1058.000  TEMP(K) =   309.63  PRESS =     0.0
 Etot   =   -286163.8505  EKtot   =     73198.9141  EPtot      =   -359362.7646
 BOND   =      3081.7779  ANGLE   =      7537.9716  DIHED      =      9605.2652
 UB     =       865.9284  IMP     =       518.0512  CMAP       =      -607.1126
 1-4 NB =      2467.5526  1-4 EEL =     39115.0382  VDWAALS    =     29479.5144
 EELEC  =   -451426.7515  EHBOND  =         0.0000  RESTRAINT  =         0.0000
 EKCMT  =         0.0000  VIRIAL  =         0.0000  VOLUME     =   1138420.7728
                                                    Density    =         1.0423
 ------------------------------------------------------------------------------


 NSTEP =    89000   TIME(PS) =    1059.000  TEMP(K) =   311.76  PRESS =     0.0
 Etot   =   -285223.7607  EKtot   =     73703.0312  EPtot      =   -358926.7920
 BOND   =      3145.1127  ANGLE   =      7489.1250  DIHED      =      9605.0163
 UB     =       851.5968  IMP     =       501.1431  CMAP       =      -606.8049
 1-4 NB =      2547.4872  1-4 EEL =     39140.3441  VDWAALS    =     29358.2784
 EELEC  =   -450958.0909  EHBOND  =         0.0000  RESTRAINT  =         0.0000
 EKCMT  =         0.0000  VIRIAL  =         0.0000  VOLUME     =   1139734.5538
                                                    Density    =         1.0411
 ------------------------------------------------------------------------------


 NSTEP =    90000   TIME(PS) =    1060.000  TEMP(K) =   309.64  PRESS =     0.0
 Etot   =   -285536.7955  EKtot   =     73203.2031  EPtot      =   -358739.9986
 BOND   =      3006.7976  ANGLE   =      7562.7933  DIHED      =      9587.3749
 UB     =       841.1520  IMP     =       524.5065  CMAP       =      -610.4817
 1-4 NB =      2530.1155  1-4 EEL =     39321.9453  VDWAALS    =     29109.3567
 EELEC  =   -450613.5588  EHBOND  =         0.0000  RESTRAINT  =         0.0000
 EKCMT  =         0.0000  VIRIAL  =         0.0000  VOLUME     =   1139587.9463
                                                    Density    =         1.0413
 ------------------------------------------------------------------------------


 NSTEP =    91000   TIME(PS) =    1061.000  TEMP(K) =   309.39  PRESS =     0.0
 Etot   =   -285457.9301  EKtot   =     73142.3672  EPtot      =   -358600.2973
 BOND   =      3036.7909  ANGLE   =      7601.8685  DIHED      =      9664.9685
 UB     =       848.4266  IMP     =       531.1669  CMAP       =      -586.8126
 1-4 NB =      2526.7148  1-4 EEL =     39293.2419  VDWAALS    =     29039.1076
 EELEC  =   -450555.7705  EHBOND  =         0.0000  RESTRAINT  =         0.0000
 EKCMT  =         0.0000  VIRIAL  =         0.0000  VOLUME     =   1140303.1939
                                                    Density    =         1.0406
 ------------------------------------------------------------------------------


 NSTEP =    92000   TIME(PS) =    1062.000  TEMP(K) =   309.71  PRESS =     0.0
 Etot   =   -286231.6142  EKtot   =     73218.5859  EPtot      =   -359450.2001
 BOND   =      3041.6836  ANGLE   =      7484.2804  DIHED      =      9566.9267
 UB     =       866.1119  IMP     =       504.7607  CMAP       =      -602.4850
 1-4 NB =      2517.5934  1-4 EEL =     39305.4826  VDWAALS    =     29195.5399
 EELEC  =   -451330.0942  EHBOND  =         0.0000  RESTRAINT  =         0.0000
 EKCMT  =         0.0000  VIRIAL  =         0.0000  VOLUME     =   1138134.6160
                                                    Density    =         1.0426
 ------------------------------------------------------------------------------


 NSTEP =    93000   TIME(PS) =    1063.000  TEMP(K) =   309.77  PRESS =     0.0
 Etot   =   -285648.9970  EKtot   =     73233.8125  EPtot      =   -358882.8095
 BOND   =      3045.0938  ANGLE   =      7605.5980  DIHED      =      9658.2180
 UB     =       886.4923  IMP     =       500.2236  CMAP       =      -602.4890
 1-4 NB =      2500.1708  1-4 EEL =     39368.3515  VDWAALS    =     29432.4192
 EELEC  =   -451276.8876  EHBOND  =         0.0000  RESTRAINT  =         0.0000
 EKCMT  =         0.0000  VIRIAL  =         0.0000  VOLUME     =   1138367.0417
                                                    Density    =         1.0424
 ------------------------------------------------------------------------------


 NSTEP =    94000   TIME(PS) =    1064.000  TEMP(K) =   310.79  PRESS =     0.0
 Etot   =   -285132.4343  EKtot   =     73474.9062  EPtot      =   -358607.3406
 BOND   =      3108.6396  ANGLE   =      7488.6270  DIHED      =      9549.7705
 UB     =       873.5841  IMP     =       547.6416  CMAP       =      -574.9472
 1-4 NB =      2505.8193  1-4 EEL =     39248.3143  VDWAALS    =     28859.6048
 EELEC  =   -450214.3946  EHBOND  =         0.0000  RESTRAINT  =         0.0000
 EKCMT  =         0.0000  VIRIAL  =         0.0000  VOLUME     =   1138987.1636
                                                    Density    =         1.0418
 ------------------------------------------------------------------------------


 NSTEP =    95000   TIME(PS) =    1065.000  TEMP(K) =   309.45  PRESS =     0.0
 Etot   =   -285646.0607  EKtot   =     73156.6641  EPtot      =   -358802.7248
 BOND   =      2975.3553  ANGLE   =      7518.5398  DIHED      =      9653.4034
 UB     =       893.3623  IMP     =       532.9320  CMAP       =      -576.7044
 1-4 NB =      2520.0599  1-4 EEL =     39310.6444  VDWAALS    =     29567.3430
 EELEC  =   -451197.6605  EHBOND  =         0.0000  RESTRAINT  =         0.0000
 EKCMT  =         0.0000  VIRIAL  =         0.0000  VOLUME     =   1136916.1352
                                                    Density    =         1.0437
 ------------------------------------------------------------------------------


 NSTEP =    96000   TIME(PS) =    1066.000  TEMP(K) =   308.91  PRESS =     0.0
 Etot   =   -286116.2372  EKtot   =     73029.5703  EPtot      =   -359145.8075
 BOND   =      3064.0770  ANGLE   =      7456.8460  DIHED      =      9606.7485
 UB     =       875.4717  IMP     =       512.6353  CMAP       =      -586.8876
 1-4 NB =      2504.2931  1-4 EEL =     39254.4952  VDWAALS    =     29643.6708
 EELEC  =   -451477.1574  EHBOND  =         0.0000  RESTRAINT  =         0.0000
 EKCMT  =         0.0000  VIRIAL  =         0.0000  VOLUME     =   1135201.3058
                                                    Density    =         1.0453
 ------------------------------------------------------------------------------


 NSTEP =    97000   TIME(PS) =    1067.000  TEMP(K) =   309.22  PRESS =     0.0
 Etot   =   -286094.4627  EKtot   =     73102.2344  EPtot      =   -359196.6971
 BOND   =      3050.8232  ANGLE   =      7451.7435  DIHED      =      9665.6026
 UB     =       873.3555  IMP     =       492.2942  CMAP       =      -633.1665
 1-4 NB =      2557.8338  1-4 EEL =     39216.1380  VDWAALS    =     28879.0269
 EELEC  =   -450750.3483  EHBOND  =         0.0000  RESTRAINT  =         0.0000
 EKCMT  =         0.0000  VIRIAL  =         0.0000  VOLUME     =   1134559.3392
                                                    Density    =         1.0459
 ------------------------------------------------------------------------------


 NSTEP =    98000   TIME(PS) =    1068.000  TEMP(K) =   309.48  PRESS =     0.0
 Etot   =   -286336.4647  EKtot   =     73164.4219  EPtot      =   -359500.8865
 BOND   =      3017.1070  ANGLE   =      7458.2288  DIHED      =      9595.4777
 UB     =       866.8413  IMP     =       537.6359  CMAP       =      -580.8904
 1-4 NB =      2488.2836  1-4 EEL =     39326.2585  VDWAALS    =     29414.3445
 EELEC  =   -451624.1735  EHBOND  =         0.0000  RESTRAINT  =         0.0000
 EKCMT  =         0.0000  VIRIAL  =         0.0000  VOLUME     =   1134931.5198
                                                    Density    =         1.0455
 ------------------------------------------------------------------------------


 NSTEP =    99000   TIME(PS) =    1069.000  TEMP(K) =   311.06  PRESS =     0.0
 Etot   =   -285095.3699  EKtot   =     73538.1094  EPtot      =   -358633.4792
 BOND   =      3041.8353  ANGLE   =      7556.0498  DIHED      =      9601.6516
 UB     =       884.1529  IMP     =       541.1587  CMAP       =      -583.5528
 1-4 NB =      2545.9876  1-4 EEL =     39204.7030  VDWAALS    =     29161.0090
 EELEC  =   -450586.4743  EHBOND  =         0.0000  RESTRAINT  =         0.0000
 EKCMT  =         0.0000  VIRIAL  =         0.0000  VOLUME     =   1136560.6839
                                                    Density    =         1.0440
 ------------------------------------------------------------------------------


 NSTEP =   100000   TIME(PS) =    1070.000  TEMP(K) =   308.83  PRESS =     0.0
 Etot   =   -285616.8352  EKtot   =     73011.3672  EPtot      =   -358628.2024
 BOND   =      3079.1973  ANGLE   =      7381.0819  DIHED      =      9642.2131
 UB     =       897.5875  IMP     =       511.7707  CMAP       =      -629.6475
 1-4 NB =      2534.4002  1-4 EEL =     39412.0650  VDWAALS    =     29169.8697
 EELEC  =   -450626.7403  EHBOND  =         0.0000  RESTRAINT  =         0.0000
 EKCMT  =         0.0000  VIRIAL  =         0.0000  VOLUME     =   1135935.0820
                                                    Density    =         1.0446
 ------------------------------------------------------------------------------


      A V E R A G E S   O V E R     100 S T E P S


 NSTEP =   100000   TIME(PS) =    1070.000  TEMP(K) =   310.05  PRESS =     0.0
 Etot   =   -285597.3589  EKtot   =     73297.9648  EPtot      =   -358895.3237
 BOND   =      3055.2978  ANGLE   =      7504.5729  DIHED      =      9620.3776
 UB     =       869.8751  IMP     =       515.7129  CMAP       =      -594.6349
 1-4 NB =      2510.0689  1-4 EEL =     39253.1935  VDWAALS    =     29188.9251
 EELEC  =   -450818.7125  EHBOND  =         0.0000  RESTRAINT  =         0.0000
 EKCMT  =         0.0000  VIRIAL  =         0.0000  VOLUME     =   1137705.3375
                                                    Density    =         1.0430
 ------------------------------------------------------------------------------


      R M S  F L U C T U A T I O N S


 NSTEP =   100000   TIME(PS) =    1070.000  TEMP(K) =     0.93  PRESS =     0.0
 Etot   =       363.9976  EKtot   =       219.0494  EPtot      =       300.6271
 BOND   =        44.6842  ANGLE   =        64.8781  DIHED      =        31.5846
 UB     =        13.3840  IMP     =        15.3022  CMAP       =        20.2326
 1-4 NB =        23.5142  1-4 EEL =        98.6201  VDWAALS    =       251.8037
 EELEC  =       416.2689  EHBOND  =         0.0000  RESTRAINT  =         0.0000
 EKCMT  =         0.0000  VIRIAL  =         0.0000  VOLUME     =      1692.4579
                                                    Density    =         0.0016
 ------------------------------------------------------------------------------

| MC Barostat:       1000 volume changes attempted.
| MC Barostat:        337 changes successful ( 33.70%)
 ------------------------------------------------------------------------------

--------------------------------------------------------------------------------
   5.  TIMINGS
--------------------------------------------------------------------------------

|  NonSetup CPU Time in Major Routines:
|
|     Routine           Sec        %
|     ------------------------------
|     Nonbond          33.22    3.16
|     Bond              0.00    0.00
|     Angle             0.00    0.00
|     Dihedral          0.00    0.00
|     Shake             0.56    0.05
|     RunMD          1016.67   96.57
|     Other             2.34    0.22
|     ------------------------------
|     Total          1052.80

|  PME Nonbond Pairlist CPU Time:
|
|     Routine              Sec        %
|     ---------------------------------
|     Set Up Cit           0.00    0.00
|     Build List           0.00    0.00
|     ---------------------------------
|     Total                0.00    0.00

|  PME Direct Force CPU Time:
|
|     Routine              Sec        %
|     ---------------------------------
|     NonBonded Calc       0.00    0.00
|     Exclude Masked       0.00    0.00
|     Other                0.04    0.00
|     ---------------------------------
|     Total                0.04    0.00

|  PME Reciprocal Force CPU Time:
|
|     Routine              Sec        %
|     ---------------------------------
|     1D bspline           0.00    0.00
|     Grid Charges         0.00    0.00
|     Scalar Sum           0.00    0.00
|     Gradient Sum         0.00    0.00
|     FFT                  0.00    0.00
|     ---------------------------------
|     Total                0.00    0.00

|  Final Performance Info:
|     -----------------------------------------------------
|     Average timings for last    3000 steps:
|     Elapsed(s) =      31.67 Per Step(ms) =      10.56
|         ns/day =       8.18   seconds/ns =   10557.49
|
|     Average timings for all steps:
|     Elapsed(s) =    1052.73 Per Step(ms) =      10.53
|         ns/day =       8.21   seconds/ns =   10527.27
|     -----------------------------------------------------

|  Setup CPU time:            1.23 seconds
|  NonSetup CPU time:      1052.80 seconds
|  Total CPU time:         1054.03 seconds     0.29 hours

|  Setup wall time:           2    seconds
|  NonSetup wall time:     1052    seconds
|  Total wall time:        1054    seconds     0.29 hours
