
          -------------------------------------------------------
          Amber 16 PMEMD                              2016
          -------------------------------------------------------

| PMEMD implementation of SANDER, Release 16

| Run on 04/04/2017 at 19:24:01

|   Executable path: pmemd.cuda
| Working directory: /home/robert/Research/AADH/MD/5_heating
|          Hostname: Unknown
  [-O]verwriting output

File Assignments:
|   MDIN: heat1.in                                                              
|  MDOUT: heat1.out                                                             
| INPCRD: 2agy_final_min.inpcrd                                                 
|   PARM: 2agy_final_min.prmtop                                                 
| RESTRT: heat1.rst                                                             
|   REFC: 2agy_final_min.inpcrd                                                 
|  MDVEL: mdvel                                                                 
|   MDEN: mden                                                                  
|  MDCRD: heat1.mdcrd                                                           
| MDINFO: mdinfo                                                                
|  MDFRC: mdfrc                                                                 


 Here is the input file:

AADH heating: 10ps MD with res on backbone                                     
&cntrl                                                                         
  imin   = 0,                    ! INP Standard MD, no minimization            
  irest  = 0,                    ! INP Do not restart simulation               
  ntx    = 1,                    ! INP Read in coordinates and velocities      
  ntxo   = 1,                    ! OUT format (NetCDF) for restart file        
  ntpr   = 1000,                  ! OUT print frequencey for energy info to mdo
  ntwr   = 1000,                  ! OUT write frequency for restart file       
  ntwx   = 1000,                  ! OUT write frequency for coordinates        
  ntr    = 1,                    ! RESTRAINTS Use restraints                   
  restraint_wt  = 10,            ! RESTRAINTS Harmonic restraint weights       
  restraintmask = '(@CA,C,O,N) & (!:WAT)',   ! RESTRAINTS Restrain backbone onl
  ntc    = 2,                    ! RESTRAINTS SHAKE for TIP3P                  
  nscm   = 1000,                 ! MD frequency to remove C.o.M motion         
  dt     = 0.001,                ! MD timestep                                 
  nrespa = 1,                    ! MD RESPA time step.  Keep nrespa * dt <= 4  
  nstlim = 10000,                 ! MD Number of time steps                    
  tempi  = 0.0,                  ! TEMP initial temperature                    
  temp0  = 50.0,                ! TEMP final temperature                       
  ntt    = 3,                    ! TEMP Temp control 3 = Langevin, 0 = NVE     
  gamma_ln = 1.0,                ! TEMP collision frequency                    
  ntf    = 2,                    ! POTENTIAL omit H-atoms in potential evaluati
  ntb    = 1,                    ! POTENTIAL Constant Volume PBC for non-bonded
  cut    = 12.0,                 ! POTENTIAL Non-bonded cutoff                 
  fswitch = 10.0,                ! POTENTIAL Switching function start length   
/                                                                              
                                                                               


Note: ig = -1. Setting random seed to    52138 based on wallclock time in 
      microseconds.
 
|--------------------- INFORMATION ----------------------
| GPU (CUDA) Version of PMEMD in use: NVIDIA GPU IN USE.
|                    Version 16.0.0
| 
|                      02/25/2016
| 
| Implementation by:
|                    Ross C. Walker     (SDSC)
|                    Scott Le Grand     (nVIDIA)
| 
| Precision model in use:
|      [SPFP] - Single Precision Forces, 64-bit Fixed Point
|               Accumulation. (Default)
| 
|--------------------------------------------------------
 
|----------------- CITATION INFORMATION -----------------
|
|    When publishing work that utilized the CUDA version
|    of AMBER, please cite the following in addition to
|    the regular AMBER citations:
|
|  - Romelia Salomon-Ferrer; Andreas W. Goetz; Duncan
|    Poole; Scott Le Grand; Ross C. Walker "Routine
|    microsecond molecular dynamics simulations with
|    AMBER - Part II: Particle Mesh Ewald", J. Chem.
|    Theory Comput., 2013, 9 (9), pp3878-3888,
|    DOI: 10.1021/ct400314y.
|
|  - Andreas W. Goetz; Mark J. Williamson; Dong Xu;
|    Duncan Poole; Scott Le Grand; Ross C. Walker
|    "Routine microsecond molecular dynamics simulations
|    with AMBER - Part I: Generalized Born", J. Chem.
|    Theory Comput., 2012, 8 (5), pp1542-1555.
|
|  - Scott Le Grand; Andreas W. Goetz; Ross C. Walker
|    "SPFP: Speed without compromise - a mixed precision
|    model for GPU accelerated molecular dynamics
|    simulations.", Comp. Phys. Comm., 2013, 184
|    pp374-380, DOI: 10.1016/j.cpc.2012.09.022
|
|--------------------------------------------------------
 
|------------------- GPU DEVICE INFO --------------------
|
|            CUDA_VISIBLE_DEVICES: not set
|   CUDA Capable Devices Detected:      1
|           CUDA Device ID in use:      0
|                CUDA Device Name: GeForce GTX 980
|     CUDA Device Global Mem Size:   8112 MB
| CUDA Device Num Multiprocessors:     16
|           CUDA Device Core Freq:   1.19 GHz
|
|--------------------------------------------------------
 
 
| Conditional Compilation Defines Used:
| PUBFFT
| BINTRAJ
| CUDA
| EMIL

| Largest sphere to fit in unit cell has radius =    45.451

| New format PARM file being parsed.
| Version =    1.000 Date = 04/03/17 Time = 21:47:27
| Force field information read from topology file: 
|              >>>> CHARMM36 All-Hydrogen Parameter File for Proteins <<<<<<<<<<  
|
|CHARMM: CHARMM force field in use. 

| Note: 1-4 EEL scale factors are being read from the topology file.

| Note: 1-4 VDW scale factors are being read from the topology file.
| INFO: Off Diagonal (NBFIX) LJ terms found in prmtop file.
|       The prmtop file has been modified to support atom
|       type based pairwise Lennard-Jones terms.
| Duplicated    0 dihedrals

| Duplicated    0 dihedrals

--------------------------------------------------------------------------------
   1.  RESOURCE   USE: 
--------------------------------------------------------------------------------

 getting new box info from bottom of inpcrd
 NATOM  =  115183 NTYPES =      45 NBONH =  107615 MBONA  =    7567
 NTHETH =   49571 MTHETA =   10290 NPHIH =   26934 MPHIA  =   18893
 NHPARM =       0 NPARM  =       0 NNB   =  213960 NRES   =   34667
 NBONA  =    7567 NTHETA =   10290 NPHIA =   18893 NUMBND =      84
 NUMANG =     194 NPTRA  =     454 NATYP =       1 NPHB   =       0
 IFBOX  =       1 NMXRS  =      45 IFCAP =       0 NEXTRA =       0
 NCOPY  =       0

|CHARMM: Reticulating splines.

| Coordinate Index Table dimensions:    19   16   13
| Direct force subcell size =     6.6667    6.5921    6.9925

     BOX TYPE: RECTILINEAR

--------------------------------------------------------------------------------
   2.  CONTROL  DATA  FOR  THE  RUN
--------------------------------------------------------------------------------

                                                                                

General flags:
     imin    =       0, nmropt  =       0

Nature and format of input:
     ntx     =       1, irest   =       0, ntrx    =       1

Nature and format of output:
     ntxo    =       1, ntpr    =    1000, ntrx    =       1, ntwr    =    1000
     iwrap   =       0, ntwx    =    1000, ntwv    =       0, ntwe    =       0
     ioutfm  =       1, ntwprt  =       0, idecomp =       0, rbornstat=      0

Potential function:
     ntf     =       2, ntb     =       1, igb     =       0, nsnb    =      25
     ipol    =       0, gbsa    =       0, iesp    =       0
     dielc   =   1.00000, cut     =  12.00000, intdiel =   1.00000

Frozen or restrained atoms:
     ibelly  =       0, ntr     =       1
     restraint_wt =  10.00000

Molecular dynamics:
     nstlim  =     10000, nscm    =         0, nrespa  =         1
     t       =   0.00000, dt      =   0.00100, vlimit  =  -1.00000

Langevin dynamics temperature regulation:
     ig      =   52138
     temp0   =  50.00000, tempi   =   0.00000, gamma_ln=   1.00000

SHAKE:
     ntc     =       2, jfastw  =       0
     tol     =   0.00001

| Intermolecular bonds treatment:
|     no_intermolecular_bonds =       1

| Energy averages sample interval:
|     ene_avg_sampling =    1000

Ewald parameters:
     verbose =       0, ew_type =       0, nbflag  =       1, use_pme =       1
     vdwmeth =       0, eedmeth =       1, netfrc  =       1
     Box X =  126.667   Box Y =  105.473   Box Z =   90.903
     Alpha =   90.000   Beta  =   90.000   Gamma =   90.000
     NFFT1 =  128       NFFT2 =  108       NFFT3 =   96
     Cutoff=   12.000   Tol   =0.100E-04
     Ewald Coefficient =  0.22664
     Interpolation order =    4

    LOADING THE CONSTRAINED ATOMS AS GROUPS


   5.  REFERENCE ATOM COORDINATES

  restart created by ParmEd                                                       
     Mask (@CA,C,O,N) & (!:WAT); matches  3780 atoms

--------------------------------------------------------------------------------
   3.  ATOMIC COORDINATES AND VELOCITIES
--------------------------------------------------------------------------------

restart created by ParmEd                                                       
 begin time read from input coords =     0.000 ps

 
 Number of triangulated 3-point waters found:    33521

     Sum of charges from parm topology file =  -0.00000000
     Forcing neutrality...

| Dynamic Memory, Types Used:
| Reals             3539764
| Integers          3957110

| Nonbonded Pairs Initial Allocation:    57283385

| GPU memory information (estimate):
| KB of GPU memory in use:    872153
| KB of CPU memory in use:    159137

--------------------------------------------------------------------------------
   4.  RESULTS
--------------------------------------------------------------------------------

 ---------------------------------------------------
 APPROXIMATING switch and d/dx switch using CUBIC SPLINE INTERPOLATION
 using   5000.0 points per unit in tabled values
 TESTING RELATIVE ERROR over r ranging from 0.0 to cutoff
| CHECK switch(x): max rel err =   0.2738E-14   at   2.422500
| CHECK d/dx switch(x): max rel err =   0.7967E-11   at   2.716640
 ---------------------------------------------------
|---------------------------------------------------
| APPROXIMATING direct energy using CUBIC SPLINE INTERPOLATION
|  with   50.0 points per unit in tabled values
| Relative Error Limit not exceeded for r .gt.   2.27
| APPROXIMATING direct force using CUBIC SPLINE INTERPOLATION
|  with   50.0 points per unit in tabled values
| Relative Error Limit not exceeded for r .gt.   2.78
|---------------------------------------------------

 NSTEP =        0   TIME(PS) =       0.000  TEMP(K) =     0.00  PRESS =     0.0
 Etot   =   -482082.4702  EKtot   =         0.0000  EPtot      =   -482082.4702
 BOND   =       925.4997  ANGLE   =     14211.4033  DIHED      =      9761.4327
 UB     =       189.6159  IMP     =       184.9983  CMAP       =      -576.9161
 1-4 NB =      2267.8610  1-4 EEL =     39246.2391  VDWAALS    =     67782.5885
 EELEC  =   -616075.1926  EHBOND  =         0.0000  RESTRAINT  =         0.0000
 ------------------------------------------------------------------------------


 NSTEP =     1000   TIME(PS) =       1.000  TEMP(K) =    40.02  PRESS =     0.0
 Etot   =   -429283.4880  EKtot   =      9461.4951  EPtot      =   -438744.9831
 BOND   =      1162.6309  ANGLE   =      3835.0766  DIHED      =      9835.6498
 UB     =       264.1661  IMP     =       231.7218  CMAP       =      -569.0460
 1-4 NB =      2284.3380  1-4 EEL =     39171.4478  VDWAALS    =     51677.9176
 EELEC  =   -546723.9940  EHBOND  =         0.0000  RESTRAINT  =        85.1084
 EAMBER (non-restraint)  =   -438830.0915
 ------------------------------------------------------------------------------


 NSTEP =     2000   TIME(PS) =       2.000  TEMP(K) =    48.09  PRESS =     0.0
 Etot   =   -426821.5469  EKtot   =     11368.5410  EPtot      =   -438190.0879
 BOND   =      1212.9828  ANGLE   =      4006.6442  DIHED      =      9871.6961
 UB     =       294.8406  IMP     =       239.1566  CMAP       =      -561.1100
 1-4 NB =      2302.0944  1-4 EEL =     39230.3456  VDWAALS    =     51783.3213
 EELEC  =   -546689.6281  EHBOND  =         0.0000  RESTRAINT  =       119.5685
 EAMBER (non-restraint)  =   -438309.6564
 ------------------------------------------------------------------------------


 NSTEP =     3000   TIME(PS) =       3.000  TEMP(K) =    50.34  PRESS =     0.0
 Etot   =   -426675.9259  EKtot   =     11900.6250  EPtot      =   -438576.5509
 BOND   =      1250.2519  ANGLE   =      4084.8361  DIHED      =      9839.6572
 UB     =       299.6708  IMP     =       242.0373  CMAP       =      -565.1839
 1-4 NB =      2300.8189  1-4 EEL =     39190.3210  VDWAALS    =     52603.3988
 EELEC  =   -547956.9110  EHBOND  =         0.0000  RESTRAINT  =       134.5520
 EAMBER (non-restraint)  =   -438711.1029
 ------------------------------------------------------------------------------


 NSTEP =     4000   TIME(PS) =       4.000  TEMP(K) =    51.12  PRESS =     0.0
 Etot   =   -427045.0274  EKtot   =     12084.4199  EPtot      =   -439129.4474
 BOND   =      1272.1917  ANGLE   =      4095.0400  DIHED      =      9878.8353
 UB     =       312.1094  IMP     =       249.1138  CMAP       =      -564.5431
 1-4 NB =      2312.9757  1-4 EEL =     39219.5881  VDWAALS    =     52698.2366
 EELEC  =   -548740.3851  EHBOND  =         0.0000  RESTRAINT  =       137.3901
 EAMBER (non-restraint)  =   -439266.8374
 ------------------------------------------------------------------------------


 NSTEP =     5000   TIME(PS) =       5.000  TEMP(K) =    50.82  PRESS =     0.0
 Etot   =   -427460.0463  EKtot   =     12015.3311  EPtot      =   -439475.3774
 BOND   =      1286.5050  ANGLE   =      4113.3241  DIHED      =      9855.1973
 UB     =       313.9268  IMP     =       250.2696  CMAP       =      -566.0278
 1-4 NB =      2294.9003  1-4 EEL =     39237.9757  VDWAALS    =     53176.3317
 EELEC  =   -549590.3930  EHBOND  =         0.0000  RESTRAINT  =       152.6130
 EAMBER (non-restraint)  =   -439627.9904
 ------------------------------------------------------------------------------


 NSTEP =     6000   TIME(PS) =       6.000  TEMP(K) =    50.92  PRESS =     0.0
 Etot   =   -427901.6759  EKtot   =     12038.1709  EPtot      =   -439939.8468
 BOND   =      1299.2200  ANGLE   =      4086.8225  DIHED      =      9842.9393
 UB     =       310.3723  IMP     =       253.0920  CMAP       =      -558.8727
 1-4 NB =      2310.3174  1-4 EEL =     39241.3914  VDWAALS    =     53237.7862
 EELEC  =   -550108.8561  EHBOND  =         0.0000  RESTRAINT  =       145.9409
 EAMBER (non-restraint)  =   -440085.7876
 ------------------------------------------------------------------------------


 NSTEP =     7000   TIME(PS) =       7.000  TEMP(K) =    50.71  PRESS =     0.0
 Etot   =   -428280.1283  EKtot   =     11988.8975  EPtot      =   -440269.0258
 BOND   =      1282.0350  ANGLE   =      4108.5293  DIHED      =      9843.1611
 UB     =       307.8778  IMP     =       245.5373  CMAP       =      -573.7733
 1-4 NB =      2303.2742  1-4 EEL =     39194.8120  VDWAALS    =     53623.8072
 EELEC  =   -550753.5847  EHBOND  =         0.0000  RESTRAINT  =       149.2984
 EAMBER (non-restraint)  =   -440418.3241
 ------------------------------------------------------------------------------


 NSTEP =     8000   TIME(PS) =       8.000  TEMP(K) =    50.64  PRESS =     0.0
 Etot   =   -428719.2708  EKtot   =     11972.7422  EPtot      =   -440692.0130
 BOND   =      1272.3359  ANGLE   =      4094.7923  DIHED      =      9870.3051
 UB     =       308.6026  IMP     =       250.6048  CMAP       =      -559.7589
 1-4 NB =      2303.9628  1-4 EEL =     39244.2177  VDWAALS    =     53438.8467
 EELEC  =   -551061.4055  EHBOND  =         0.0000  RESTRAINT  =       145.4834
 EAMBER (non-restraint)  =   -440837.4963
 ------------------------------------------------------------------------------


 NSTEP =     9000   TIME(PS) =       9.000  TEMP(K) =    50.45  PRESS =     0.0
 Etot   =   -429022.2378  EKtot   =     11927.3008  EPtot      =   -440949.5386
 BOND   =      1277.2622  ANGLE   =      4076.7973  DIHED      =      9838.7542
 UB     =       308.3981  IMP     =       246.5656  CMAP       =      -563.1160
 1-4 NB =      2304.1812  1-4 EEL =     39237.5448  VDWAALS    =     53545.5578
 EELEC  =   -551368.0192  EHBOND  =         0.0000  RESTRAINT  =       146.5354
 EAMBER (non-restraint)  =   -441096.0740
 ------------------------------------------------------------------------------


 NSTEP =    10000   TIME(PS) =      10.000  TEMP(K) =    50.39  PRESS =     0.0
 Etot   =   -429184.5025  EKtot   =     11912.7666  EPtot      =   -441097.2691
 BOND   =      1251.8753  ANGLE   =      4093.0764  DIHED      =      9850.9276
 UB     =       304.5389  IMP     =       257.7409  CMAP       =      -556.9677
 1-4 NB =      2299.4820  1-4 EEL =     39219.8117  VDWAALS    =     53761.2194
 EELEC  =   -551732.7205  EHBOND  =         0.0000  RESTRAINT  =       153.7469
 EAMBER (non-restraint)  =   -441251.0159
 ------------------------------------------------------------------------------


      A V E R A G E S   O V E R      10 S T E P S


 NSTEP =    10000   TIME(PS) =      10.000  TEMP(K) =    49.35  PRESS =     0.0
 Etot   =   -428039.3850  EKtot   =     11667.0290  EPtot      =   -439706.4140
 BOND   =      1256.7291  ANGLE   =      4059.4939  DIHED      =      9852.7123
 UB     =       302.4503  IMP     =       246.5840  CMAP       =      -563.8399
 1-4 NB =      2301.6345  1-4 EEL =     39218.7456  VDWAALS    =     52954.6423
 EELEC  =   -549472.5897  EHBOND  =         0.0000  RESTRAINT  =       137.0237
 EAMBER (non-restraint)  =   -439843.4377
 ------------------------------------------------------------------------------


      R M S  F L U C T U A T I O N S


 NSTEP =    10000   TIME(PS) =      10.000  TEMP(K) =     3.21  PRESS =     0.0
 Etot   =       950.3043  EKtot   =       759.3751  EPtot      =       985.3283
 BOND   =        38.8207  ANGLE   =        79.8650  DIHED      =        14.8485
 UB     =        13.8785  IMP     =         7.0767  CMAP       =         4.7895
 1-4 NB =         7.5408  1-4 EEL =        23.7469  VDWAALS    =       707.2789
 EELEC  =      1772.5095  EHBOND  =         0.0000  RESTRAINT  =        19.8016
 EAMBER (non-restraint)  =       965.5266
 ------------------------------------------------------------------------------

--------------------------------------------------------------------------------
   5.  TIMINGS
--------------------------------------------------------------------------------

|  NonSetup CPU Time in Major Routines:
|
|     Routine           Sec        %
|     ------------------------------
|     Nonbond           0.92    1.01
|     Bond              0.00    0.00
|     Angle             0.00    0.00
|     Dihedral          0.00    0.00
|     Shake             0.08    0.09
|     RunMD            90.18   98.87
|     Other             0.02    0.03
|     ------------------------------
|     Total            91.20

|  PME Nonbond Pairlist CPU Time:
|
|     Routine              Sec        %
|     ---------------------------------
|     Set Up Cit           0.00    0.00
|     Build List           0.00    0.00
|     ---------------------------------
|     Total                0.00    0.00

|  PME Direct Force CPU Time:
|
|     Routine              Sec        %
|     ---------------------------------
|     NonBonded Calc       0.00    0.00
|     Exclude Masked       0.00    0.00
|     Other                0.00    0.00
|     ---------------------------------
|     Total                0.00    0.00

|  PME Reciprocal Force CPU Time:
|
|     Routine              Sec        %
|     ---------------------------------
|     1D bspline           0.00    0.00
|     Grid Charges         0.00    0.00
|     Scalar Sum           0.00    0.00
|     Gradient Sum         0.00    0.00
|     FFT                  0.00    0.00
|     ---------------------------------
|     Total                0.00    0.00

|  Final Performance Info:
|     -----------------------------------------------------
|     Average timings for last    3000 steps:
|     Elapsed(s) =      27.42 Per Step(ms) =       9.14
|         ns/day =       9.45   seconds/ns =    9139.55
|
|     Average timings for all steps:
|     Elapsed(s) =      91.20 Per Step(ms) =       9.12
|         ns/day =       9.47   seconds/ns =    9119.72
|     -----------------------------------------------------

|  Setup CPU time:            1.32 seconds
|  NonSetup CPU time:        91.20 seconds
|  Total CPU time:           92.53 seconds     0.03 hours

|  Setup wall time:           2    seconds
|  NonSetup wall time:       91    seconds
|  Total wall time:          93    seconds     0.03 hours
