
          -------------------------------------------------------
          Amber 16 PMEMD                              2016
          -------------------------------------------------------

| PMEMD implementation of SANDER, Release 16

| Run on 04/04/2017 at 19:25:33

|   Executable path: pmemd.cuda
| Working directory: /home/robert/Research/AADH/MD/5_heating
|          Hostname: Unknown
  [-O]verwriting output

File Assignments:
|   MDIN: heat2.in                                                              
|  MDOUT: heat2.out                                                             
| INPCRD: heat1.rst                                                             
|   PARM: 2agy_final_min.prmtop                                                 
| RESTRT: heat2.rst                                                             
|   REFC: 2agy_final_min.inpcrd                                                 
|  MDVEL: mdvel                                                                 
|   MDEN: mden                                                                  
|  MDCRD: heat2.mdcrd                                                           
| MDINFO: mdinfo                                                                
|  MDFRC: mdfrc                                                                 


 Here is the input file:

AADH heating: 10ps MD with res on backbone                                     
&cntrl                                                                         
  imin   = 0,                    ! INP Standard MD, no minimization            
  irest  = 1,                    ! INP Restart simulation                      
  ntx    = 5,                    ! INP Read in coordinates and velocities      
  ntxo   = 1,                    ! OUT format (NetCDF) for restart file        
  ntpr   = 1000,                  ! OUT print frequencey for energy info to mdo
  ntwr   = 1000,                  ! OUT write frequency for restart file       
  ntwx   = 1000,                  ! OUT write frequency for coordinates        
  ntr    = 1,                    ! RESTRAINTS Use restraints                   
  restraint_wt  = 10,            ! RESTRAINTS Harmonic restraint weights       
  restraintmask = '(@CA,C,O,N) & (!:WAT)',   ! RESTRAINTS Restrain backbone onl
  ntc    = 2,                    ! RESTRAINTS SHAKE for TIP3P                  
  nscm   = 1000,                 ! MD frequency to remove C.o.M motion         
  dt     = 0.001,                ! MD timestep                                 
  nrespa = 1,                    ! MD RESPA time step.  Keep nrespa * dt <= 4  
  nstlim = 10000,                 ! MD Number of time steps                    
  tempi  = 50.0,                  ! TEMP initial temperature                   
  temp0  = 100.0,                ! TEMP final temperature                      
  ntt    = 3,                    ! TEMP Temp control 3 = Langevin, 0 = NVE     
  gamma_ln = 1.0,                ! TEMP collision frequency                    
  ntf    = 2,                    ! POTENTIAL omit H-atoms in potential evaluati
  ntb    = 1,                    ! POTENTIAL Constant Volume PBC for non-bonded
  cut    = 12.0,                 ! POTENTIAL Non-bonded cutoff                 
  fswitch = 10.0,                ! POTENTIAL Switching function start length   
/                                                                              
                                                                               


Note: ig = -1. Setting random seed to   806974 based on wallclock time in 
      microseconds.
 
|--------------------- INFORMATION ----------------------
| GPU (CUDA) Version of PMEMD in use: NVIDIA GPU IN USE.
|                    Version 16.0.0
| 
|                      02/25/2016
| 
| Implementation by:
|                    Ross C. Walker     (SDSC)
|                    Scott Le Grand     (nVIDIA)
| 
| Precision model in use:
|      [SPFP] - Single Precision Forces, 64-bit Fixed Point
|               Accumulation. (Default)
| 
|--------------------------------------------------------
 
|----------------- CITATION INFORMATION -----------------
|
|    When publishing work that utilized the CUDA version
|    of AMBER, please cite the following in addition to
|    the regular AMBER citations:
|
|  - Romelia Salomon-Ferrer; Andreas W. Goetz; Duncan
|    Poole; Scott Le Grand; Ross C. Walker "Routine
|    microsecond molecular dynamics simulations with
|    AMBER - Part II: Particle Mesh Ewald", J. Chem.
|    Theory Comput., 2013, 9 (9), pp3878-3888,
|    DOI: 10.1021/ct400314y.
|
|  - Andreas W. Goetz; Mark J. Williamson; Dong Xu;
|    Duncan Poole; Scott Le Grand; Ross C. Walker
|    "Routine microsecond molecular dynamics simulations
|    with AMBER - Part I: Generalized Born", J. Chem.
|    Theory Comput., 2012, 8 (5), pp1542-1555.
|
|  - Scott Le Grand; Andreas W. Goetz; Ross C. Walker
|    "SPFP: Speed without compromise - a mixed precision
|    model for GPU accelerated molecular dynamics
|    simulations.", Comp. Phys. Comm., 2013, 184
|    pp374-380, DOI: 10.1016/j.cpc.2012.09.022
|
|--------------------------------------------------------
 
|------------------- GPU DEVICE INFO --------------------
|
|            CUDA_VISIBLE_DEVICES: not set
|   CUDA Capable Devices Detected:      1
|           CUDA Device ID in use:      0
|                CUDA Device Name: GeForce GTX 980
|     CUDA Device Global Mem Size:   8112 MB
| CUDA Device Num Multiprocessors:     16
|           CUDA Device Core Freq:   1.19 GHz
|
|--------------------------------------------------------
 
 
| Conditional Compilation Defines Used:
| PUBFFT
| BINTRAJ
| CUDA
| EMIL

| Largest sphere to fit in unit cell has radius =    45.451

| New format PARM file being parsed.
| Version =    1.000 Date = 04/03/17 Time = 21:47:27
| Force field information read from topology file: 
|              >>>> CHARMM36 All-Hydrogen Parameter File for Proteins <<<<<<<<<<  
|
|CHARMM: CHARMM force field in use. 

| Note: 1-4 EEL scale factors are being read from the topology file.

| Note: 1-4 VDW scale factors are being read from the topology file.
| INFO: Off Diagonal (NBFIX) LJ terms found in prmtop file.
|       The prmtop file has been modified to support atom
|       type based pairwise Lennard-Jones terms.
| Duplicated    0 dihedrals

| Duplicated    0 dihedrals

--------------------------------------------------------------------------------
   1.  RESOURCE   USE: 
--------------------------------------------------------------------------------

 getting new box info from bottom of inpcrd
 NATOM  =  115183 NTYPES =      45 NBONH =  107615 MBONA  =    7567
 NTHETH =   49571 MTHETA =   10290 NPHIH =   26934 MPHIA  =   18893
 NHPARM =       0 NPARM  =       0 NNB   =  213960 NRES   =   34667
 NBONA  =    7567 NTHETA =   10290 NPHIA =   18893 NUMBND =      84
 NUMANG =     194 NPTRA  =     454 NATYP =       1 NPHB   =       0
 IFBOX  =       1 NMXRS  =      45 IFCAP =       0 NEXTRA =       0
 NCOPY  =       0

|CHARMM: Reticulating splines.

| Coordinate Index Table dimensions:    19   16   13
| Direct force subcell size =     6.6667    6.5921    6.9925

     BOX TYPE: RECTILINEAR

--------------------------------------------------------------------------------
   2.  CONTROL  DATA  FOR  THE  RUN
--------------------------------------------------------------------------------

                                                                                

General flags:
     imin    =       0, nmropt  =       0

Nature and format of input:
     ntx     =       5, irest   =       1, ntrx    =       1

Nature and format of output:
     ntxo    =       1, ntpr    =    1000, ntrx    =       1, ntwr    =    1000
     iwrap   =       0, ntwx    =    1000, ntwv    =       0, ntwe    =       0
     ioutfm  =       1, ntwprt  =       0, idecomp =       0, rbornstat=      0

Potential function:
     ntf     =       2, ntb     =       1, igb     =       0, nsnb    =      25
     ipol    =       0, gbsa    =       0, iesp    =       0
     dielc   =   1.00000, cut     =  12.00000, intdiel =   1.00000

Frozen or restrained atoms:
     ibelly  =       0, ntr     =       1
     restraint_wt =  10.00000

Molecular dynamics:
     nstlim  =     10000, nscm    =         0, nrespa  =         1
     t       =   0.00000, dt      =   0.00100, vlimit  =  -1.00000

Langevin dynamics temperature regulation:
     ig      =  806974
     temp0   = 100.00000, tempi   =  50.00000, gamma_ln=   1.00000

SHAKE:
     ntc     =       2, jfastw  =       0
     tol     =   0.00001

| Intermolecular bonds treatment:
|     no_intermolecular_bonds =       1

| Energy averages sample interval:
|     ene_avg_sampling =    1000

Ewald parameters:
     verbose =       0, ew_type =       0, nbflag  =       1, use_pme =       1
     vdwmeth =       0, eedmeth =       1, netfrc  =       1
     Box X =  126.667   Box Y =  105.473   Box Z =   90.903
     Alpha =   90.000   Beta  =   90.000   Gamma =   90.000
     NFFT1 =  128       NFFT2 =  108       NFFT3 =   96
     Cutoff=   12.000   Tol   =0.100E-04
     Ewald Coefficient =  0.22664
     Interpolation order =    4

    LOADING THE CONSTRAINED ATOMS AS GROUPS


   5.  REFERENCE ATOM COORDINATES

  restart created by ParmEd                                                       
     Mask (@CA,C,O,N) & (!:WAT); matches  3780 atoms

--------------------------------------------------------------------------------
   3.  ATOMIC COORDINATES AND VELOCITIES
--------------------------------------------------------------------------------

                                                                                
 begin time read from input coords =    10.000 ps

 
 Number of triangulated 3-point waters found:    33521

     Sum of charges from parm topology file =  -0.00000000
     Forcing neutrality...

| Dynamic Memory, Types Used:
| Reals             3539764
| Integers          3957110

| Nonbonded Pairs Initial Allocation:    57283385

| GPU memory information (estimate):
| KB of GPU memory in use:    872153
| KB of CPU memory in use:    159137

--------------------------------------------------------------------------------
   4.  RESULTS
--------------------------------------------------------------------------------

 ---------------------------------------------------
 APPROXIMATING switch and d/dx switch using CUBIC SPLINE INTERPOLATION
 using   5000.0 points per unit in tabled values
 TESTING RELATIVE ERROR over r ranging from 0.0 to cutoff
| CHECK switch(x): max rel err =   0.2738E-14   at   2.422500
| CHECK d/dx switch(x): max rel err =   0.7967E-11   at   2.716640
 ---------------------------------------------------
|---------------------------------------------------
| APPROXIMATING direct energy using CUBIC SPLINE INTERPOLATION
|  with   50.0 points per unit in tabled values
| Relative Error Limit not exceeded for r .gt.   2.27
| APPROXIMATING direct force using CUBIC SPLINE INTERPOLATION
|  with   50.0 points per unit in tabled values
| Relative Error Limit not exceeded for r .gt.   2.78
|---------------------------------------------------

 NSTEP =     1000   TIME(PS) =      11.000  TEMP(K) =    81.31  PRESS =     0.0
 Etot   =   -414267.8290  EKtot   =     19222.8516  EPtot      =   -433490.6806
 BOND   =      1518.6669  ANGLE   =      4556.3321  DIHED      =      9945.9716
 UB     =       378.3592  IMP     =       289.1297  CMAP       =      -551.6766
 1-4 NB =      2323.2530  1-4 EEL =     39224.9369  VDWAALS    =     52797.6422
 EELEC  =   -544203.0706  EHBOND  =         0.0000  RESTRAINT  =       229.7751
 EAMBER (non-restraint)  =   -433720.4557
 ------------------------------------------------------------------------------


 NSTEP =     2000   TIME(PS) =      12.000  TEMP(K) =    93.51  PRESS =     0.0
 Etot   =   -408583.7847  EKtot   =     22107.1758  EPtot      =   -430690.9605
 BOND   =      1596.1587  ANGLE   =      4723.7919  DIHED      =      9969.3239
 UB     =       403.0783  IMP     =       307.1236  CMAP       =      -552.1419
 1-4 NB =      2340.6767  1-4 EEL =     39200.9233  VDWAALS    =     51939.7221
 EELEC  =   -540866.0275  EHBOND  =         0.0000  RESTRAINT  =       246.4104
 EAMBER (non-restraint)  =   -430937.3709
 ------------------------------------------------------------------------------


 NSTEP =     3000   TIME(PS) =      13.000  TEMP(K) =    98.03  PRESS =     0.0
 Etot   =   -406762.2118  EKtot   =     23175.6074  EPtot      =   -429937.8192
 BOND   =      1628.2336  ANGLE   =      4781.8628  DIHED      =      9980.3612
 UB     =       421.6415  IMP     =       306.4485  CMAP       =      -548.9224
 1-4 NB =      2362.3713  1-4 EEL =     39191.3622  VDWAALS    =     51244.8375
 EELEC  =   -539573.3282  EHBOND  =         0.0000  RESTRAINT  =       267.3128
 EAMBER (non-restraint)  =   -430205.1320
 ------------------------------------------------------------------------------


 NSTEP =     4000   TIME(PS) =      14.000  TEMP(K) =    98.97  PRESS =     0.0
 Etot   =   -406491.9755  EKtot   =     23397.0664  EPtot      =   -429889.0419
 BOND   =      1634.9043  ANGLE   =      4800.3781  DIHED      =      9985.8774
 UB     =       411.7832  IMP     =       297.0056  CMAP       =      -557.8309
 1-4 NB =      2335.5403  1-4 EEL =     39182.5084  VDWAALS    =     51179.8834
 EELEC  =   -539424.9311  EHBOND  =         0.0000  RESTRAINT  =       265.8395
 EAMBER (non-restraint)  =   -430154.8814
 ------------------------------------------------------------------------------


 NSTEP =     5000   TIME(PS) =      15.000  TEMP(K) =    99.93  PRESS =     0.0
 Etot   =   -406549.7783  EKtot   =     23624.4707  EPtot      =   -430174.2490
 BOND   =      1616.6180  ANGLE   =      4848.9485  DIHED      =      9993.2846
 UB     =       414.1729  IMP     =       295.7325  CMAP       =      -548.9398
 1-4 NB =      2342.4879  1-4 EEL =     39181.4596  VDWAALS    =     51276.4512
 EELEC  =   -539861.7018  EHBOND  =         0.0000  RESTRAINT  =       267.2375
 EAMBER (non-restraint)  =   -430441.4865
 ------------------------------------------------------------------------------


 NSTEP =     6000   TIME(PS) =      16.000  TEMP(K) =   100.97  PRESS =     0.0
 Etot   =   -406576.5938  EKtot   =     23870.6504  EPtot      =   -430447.2442
 BOND   =      1640.7486  ANGLE   =      4818.1208  DIHED      =      9971.0244
 UB     =       413.8768  IMP     =       302.9321  CMAP       =      -545.0163
 1-4 NB =      2341.3463  1-4 EEL =     39237.9256  VDWAALS    =     51559.7583
 EELEC  =   -540469.6067  EHBOND  =         0.0000  RESTRAINT  =       281.6458
 EAMBER (non-restraint)  =   -430728.8900
 ------------------------------------------------------------------------------


 NSTEP =     7000   TIME(PS) =      17.000  TEMP(K) =   100.62  PRESS =     0.0
 Etot   =   -406853.4695  EKtot   =     23788.6562  EPtot      =   -430642.1258
 BOND   =      1620.6333  ANGLE   =      4876.9126  DIHED      =      9947.0600
 UB     =       427.6778  IMP     =       300.4124  CMAP       =      -543.4185
 1-4 NB =      2347.0796  1-4 EEL =     39180.8226  VDWAALS    =     51665.2367
 EELEC  =   -540741.3442  EHBOND  =         0.0000  RESTRAINT  =       276.8019
 EAMBER (non-restraint)  =   -430918.9277
 ------------------------------------------------------------------------------


 NSTEP =     8000   TIME(PS) =      18.000  TEMP(K) =   100.68  PRESS =     0.0
 Etot   =   -407147.6467  EKtot   =     23801.1973  EPtot      =   -430948.8440
 BOND   =      1616.6197  ANGLE   =      4854.2260  DIHED      =      9988.0482
 UB     =       424.3839  IMP     =       312.8806  CMAP       =      -549.1384
 1-4 NB =      2366.9760  1-4 EEL =     39191.0398  VDWAALS    =     51652.4792
 EELEC  =   -541072.2872  EHBOND  =         0.0000  RESTRAINT  =       265.9283
 EAMBER (non-restraint)  =   -431214.7723
 ------------------------------------------------------------------------------


 NSTEP =     9000   TIME(PS) =      19.000  TEMP(K) =   100.77  PRESS =     0.0
 Etot   =   -407422.3037  EKtot   =     23822.7305  EPtot      =   -431245.0341
 BOND   =      1585.5508  ANGLE   =      4861.8714  DIHED      =      9960.1290
 UB     =       422.5702  IMP     =       302.0369  CMAP       =      -546.5889
 1-4 NB =      2356.7957  1-4 EEL =     39192.4347  VDWAALS    =     51664.6783
 EELEC  =   -541313.4538  EHBOND  =         0.0000  RESTRAINT  =       268.9416
 EAMBER (non-restraint)  =   -431513.9757
 ------------------------------------------------------------------------------


 NSTEP =    10000   TIME(PS) =      20.000  TEMP(K) =   100.49  PRESS =     0.0
 Etot   =   -407736.4577  EKtot   =     23756.2051  EPtot      =   -431492.6627
 BOND   =      1629.5247  ANGLE   =      4858.6513  DIHED      =      9961.9679
 UB     =       428.5404  IMP     =       309.4934  CMAP       =      -536.0996
 1-4 NB =      2336.3821  1-4 EEL =     39202.8601  VDWAALS    =     51845.3480
 EELEC  =   -541808.9237  EHBOND  =         0.0000  RESTRAINT  =       279.5927
 EAMBER (non-restraint)  =   -431772.2554
 ------------------------------------------------------------------------------


      A V E R A G E S   O V E R      10 S T E P S


 NSTEP =    10000   TIME(PS) =      20.000  TEMP(K) =    97.53  PRESS =     0.0
 Etot   =   -407839.2051  EKtot   =     23056.6611  EPtot      =   -430895.8662
 BOND   =      1608.7658  ANGLE   =      4798.1095  DIHED      =      9970.3048
 UB     =       414.6084  IMP     =       302.3195  CMAP       =      -547.9773
 1-4 NB =      2345.2909  1-4 EEL =     39198.6273  VDWAALS    =     51682.6037
 EELEC  =   -540933.4675  EHBOND  =         0.0000  RESTRAINT  =       264.9486
 EAMBER (non-restraint)  =   -431160.8148
 ------------------------------------------------------------------------------


      R M S  F L U C T U A T I O N S


 NSTEP =    10000   TIME(PS) =      20.000  TEMP(K) =     5.81  PRESS =     0.0
 Etot   =      2230.4180  EKtot   =      1374.0816  EPtot      =       998.6924
 BOND   =        34.0528  ANGLE   =        91.8278  DIHED      =        15.7908
 UB     =        14.2442  IMP     =         6.7292  CMAP       =         5.5122
 1-4 NB =        12.6584  1-4 EEL =        18.1108  VDWAALS    =       442.9283
 EELEC  =      1309.6319  EHBOND  =         0.0000  RESTRAINT  =        14.9770
 EAMBER (non-restraint)  =       983.7154
 ------------------------------------------------------------------------------

--------------------------------------------------------------------------------
   5.  TIMINGS
--------------------------------------------------------------------------------

|  NonSetup CPU Time in Major Routines:
|
|     Routine           Sec        %
|     ------------------------------
|     Nonbond           1.06    1.15
|     Bond              0.00    0.00
|     Angle             0.00    0.00
|     Dihedral          0.00    0.00
|     Shake             0.05    0.05
|     RunMD            91.78   98.79
|     Other             0.02    0.02
|     ------------------------------
|     Total            92.91

|  PME Nonbond Pairlist CPU Time:
|
|     Routine              Sec        %
|     ---------------------------------
|     Set Up Cit           0.00    0.00
|     Build List           0.00    0.00
|     ---------------------------------
|     Total                0.00    0.00

|  PME Direct Force CPU Time:
|
|     Routine              Sec        %
|     ---------------------------------
|     NonBonded Calc       0.00    0.00
|     Exclude Masked       0.00    0.00
|     Other                0.02    0.02
|     ---------------------------------
|     Total                0.02    0.02

|  PME Reciprocal Force CPU Time:
|
|     Routine              Sec        %
|     ---------------------------------
|     1D bspline           0.00    0.00
|     Grid Charges         0.00    0.00
|     Scalar Sum           0.00    0.00
|     Gradient Sum         0.00    0.00
|     FFT                  0.00    0.00
|     ---------------------------------
|     Total                0.00    0.00

|  Final Performance Info:
|     -----------------------------------------------------
|     Average timings for last    2000 steps:
|     Elapsed(s) =      18.62 Per Step(ms) =       9.31
|         ns/day =       9.28   seconds/ns =    9311.49
|
|     Average timings for all steps:
|     Elapsed(s) =      92.90 Per Step(ms) =       9.29
|         ns/day =       9.30   seconds/ns =    9290.41
|     -----------------------------------------------------

|  Setup CPU time:            1.30 seconds
|  NonSetup CPU time:        92.91 seconds
|  Total CPU time:           94.20 seconds     0.03 hours

|  Setup wall time:           1    seconds
|  NonSetup wall time:       93    seconds
|  Total wall time:          94    seconds     0.03 hours
