
          -------------------------------------------------------
          Amber 16 PMEMD                              2016
          -------------------------------------------------------

| PMEMD implementation of SANDER, Release 16

| Run on 04/04/2017 at 19:27:08

|   Executable path: pmemd.cuda
| Working directory: /home/robert/Research/AADH/MD/5_heating
|          Hostname: Unknown
  [-O]verwriting output

File Assignments:
|   MDIN: heat3.in                                                              
|  MDOUT: heat3.out                                                             
| INPCRD: heat2.rst                                                             
|   PARM: 2agy_final_min.prmtop                                                 
| RESTRT: heat3.rst                                                             
|   REFC: 2agy_final_min.inpcrd                                                 
|  MDVEL: mdvel                                                                 
|   MDEN: mden                                                                  
|  MDCRD: heat3.mdcrd                                                           
| MDINFO: mdinfo                                                                
|  MDFRC: mdfrc                                                                 


 Here is the input file:

AADH heating: 10ps MD with res on backbone                                     
&cntrl                                                                         
  imin   = 0,                    ! INP Standard MD, no minimization            
  irest  = 1,                    ! INP Restart simulation                      
  ntx    = 5,                    ! INP Read in coordinates and velocities      
  ntxo   = 1,                    ! OUT format (NetCDF) for restart file        
  ntpr   = 1000,                  ! OUT print frequencey for energy info to mdo
  ntwr   = 1000,                  ! OUT write frequency for restart file       
  ntwx   = 1000,                  ! OUT write frequency for coordinates        
  ntr    = 1,                    ! RESTRAINTS Use restraints                   
  restraint_wt  = 10,            ! RESTRAINTS Harmonic restraint weights       
  restraintmask = '(@CA,C,O,N) & (!:WAT)',   ! RESTRAINTS Restrain backbone onl
  ntc    = 2,                    ! RESTRAINTS SHAKE for TIP3P                  
  nscm   = 1000,                 ! MD frequency to remove C.o.M motion         
  dt     = 0.001,                ! MD timestep                                 
  nrespa = 1,                    ! MD RESPA time step.  Keep nrespa * dt <= 4  
  nstlim = 10000,                 ! MD Number of time steps                    
  tempi  = 100.0,                  ! TEMP initial temperature                  
  temp0  = 150.0,                ! TEMP final temperature                      
  ntt    = 3,                    ! TEMP Temp control 3 = Langevin, 0 = NVE     
  gamma_ln = 1.0,                ! TEMP collision frequency                    
  ntf    = 2,                    ! POTENTIAL omit H-atoms in potential evaluati
  ntb    = 1,                    ! POTENTIAL Constant Volume PBC for non-bonded
  cut    = 12.0,                 ! POTENTIAL Non-bonded cutoff                 
  fswitch = 10.0,                ! POTENTIAL Switching function start length   
/                                                                              
                                                                               


Note: ig = -1. Setting random seed to    85123 based on wallclock time in 
      microseconds.
 
|--------------------- INFORMATION ----------------------
| GPU (CUDA) Version of PMEMD in use: NVIDIA GPU IN USE.
|                    Version 16.0.0
| 
|                      02/25/2016
| 
| Implementation by:
|                    Ross C. Walker     (SDSC)
|                    Scott Le Grand     (nVIDIA)
| 
| Precision model in use:
|      [SPFP] - Single Precision Forces, 64-bit Fixed Point
|               Accumulation. (Default)
| 
|--------------------------------------------------------
 
|----------------- CITATION INFORMATION -----------------
|
|    When publishing work that utilized the CUDA version
|    of AMBER, please cite the following in addition to
|    the regular AMBER citations:
|
|  - Romelia Salomon-Ferrer; Andreas W. Goetz; Duncan
|    Poole; Scott Le Grand; Ross C. Walker "Routine
|    microsecond molecular dynamics simulations with
|    AMBER - Part II: Particle Mesh Ewald", J. Chem.
|    Theory Comput., 2013, 9 (9), pp3878-3888,
|    DOI: 10.1021/ct400314y.
|
|  - Andreas W. Goetz; Mark J. Williamson; Dong Xu;
|    Duncan Poole; Scott Le Grand; Ross C. Walker
|    "Routine microsecond molecular dynamics simulations
|    with AMBER - Part I: Generalized Born", J. Chem.
|    Theory Comput., 2012, 8 (5), pp1542-1555.
|
|  - Scott Le Grand; Andreas W. Goetz; Ross C. Walker
|    "SPFP: Speed without compromise - a mixed precision
|    model for GPU accelerated molecular dynamics
|    simulations.", Comp. Phys. Comm., 2013, 184
|    pp374-380, DOI: 10.1016/j.cpc.2012.09.022
|
|--------------------------------------------------------
 
|------------------- GPU DEVICE INFO --------------------
|
|            CUDA_VISIBLE_DEVICES: not set
|   CUDA Capable Devices Detected:      1
|           CUDA Device ID in use:      0
|                CUDA Device Name: GeForce GTX 980
|     CUDA Device Global Mem Size:   8112 MB
| CUDA Device Num Multiprocessors:     16
|           CUDA Device Core Freq:   1.19 GHz
|
|--------------------------------------------------------
 
 
| Conditional Compilation Defines Used:
| PUBFFT
| BINTRAJ
| CUDA
| EMIL

| Largest sphere to fit in unit cell has radius =    45.451

| New format PARM file being parsed.
| Version =    1.000 Date = 04/03/17 Time = 21:47:27
| Force field information read from topology file: 
|              >>>> CHARMM36 All-Hydrogen Parameter File for Proteins <<<<<<<<<<  
|
|CHARMM: CHARMM force field in use. 

| Note: 1-4 EEL scale factors are being read from the topology file.

| Note: 1-4 VDW scale factors are being read from the topology file.
| INFO: Off Diagonal (NBFIX) LJ terms found in prmtop file.
|       The prmtop file has been modified to support atom
|       type based pairwise Lennard-Jones terms.
| Duplicated    0 dihedrals

| Duplicated    0 dihedrals

--------------------------------------------------------------------------------
   1.  RESOURCE   USE: 
--------------------------------------------------------------------------------

 getting new box info from bottom of inpcrd
 NATOM  =  115183 NTYPES =      45 NBONH =  107615 MBONA  =    7567
 NTHETH =   49571 MTHETA =   10290 NPHIH =   26934 MPHIA  =   18893
 NHPARM =       0 NPARM  =       0 NNB   =  213960 NRES   =   34667
 NBONA  =    7567 NTHETA =   10290 NPHIA =   18893 NUMBND =      84
 NUMANG =     194 NPTRA  =     454 NATYP =       1 NPHB   =       0
 IFBOX  =       1 NMXRS  =      45 IFCAP =       0 NEXTRA =       0
 NCOPY  =       0

|CHARMM: Reticulating splines.

| Coordinate Index Table dimensions:    19   16   13
| Direct force subcell size =     6.6667    6.5921    6.9925

     BOX TYPE: RECTILINEAR

--------------------------------------------------------------------------------
   2.  CONTROL  DATA  FOR  THE  RUN
--------------------------------------------------------------------------------

                                                                                

General flags:
     imin    =       0, nmropt  =       0

Nature and format of input:
     ntx     =       5, irest   =       1, ntrx    =       1

Nature and format of output:
     ntxo    =       1, ntpr    =    1000, ntrx    =       1, ntwr    =    1000
     iwrap   =       0, ntwx    =    1000, ntwv    =       0, ntwe    =       0
     ioutfm  =       1, ntwprt  =       0, idecomp =       0, rbornstat=      0

Potential function:
     ntf     =       2, ntb     =       1, igb     =       0, nsnb    =      25
     ipol    =       0, gbsa    =       0, iesp    =       0
     dielc   =   1.00000, cut     =  12.00000, intdiel =   1.00000

Frozen or restrained atoms:
     ibelly  =       0, ntr     =       1
     restraint_wt =  10.00000

Molecular dynamics:
     nstlim  =     10000, nscm    =         0, nrespa  =         1
     t       =   0.00000, dt      =   0.00100, vlimit  =  -1.00000

Langevin dynamics temperature regulation:
     ig      =   85123
     temp0   = 150.00000, tempi   = 100.00000, gamma_ln=   1.00000

SHAKE:
     ntc     =       2, jfastw  =       0
     tol     =   0.00001

| Intermolecular bonds treatment:
|     no_intermolecular_bonds =       1

| Energy averages sample interval:
|     ene_avg_sampling =    1000

Ewald parameters:
     verbose =       0, ew_type =       0, nbflag  =       1, use_pme =       1
     vdwmeth =       0, eedmeth =       1, netfrc  =       1
     Box X =  126.667   Box Y =  105.473   Box Z =   90.903
     Alpha =   90.000   Beta  =   90.000   Gamma =   90.000
     NFFT1 =  128       NFFT2 =  108       NFFT3 =   96
     Cutoff=   12.000   Tol   =0.100E-04
     Ewald Coefficient =  0.22664
     Interpolation order =    4

    LOADING THE CONSTRAINED ATOMS AS GROUPS


   5.  REFERENCE ATOM COORDINATES

  restart created by ParmEd                                                       
     Mask (@CA,C,O,N) & (!:WAT); matches  3780 atoms

--------------------------------------------------------------------------------
   3.  ATOMIC COORDINATES AND VELOCITIES
--------------------------------------------------------------------------------

                                                                                
 begin time read from input coords =    20.000 ps

 
 Number of triangulated 3-point waters found:    33521

     Sum of charges from parm topology file =  -0.00000000
     Forcing neutrality...

| Dynamic Memory, Types Used:
| Reals             3539764
| Integers          3957110

| Nonbonded Pairs Initial Allocation:    57283385

| GPU memory information (estimate):
| KB of GPU memory in use:    872153
| KB of CPU memory in use:    159137

--------------------------------------------------------------------------------
   4.  RESULTS
--------------------------------------------------------------------------------

 ---------------------------------------------------
 APPROXIMATING switch and d/dx switch using CUBIC SPLINE INTERPOLATION
 using   5000.0 points per unit in tabled values
 TESTING RELATIVE ERROR over r ranging from 0.0 to cutoff
| CHECK switch(x): max rel err =   0.2738E-14   at   2.422500
| CHECK d/dx switch(x): max rel err =   0.7967E-11   at   2.716640
 ---------------------------------------------------
|---------------------------------------------------
| APPROXIMATING direct energy using CUBIC SPLINE INTERPOLATION
|  with   50.0 points per unit in tabled values
| Relative Error Limit not exceeded for r .gt.   2.27
| APPROXIMATING direct force using CUBIC SPLINE INTERPOLATION
|  with   50.0 points per unit in tabled values
| Relative Error Limit not exceeded for r .gt.   2.78
|---------------------------------------------------

 NSTEP =     1000   TIME(PS) =      21.000  TEMP(K) =   130.91  PRESS =     0.0
 Etot   =   -392408.1016  EKtot   =     30949.4688  EPtot      =   -423357.5704
 BOND   =      1886.3585  ANGLE   =      5377.9956  DIHED      =     10063.4280
 UB     =       500.6852  IMP     =       348.2355  CMAP       =      -533.1777
 1-4 NB =      2357.7994  1-4 EEL =     39148.0685  VDWAALS    =     50507.7780
 EELEC  =   -533371.2870  EHBOND  =         0.0000  RESTRAINT  =       356.5457
 EAMBER (non-restraint)  =   -423714.1161
 ------------------------------------------------------------------------------


 NSTEP =     2000   TIME(PS) =      22.000  TEMP(K) =   142.31  PRESS =     0.0
 Etot   =   -386545.5905  EKtot   =     33643.6641  EPtot      =   -420189.2545
 BOND   =      1952.6573  ANGLE   =      5537.3096  DIHED      =     10101.6507
 UB     =       524.5550  IMP     =       356.4994  CMAP       =      -528.7345
 1-4 NB =      2393.0390  1-4 EEL =     39316.4078  VDWAALS    =     49392.5772
 EELEC  =   -529615.2529  EHBOND  =         0.0000  RESTRAINT  =       380.0369
 EAMBER (non-restraint)  =   -420569.2915
 ------------------------------------------------------------------------------


 NSTEP =     3000   TIME(PS) =      23.000  TEMP(K) =   147.04  PRESS =     0.0
 Etot   =   -384109.7570  EKtot   =     34761.6914  EPtot      =   -418871.4484
 BOND   =      2004.6995  ANGLE   =      5677.2274  DIHED      =     10080.8887
 UB     =       536.3570  IMP     =       371.4711  CMAP       =      -539.2704
 1-4 NB =      2402.1946  1-4 EEL =     39114.7779  VDWAALS    =     48915.3971
 EELEC  =   -527828.3238  EHBOND  =         0.0000  RESTRAINT  =       393.1327
 EAMBER (non-restraint)  =   -419264.5811
 ------------------------------------------------------------------------------


 NSTEP =     4000   TIME(PS) =      24.000  TEMP(K) =   148.83  PRESS =     0.0
 Etot   =   -383535.6799  EKtot   =     35184.6055  EPtot      =   -418720.2854
 BOND   =      1991.6007  ANGLE   =      5621.8060  DIHED      =     10133.8650
 UB     =       528.2697  IMP     =       374.2939  CMAP       =      -534.8593
 1-4 NB =      2398.1005  1-4 EEL =     39147.1645  VDWAALS    =     48726.9409
 EELEC  =   -527503.8682  EHBOND  =         0.0000  RESTRAINT  =       396.4010
 EAMBER (non-restraint)  =   -419116.6864
 ------------------------------------------------------------------------------


 NSTEP =     5000   TIME(PS) =      25.000  TEMP(K) =   150.09  PRESS =     0.0
 Etot   =   -383271.2290  EKtot   =     35483.9219  EPtot      =   -418755.1509
 BOND   =      1977.6901  ANGLE   =      5704.4309  DIHED      =     10121.6805
 UB     =       535.1215  IMP     =       359.3348  CMAP       =      -531.1897
 1-4 NB =      2386.5746  1-4 EEL =     39056.3805  VDWAALS    =     48588.0609
 EELEC  =   -527354.1173  EHBOND  =         0.0000  RESTRAINT  =       400.8824
 EAMBER (non-restraint)  =   -419156.0333
 ------------------------------------------------------------------------------


 NSTEP =     6000   TIME(PS) =      26.000  TEMP(K) =   150.27  PRESS =     0.0
 Etot   =   -383549.2564  EKtot   =     35526.4219  EPtot      =   -419075.6783
 BOND   =      1937.1050  ANGLE   =      5598.7357  DIHED      =     10086.7788
 UB     =       535.2233  IMP     =       366.7237  CMAP       =      -527.8493
 1-4 NB =      2422.7817  1-4 EEL =     39171.3662  VDWAALS    =     48241.0115
 EELEC  =   -527297.3711  EHBOND  =         0.0000  RESTRAINT  =       389.8163
 EAMBER (non-restraint)  =   -419465.4945
 ------------------------------------------------------------------------------


 NSTEP =     7000   TIME(PS) =      27.000  TEMP(K) =   149.70  PRESS =     0.0
 Etot   =   -383754.9450  EKtot   =     35391.6250  EPtot      =   -419146.5700
 BOND   =      1975.8405  ANGLE   =      5532.4499  DIHED      =     10094.5114
 UB     =       529.0300  IMP     =       374.9161  CMAP       =      -528.2612
 1-4 NB =      2416.0974  1-4 EEL =     39229.2417  VDWAALS    =     48311.7237
 EELEC  =   -527493.8271  EHBOND  =         0.0000  RESTRAINT  =       411.7076
 EAMBER (non-restraint)  =   -419558.2775
 ------------------------------------------------------------------------------


 NSTEP =     8000   TIME(PS) =      28.000  TEMP(K) =   150.87  PRESS =     0.0
 Etot   =   -383843.8092  EKtot   =     35668.0078  EPtot      =   -419511.8170
 BOND   =      1974.2799  ANGLE   =      5613.8175  DIHED      =     10099.4415
 UB     =       536.3359  IMP     =       364.9172  CMAP       =      -532.7676
 1-4 NB =      2399.5468  1-4 EEL =     39175.2098  VDWAALS    =     48682.3787
 EELEC  =   -528237.2703  EHBOND  =         0.0000  RESTRAINT  =       412.2937
 EAMBER (non-restraint)  =   -419924.1107
 ------------------------------------------------------------------------------


 NSTEP =     9000   TIME(PS) =      29.000  TEMP(K) =   150.53  PRESS =     0.0
 Etot   =   -384036.0077  EKtot   =     35586.5664  EPtot      =   -419622.5741
 BOND   =      1991.0700  ANGLE   =      5602.9246  DIHED      =     10115.7708
 UB     =       532.3727  IMP     =       363.5190  CMAP       =      -540.2401
 1-4 NB =      2405.0809  1-4 EEL =     39211.3106  VDWAALS    =     48708.8922
 EELEC  =   -528424.0332  EHBOND  =         0.0000  RESTRAINT  =       410.7583
 EAMBER (non-restraint)  =   -420033.3324
 ------------------------------------------------------------------------------


 NSTEP =    10000   TIME(PS) =      30.000  TEMP(K) =   150.64  PRESS =     0.0
 Etot   =   -384140.5909  EKtot   =     35611.8984  EPtot      =   -419752.4894
 BOND   =      1948.7965  ANGLE   =      5650.7226  DIHED      =     10089.9992
 UB     =       540.2910  IMP     =       352.0908  CMAP       =      -546.5589
 1-4 NB =      2392.4843  1-4 EEL =     39105.8297  VDWAALS    =     48911.0140
 EELEC  =   -528605.3576  EHBOND  =         0.0000  RESTRAINT  =       408.1991
 EAMBER (non-restraint)  =   -420160.6885
 ------------------------------------------------------------------------------


      A V E R A G E S   O V E R      10 S T E P S


 NSTEP =    10000   TIME(PS) =      30.000  TEMP(K) =   147.12  PRESS =     0.0
 Etot   =   -384919.4967  EKtot   =     34780.7871  EPtot      =   -419700.2838
 BOND   =      1964.0098  ANGLE   =      5591.7420  DIHED      =     10098.8015
 UB     =       529.8241  IMP     =       363.2001  CMAP       =      -534.2909
 1-4 NB =      2397.3699  1-4 EEL =     39167.5757  VDWAALS    =     48898.5774
 EELEC  =   -528573.0708  EHBOND  =         0.0000  RESTRAINT  =       395.9774
 EAMBER (non-restraint)  =   -420096.2612
 ------------------------------------------------------------------------------


      R M S  F L U C T U A T I O N S


 NSTEP =    10000   TIME(PS) =      30.000  TEMP(K) =     5.93  PRESS =     0.0
 Etot   =      2641.7587  EKtot   =      1403.0739  EPtot      =      1299.8651
 BOND   =        32.7043  ANGLE   =        87.8728  DIHED      =        19.6519
 UB     =        10.6688  IMP     =         8.6684  CMAP       =         5.7699
 1-4 NB =        16.7615  1-4 EEL =        69.0658  VDWAALS    =       618.0123
 EELEC  =      1738.4161  EHBOND  =         0.0000  RESTRAINT  =        16.6155
 EAMBER (non-restraint)  =      1283.2496
 ------------------------------------------------------------------------------

--------------------------------------------------------------------------------
   5.  TIMINGS
--------------------------------------------------------------------------------

|  NonSetup CPU Time in Major Routines:
|
|     Routine           Sec        %
|     ------------------------------
|     Nonbond           1.19    1.28
|     Bond              0.00    0.00
|     Angle             0.00    0.00
|     Dihedral          0.00    0.00
|     Shake             0.06    0.06
|     RunMD            91.96   98.66
|     Other             0.00    0.00
|     ------------------------------
|     Total            93.22

|  PME Nonbond Pairlist CPU Time:
|
|     Routine              Sec        %
|     ---------------------------------
|     Set Up Cit           0.00    0.00
|     Build List           0.00    0.00
|     ---------------------------------
|     Total                0.00    0.00

|  PME Direct Force CPU Time:
|
|     Routine              Sec        %
|     ---------------------------------
|     NonBonded Calc       0.00    0.00
|     Exclude Masked       0.00    0.00
|     Other                0.00    0.00
|     ---------------------------------
|     Total                0.00    0.00

|  PME Reciprocal Force CPU Time:
|
|     Routine              Sec        %
|     ---------------------------------
|     1D bspline           0.00    0.00
|     Grid Charges         0.00    0.00
|     Scalar Sum           0.00    0.00
|     Gradient Sum         0.00    0.00
|     FFT                  0.00    0.00
|     ---------------------------------
|     Total                0.00    0.00

|  Final Performance Info:
|     -----------------------------------------------------
|     Average timings for last    2000 steps:
|     Elapsed(s) =      18.66 Per Step(ms) =       9.33
|         ns/day =       9.26   seconds/ns =    9328.14
|
|     Average timings for all steps:
|     Elapsed(s) =      93.20 Per Step(ms) =       9.32
|         ns/day =       9.27   seconds/ns =    9320.45
|     -----------------------------------------------------

|  Setup CPU time:            1.29 seconds
|  NonSetup CPU time:        93.22 seconds
|  Total CPU time:           94.50 seconds     0.03 hours

|  Setup wall time:           1    seconds
|  NonSetup wall time:       94    seconds
|  Total wall time:          95    seconds     0.03 hours
