
          -------------------------------------------------------
          Amber 16 PMEMD                              2016
          -------------------------------------------------------

| PMEMD implementation of SANDER, Release 16

| Run on 04/04/2017 at 19:30:17

|   Executable path: pmemd.cuda
| Working directory: /home/robert/Research/AADH/MD/5_heating
|          Hostname: Unknown
  [-O]verwriting output

File Assignments:
|   MDIN: heat5.in                                                              
|  MDOUT: heat5.out                                                             
| INPCRD: heat4.rst                                                             
|   PARM: 2agy_final_min.prmtop                                                 
| RESTRT: heat5.rst                                                             
|   REFC: 2agy_final_min.inpcrd                                                 
|  MDVEL: mdvel                                                                 
|   MDEN: mden                                                                  
|  MDCRD: heat5.mdcrd                                                           
| MDINFO: mdinfo                                                                
|  MDFRC: mdfrc                                                                 


 Here is the input file:

AADH heating: 10ps MD with res on backbone                                     
&cntrl                                                                         
  imin   = 0,                    ! INP Standard MD, no minimization            
  irest  = 1,                    ! INP Restart simulation                      
  ntx    = 5,                    ! INP Read in coordinates and velocities      
  ntxo   = 1,                    ! OUT format (NetCDF) for restart file        
  ntpr   = 1000,                  ! OUT print frequencey for energy info to mdo
  ntwr   = 1000,                  ! OUT write frequency for restart file       
  ntwx   = 1000,                  ! OUT write frequency for coordinates        
  ntr    = 1,                    ! RESTRAINTS Use restraints                   
  restraint_wt  = 10,            ! RESTRAINTS Harmonic restraint weights       
  restraintmask = '(@CA,C,O,N) & (!:WAT)',   ! RESTRAINTS Restrain backbone onl
  ntc    = 2,                    ! RESTRAINTS SHAKE for TIP3P                  
  nscm   = 1000,                 ! MD frequency to remove C.o.M motion         
  dt     = 0.001,                ! MD timestep                                 
  nrespa = 1,                    ! MD RESPA time step.  Keep nrespa * dt <= 4  
  nstlim = 10000,                 ! MD Number of time steps                    
  tempi  = 200.0,                  ! TEMP initial temperature                  
  temp0  = 250.0,                ! TEMP final temperature                      
  ntt    = 3,                    ! TEMP Temp control 3 = Langevin, 0 = NVE     
  gamma_ln = 1.0,                ! TEMP collision frequency                    
  ntf    = 2,                    ! POTENTIAL omit H-atoms in potential evaluati
  ntb    = 1,                    ! POTENTIAL Constant Volume PBC for non-bonded
  cut    = 12.0,                 ! POTENTIAL Non-bonded cutoff                 
  fswitch = 10.0,                ! POTENTIAL Switching function start length   
/                                                                              
                                                                               


Note: ig = -1. Setting random seed to   871474 based on wallclock time in 
      microseconds.
 
|--------------------- INFORMATION ----------------------
| GPU (CUDA) Version of PMEMD in use: NVIDIA GPU IN USE.
|                    Version 16.0.0
| 
|                      02/25/2016
| 
| Implementation by:
|                    Ross C. Walker     (SDSC)
|                    Scott Le Grand     (nVIDIA)
| 
| Precision model in use:
|      [SPFP] - Single Precision Forces, 64-bit Fixed Point
|               Accumulation. (Default)
| 
|--------------------------------------------------------
 
|----------------- CITATION INFORMATION -----------------
|
|    When publishing work that utilized the CUDA version
|    of AMBER, please cite the following in addition to
|    the regular AMBER citations:
|
|  - Romelia Salomon-Ferrer; Andreas W. Goetz; Duncan
|    Poole; Scott Le Grand; Ross C. Walker "Routine
|    microsecond molecular dynamics simulations with
|    AMBER - Part II: Particle Mesh Ewald", J. Chem.
|    Theory Comput., 2013, 9 (9), pp3878-3888,
|    DOI: 10.1021/ct400314y.
|
|  - Andreas W. Goetz; Mark J. Williamson; Dong Xu;
|    Duncan Poole; Scott Le Grand; Ross C. Walker
|    "Routine microsecond molecular dynamics simulations
|    with AMBER - Part I: Generalized Born", J. Chem.
|    Theory Comput., 2012, 8 (5), pp1542-1555.
|
|  - Scott Le Grand; Andreas W. Goetz; Ross C. Walker
|    "SPFP: Speed without compromise - a mixed precision
|    model for GPU accelerated molecular dynamics
|    simulations.", Comp. Phys. Comm., 2013, 184
|    pp374-380, DOI: 10.1016/j.cpc.2012.09.022
|
|--------------------------------------------------------
 
|------------------- GPU DEVICE INFO --------------------
|
|            CUDA_VISIBLE_DEVICES: not set
|   CUDA Capable Devices Detected:      1
|           CUDA Device ID in use:      0
|                CUDA Device Name: GeForce GTX 980
|     CUDA Device Global Mem Size:   8112 MB
| CUDA Device Num Multiprocessors:     16
|           CUDA Device Core Freq:   1.19 GHz
|
|--------------------------------------------------------
 
 
| Conditional Compilation Defines Used:
| PUBFFT
| BINTRAJ
| CUDA
| EMIL

| Largest sphere to fit in unit cell has radius =    45.451

| New format PARM file being parsed.
| Version =    1.000 Date = 04/03/17 Time = 21:47:27
| Force field information read from topology file: 
|              >>>> CHARMM36 All-Hydrogen Parameter File for Proteins <<<<<<<<<<  
|
|CHARMM: CHARMM force field in use. 

| Note: 1-4 EEL scale factors are being read from the topology file.

| Note: 1-4 VDW scale factors are being read from the topology file.
| INFO: Off Diagonal (NBFIX) LJ terms found in prmtop file.
|       The prmtop file has been modified to support atom
|       type based pairwise Lennard-Jones terms.
| Duplicated    0 dihedrals

| Duplicated    0 dihedrals

--------------------------------------------------------------------------------
   1.  RESOURCE   USE: 
--------------------------------------------------------------------------------

 getting new box info from bottom of inpcrd
 NATOM  =  115183 NTYPES =      45 NBONH =  107615 MBONA  =    7567
 NTHETH =   49571 MTHETA =   10290 NPHIH =   26934 MPHIA  =   18893
 NHPARM =       0 NPARM  =       0 NNB   =  213960 NRES   =   34667
 NBONA  =    7567 NTHETA =   10290 NPHIA =   18893 NUMBND =      84
 NUMANG =     194 NPTRA  =     454 NATYP =       1 NPHB   =       0
 IFBOX  =       1 NMXRS  =      45 IFCAP =       0 NEXTRA =       0
 NCOPY  =       0

|CHARMM: Reticulating splines.

| Coordinate Index Table dimensions:    19   16   13
| Direct force subcell size =     6.6667    6.5921    6.9925

     BOX TYPE: RECTILINEAR

--------------------------------------------------------------------------------
   2.  CONTROL  DATA  FOR  THE  RUN
--------------------------------------------------------------------------------

                                                                                

General flags:
     imin    =       0, nmropt  =       0

Nature and format of input:
     ntx     =       5, irest   =       1, ntrx    =       1

Nature and format of output:
     ntxo    =       1, ntpr    =    1000, ntrx    =       1, ntwr    =    1000
     iwrap   =       0, ntwx    =    1000, ntwv    =       0, ntwe    =       0
     ioutfm  =       1, ntwprt  =       0, idecomp =       0, rbornstat=      0

Potential function:
     ntf     =       2, ntb     =       1, igb     =       0, nsnb    =      25
     ipol    =       0, gbsa    =       0, iesp    =       0
     dielc   =   1.00000, cut     =  12.00000, intdiel =   1.00000

Frozen or restrained atoms:
     ibelly  =       0, ntr     =       1
     restraint_wt =  10.00000

Molecular dynamics:
     nstlim  =     10000, nscm    =         0, nrespa  =         1
     t       =   0.00000, dt      =   0.00100, vlimit  =  -1.00000

Langevin dynamics temperature regulation:
     ig      =  871474
     temp0   = 250.00000, tempi   = 200.00000, gamma_ln=   1.00000

SHAKE:
     ntc     =       2, jfastw  =       0
     tol     =   0.00001

| Intermolecular bonds treatment:
|     no_intermolecular_bonds =       1

| Energy averages sample interval:
|     ene_avg_sampling =    1000

Ewald parameters:
     verbose =       0, ew_type =       0, nbflag  =       1, use_pme =       1
     vdwmeth =       0, eedmeth =       1, netfrc  =       1
     Box X =  126.667   Box Y =  105.473   Box Z =   90.903
     Alpha =   90.000   Beta  =   90.000   Gamma =   90.000
     NFFT1 =  128       NFFT2 =  108       NFFT3 =   96
     Cutoff=   12.000   Tol   =0.100E-04
     Ewald Coefficient =  0.22664
     Interpolation order =    4

    LOADING THE CONSTRAINED ATOMS AS GROUPS


   5.  REFERENCE ATOM COORDINATES

  restart created by ParmEd                                                       
     Mask (@CA,C,O,N) & (!:WAT); matches  3780 atoms

--------------------------------------------------------------------------------
   3.  ATOMIC COORDINATES AND VELOCITIES
--------------------------------------------------------------------------------

                                                                                
 begin time read from input coords =    40.000 ps

 
 Number of triangulated 3-point waters found:    33521

     Sum of charges from parm topology file =  -0.00000000
     Forcing neutrality...

| Dynamic Memory, Types Used:
| Reals             3539764
| Integers          3957110

| Nonbonded Pairs Initial Allocation:    57283385

| GPU memory information (estimate):
| KB of GPU memory in use:    872153
| KB of CPU memory in use:    159137

--------------------------------------------------------------------------------
   4.  RESULTS
--------------------------------------------------------------------------------

 ---------------------------------------------------
 APPROXIMATING switch and d/dx switch using CUBIC SPLINE INTERPOLATION
 using   5000.0 points per unit in tabled values
 TESTING RELATIVE ERROR over r ranging from 0.0 to cutoff
| CHECK switch(x): max rel err =   0.2738E-14   at   2.422500
| CHECK d/dx switch(x): max rel err =   0.7967E-11   at   2.716640
 ---------------------------------------------------
|---------------------------------------------------
| APPROXIMATING direct energy using CUBIC SPLINE INTERPOLATION
|  with   50.0 points per unit in tabled values
| Relative Error Limit not exceeded for r .gt.   2.27
| APPROXIMATING direct force using CUBIC SPLINE INTERPOLATION
|  with   50.0 points per unit in tabled values
| Relative Error Limit not exceeded for r .gt.   2.78
|---------------------------------------------------

 NSTEP =     1000   TIME(PS) =      41.000  TEMP(K) =   227.52  PRESS =     0.0
 Etot   =   -340027.5435  EKtot   =     53787.3516  EPtot      =   -393814.8951
 BOND   =      2537.8744  ANGLE   =      6856.2326  DIHED      =     10282.3568
 UB     =       712.9574  IMP     =       468.0206  CMAP       =      -515.1745
 1-4 NB =      2473.7800  1-4 EEL =     39127.2714  VDWAALS    =     41629.4743
 EELEC  =   -497999.4383  EHBOND  =         0.0000  RESTRAINT  =       611.7503
 EAMBER (non-restraint)  =   -394426.6454
 ------------------------------------------------------------------------------


 NSTEP =     2000   TIME(PS) =      42.000  TEMP(K) =   238.11  PRESS =     0.0
 Etot   =   -332218.5732  EKtot   =     56290.8672  EPtot      =   -388509.4404
 BOND   =      2624.7965  ANGLE   =      7054.2688  DIHED      =     10365.1615
 UB     =       749.4598  IMP     =       476.9581  CMAP       =      -514.2497
 1-4 NB =      2518.4877  1-4 EEL =     39109.2471  VDWAALS    =     39220.8398
 EELEC  =   -490746.1532  EHBOND  =         0.0000  RESTRAINT  =       631.7433
 EAMBER (non-restraint)  =   -389141.1837
 ------------------------------------------------------------------------------


 NSTEP =     3000   TIME(PS) =      43.000  TEMP(K) =   242.33  PRESS =     0.0
 Etot   =   -327748.1037  EKtot   =     57289.8594  EPtot      =   -385037.9630
 BOND   =      2624.9338  ANGLE   =      7120.5146  DIHED      =     10364.2857
 UB     =       753.0408  IMP     =       504.2288  CMAP       =      -510.4277
 1-4 NB =      2497.0520  1-4 EEL =     39315.4113  VDWAALS    =     37857.4380
 EELEC  =   -486228.3369  EHBOND  =         0.0000  RESTRAINT  =       663.8965
 EAMBER (non-restraint)  =   -385701.8596
 ------------------------------------------------------------------------------


 NSTEP =     4000   TIME(PS) =      44.000  TEMP(K) =   245.76  PRESS =     0.0
 Etot   =   -325098.7389  EKtot   =     58100.6172  EPtot      =   -383199.3561
 BOND   =      2633.5753  ANGLE   =      7033.9725  DIHED      =     10383.5120
 UB     =       727.2608  IMP     =       463.2546  CMAP       =      -504.2744
 1-4 NB =      2518.6302  1-4 EEL =     39211.4258  VDWAALS    =     37025.3146
 EELEC  =   -483355.0443  EHBOND  =         0.0000  RESTRAINT  =       663.0169
 EAMBER (non-restraint)  =   -383862.3729
 ------------------------------------------------------------------------------


 NSTEP =     5000   TIME(PS) =      45.000  TEMP(K) =   247.18  PRESS =     0.0
 Etot   =   -322762.0432  EKtot   =     58435.0859  EPtot      =   -381197.1291
 BOND   =      2662.0889  ANGLE   =      7162.0076  DIHED      =     10376.0444
 UB     =       749.9455  IMP     =       496.9805  CMAP       =      -502.0088
 1-4 NB =      2505.6930  1-4 EEL =     39145.2910  VDWAALS    =     36406.7778
 EELEC  =   -480870.1772  EHBOND  =         0.0000  RESTRAINT  =       670.2281
 EAMBER (non-restraint)  =   -381867.3572
 ------------------------------------------------------------------------------


 NSTEP =     6000   TIME(PS) =      46.000  TEMP(K) =   248.11  PRESS =     0.0
 Etot   =   -321685.0384  EKtot   =     58655.4883  EPtot      =   -380340.5267
 BOND   =      2632.2362  ANGLE   =      7218.2202  DIHED      =     10351.2489
 UB     =       738.2938  IMP     =       486.8933  CMAP       =      -510.4648
 1-4 NB =      2542.9840  1-4 EEL =     39126.1958  VDWAALS    =     36439.3300
 EELEC  =   -480035.7036  EHBOND  =         0.0000  RESTRAINT  =       670.2394
 EAMBER (non-restraint)  =   -381010.7661
 ------------------------------------------------------------------------------


 NSTEP =     7000   TIME(PS) =      47.000  TEMP(K) =   248.64  PRESS =     0.0
 Etot   =   -321385.1831  EKtot   =     58780.7773  EPtot      =   -380165.9604
 BOND   =      2644.4511  ANGLE   =      7100.5258  DIHED      =     10389.5137
 UB     =       758.5777  IMP     =       469.2380  CMAP       =      -501.2511
 1-4 NB =      2503.0216  1-4 EEL =     39214.9525  VDWAALS    =     36559.8027
 EELEC  =   -479982.9540  EHBOND  =         0.0000  RESTRAINT  =       678.1615
 EAMBER (non-restraint)  =   -380844.1219
 ------------------------------------------------------------------------------


 NSTEP =     8000   TIME(PS) =      48.000  TEMP(K) =   249.77  PRESS =     0.0
 Etot   =   -321013.4981  EKtot   =     59048.4844  EPtot      =   -380061.9825
 BOND   =      2665.7490  ANGLE   =      7184.4293  DIHED      =     10389.4588
 UB     =       736.7354  IMP     =       490.3284  CMAP       =      -496.2462
 1-4 NB =      2507.0225  1-4 EEL =     39047.6399  VDWAALS    =     36412.1074
 EELEC  =   -479655.2913  EHBOND  =         0.0000  RESTRAINT  =       656.0843
 EAMBER (non-restraint)  =   -380718.0668
 ------------------------------------------------------------------------------


 NSTEP =     9000   TIME(PS) =      49.000  TEMP(K) =   249.30  PRESS =     0.0
 Etot   =   -320940.9811  EKtot   =     58936.9062  EPtot      =   -379877.8874
 BOND   =      2599.3453  ANGLE   =      7136.9368  DIHED      =     10367.7312
 UB     =       756.7289  IMP     =       519.8490  CMAP       =      -488.3335
 1-4 NB =      2506.6324  1-4 EEL =     39142.1108  VDWAALS    =     35963.9596
 EELEC  =   -479067.8093  EHBOND  =         0.0000  RESTRAINT  =       684.9614
 EAMBER (non-restraint)  =   -380562.8488
 ------------------------------------------------------------------------------


 NSTEP =    10000   TIME(PS) =      50.000  TEMP(K) =   249.64  PRESS =     0.0
 Etot   =   -320878.7505  EKtot   =     59017.8359  EPtot      =   -379896.5865
 BOND   =      2627.4204  ANGLE   =      7127.4101  DIHED      =     10370.8031
 UB     =       770.9448  IMP     =       489.8684  CMAP       =      -521.2465
 1-4 NB =      2503.7897  1-4 EEL =     39270.5776  VDWAALS    =     35683.3291
 EELEC  =   -478917.1766  EHBOND  =         0.0000  RESTRAINT  =       697.6934
 EAMBER (non-restraint)  =   -380594.2799
 ------------------------------------------------------------------------------


      A V E R A G E S   O V E R      10 S T E P S


 NSTEP =    10000   TIME(PS) =      50.000  TEMP(K) =   244.64  PRESS =     0.0
 Etot   =   -325375.8454  EKtot   =     57834.3273  EPtot      =   -383210.1727
 BOND   =      2625.2471  ANGLE   =      7099.4518  DIHED      =     10364.0116
 UB     =       745.3945  IMP     =       486.5620  CMAP       =      -506.3677
 1-4 NB =      2507.7093  1-4 EEL =     39171.0123  VDWAALS    =     37319.8373
 EELEC  =   -483685.8085  EHBOND  =         0.0000  RESTRAINT  =       662.7775
 EAMBER (non-restraint)  =   -383872.9502
 ------------------------------------------------------------------------------


      R M S  F L U C T U A T I O N S


 NSTEP =    10000   TIME(PS) =      50.000  TEMP(K) =     6.71  PRESS =     0.0
 Etot   =      6020.8051  EKtot   =      1585.8490  EPtot      =      4443.3414
 BOND   =        34.3433  ANGLE   =        96.6212  DIHED      =        29.5207
 UB     =        15.9912  IMP     =        16.8324  CMAP       =         9.3358
 1-4 NB =        16.6960  1-4 EEL =        76.6699  VDWAALS    =      1734.6383
 EELEC  =      5971.3929  EHBOND  =         0.0000  RESTRAINT  =        23.8162
 EAMBER (non-restraint)  =      4419.5253
 ------------------------------------------------------------------------------

--------------------------------------------------------------------------------
   5.  TIMINGS
--------------------------------------------------------------------------------

|  NonSetup CPU Time in Major Routines:
|
|     Routine           Sec        %
|     ------------------------------
|     Nonbond           1.42    1.49
|     Bond              0.00    0.00
|     Angle             0.00    0.00
|     Dihedral          0.00    0.00
|     Shake             0.04    0.05
|     RunMD            93.24   98.44
|     Other             0.02    0.02
|     ------------------------------
|     Total            94.71

|  PME Nonbond Pairlist CPU Time:
|
|     Routine              Sec        %
|     ---------------------------------
|     Set Up Cit           0.00    0.00
|     Build List           0.00    0.00
|     ---------------------------------
|     Total                0.00    0.00

|  PME Direct Force CPU Time:
|
|     Routine              Sec        %
|     ---------------------------------
|     NonBonded Calc       0.00    0.00
|     Exclude Masked       0.00    0.00
|     Other                0.00    0.00
|     ---------------------------------
|     Total                0.00    0.00

|  PME Reciprocal Force CPU Time:
|
|     Routine              Sec        %
|     ---------------------------------
|     1D bspline           0.00    0.00
|     Grid Charges         0.00    0.00
|     Scalar Sum           0.00    0.00
|     Gradient Sum         0.00    0.00
|     FFT                  0.00    0.00
|     ---------------------------------
|     Total                0.00    0.00

|  Final Performance Info:
|     -----------------------------------------------------
|     Average timings for last    2000 steps:
|     Elapsed(s) =      18.99 Per Step(ms) =       9.49
|         ns/day =       9.10   seconds/ns =    9494.38
|
|     Average timings for all steps:
|     Elapsed(s) =      94.70 Per Step(ms) =       9.47
|         ns/day =       9.12   seconds/ns =    9470.28
|     -----------------------------------------------------

|  Setup CPU time:            1.30 seconds
|  NonSetup CPU time:        94.71 seconds
|  Total CPU time:           96.01 seconds     0.03 hours

|  Setup wall time:           1    seconds
|  NonSetup wall time:       95    seconds
|  Total wall time:          96    seconds     0.03 hours
