1
                 Chemistry at HARvard Macromolecular Mechanics
           (CHARMM) - Developmental Version 41a2   February 15, 2016            
                             Git commit ID 9aa0513                              
       Copyright(c) 1984-2014  President and Fellows of Harvard College
                              All Rights Reserved
     Current operating system: Linux-4.4.0-71-generic(x86_64)@robert-P775DM     
                 Created on  3/31/17 at 20:57:28 by user: robert      

            Maximum number of ATOMS:    360720, and RESidues:      120240
 RDTITL> * ADDS WATER AND IONS FROM VMD.  THIS IS THE
 RDTITL> * SAME OPERATION AS ADDING WATER FOR WATER BOX
 RDTITL> * SOME OF THE SEGMENTS ARE CHANGED DUE TO DELETIONS
 RDTITL> * OF WATER AND ADDITION OF IONS.
 RDTITL> *
  
 CHARMM>     
  
 CHARMM>    prnlev 5
  
 CHARMM>     
  
 CHARMM>    set datadir ../common
 Parameter: DATADIR <- "../COMMON"
  
 CHARMM>     
  
 CHARMM>    stream @datadir/toppar_water_ions_fixed.str
 Parameter: DATADIR -> "../COMMON"
 VOPEN> Attempting to open::../common/toppar_water_ions_fixed.str::
 OPNLGU> Unit 99 opened for READONLY access to ../common/toppar_water_ions_fixed.str

                    INPUT STREAM SWITCHING TO UNIT    99
 RDTITL> * TOPLOGY AND PARAMETER INFORMATION FOR WATER AND IONS.
 RDTITL> *
 Parameter: IN1 <- "" <empty>
  
 CHARMM>     
  
 CHARMM>    !Testcase
 CHARMM>    !test_water_ions.inp
 CHARMM>     
  
 CHARMM>    ! IMPORTANT NOTE: this file contains NBFixes between carboxylates and sodium,
 CHARMM>    ! which will only apply if the main files containing carboxylate atom types
 CHARMM>    ! have been read in first!
 CHARMM>     
  
 CHARMM>    !references
 CHARMM>    !
 CHARMM>    !TIP3P water model
 CHARMM>    !
 CHARMM>    !W.L. Jorgensen; J.Chandrasekhar; J.D. Madura; R.W. Impey;
 CHARMM>    !M.L. Klein; "Comparison of simple potential functions for
 CHARMM>    !simulating liquid water", J. Chem. Phys. 79 926-935 (1983).
 CHARMM>    !
 CHARMM>    !IONS
 CHARMM>    !
 CHARMM>    !Ions from Roux and coworkers
 CHARMM>    !
 CHARMM>    !Beglov, D. and Roux, B., Finite Representation of an Infinite
 CHARMM>    !Bulk System: Solvent Boundary Potential for Computer Simulations,
 CHARMM>    !Journal of Chemical Physics, 1994, 100: 9050-9063
 CHARMM>    !
 CHARMM>    !ZINC
 CHARMM>    !
 CHARMM>    !Stote, R.H. and Karplus, M. Zinc Binding in Proteins and
 CHARMM>    !Solution: A Simple but Accurate Nonbonded Representation, PROTEINS:
 CHARMM>    !Structure, Function, and Genetics 23:12-31 (1995)
 CHARMM>     
  
 CHARMM>    !test "append" to determine if previous toppar files have been read and
 CHARMM>    !add append to "read rtf card" if true
 CHARMM>    set nat ?NATC
 RDCMND: can not substitute energy "?NATC"
 Parameter: NAT <- "?NATC"
  
 CHARMM>    set app
 Parameter: APP <- "" <empty>
  
 CHARMM>    !We're exploiting what is arguably a bug in the parser. On the left hand side,
 CHARMM>    !the quotes have priority, so NAT is correctly substituted. On the right hand
 CHARMM>    !side, the ? has priority and NATC" (sic) is not a valid substitution...
 CHARMM>    if "@NAT" ne "?NATC" if @nat ne 0 set app append
 Parameter: NAT -> "?NATC"
 Parameter: NAT -> "?NATC"
 RDCMND: can not substitute energy "?NATC""
 Comparing ""?NATC"" and ""?NATC"".
 IF test evaluated as false.  Skipping command
  
 CHARMM>     
  
 CHARMM>    read rtf card  !REA 26/07/2013 - deleted @app - always stream this first and everything else must be appended)
 MAINIO> Residue topology file being read from unit  99.
 RDTITL> * TOPOLOGY FOR WATER AND IONS
 RDTITL> *
  
 CHARMM>     
  
 CHARMM>    read para card flex  !REA - deleted @app

          PARAMETER FILE BEING READ FROM UNIT 99
 RDTITL> * PARAMETERS FOR WATER AND IONS
 RDTITL> *
 PARMIO> NONBOND, HBOND lists and IMAGE atoms cleared.
  
 CHARMM>     
  
 CHARMM>    ! The following section contains NBFixes for sodium interacting with
 CHARMM>    ! carboxylate oxygens of various CHARMM force fields. It will generate
 CHARMM>    ! level -1 warnings whenever any of these force fields have not been
 CHARMM>    ! read prior to the current stream file. Since we don't want to force
 CHARMM>    ! the user to always read all the force fields, we're suppressing the
 CHARMM>    ! warnings. The only side effect is that you will have "most severe
 CHARMM>    ! warning was at level 0" at the end of your output. Also note that
 CHARMM>    ! the user is responsible for reading the current file last if they
 CHARMM>    ! want the NBFixes to apply. A more elegant solution would require new
 CHARMM>    ! features to be added to CHARMM.
 CHARMM>    ! parallel fix, to avoid duplicated messages in the log
 CHARMM>    set para
 Parameter: PARA <- "" <empty>
  
 CHARMM>    if ?NUMNODE gt 1 set para node 0
 RDCMND substituted energy or value "?NUMNODE" to "1"
 Comparing "1" and "1".
 IF test evaluated as false.  Skipping command
  
 CHARMM>     
  
 CHARMM>    set wrn ?WRNLEV
 RDCMND substituted energy or value "?WRNLEV" to "5"
 Parameter: WRN <- "5"
  
 CHARMM>    ! Some versions of CHARMM don't seem to initialize wrnlev...
 CHARMM>    if "@WRN" eq "?WRNLEV" set wrn 5
 Parameter: WRN -> "5"
 RDCMND: can not substitute energy "?WRNLEV""
 Comparing ""5"" and ""?WRNLEV"".
 IF test evaluated as false.  Skipping command
  
 CHARMM>    set bom ?bomlev
 RDCMND substituted energy or value "?BOMLEV" to "0"
 Parameter: BOM <- "0"
  
 CHARMM>    WRNLEV -1 @PARA
 Parameter: PARA -> "" <empty>
  
 CHARMM>    BOMLEV -1 @PARA
 Parameter: PARA -> "" <empty>
  
 CHARMM>    read para card flex append

          PARAMETER FILE BEING READ FROM UNIT 99
 RDTITL> * NBFIX BETWEEN CARBOXYLATE AND SODIUM
 RDTITL> *
 PARMIO> NONBOND, HBOND lists and IMAGE atoms cleared.
  
 CHARMM>    BOMLEV @bom @PARA
 Parameter: BOM -> "0"
 Parameter: PARA -> "" <empty>
  
 CHARMM>    WRNLEV @wrn @PARA
 Parameter: WRN -> "5"
 Parameter: PARA -> "" <empty>
  
 CHARMM>     
  
 CHARMM>    return
 VCLOSE: Closing unit   99 with status "KEEP"

                    RETURNING TO INPUT STREAM     5
  
 CHARMM>    read rtf card name @datadir/top_all36_prot.rtf append flex
 Parameter: DATADIR -> "../COMMON"
 VOPEN> Attempting to open::../common/top_all36_prot.rtf::
 MAINIO> Residue topology file being read from unit  90.
 TITLE> *>>>>>>>>CHARMM36 ALL-HYDROGEN TOPOLOGY FILE FOR PROTEINS <<<<<<
 TITLE> *>>>>> INCLUDES PHI, PSI CROSS TERM MAP (CMAP) CORRECTION <<<<<<<
 TITLE> *>>>>>>>>>>>>>>>>>>>>>>>>>> MAY 2011 <<<<<<<<<<<<<<<<<<<<<<<<<<<<
 TITLE> * ALL COMMENTS TO THE CHARMM WEB SITE: WWW.CHARMM.ORG
 TITLE> *             PARAMETER SET DISCUSSION FORUM
 TITLE> *
 VCLOSE: Closing unit   90 with status "KEEP"
  
 CHARMM>    read rtf card name @datadir/aadh_topologies.rtf append flex
 Parameter: DATADIR -> "../COMMON"
 VOPEN> Attempting to open::../common/aadh_topologies.rtf::
 MAINIO> Residue topology file being read from unit  90.
 TITLE> * RESIDUES AND PATCHES FOR CREATING AADH REACTANT AND PRODUCTS
 TITLE> * ATOM DEFINITIONS IS TAKEN FROM TOP_ALL36_PROT.RTF
 TITLE> * PREAMLE IS TAKEN FROM TOP_TTW.INP
 TITLE> * >>>>>
 TITLE> * RESI TTW - /DATA/KR/TOP_TTW.INP
 TITLE> * RESI TTW2 - /DATA/KR/TOP_TTW.INP - I DON'T THINK THIS IS USED SO THIS WON'T BE ADJUSTED.
 TITLE> * PRES TRPM - /DATA/NEW_MD/TRPM.RTF
 TITLE> * PRES TTWP - /DATA/KR/TTW_PROD.RTF
 TITLE> * PRES ASP1/2 - /DATA/KR/TTW_PROD.RTF
 TITLE> * PRES TTQ_TRP - /DATA/NEW_MD/TTW_TOP.INP
 TITLE> * THE ORIGINAL PATCHES AND RESIDUES WERE SPECIFIED IN THE CHARM22 FF
 TITLE> * 23/07/2016 - THE PRODUCT PATCHES WILL HAVE TO CHANGE (TO GET RID OF DELE STATEMENT)
 TITLE> *               AND TO PRESERVE THE ATOMS LABELLING CHANGES.
 TITLE> *
 WARNING from DECODI -- Zero length string being converted to 0
 RTFRDR> WARNING: Version number is NOT specified.
 VCLOSE: Closing unit   90 with status "KEEP"
  
 CHARMM>    read para card name @datadir/par_all36_prot_mod.prm append flex
 Parameter: DATADIR -> "../COMMON"
 VOPEN> Attempting to open::../common/par_all36_prot_mod.prm::

          PARAMETER FILE BEING READ FROM UNIT 90
 TITLE> *>>>> CHARMM36 ALL-HYDROGEN PARAMETER FILE FOR PROTEINS <<<<<<<<<<
 TITLE> *>>>>> INCLUDES PHI, PSI CROSS TERM MAP (CMAP) CORRECTION <<<<<<<<
 TITLE> *>>>>>>>>>>>>>>>>>>>>>>>>>> JAN. 2016 <<<<<<<<<<<<<<<<<<<<<<<<<<<<
 TITLE> * ALL COMMENTS TO THE CHARMM WEB SITE: WWW.CHARMM.ORG
 TITLE> *             PARAMETER SET DISCUSSION FORUM
 TITLE> *
 PARMIO> NONBOND, HBOND lists and IMAGE atoms cleared.
 VCLOSE: Closing unit   90 with status "KEEP"
  
 CHARMM>    read para card name @datadir/aadh_parameters.prm append flex
 Parameter: DATADIR -> "../COMMON"
 VOPEN> Attempting to open::../common/aadh_parameters.prm::

          PARAMETER FILE BEING READ FROM UNIT 90
 TITLE> * PARAMETERS SPECIFIC TO AADH.  TO BE USED IN CONJUNCTION WITH AADH_TOPOLOGIES.RTF
 TITLE> * THESE WERE TAKEN FROM EACH SECTION IN /DATA/KR/PAR_TTW.INP
 TITLE> *   AND ADDITIONALLY FROM /DATA/NEW_MD/PAR_TTW.INP
 TITLE> * THERE'S NO ANGLE PARAMETERS FOR HA ONLY HA1/2/3 SO CHANGE THE HAS IN THE AADH_TOPOLOGIES
 TITLE> * ADDED NBFIX
 TITLE>  
 PARMIO> NONBOND, HBOND lists and IMAGE atoms cleared.
 VCLOSE: Closing unit   90 with status "KEEP"
  
 CHARMM>     
  
 CHARMM>    read psf card name @datadir/2agy.psf
 Parameter: DATADIR -> "../COMMON"
 VOPEN> Attempting to open::../common/2agy.psf::
 MAINIO> Protein structure file being read from unit  90.
 TITLE>  * BASED ON 2AGY_SOL_ION.PDB CREATED BY KR, FOUND IN CURIE/KR8728/AADH/NEW_MD
 TITLE>  * VMD REMOVED THE SOLVATED IONS AND WATER BUT KEPT THE CRYSTAL WATER AND PROTEIN
 TITLE>  * NEW PSF AND PDB CREATED USING THE CHARMM 36 FORCEFIELD
 TITLE>  *  DATE:     3/31/17     19:28:11      CREATED BY USER: robert
 TITLE>  *
 PSFSUM> PSF modified: NONBOND lists and IMAGE atoms cleared.
 PSFSUM> Summary of the structure file counters :
         Number of segments      =        5   Number of residues   =     2458
         Number of atoms         =    18956   Number of groups     =     5808
         Number of bonds         =    19155   Number of angles     =    27848
         Number of dihedrals     =    38677   Number of impropers  =     2624
         Number of cross-terms   =      936
         Number of HB acceptors  =     2950   Number of HB donors  =     4670
         Number of NB exclusions =        0   Total charge =  -12.00000
 VCLOSE: Closing unit   90 with status "KEEP"
  
 CHARMM>    read coor card name @datadir/2agy.cor
 Parameter: DATADIR -> "../COMMON"
 VOPEN> Attempting to open::../common/2agy.cor::
          SPATIAL COORDINATES BEING READ FROM UNIT 90
 TITLE> * BASED ON 2AGY_SOL_ION.PDB CREATED BY KR, FOUND IN CURIE/KR8728/AADH/NEW_MD
 TITLE> * VMD REMOVED THE SOLVATED IONS AND WATER BUT KEPT THE CRYSTAL WATER AND PROTEIN
 TITLE> * NEW PSF AND PDB CREATED USING THE CHARMM 36 FORCEFIELD
 TITLE> *  DATE:     3/31/17     19:28:11      CREATED BY USER: ROBERT
 TITLE> *
 VCLOSE: Closing unit   90 with status "KEEP"
  
 CHARMM>     
  
 CHARMM>    !
 CHARMM>    ! READ IN SEQUENCES
 CHARMM>    !
 CHARMM>    set ctr 100
 Parameter: CTR <- "100"
  
 CHARMM>    set last 104
 Parameter: LAST <- "104"
  
 CHARMM>    set root w
 Parameter: ROOT <- "W"
  
 CHARMM>     
  
 CHARMM>    label loop
  
 CHARMM>        read sequ pdb  name @root@ctr.pdb
 Parameter: ROOT -> "W"
 Parameter: CTR -> "100"
 VOPEN> Attempting to open::w100.pdb::
 MAINIO> Sequence information being read from unit  90.
 TITLE>  *

          RESIDUE SEQUENCE --     1 RESIDUES
          TIP3
 VCLOSE: Closing unit   90 with status "KEEP"
  
 CHARMM>        gene @root@ctr setup first none last none nodihe noangl
 Parameter: ROOT -> "W"
 Parameter: CTR -> "100"
 NO PATCHING WILL BE DONE ON THE FIRST RESIDUE
 NO PATCHING WILL BE DONE ON THE LAST  RESIDUE
 GENPSF> Segment   6 has been generated. Its identifier is W100.
 PSFSUM> PSF modified: NONBOND lists and IMAGE atoms cleared.
 PSFSUM> Summary of the structure file counters :
         Number of segments      =        6   Number of residues   =     2459
         Number of atoms         =    18959   Number of groups     =     5809
         Number of bonds         =    19158   Number of angles     =    27849
         Number of dihedrals     =    38677   Number of impropers  =     2624
         Number of cross-terms   =      936
         Number of HB acceptors  =     2951   Number of HB donors  =     4672
         Number of NB exclusions =        0   Total charge =  -12.00000
  
 CHARMM>        incr ctr
 Parameter: CTR <- "101"
  
 CHARMM>    if @ctr .le. @last then goto loop
 Parameter: CTR -> "101"
 Parameter: LAST -> "104"
 Comparing "101" and "104".
 IF test evaluated as true.  Performing command
  
 CHARMM>        read sequ pdb  name @root@ctr.pdb
 Parameter: ROOT -> "W"
 Parameter: CTR -> "101"
 VOPEN> Attempting to open::w101.pdb::
 MAINIO> Sequence information being read from unit  90.
 TITLE>  *

          RESIDUE SEQUENCE --     1 RESIDUES
          TIP3
 VCLOSE: Closing unit   90 with status "KEEP"
  
 CHARMM>        gene @root@ctr setup first none last none nodihe noangl
 Parameter: ROOT -> "W"
 Parameter: CTR -> "101"
 NO PATCHING WILL BE DONE ON THE FIRST RESIDUE
 NO PATCHING WILL BE DONE ON THE LAST  RESIDUE
 GENPSF> Segment   7 has been generated. Its identifier is W101.
 PSFSUM> PSF modified: NONBOND lists and IMAGE atoms cleared.
 PSFSUM> Summary of the structure file counters :
         Number of segments      =        7   Number of residues   =     2460
         Number of atoms         =    18962   Number of groups     =     5810
         Number of bonds         =    19161   Number of angles     =    27850
         Number of dihedrals     =    38677   Number of impropers  =     2624
         Number of cross-terms   =      936
         Number of HB acceptors  =     2952   Number of HB donors  =     4674
         Number of NB exclusions =        0   Total charge =  -12.00000
  
 CHARMM>        incr ctr
 Parameter: CTR <- "102"
  
 CHARMM>    if @ctr .le. @last then goto loop
 Parameter: CTR -> "102"
 Parameter: LAST -> "104"
 Comparing "102" and "104".
 IF test evaluated as true.  Performing command
  
 CHARMM>        read sequ pdb  name @root@ctr.pdb
 Parameter: ROOT -> "W"
 Parameter: CTR -> "102"
 VOPEN> Attempting to open::w102.pdb::
 MAINIO> Sequence information being read from unit  90.
 TITLE>  *

          RESIDUE SEQUENCE --     1 RESIDUES
          TIP3
 VCLOSE: Closing unit   90 with status "KEEP"
  
 CHARMM>        gene @root@ctr setup first none last none nodihe noangl
 Parameter: ROOT -> "W"
 Parameter: CTR -> "102"
 NO PATCHING WILL BE DONE ON THE FIRST RESIDUE
 NO PATCHING WILL BE DONE ON THE LAST  RESIDUE
 GENPSF> Segment   8 has been generated. Its identifier is W102.
 PSFSUM> PSF modified: NONBOND lists and IMAGE atoms cleared.
 PSFSUM> Summary of the structure file counters :
         Number of segments      =        8   Number of residues   =     2461
         Number of atoms         =    18965   Number of groups     =     5811
         Number of bonds         =    19164   Number of angles     =    27851
         Number of dihedrals     =    38677   Number of impropers  =     2624
         Number of cross-terms   =      936
         Number of HB acceptors  =     2953   Number of HB donors  =     4676
         Number of NB exclusions =        0   Total charge =  -12.00000
  
 CHARMM>        incr ctr
 Parameter: CTR <- "103"
  
 CHARMM>    if @ctr .le. @last then goto loop
 Parameter: CTR -> "103"
 Parameter: LAST -> "104"
 Comparing "103" and "104".
 IF test evaluated as true.  Performing command
  
 CHARMM>        read sequ pdb  name @root@ctr.pdb
 Parameter: ROOT -> "W"
 Parameter: CTR -> "103"
 VOPEN> Attempting to open::w103.pdb::
 MAINIO> Sequence information being read from unit  90.
 TITLE>  *

          RESIDUE SEQUENCE --  9996 RESIDUES
          TIP3TIP3TIP3TIP3TIP3TIP3TIP3TIP3TIP3TIP3TIP3TIP3TIP3TIP3TIP3TIP3TIP3TIP3TIP3TIP3
          TIP3TIP3TIP3TIP3TIP3TIP3TIP3TIP3TIP3TIP3TIP3TIP3TIP3TIP3TIP3TIP3TIP3TIP3TIP3TIP3
          TIP3TIP3TIP3TIP3TIP3TIP3TIP3TIP3TIP3TIP3TIP3TIP3TIP3TIP3TIP3TIP3TIP3TIP3TIP3TIP3
          TIP3TIP3TIP3TIP3TIP3TIP3TIP3TIP3TIP3TIP3TIP3TIP3TIP3TIP3TIP3TIP3TIP3TIP3TIP3TIP3
          TIP3TIP3TIP3TIP3TIP3TIP3TIP3TIP3TIP3TIP3TIP3TIP3TIP3TIP3TIP3TIP3TIP3TIP3TIP3TIP3
          TIP3TIP3TIP3TIP3TIP3TIP3TIP3TIP3TIP3TIP3TIP3TIP3TIP3TIP3TIP3TIP3TIP3TIP3TIP3TIP3
          TIP3TIP3TIP3TIP3TIP3TIP3TIP3TIP3TIP3TIP3TIP3TIP3TIP3TIP3TIP3TIP3TIP3TIP3TIP3TIP3
          TIP3TIP3TIP3TIP3TIP3TIP3TIP3TIP3TIP3TIP3TIP3TIP3TIP3TIP3TIP3TIP3TIP3TIP3TIP3TIP3
          TIP3TIP3TIP3TIP3TIP3TIP3TIP3TIP3TIP3TIP3TIP3TIP3TIP3TIP3TIP3TIP3TIP3TIP3TIP3TIP3
          TIP3TIP3TIP3TIP3TIP3TIP3TIP3TIP3TIP3TIP3TIP3TIP3TIP3TIP3TIP3TIP3TIP3TIP3TIP3TIP3
          TIP3TIP3TIP3TIP3TIP3TIP3TIP3TIP3TIP3TIP3TIP3TIP3TIP3TIP3TIP3TIP3TIP3TIP3TIP3TIP3
          TIP3TIP3TIP3TIP3TIP3TIP3TIP3TIP3TIP3TIP3TIP3TIP3TIP3TIP3TIP3TIP3TIP3TIP3TIP3TIP3
          TIP3TIP3TIP3TIP3TIP3TIP3TIP3TIP3TIP3TIP3TIP3TIP3TIP3TIP3TIP3TIP3TIP3TIP3TIP3TIP3
          TIP3TIP3TIP3TIP3TIP3TIP3TIP3TIP3TIP3TIP3TIP3TIP3TIP3TIP3TIP3TIP3TIP3TIP3TIP3TIP3
          TIP3TIP3TIP3TIP3TIP3TIP3TIP3TIP3TIP3TIP3TIP3TIP3TIP3TIP3TIP3TIP3TIP3TIP3TIP3TIP3
          TIP3TIP3TIP3TIP3TIP3TIP3TIP3TIP3TIP3TIP3TIP3TIP3TIP3TIP3TIP3TIP3TIP3TIP3TIP3TIP3
          TIP3TIP3TIP3TIP3TIP3TIP3TIP3TIP3TIP3TIP3TIP3TIP3TIP3TIP3TIP3TIP3TIP3TIP3TIP3TIP3
          TIP3TIP3TIP3TIP3TIP3TIP3TIP3TIP3TIP3TIP3TIP3TIP3TIP3TIP3TIP3TIP3TIP3TIP3TIP3TIP3
          TIP3TIP3TIP3TIP3TIP3TIP3TIP3TIP3TIP3TIP3TIP3TIP3TIP3TIP3TIP3TIP3TIP3TIP3TIP3TIP3
          TIP3TIP3TIP3TIP3TIP3TIP3TIP3TIP3TIP3TIP3TIP3TIP3TIP3TIP3TIP3TIP3TIP3TIP3TIP3TIP3
          TIP3TIP3TIP3TIP3TIP3TIP3TIP3TIP3TIP3TIP3TIP3TIP3TIP3TIP3TIP3TIP3TIP3TIP3TIP3TIP3
          TIP3TIP3TIP3TIP3TIP3TIP3TIP3TIP3TIP3TIP3TIP3TIP3TIP3TIP3TIP3TIP3TIP3TIP3TIP3TIP3
          TIP3TIP3TIP3TIP3TIP3TIP3TIP3TIP3TIP3TIP3TIP3TIP3TIP3TIP3TIP3TIP3TIP3TIP3TIP3TIP3
          TIP3TIP3TIP3TIP3TIP3TIP3TIP3TIP3TIP3TIP3TIP3TIP3TIP3TIP3TIP3TIP3TIP3TIP3TIP3TIP3
          TIP3TIP3TIP3TIP3TIP3TIP3TIP3TIP3TIP3TIP3TIP3TIP3TIP3TIP3TIP3TIP3TIP3TIP3TIP3TIP3
          TIP3TIP3TIP3TIP3TIP3TIP3TIP3TIP3TIP3TIP3TIP3TIP3TIP3TIP3TIP3TIP3TIP3TIP3TIP3TIP3
          TIP3TIP3TIP3TIP3TIP3TIP3TIP3TIP3TIP3TIP3TIP3TIP3TIP3TIP3TIP3TIP3TIP3TIP3TIP3TIP3
          TIP3TIP3TIP3TIP3TIP3TIP3TIP3TIP3TIP3TIP3TIP3TIP3TIP3TIP3TIP3TIP3TIP3TIP3TIP3TIP3
          TIP3TIP3TIP3TIP3TIP3TIP3TIP3TIP3TIP3TIP3TIP3TIP3TIP3TIP3TIP3TIP3TIP3TIP3TIP3TIP3
          TIP3TIP3TIP3TIP3TIP3TIP3TIP3TIP3TIP3TIP3TIP3TIP3TIP3TIP3TIP3TIP3TIP3TIP3TIP3TIP3
          TIP3TIP3TIP3TIP3TIP3TIP3TIP3TIP3TIP3TIP3TIP3TIP3TIP3TIP3TIP3TIP3TIP3TIP3TIP3TIP3
          TIP3TIP3TIP3TIP3TIP3TIP3TIP3TIP3TIP3TIP3TIP3TIP3TIP3TIP3TIP3TIP3TIP3TIP3TIP3TIP3
          TIP3TIP3TIP3TIP3TIP3TIP3TIP3TIP3TIP3TIP3TIP3TIP3TIP3TIP3TIP3TIP3TIP3TIP3TIP3TIP3
          TIP3TIP3TIP3TIP3TIP3TIP3TIP3TIP3TIP3TIP3TIP3TIP3TIP3TIP3TIP3TIP3TIP3TIP3TIP3TIP3
          TIP3TIP3TIP3TIP3TIP3TIP3TIP3TIP3TIP3TIP3TIP3TIP3TIP3TIP3TIP3TIP3TIP3TIP3TIP3TIP3
          TIP3TIP3TIP3TIP3TIP3TIP3TIP3TIP3TIP3TIP3TIP3TIP3TIP3TIP3TIP3TIP3TIP3TIP3TIP3TIP3
          TIP3TIP3TIP3TIP3TIP3TIP3TIP3TIP3TIP3TIP3TIP3TIP3TIP3TIP3TIP3TIP3TIP3TIP3TIP3TIP3
          TIP3TIP3TIP3TIP3TIP3TIP3TIP3TIP3TIP3TIP3TIP3TIP3TIP3TIP3TIP3TIP3TIP3TIP3TIP3TIP3
          TIP3TIP3TIP3TIP3TIP3TIP3TIP3TIP3TIP3TIP3TIP3TIP3TIP3TIP3TIP3TIP3TIP3TIP3TIP3TIP3
          TIP3TIP3TIP3TIP3TIP3TIP3TIP3TIP3TIP3TIP3TIP3TIP3TIP3TIP3TIP3TIP3TIP3TIP3TIP3TIP3
          TIP3TIP3TIP3TIP3TIP3TIP3TIP3TIP3TIP3TIP3TIP3TIP3TIP3TIP3TIP3TIP3TIP3TIP3TIP3TIP3
          TIP3TIP3TIP3TIP3TIP3TIP3TIP3TIP3TIP3TIP3TIP3TIP3TIP3TIP3TIP3TIP3TIP3TIP3TIP3TIP3
          TIP3TIP3TIP3TIP3TIP3TIP3TIP3TIP3TIP3TIP3TIP3TIP3TIP3TIP3TIP3TIP3TIP3TIP3TIP3TIP3
          TIP3TIP3TIP3TIP3TIP3TIP3TIP3TIP3TIP3TIP3TIP3TIP3TIP3TIP3TIP3TIP3TIP3TIP3TIP3TIP3
          TIP3TIP3TIP3TIP3TIP3TIP3TIP3TIP3TIP3TIP3TIP3TIP3TIP3TIP3TIP3TIP3TIP3TIP3TIP3TIP3
          TIP3TIP3TIP3TIP3TIP3TIP3TIP3TIP3TIP3TIP3TIP3TIP3TIP3TIP3TIP3TIP3TIP3TIP3TIP3TIP3
          TIP3TIP3TIP3TIP3TIP3TIP3TIP3TIP3TIP3TIP3TIP3TIP3TIP3TIP3TIP3TIP3TIP3TIP3TIP3TIP3
          TIP3TIP3TIP3TIP3TIP3TIP3TIP3TIP3TIP3TIP3TIP3TIP3TIP3TIP3TIP3TIP3TIP3TIP3TIP3TIP3
          TIP3TIP3TIP3TIP3TIP3TIP3TIP3TIP3TIP3TIP3TIP3TIP3TIP3TIP3TIP3TIP3TIP3TIP3TIP3TIP3
          TIP3TIP3TIP3TIP3TIP3TIP3TIP3TIP3TIP3TIP3TIP3TIP3TIP3TIP3TIP3TIP3TIP3TIP3TIP3TIP3
          TIP3TIP3TIP3TIP3TIP3TIP3TIP3TIP3TIP3TIP3TIP3TIP3TIP3TIP3TIP3TIP3TIP3TIP3TIP3TIP3
          TIP3TIP3TIP3TIP3TIP3TIP3TIP3TIP3TIP3TIP3TIP3TIP3TIP3TIP3TIP3TIP3TIP3TIP3TIP3TIP3
          TIP3TIP3TIP3TIP3TIP3TIP3TIP3TIP3TIP3TIP3TIP3TIP3TIP3TIP3TIP3TIP3TIP3TIP3TIP3TIP3
          TIP3TIP3TIP3TIP3TIP3TIP3TIP3TIP3TIP3TIP3TIP3TIP3TIP3TIP3TIP3TIP3TIP3TIP3TIP3TIP3
          TIP3TIP3TIP3TIP3TIP3TIP3TIP3TIP3TIP3TIP3TIP3TIP3TIP3TIP3TIP3TIP3TIP3TIP3TIP3TIP3
          TIP3TIP3TIP3TIP3TIP3TIP3TIP3TIP3TIP3TIP3TIP3TIP3TIP3TIP3TIP3TIP3TIP3TIP3TIP3TIP3
          TIP3TIP3TIP3TIP3TIP3TIP3TIP3TIP3TIP3TIP3TIP3TIP3TIP3TIP3TIP3TIP3TIP3TIP3TIP3TIP3
          TIP3TIP3TIP3TIP3TIP3TIP3TIP3TIP3TIP3TIP3TIP3TIP3TIP3TIP3TIP3TIP3TIP3TIP3TIP3TIP3
          TIP3TIP3TIP3TIP3TIP3TIP3TIP3TIP3TIP3TIP3TIP3TIP3TIP3TIP3TIP3TIP3TIP3TIP3TIP3TIP3
          TIP3TIP3TIP3TIP3TIP3TIP3TIP3TIP3TIP3TIP3TIP3TIP3TIP3TIP3TIP3TIP3TIP3TIP3TIP3TIP3
          TIP3TIP3TIP3TIP3TIP3TIP3TIP3TIP3TIP3TIP3TIP3TIP3TIP3TIP3TIP3TIP3TIP3TIP3TIP3TIP3
          TIP3TIP3TIP3TIP3TIP3TIP3TIP3TIP3TIP3TIP3TIP3TIP3TIP3TIP3TIP3TIP3TIP3TIP3TIP3TIP3
          TIP3TIP3TIP3TIP3TIP3TIP3TIP3TIP3TIP3TIP3TIP3TIP3TIP3TIP3TIP3TIP3TIP3TIP3TIP3TIP3
          TIP3TIP3TIP3TIP3TIP3TIP3TIP3TIP3TIP3TIP3TIP3TIP3TIP3TIP3TIP3TIP3TIP3TIP3TIP3TIP3
          TIP3TIP3TIP3TIP3TIP3TIP3TIP3TIP3TIP3TIP3TIP3TIP3TIP3TIP3TIP3TIP3TIP3TIP3TIP3TIP3
          TIP3TIP3TIP3TIP3TIP3TIP3TIP3TIP3TIP3TIP3TIP3TIP3TIP3TIP3TIP3TIP3TIP3TIP3TIP3TIP3
          TIP3TIP3TIP3TIP3TIP3TIP3TIP3TIP3TIP3TIP3TIP3TIP3TIP3TIP3TIP3TIP3TIP3TIP3TIP3TIP3
          TIP3TIP3TIP3TIP3TIP3TIP3TIP3TIP3TIP3TIP3TIP3TIP3TIP3TIP3TIP3TIP3TIP3TIP3TIP3TIP3
          TIP3TIP3TIP3TIP3TIP3TIP3TIP3TIP3TIP3TIP3TIP3TIP3TIP3TIP3TIP3TIP3TIP3TIP3TIP3TIP3
          TIP3TIP3TIP3TIP3TIP3TIP3TIP3TIP3TIP3TIP3TIP3TIP3TIP3TIP3TIP3TIP3TIP3TIP3TIP3TIP3
          TIP3TIP3TIP3TIP3TIP3TIP3TIP3TIP3TIP3TIP3TIP3TIP3TIP3TIP3TIP3TIP3TIP3TIP3TIP3TIP3
          TIP3TIP3TIP3TIP3TIP3TIP3TIP3TIP3TIP3TIP3TIP3TIP3TIP3TIP3TIP3TIP3TIP3TIP3TIP3TIP3
          TIP3TIP3TIP3TIP3TIP3TIP3TIP3TIP3TIP3TIP3TIP3TIP3TIP3TIP3TIP3TIP3TIP3TIP3TIP3TIP3
          TIP3TIP3TIP3TIP3TIP3TIP3TIP3TIP3TIP3TIP3TIP3TIP3TIP3TIP3TIP3TIP3TIP3TIP3TIP3TIP3
          TIP3TIP3TIP3TIP3TIP3TIP3TIP3TIP3TIP3TIP3TIP3TIP3TIP3TIP3TIP3TIP3TIP3TIP3TIP3TIP3
          TIP3TIP3TIP3TIP3TIP3TIP3TIP3TIP3TIP3TIP3TIP3TIP3TIP3TIP3TIP3TIP3TIP3TIP3TIP3TIP3
          TIP3TIP3TIP3TIP3TIP3TIP3TIP3TIP3TIP3TIP3TIP3TIP3TIP3TIP3TIP3TIP3TIP3TIP3TIP3TIP3
          TIP3TIP3TIP3TIP3TIP3TIP3TIP3TIP3TIP3TIP3TIP3TIP3TIP3TIP3TIP3TIP3TIP3TIP3TIP3TIP3
          TIP3TIP3TIP3TIP3TIP3TIP3TIP3TIP3TIP3TIP3TIP3TIP3TIP3TIP3TIP3TIP3TIP3TIP3TIP3TIP3
          TIP3TIP3TIP3TIP3TIP3TIP3TIP3TIP3TIP3TIP3TIP3TIP3TIP3TIP3TIP3TIP3TIP3TIP3TIP3TIP3
          TIP3TIP3TIP3TIP3TIP3TIP3TIP3TIP3TIP3TIP3TIP3TIP3TIP3TIP3TIP3TIP3TIP3TIP3TIP3TIP3
          TIP3TIP3TIP3TIP3TIP3TIP3TIP3TIP3TIP3TIP3TIP3TIP3TIP3TIP3TIP3TIP3TIP3TIP3TIP3TIP3
          TIP3TIP3TIP3TIP3TIP3TIP3TIP3TIP3TIP3TIP3TIP3TIP3TIP3TIP3TIP3TIP3TIP3TIP3TIP3TIP3
          TIP3TIP3TIP3TIP3TIP3TIP3TIP3TIP3TIP3TIP3TIP3TIP3TIP3TIP3TIP3TIP3TIP3TIP3TIP3TIP3
          TIP3TIP3TIP3TIP3TIP3TIP3TIP3TIP3TIP3TIP3TIP3TIP3TIP3TIP3TIP3TIP3TIP3TIP3TIP3TIP3
          TIP3TIP3TIP3TIP3TIP3TIP3TIP3TIP3TIP3TIP3TIP3TIP3TIP3TIP3TIP3TIP3TIP3TIP3TIP3TIP3
          TIP3TIP3TIP3TIP3TIP3TIP3TIP3TIP3TIP3TIP3TIP3TIP3TIP3TIP3TIP3TIP3TIP3TIP3TIP3TIP3
          TIP3TIP3TIP3TIP3TIP3TIP3TIP3TIP3TIP3TIP3TIP3TIP3TIP3TIP3TIP3TIP3TIP3TIP3TIP3TIP3
          TIP3TIP3TIP3TIP3TIP3TIP3TIP3TIP3TIP3TIP3TIP3TIP3TIP3TIP3TIP3TIP3TIP3TIP3TIP3TIP3
          TIP3TIP3TIP3TIP3TIP3TIP3TIP3TIP3TIP3TIP3TIP3TIP3TIP3TIP3TIP3TIP3TIP3TIP3TIP3TIP3
          TIP3TIP3TIP3TIP3TIP3TIP3TIP3TIP3TIP3TIP3TIP3TIP3TIP3TIP3TIP3TIP3TIP3TIP3TIP3TIP3
          TIP3TIP3TIP3TIP3TIP3TIP3TIP3TIP3TIP3TIP3TIP3TIP3TIP3TIP3TIP3TIP3TIP3TIP3TIP3TIP3
          TIP3TIP3TIP3TIP3TIP3TIP3TIP3TIP3TIP3TIP3TIP3TIP3TIP3TIP3TIP3TIP3TIP3TIP3TIP3TIP3
          TIP3TIP3TIP3TIP3TIP3TIP3TIP3TIP3TIP3TIP3TIP3TIP3TIP3TIP3TIP3TIP3TIP3TIP3TIP3TIP3
          TIP3TIP3TIP3TIP3TIP3TIP3TIP3TIP3TIP3TIP3TIP3TIP3TIP3TIP3TIP3TIP3TIP3TIP3TIP3TIP3
          TIP3TIP3TIP3TIP3TIP3TIP3TIP3TIP3TIP3TIP3TIP3TIP3TIP3TIP3TIP3TIP3TIP3TIP3TIP3TIP3
          TIP3TIP3TIP3TIP3TIP3TIP3TIP3TIP3TIP3TIP3TIP3TIP3TIP3TIP3TIP3TIP3TIP3TIP3TIP3TIP3
          TIP3TIP3TIP3TIP3TIP3TIP3TIP3TIP3TIP3TIP3TIP3TIP3TIP3TIP3TIP3TIP3TIP3TIP3TIP3TIP3
          TIP3TIP3TIP3TIP3TIP3TIP3TIP3TIP3TIP3TIP3TIP3TIP3TIP3TIP3TIP3TIP3TIP3TIP3TIP3TIP3
          TIP3TIP3TIP3TIP3TIP3TIP3TIP3TIP3TIP3TIP3TIP3TIP3TIP3TIP3TIP3TIP3TIP3TIP3TIP3TIP3
          TIP3TIP3TIP3TIP3TIP3TIP3TIP3TIP3TIP3TIP3TIP3TIP3TIP3TIP3TIP3TIP3TIP3TIP3TIP3TIP3
          TIP3TIP3TIP3TIP3TIP3TIP3TIP3TIP3TIP3TIP3TIP3TIP3TIP3TIP3TIP3TIP3TIP3TIP3TIP3TIP3
          TIP3TIP3TIP3TIP3TIP3TIP3TIP3TIP3TIP3TIP3TIP3TIP3TIP3TIP3TIP3TIP3TIP3TIP3TIP3TIP3
          TIP3TIP3TIP3TIP3TIP3TIP3TIP3TIP3TIP3TIP3TIP3TIP3TIP3TIP3TIP3TIP3TIP3TIP3TIP3TIP3
          TIP3TIP3TIP3TIP3TIP3TIP3TIP3TIP3TIP3TIP3TIP3TIP3TIP3TIP3TIP3TIP3TIP3TIP3TIP3TIP3
          TIP3TIP3TIP3TIP3TIP3TIP3TIP3TIP3TIP3TIP3TIP3TIP3TIP3TIP3TIP3TIP3TIP3TIP3TIP3TIP3
          TIP3TIP3TIP3TIP3TIP3TIP3TIP3TIP3TIP3TIP3TIP3TIP3TIP3TIP3TIP3TIP3TIP3TIP3TIP3TIP3
          TIP3TIP3TIP3TIP3TIP3TIP3TIP3TIP3TIP3TIP3TIP3TIP3TIP3TIP3TIP3TIP3TIP3TIP3TIP3TIP3
          TIP3TIP3TIP3TIP3TIP3TIP3TIP3TIP3TIP3TIP3TIP3TIP3TIP3TIP3TIP3TIP3TIP3TIP3TIP3TIP3
          TIP3TIP3TIP3TIP3TIP3TIP3TIP3TIP3TIP3TIP3TIP3TIP3TIP3TIP3TIP3TIP3TIP3TIP3TIP3TIP3
          TIP3TIP3TIP3TIP3TIP3TIP3TIP3TIP3TIP3TIP3TIP3TIP3TIP3TIP3TIP3TIP3TIP3TIP3TIP3TIP3
          TIP3TIP3TIP3TIP3TIP3TIP3TIP3TIP3TIP3TIP3TIP3TIP3TIP3TIP3TIP3TIP3TIP3TIP3TIP3TIP3
          TIP3TIP3TIP3TIP3TIP3TIP3TIP3TIP3TIP3TIP3TIP3TIP3TIP3TIP3TIP3TIP3TIP3TIP3TIP3TIP3
          TIP3TIP3TIP3TIP3TIP3TIP3TIP3TIP3TIP3TIP3TIP3TIP3TIP3TIP3TIP3TIP3TIP3TIP3TIP3TIP3
          TIP3TIP3TIP3TIP3TIP3TIP3TIP3TIP3TIP3TIP3TIP3TIP3TIP3TIP3TIP3TIP3TIP3TIP3TIP3TIP3
          TIP3TIP3TIP3TIP3TIP3TIP3TIP3TIP3TIP3TIP3TIP3TIP3TIP3TIP3TIP3TIP3TIP3TIP3TIP3TIP3
          TIP3TIP3TIP3TIP3TIP3TIP3TIP3TIP3TIP3TIP3TIP3TIP3TIP3TIP3TIP3TIP3TIP3TIP3TIP3TIP3
          TIP3TIP3TIP3TIP3TIP3TIP3TIP3TIP3TIP3TIP3TIP3TIP3TIP3TIP3TIP3TIP3TIP3TIP3TIP3TIP3
          TIP3TIP3TIP3TIP3TIP3TIP3TIP3TIP3TIP3TIP3TIP3TIP3TIP3TIP3TIP3TIP3TIP3TIP3TIP3TIP3
          TIP3TIP3TIP3TIP3TIP3TIP3TIP3TIP3TIP3TIP3TIP3TIP3TIP3TIP3TIP3TIP3TIP3TIP3TIP3TIP3
          TIP3TIP3TIP3TIP3TIP3TIP3TIP3TIP3TIP3TIP3TIP3TIP3TIP3TIP3TIP3TIP3TIP3TIP3TIP3TIP3
          TIP3TIP3TIP3TIP3TIP3TIP3TIP3TIP3TIP3TIP3TIP3TIP3TIP3TIP3TIP3TIP3TIP3TIP3TIP3TIP3
          TIP3TIP3TIP3TIP3TIP3TIP3TIP3TIP3TIP3TIP3TIP3TIP3TIP3TIP3TIP3TIP3TIP3TIP3TIP3TIP3
          TIP3TIP3TIP3TIP3TIP3TIP3TIP3TIP3TIP3TIP3TIP3TIP3TIP3TIP3TIP3TIP3TIP3TIP3TIP3TIP3
          TIP3TIP3TIP3TIP3TIP3TIP3TIP3TIP3TIP3TIP3TIP3TIP3TIP3TIP3TIP3TIP3TIP3TIP3TIP3TIP3
          TIP3TIP3TIP3TIP3TIP3TIP3TIP3TIP3TIP3TIP3TIP3TIP3TIP3TIP3TIP3TIP3TIP3TIP3TIP3TIP3
          TIP3TIP3TIP3TIP3TIP3TIP3TIP3TIP3TIP3TIP3TIP3TIP3TIP3TIP3TIP3TIP3TIP3TIP3TIP3TIP3
          TIP3TIP3TIP3TIP3TIP3TIP3TIP3TIP3TIP3TIP3TIP3TIP3TIP3TIP3TIP3TIP3TIP3TIP3TIP3TIP3
          TIP3TIP3TIP3TIP3TIP3TIP3TIP3TIP3TIP3TIP3TIP3TIP3TIP3TIP3TIP3TIP3TIP3TIP3TIP3TIP3
          TIP3TIP3TIP3TIP3TIP3TIP3TIP3TIP3TIP3TIP3TIP3TIP3TIP3TIP3TIP3TIP3TIP3TIP3TIP3TIP3
          TIP3TIP3TIP3TIP3TIP3TIP3TIP3TIP3TIP3TIP3TIP3TIP3TIP3TIP3TIP3TIP3TIP3TIP3TIP3TIP3
          TIP3TIP3TIP3TIP3TIP3TIP3TIP3TIP3TIP3TIP3TIP3TIP3TIP3TIP3TIP3TIP3TIP3TIP3TIP3TIP3
          TIP3TIP3TIP3TIP3TIP3TIP3TIP3TIP3TIP3TIP3TIP3TIP3TIP3TIP3TIP3TIP3TIP3TIP3TIP3TIP3
          TIP3TIP3TIP3TIP3TIP3TIP3TIP3TIP3TIP3TIP3TIP3TIP3TIP3TIP3TIP3TIP3TIP3TIP3TIP3TIP3
          TIP3TIP3TIP3TIP3TIP3TIP3TIP3TIP3TIP3TIP3TIP3TIP3TIP3TIP3TIP3TIP3TIP3TIP3TIP3TIP3
          TIP3TIP3TIP3TIP3TIP3TIP3TIP3TIP3TIP3TIP3TIP3TIP3TIP3TIP3TIP3TIP3TIP3TIP3TIP3TIP3
          TIP3TIP3TIP3TIP3TIP3TIP3TIP3TIP3TIP3TIP3TIP3TIP3TIP3TIP3TIP3TIP3TIP3TIP3TIP3TIP3
          TIP3TIP3TIP3TIP3TIP3TIP3TIP3TIP3TIP3TIP3TIP3TIP3TIP3TIP3TIP3TIP3TIP3TIP3TIP3TIP3
          TIP3TIP3TIP3TIP3TIP3TIP3TIP3TIP3TIP3TIP3TIP3TIP3TIP3TIP3TIP3TIP3TIP3TIP3TIP3TIP3
          TIP3TIP3TIP3TIP3TIP3TIP3TIP3TIP3TIP3TIP3TIP3TIP3TIP3TIP3TIP3TIP3TIP3TIP3TIP3TIP3
          TIP3TIP3TIP3TIP3TIP3TIP3TIP3TIP3TIP3TIP3TIP3TIP3TIP3TIP3TIP3TIP3TIP3TIP3TIP3TIP3
          TIP3TIP3TIP3TIP3TIP3TIP3TIP3TIP3TIP3TIP3TIP3TIP3TIP3TIP3TIP3TIP3TIP3TIP3TIP3TIP3
          TIP3TIP3TIP3TIP3TIP3TIP3TIP3TIP3TIP3TIP3TIP3TIP3TIP3TIP3TIP3TIP3TIP3TIP3TIP3TIP3
          TIP3TIP3TIP3TIP3TIP3TIP3TIP3TIP3TIP3TIP3TIP3TIP3TIP3TIP3TIP3TIP3TIP3TIP3TIP3TIP3
          TIP3TIP3TIP3TIP3TIP3TIP3TIP3TIP3TIP3TIP3TIP3TIP3TIP3TIP3TIP3TIP3TIP3TIP3TIP3TIP3
          TIP3TIP3TIP3TIP3TIP3TIP3TIP3TIP3TIP3TIP3TIP3TIP3TIP3TIP3TIP3TIP3TIP3TIP3TIP3TIP3
          TIP3TIP3TIP3TIP3TIP3TIP3TIP3TIP3TIP3TIP3TIP3TIP3TIP3TIP3TIP3TIP3TIP3TIP3TIP3TIP3
          TIP3TIP3TIP3TIP3TIP3TIP3TIP3TIP3TIP3TIP3TIP3TIP3TIP3TIP3TIP3TIP3TIP3TIP3TIP3TIP3
          TIP3TIP3TIP3TIP3TIP3TIP3TIP3TIP3TIP3TIP3TIP3TIP3TIP3TIP3TIP3TIP3TIP3TIP3TIP3TIP3
          TIP3TIP3TIP3TIP3TIP3TIP3TIP3TIP3TIP3TIP3TIP3TIP3TIP3TIP3TIP3TIP3TIP3TIP3TIP3TIP3
          TIP3TIP3TIP3TIP3TIP3TIP3TIP3TIP3TIP3TIP3TIP3TIP3TIP3TIP3TIP3TIP3TIP3TIP3TIP3TIP3
          TIP3TIP3TIP3TIP3TIP3TIP3TIP3TIP3TIP3TIP3TIP3TIP3TIP3TIP3TIP3TIP3TIP3TIP3TIP3TIP3
          TIP3TIP3TIP3TIP3TIP3TIP3TIP3TIP3TIP3TIP3TIP3TIP3TIP3TIP3TIP3TIP3TIP3TIP3TIP3TIP3
          TIP3TIP3TIP3TIP3TIP3TIP3TIP3TIP3TIP3TIP3TIP3TIP3TIP3TIP3TIP3TIP3TIP3TIP3TIP3TIP3
          TIP3TIP3TIP3TIP3TIP3TIP3TIP3TIP3TIP3TIP3TIP3TIP3TIP3TIP3TIP3TIP3TIP3TIP3TIP3TIP3
          TIP3TIP3TIP3TIP3TIP3TIP3TIP3TIP3TIP3TIP3TIP3TIP3TIP3TIP3TIP3TIP3TIP3TIP3TIP3TIP3
          TIP3TIP3TIP3TIP3TIP3TIP3TIP3TIP3TIP3TIP3TIP3TIP3TIP3TIP3TIP3TIP3TIP3TIP3TIP3TIP3
          TIP3TIP3TIP3TIP3TIP3TIP3TIP3TIP3TIP3TIP3TIP3TIP3TIP3TIP3TIP3TIP3TIP3TIP3TIP3TIP3
          TIP3TIP3TIP3TIP3TIP3TIP3TIP3TIP3TIP3TIP3TIP3TIP3TIP3TIP3TIP3TIP3TIP3TIP3TIP3TIP3
          TIP3TIP3TIP3TIP3TIP3TIP3TIP3TIP3TIP3TIP3TIP3TIP3TIP3TIP3TIP3TIP3TIP3TIP3TIP3TIP3
          TIP3TIP3TIP3TIP3TIP3TIP3TIP3TIP3TIP3TIP3TIP3TIP3TIP3TIP3TIP3TIP3TIP3TIP3TIP3TIP3
          TIP3TIP3TIP3TIP3TIP3TIP3TIP3TIP3TIP3TIP3TIP3TIP3TIP3TIP3TIP3TIP3TIP3TIP3TIP3TIP3
          TIP3TIP3TIP3TIP3TIP3TIP3TIP3TIP3TIP3TIP3TIP3TIP3TIP3TIP3TIP3TIP3TIP3TIP3TIP3TIP3
          TIP3TIP3TIP3TIP3TIP3TIP3TIP3TIP3TIP3TIP3TIP3TIP3TIP3TIP3TIP3TIP3TIP3TIP3TIP3TIP3
          TIP3TIP3TIP3TIP3TIP3TIP3TIP3TIP3TIP3TIP3TIP3TIP3TIP3TIP3TIP3TIP3TIP3TIP3TIP3TIP3
          TIP3TIP3TIP3TIP3TIP3TIP3TIP3TIP3TIP3TIP3TIP3TIP3TIP3TIP3TIP3TIP3TIP3TIP3TIP3TIP3
          TIP3TIP3TIP3TIP3TIP3TIP3TIP3TIP3TIP3TIP3TIP3TIP3TIP3TIP3TIP3TIP3TIP3TIP3TIP3TIP3
          TIP3TIP3TIP3TIP3TIP3TIP3TIP3TIP3TIP3TIP3TIP3TIP3TIP3TIP3TIP3TIP3TIP3TIP3TIP3TIP3
          TIP3TIP3TIP3TIP3TIP3TIP3TIP3TIP3TIP3TIP3TIP3TIP3TIP3TIP3TIP3TIP3TIP3TIP3TIP3TIP3
          TIP3TIP3TIP3TIP3TIP3TIP3TIP3TIP3TIP3TIP3TIP3TIP3TIP3TIP3TIP3TIP3TIP3TIP3TIP3TIP3
          TIP3TIP3TIP3TIP3TIP3TIP3TIP3TIP3TIP3TIP3TIP3TIP3TIP3TIP3TIP3TIP3TIP3TIP3TIP3TIP3
          TIP3TIP3TIP3TIP3TIP3TIP3TIP3TIP3TIP3TIP3TIP3TIP3TIP3TIP3TIP3TIP3TIP3TIP3TIP3TIP3
          TIP3TIP3TIP3TIP3TIP3TIP3TIP3TIP3TIP3TIP3TIP3TIP3TIP3TIP3TIP3TIP3TIP3TIP3TIP3TIP3
          TIP3TIP3TIP3TIP3TIP3TIP3TIP3TIP3TIP3TIP3TIP3TIP3TIP3TIP3TIP3TIP3TIP3TIP3TIP3TIP3
          TIP3TIP3TIP3TIP3TIP3TIP3TIP3TIP3TIP3TIP3TIP3TIP3TIP3TIP3TIP3TIP3TIP3TIP3TIP3TIP3
          TIP3TIP3TIP3TIP3TIP3TIP3TIP3TIP3TIP3TIP3TIP3TIP3TIP3TIP3TIP3TIP3TIP3TIP3TIP3TIP3
          TIP3TIP3TIP3TIP3TIP3TIP3TIP3TIP3TIP3TIP3TIP3TIP3TIP3TIP3TIP3TIP3TIP3TIP3TIP3TIP3
          TIP3TIP3TIP3TIP3TIP3TIP3TIP3TIP3TIP3TIP3TIP3TIP3TIP3TIP3TIP3TIP3TIP3TIP3TIP3TIP3
          TIP3TIP3TIP3TIP3TIP3TIP3TIP3TIP3TIP3TIP3TIP3TIP3TIP3TIP3TIP3TIP3TIP3TIP3TIP3TIP3
          TIP3TIP3TIP3TIP3TIP3TIP3TIP3TIP3TIP3TIP3TIP3TIP3TIP3TIP3TIP3TIP3TIP3TIP3TIP3TIP3
          TIP3TIP3TIP3TIP3TIP3TIP3TIP3TIP3TIP3TIP3TIP3TIP3TIP3TIP3TIP3TIP3TIP3TIP3TIP3TIP3
          TIP3TIP3TIP3TIP3TIP3TIP3TIP3TIP3TIP3TIP3TIP3TIP3TIP3TIP3TIP3TIP3TIP3TIP3TIP3TIP3
          TIP3TIP3TIP3TIP3TIP3TIP3TIP3TIP3TIP3TIP3TIP3TIP3TIP3TIP3TIP3TIP3TIP3TIP3TIP3TIP3
          TIP3TIP3TIP3TIP3TIP3TIP3TIP3TIP3TIP3TIP3TIP3TIP3TIP3TIP3TIP3TIP3TIP3TIP3TIP3TIP3
          TIP3TIP3TIP3TIP3TIP3TIP3TIP3TIP3TIP3TIP3TIP3TIP3TIP3TIP3TIP3TIP3TIP3TIP3TIP3TIP3
          TIP3TIP3TIP3TIP3TIP3TIP3TIP3TIP3TIP3TIP3TIP3TIP3TIP3TIP3TIP3TIP3TIP3TIP3TIP3TIP3
          TIP3TIP3TIP3TIP3TIP3TIP3TIP3TIP3TIP3TIP3TIP3TIP3TIP3TIP3TIP3TIP3TIP3TIP3TIP3TIP3
          TIP3TIP3TIP3TIP3TIP3TIP3TIP3TIP3TIP3TIP3TIP3TIP3TIP3TIP3TIP3TIP3TIP3TIP3TIP3TIP3
          TIP3TIP3TIP3TIP3TIP3TIP3TIP3TIP3TIP3TIP3TIP3TIP3TIP3TIP3TIP3TIP3TIP3TIP3TIP3TIP3
          TIP3TIP3TIP3TIP3TIP3TIP3TIP3TIP3TIP3TIP3TIP3TIP3TIP3TIP3TIP3TIP3TIP3TIP3TIP3TIP3
          TIP3TIP3TIP3TIP3TIP3TIP3TIP3TIP3TIP3TIP3TIP3TIP3TIP3TIP3TIP3TIP3TIP3TIP3TIP3TIP3
          TIP3TIP3TIP3TIP3TIP3TIP3TIP3TIP3TIP3TIP3TIP3TIP3TIP3TIP3TIP3TIP3TIP3TIP3TIP3TIP3
          TIP3TIP3TIP3TIP3TIP3TIP3TIP3TIP3TIP3TIP3TIP3TIP3TIP3TIP3TIP3TIP3TIP3TIP3TIP3TIP3
          TIP3TIP3TIP3TIP3TIP3TIP3TIP3TIP3TIP3TIP3TIP3TIP3TIP3TIP3TIP3TIP3TIP3TIP3TIP3TIP3
          TIP3TIP3TIP3TIP3TIP3TIP3TIP3TIP3TIP3TIP3TIP3TIP3TIP3TIP3TIP3TIP3TIP3TIP3TIP3TIP3
          TIP3TIP3TIP3TIP3TIP3TIP3TIP3TIP3TIP3TIP3TIP3TIP3TIP3TIP3TIP3TIP3TIP3TIP3TIP3TIP3
          TIP3TIP3TIP3TIP3TIP3TIP3TIP3TIP3TIP3TIP3TIP3TIP3TIP3TIP3TIP3TIP3TIP3TIP3TIP3TIP3
          TIP3TIP3TIP3TIP3TIP3TIP3TIP3TIP3TIP3TIP3TIP3TIP3TIP3TIP3TIP3TIP3TIP3TIP3TIP3TIP3
          TIP3TIP3TIP3TIP3TIP3TIP3TIP3TIP3TIP3TIP3TIP3TIP3TIP3TIP3TIP3TIP3TIP3TIP3TIP3TIP3
          TIP3TIP3TIP3TIP3TIP3TIP3TIP3TIP3TIP3TIP3TIP3TIP3TIP3TIP3TIP3TIP3TIP3TIP3TIP3TIP3
          TIP3TIP3TIP3TIP3TIP3TIP3TIP3TIP3TIP3TIP3TIP3TIP3TIP3TIP3TIP3TIP3TIP3TIP3TIP3TIP3
          TIP3TIP3TIP3TIP3TIP3TIP3TIP3TIP3TIP3TIP3TIP3TIP3TIP3TIP3TIP3TIP3TIP3TIP3TIP3TIP3
          TIP3TIP3TIP3TIP3TIP3TIP3TIP3TIP3TIP3TIP3TIP3TIP3TIP3TIP3TIP3TIP3TIP3TIP3TIP3TIP3
          TIP3TIP3TIP3TIP3TIP3TIP3TIP3TIP3TIP3TIP3TIP3TIP3TIP3TIP3TIP3TIP3TIP3TIP3TIP3TIP3
          TIP3TIP3TIP3TIP3TIP3TIP3TIP3TIP3TIP3TIP3TIP3TIP3TIP3TIP3TIP3TIP3TIP3TIP3TIP3TIP3
          TIP3TIP3TIP3TIP3TIP3TIP3TIP3TIP3TIP3TIP3TIP3TIP3TIP3TIP3TIP3TIP3TIP3TIP3TIP3TIP3
          TIP3TIP3TIP3TIP3TIP3TIP3TIP3TIP3TIP3TIP3TIP3TIP3TIP3TIP3TIP3TIP3TIP3TIP3TIP3TIP3
          TIP3TIP3TIP3TIP3TIP3TIP3TIP3TIP3TIP3TIP3TIP3TIP3TIP3TIP3TIP3TIP3TIP3TIP3TIP3TIP3
          TIP3TIP3TIP3TIP3TIP3TIP3TIP3TIP3TIP3TIP3TIP3TIP3TIP3TIP3TIP3TIP3TIP3TIP3TIP3TIP3
          TIP3TIP3TIP3TIP3TIP3TIP3TIP3TIP3TIP3TIP3TIP3TIP3TIP3TIP3TIP3TIP3TIP3TIP3TIP3TIP3
          TIP3TIP3TIP3TIP3TIP3TIP3TIP3TIP3TIP3TIP3TIP3TIP3TIP3TIP3TIP3TIP3TIP3TIP3TIP3TIP3
          TIP3TIP3TIP3TIP3TIP3TIP3TIP3TIP3TIP3TIP3TIP3TIP3TIP3TIP3TIP3TIP3TIP3TIP3TIP3TIP3
          TIP3TIP3TIP3TIP3TIP3TIP3TIP3TIP3TIP3TIP3TIP3TIP3TIP3TIP3TIP3TIP3TIP3TIP3TIP3TIP3
          TIP3TIP3TIP3TIP3TIP3TIP3TIP3TIP3TIP3TIP3TIP3TIP3TIP3TIP3TIP3TIP3TIP3TIP3TIP3TIP3
          TIP3TIP3TIP3TIP3TIP3TIP3TIP3TIP3TIP3TIP3TIP3TIP3TIP3TIP3TIP3TIP3TIP3TIP3TIP3TIP3
          TIP3TIP3TIP3TIP3TIP3TIP3TIP3TIP3TIP3TIP3TIP3TIP3TIP3TIP3TIP3TIP3TIP3TIP3TIP3TIP3
          TIP3TIP3TIP3TIP3TIP3TIP3TIP3TIP3TIP3TIP3TIP3TIP3TIP3TIP3TIP3TIP3TIP3TIP3TIP3TIP3
          TIP3TIP3TIP3TIP3TIP3TIP3TIP3TIP3TIP3TIP3TIP3TIP3TIP3TIP3TIP3TIP3TIP3TIP3TIP3TIP3
          TIP3TIP3TIP3TIP3TIP3TIP3TIP3TIP3TIP3TIP3TIP3TIP3TIP3TIP3TIP3TIP3TIP3TIP3TIP3TIP3
          TIP3TIP3TIP3TIP3TIP3TIP3TIP3TIP3TIP3TIP3TIP3TIP3TIP3TIP3TIP3TIP3TIP3TIP3TIP3TIP3
          TIP3TIP3TIP3TIP3TIP3TIP3TIP3TIP3TIP3TIP3TIP3TIP3TIP3TIP3TIP3TIP3TIP3TIP3TIP3TIP3
          TIP3TIP3TIP3TIP3TIP3TIP3TIP3TIP3TIP3TIP3TIP3TIP3TIP3TIP3TIP3TIP3TIP3TIP3TIP3TIP3
          TIP3TIP3TIP3TIP3TIP3TIP3TIP3TIP3TIP3TIP3TIP3TIP3TIP3TIP3TIP3TIP3TIP3TIP3TIP3TIP3
          TIP3TIP3TIP3TIP3TIP3TIP3TIP3TIP3TIP3TIP3TIP3TIP3TIP3TIP3TIP3TIP3TIP3TIP3TIP3TIP3
          TIP3TIP3TIP3TIP3TIP3TIP3TIP3TIP3TIP3TIP3TIP3TIP3TIP3TIP3TIP3TIP3TIP3TIP3TIP3TIP3
          TIP3TIP3TIP3TIP3TIP3TIP3TIP3TIP3TIP3TIP3TIP3TIP3TIP3TIP3TIP3TIP3TIP3TIP3TIP3TIP3
          TIP3TIP3TIP3TIP3TIP3TIP3TIP3TIP3TIP3TIP3TIP3TIP3TIP3TIP3TIP3TIP3TIP3TIP3TIP3TIP3
          TIP3TIP3TIP3TIP3TIP3TIP3TIP3TIP3TIP3TIP3TIP3TIP3TIP3TIP3TIP3TIP3TIP3TIP3TIP3TIP3
          TIP3TIP3TIP3TIP3TIP3TIP3TIP3TIP3TIP3TIP3TIP3TIP3TIP3TIP3TIP3TIP3TIP3TIP3TIP3TIP3
          TIP3TIP3TIP3TIP3TIP3TIP3TIP3TIP3TIP3TIP3TIP3TIP3TIP3TIP3TIP3TIP3TIP3TIP3TIP3TIP3
          TIP3TIP3TIP3TIP3TIP3TIP3TIP3TIP3TIP3TIP3TIP3TIP3TIP3TIP3TIP3TIP3TIP3TIP3TIP3TIP3
          TIP3TIP3TIP3TIP3TIP3TIP3TIP3TIP3TIP3TIP3TIP3TIP3TIP3TIP3TIP3TIP3TIP3TIP3TIP3TIP3
          TIP3TIP3TIP3TIP3TIP3TIP3TIP3TIP3TIP3TIP3TIP3TIP3TIP3TIP3TIP3TIP3TIP3TIP3TIP3TIP3
          TIP3TIP3TIP3TIP3TIP3TIP3TIP3TIP3TIP3TIP3TIP3TIP3TIP3TIP3TIP3TIP3TIP3TIP3TIP3TIP3
          TIP3TIP3TIP3TIP3TIP3TIP3TIP3TIP3TIP3TIP3TIP3TIP3TIP3TIP3TIP3TIP3TIP3TIP3TIP3TIP3
          TIP3TIP3TIP3TIP3TIP3TIP3TIP3TIP3TIP3TIP3TIP3TIP3TIP3TIP3TIP3TIP3TIP3TIP3TIP3TIP3
          TIP3TIP3TIP3TIP3TIP3TIP3TIP3TIP3TIP3TIP3TIP3TIP3TIP3TIP3TIP3TIP3TIP3TIP3TIP3TIP3
          TIP3TIP3TIP3TIP3TIP3TIP3TIP3TIP3TIP3TIP3TIP3TIP3TIP3TIP3TIP3TIP3TIP3TIP3TIP3TIP3
          TIP3TIP3TIP3TIP3TIP3TIP3TIP3TIP3TIP3TIP3TIP3TIP3TIP3TIP3TIP3TIP3TIP3TIP3TIP3TIP3
          TIP3TIP3TIP3TIP3TIP3TIP3TIP3TIP3TIP3TIP3TIP3TIP3TIP3TIP3TIP3TIP3TIP3TIP3TIP3TIP3
          TIP3TIP3TIP3TIP3TIP3TIP3TIP3TIP3TIP3TIP3TIP3TIP3TIP3TIP3TIP3TIP3TIP3TIP3TIP3TIP3
          TIP3TIP3TIP3TIP3TIP3TIP3TIP3TIP3TIP3TIP3TIP3TIP3TIP3TIP3TIP3TIP3TIP3TIP3TIP3TIP3
          TIP3TIP3TIP3TIP3TIP3TIP3TIP3TIP3TIP3TIP3TIP3TIP3TIP3TIP3TIP3TIP3TIP3TIP3TIP3TIP3
          TIP3TIP3TIP3TIP3TIP3TIP3TIP3TIP3TIP3TIP3TIP3TIP3TIP3TIP3TIP3TIP3TIP3TIP3TIP3TIP3
          TIP3TIP3TIP3TIP3TIP3TIP3TIP3TIP3TIP3TIP3TIP3TIP3TIP3TIP3TIP3TIP3TIP3TIP3TIP3TIP3
          TIP3TIP3TIP3TIP3TIP3TIP3TIP3TIP3TIP3TIP3TIP3TIP3TIP3TIP3TIP3TIP3TIP3TIP3TIP3TIP3
          TIP3TIP3TIP3TIP3TIP3TIP3TIP3TIP3TIP3TIP3TIP3TIP3TIP3TIP3TIP3TIP3TIP3TIP3TIP3TIP3
          TIP3TIP3TIP3TIP3TIP3TIP3TIP3TIP3TIP3TIP3TIP3TIP3TIP3TIP3TIP3TIP3TIP3TIP3TIP3TIP3
          TIP3TIP3TIP3TIP3TIP3TIP3TIP3TIP3TIP3TIP3TIP3TIP3TIP3TIP3TIP3TIP3TIP3TIP3TIP3TIP3
          TIP3TIP3TIP3TIP3TIP3TIP3TIP3TIP3TIP3TIP3TIP3TIP3TIP3TIP3TIP3TIP3TIP3TIP3TIP3TIP3
          TIP3TIP3TIP3TIP3TIP3TIP3TIP3TIP3TIP3TIP3TIP3TIP3TIP3TIP3TIP3TIP3TIP3TIP3TIP3TIP3
          TIP3TIP3TIP3TIP3TIP3TIP3TIP3TIP3TIP3TIP3TIP3TIP3TIP3TIP3TIP3TIP3TIP3TIP3TIP3TIP3
          TIP3TIP3TIP3TIP3TIP3TIP3TIP3TIP3TIP3TIP3TIP3TIP3TIP3TIP3TIP3TIP3TIP3TIP3TIP3TIP3
          TIP3TIP3TIP3TIP3TIP3TIP3TIP3TIP3TIP3TIP3TIP3TIP3TIP3TIP3TIP3TIP3TIP3TIP3TIP3TIP3
          TIP3TIP3TIP3TIP3TIP3TIP3TIP3TIP3TIP3TIP3TIP3TIP3TIP3TIP3TIP3TIP3TIP3TIP3TIP3TIP3
          TIP3TIP3TIP3TIP3TIP3TIP3TIP3TIP3TIP3TIP3TIP3TIP3TIP3TIP3TIP3TIP3TIP3TIP3TIP3TIP3
          TIP3TIP3TIP3TIP3TIP3TIP3TIP3TIP3TIP3TIP3TIP3TIP3TIP3TIP3TIP3TIP3TIP3TIP3TIP3TIP3
          TIP3TIP3TIP3TIP3TIP3TIP3TIP3TIP3TIP3TIP3TIP3TIP3TIP3TIP3TIP3TIP3TIP3TIP3TIP3TIP3
          TIP3TIP3TIP3TIP3TIP3TIP3TIP3TIP3TIP3TIP3TIP3TIP3TIP3TIP3TIP3TIP3TIP3TIP3TIP3TIP3
          TIP3TIP3TIP3TIP3TIP3TIP3TIP3TIP3TIP3TIP3TIP3TIP3TIP3TIP3TIP3TIP3TIP3TIP3TIP3TIP3
          TIP3TIP3TIP3TIP3TIP3TIP3TIP3TIP3TIP3TIP3TIP3TIP3TIP3TIP3TIP3TIP3TIP3TIP3TIP3TIP3
          TIP3TIP3TIP3TIP3TIP3TIP3TIP3TIP3TIP3TIP3TIP3TIP3TIP3TIP3TIP3TIP3TIP3TIP3TIP3TIP3
          TIP3TIP3TIP3TIP3TIP3TIP3TIP3TIP3TIP3TIP3TIP3TIP3TIP3TIP3TIP3TIP3TIP3TIP3TIP3TIP3
          TIP3TIP3TIP3TIP3TIP3TIP3TIP3TIP3TIP3TIP3TIP3TIP3TIP3TIP3TIP3TIP3TIP3TIP3TIP3TIP3
          TIP3TIP3TIP3TIP3TIP3TIP3TIP3TIP3TIP3TIP3TIP3TIP3TIP3TIP3TIP3TIP3TIP3TIP3TIP3TIP3
          TIP3TIP3TIP3TIP3TIP3TIP3TIP3TIP3TIP3TIP3TIP3TIP3TIP3TIP3TIP3TIP3TIP3TIP3TIP3TIP3
          TIP3TIP3TIP3TIP3TIP3TIP3TIP3TIP3TIP3TIP3TIP3TIP3TIP3TIP3TIP3TIP3TIP3TIP3TIP3TIP3
          TIP3TIP3TIP3TIP3TIP3TIP3TIP3TIP3TIP3TIP3TIP3TIP3TIP3TIP3TIP3TIP3TIP3TIP3TIP3TIP3
          TIP3TIP3TIP3TIP3TIP3TIP3TIP3TIP3TIP3TIP3TIP3TIP3TIP3TIP3TIP3TIP3TIP3TIP3TIP3TIP3
          TIP3TIP3TIP3TIP3TIP3TIP3TIP3TIP3TIP3TIP3TIP3TIP3TIP3TIP3TIP3TIP3TIP3TIP3TIP3TIP3
          TIP3TIP3TIP3TIP3TIP3TIP3TIP3TIP3TIP3TIP3TIP3TIP3TIP3TIP3TIP3TIP3TIP3TIP3TIP3TIP3
          TIP3TIP3TIP3TIP3TIP3TIP3TIP3TIP3TIP3TIP3TIP3TIP3TIP3TIP3TIP3TIP3TIP3TIP3TIP3TIP3
          TIP3TIP3TIP3TIP3TIP3TIP3TIP3TIP3TIP3TIP3TIP3TIP3TIP3TIP3TIP3TIP3TIP3TIP3TIP3TIP3
          TIP3TIP3TIP3TIP3TIP3TIP3TIP3TIP3TIP3TIP3TIP3TIP3TIP3TIP3TIP3TIP3TIP3TIP3TIP3TIP3
          TIP3TIP3TIP3TIP3TIP3TIP3TIP3TIP3TIP3TIP3TIP3TIP3TIP3TIP3TIP3TIP3TIP3TIP3TIP3TIP3
          TIP3TIP3TIP3TIP3TIP3TIP3TIP3TIP3TIP3TIP3TIP3TIP3TIP3TIP3TIP3TIP3TIP3TIP3TIP3TIP3
          TIP3TIP3TIP3TIP3TIP3TIP3TIP3TIP3TIP3TIP3TIP3TIP3TIP3TIP3TIP3TIP3TIP3TIP3TIP3TIP3
          TIP3TIP3TIP3TIP3TIP3TIP3TIP3TIP3TIP3TIP3TIP3TIP3TIP3TIP3TIP3TIP3TIP3TIP3TIP3TIP3
          TIP3TIP3TIP3TIP3TIP3TIP3TIP3TIP3TIP3TIP3TIP3TIP3TIP3TIP3TIP3TIP3TIP3TIP3TIP3TIP3
          TIP3TIP3TIP3TIP3TIP3TIP3TIP3TIP3TIP3TIP3TIP3TIP3TIP3TIP3TIP3TIP3TIP3TIP3TIP3TIP3
          TIP3TIP3TIP3TIP3TIP3TIP3TIP3TIP3TIP3TIP3TIP3TIP3TIP3TIP3TIP3TIP3TIP3TIP3TIP3TIP3
          TIP3TIP3TIP3TIP3TIP3TIP3TIP3TIP3TIP3TIP3TIP3TIP3TIP3TIP3TIP3TIP3TIP3TIP3TIP3TIP3
          TIP3TIP3TIP3TIP3TIP3TIP3TIP3TIP3TIP3TIP3TIP3TIP3TIP3TIP3TIP3TIP3TIP3TIP3TIP3TIP3
          TIP3TIP3TIP3TIP3TIP3TIP3TIP3TIP3TIP3TIP3TIP3TIP3TIP3TIP3TIP3TIP3TIP3TIP3TIP3TIP3
          TIP3TIP3TIP3TIP3TIP3TIP3TIP3TIP3TIP3TIP3TIP3TIP3TIP3TIP3TIP3TIP3TIP3TIP3TIP3TIP3
          TIP3TIP3TIP3TIP3TIP3TIP3TIP3TIP3TIP3TIP3TIP3TIP3TIP3TIP3TIP3TIP3TIP3TIP3TIP3TIP3
          TIP3TIP3TIP3TIP3TIP3TIP3TIP3TIP3TIP3TIP3TIP3TIP3TIP3TIP3TIP3TIP3TIP3TIP3TIP3TIP3
          TIP3TIP3TIP3TIP3TIP3TIP3TIP3TIP3TIP3TIP3TIP3TIP3TIP3TIP3TIP3TIP3TIP3TIP3TIP3TIP3
          TIP3TIP3TIP3TIP3TIP3TIP3TIP3TIP3TIP3TIP3TIP3TIP3TIP3TIP3TIP3TIP3TIP3TIP3TIP3TIP3
          TIP3TIP3TIP3TIP3TIP3TIP3TIP3TIP3TIP3TIP3TIP3TIP3TIP3TIP3TIP3TIP3TIP3TIP3TIP3TIP3
          TIP3TIP3TIP3TIP3TIP3TIP3TIP3TIP3TIP3TIP3TIP3TIP3TIP3TIP3TIP3TIP3TIP3TIP3TIP3TIP3
          TIP3TIP3TIP3TIP3TIP3TIP3TIP3TIP3TIP3TIP3TIP3TIP3TIP3TIP3TIP3TIP3TIP3TIP3TIP3TIP3
          TIP3TIP3TIP3TIP3TIP3TIP3TIP3TIP3TIP3TIP3TIP3TIP3TIP3TIP3TIP3TIP3TIP3TIP3TIP3TIP3
          TIP3TIP3TIP3TIP3TIP3TIP3TIP3TIP3TIP3TIP3TIP3TIP3TIP3TIP3TIP3TIP3TIP3TIP3TIP3TIP3
          TIP3TIP3TIP3TIP3TIP3TIP3TIP3TIP3TIP3TIP3TIP3TIP3TIP3TIP3TIP3TIP3TIP3TIP3TIP3TIP3
          TIP3TIP3TIP3TIP3TIP3TIP3TIP3TIP3TIP3TIP3TIP3TIP3TIP3TIP3TIP3TIP3TIP3TIP3TIP3TIP3
          TIP3TIP3TIP3TIP3TIP3TIP3TIP3TIP3TIP3TIP3TIP3TIP3TIP3TIP3TIP3TIP3TIP3TIP3TIP3TIP3
          TIP3TIP3TIP3TIP3TIP3TIP3TIP3TIP3TIP3TIP3TIP3TIP3TIP3TIP3TIP3TIP3TIP3TIP3TIP3TIP3
          TIP3TIP3TIP3TIP3TIP3TIP3TIP3TIP3TIP3TIP3TIP3TIP3TIP3TIP3TIP3TIP3TIP3TIP3TIP3TIP3
          TIP3TIP3TIP3TIP3TIP3TIP3TIP3TIP3TIP3TIP3TIP3TIP3TIP3TIP3TIP3TIP3TIP3TIP3TIP3TIP3
          TIP3TIP3TIP3TIP3TIP3TIP3TIP3TIP3TIP3TIP3TIP3TIP3TIP3TIP3TIP3TIP3TIP3TIP3TIP3TIP3
          TIP3TIP3TIP3TIP3TIP3TIP3TIP3TIP3TIP3TIP3TIP3TIP3TIP3TIP3TIP3TIP3TIP3TIP3TIP3TIP3
          TIP3TIP3TIP3TIP3TIP3TIP3TIP3TIP3TIP3TIP3TIP3TIP3TIP3TIP3TIP3TIP3TIP3TIP3TIP3TIP3
          TIP3TIP3TIP3TIP3TIP3TIP3TIP3TIP3TIP3TIP3TIP3TIP3TIP3TIP3TIP3TIP3TIP3TIP3TIP3TIP3
          TIP3TIP3TIP3TIP3TIP3TIP3TIP3TIP3TIP3TIP3TIP3TIP3TIP3TIP3TIP3TIP3TIP3TIP3TIP3TIP3
          TIP3TIP3TIP3TIP3TIP3TIP3TIP3TIP3TIP3TIP3TIP3TIP3TIP3TIP3TIP3TIP3TIP3TIP3TIP3TIP3
          TIP3TIP3TIP3TIP3TIP3TIP3TIP3TIP3TIP3TIP3TIP3TIP3TIP3TIP3TIP3TIP3TIP3TIP3TIP3TIP3
          TIP3TIP3TIP3TIP3TIP3TIP3TIP3TIP3TIP3TIP3TIP3TIP3TIP3TIP3TIP3TIP3TIP3TIP3TIP3TIP3
          TIP3TIP3TIP3TIP3TIP3TIP3TIP3TIP3TIP3TIP3TIP3TIP3TIP3TIP3TIP3TIP3TIP3TIP3TIP3TIP3
          TIP3TIP3TIP3TIP3TIP3TIP3TIP3TIP3TIP3TIP3TIP3TIP3TIP3TIP3TIP3TIP3TIP3TIP3TIP3TIP3
          TIP3TIP3TIP3TIP3TIP3TIP3TIP3TIP3TIP3TIP3TIP3TIP3TIP3TIP3TIP3TIP3TIP3TIP3TIP3TIP3
          TIP3TIP3TIP3TIP3TIP3TIP3TIP3TIP3TIP3TIP3TIP3TIP3TIP3TIP3TIP3TIP3TIP3TIP3TIP3TIP3
          TIP3TIP3TIP3TIP3TIP3TIP3TIP3TIP3TIP3TIP3TIP3TIP3TIP3TIP3TIP3TIP3TIP3TIP3TIP3TIP3
          TIP3TIP3TIP3TIP3TIP3TIP3TIP3TIP3TIP3TIP3TIP3TIP3TIP3TIP3TIP3TIP3TIP3TIP3TIP3TIP3
          TIP3TIP3TIP3TIP3TIP3TIP3TIP3TIP3TIP3TIP3TIP3TIP3TIP3TIP3TIP3TIP3TIP3TIP3TIP3TIP3
          TIP3TIP3TIP3TIP3TIP3TIP3TIP3TIP3TIP3TIP3TIP3TIP3TIP3TIP3TIP3TIP3TIP3TIP3TIP3TIP3
          TIP3TIP3TIP3TIP3TIP3TIP3TIP3TIP3TIP3TIP3TIP3TIP3TIP3TIP3TIP3TIP3TIP3TIP3TIP3TIP3
          TIP3TIP3TIP3TIP3TIP3TIP3TIP3TIP3TIP3TIP3TIP3TIP3TIP3TIP3TIP3TIP3TIP3TIP3TIP3TIP3
          TIP3TIP3TIP3TIP3TIP3TIP3TIP3TIP3TIP3TIP3TIP3TIP3TIP3TIP3TIP3TIP3TIP3TIP3TIP3TIP3
          TIP3TIP3TIP3TIP3TIP3TIP3TIP3TIP3TIP3TIP3TIP3TIP3TIP3TIP3TIP3TIP3TIP3TIP3TIP3TIP3
          TIP3TIP3TIP3TIP3TIP3TIP3TIP3TIP3TIP3TIP3TIP3TIP3TIP3TIP3TIP3TIP3TIP3TIP3TIP3TIP3
          TIP3TIP3TIP3TIP3TIP3TIP3TIP3TIP3TIP3TIP3TIP3TIP3TIP3TIP3TIP3TIP3TIP3TIP3TIP3TIP3
          TIP3TIP3TIP3TIP3TIP3TIP3TIP3TIP3TIP3TIP3TIP3TIP3TIP3TIP3TIP3TIP3TIP3TIP3TIP3TIP3
          TIP3TIP3TIP3TIP3TIP3TIP3TIP3TIP3TIP3TIP3TIP3TIP3TIP3TIP3TIP3TIP3TIP3TIP3TIP3TIP3
          TIP3TIP3TIP3TIP3TIP3TIP3TIP3TIP3TIP3TIP3TIP3TIP3TIP3TIP3TIP3TIP3TIP3TIP3TIP3TIP3
          TIP3TIP3TIP3TIP3TIP3TIP3TIP3TIP3TIP3TIP3TIP3TIP3TIP3TIP3TIP3TIP3TIP3TIP3TIP3TIP3
          TIP3TIP3TIP3TIP3TIP3TIP3TIP3TIP3TIP3TIP3TIP3TIP3TIP3TIP3TIP3TIP3TIP3TIP3TIP3TIP3
          TIP3TIP3TIP3TIP3TIP3TIP3TIP3TIP3TIP3TIP3TIP3TIP3TIP3TIP3TIP3TIP3TIP3TIP3TIP3TIP3
          TIP3TIP3TIP3TIP3TIP3TIP3TIP3TIP3TIP3TIP3TIP3TIP3TIP3TIP3TIP3TIP3TIP3TIP3TIP3TIP3
          TIP3TIP3TIP3TIP3TIP3TIP3TIP3TIP3TIP3TIP3TIP3TIP3TIP3TIP3TIP3TIP3TIP3TIP3TIP3TIP3
          TIP3TIP3TIP3TIP3TIP3TIP3TIP3TIP3TIP3TIP3TIP3TIP3TIP3TIP3TIP3TIP3TIP3TIP3TIP3TIP3
          TIP3TIP3TIP3TIP3TIP3TIP3TIP3TIP3TIP3TIP3TIP3TIP3TIP3TIP3TIP3TIP3TIP3TIP3TIP3TIP3
          TIP3TIP3TIP3TIP3TIP3TIP3TIP3TIP3TIP3TIP3TIP3TIP3TIP3TIP3TIP3TIP3TIP3TIP3TIP3TIP3
          TIP3TIP3TIP3TIP3TIP3TIP3TIP3TIP3TIP3TIP3TIP3TIP3TIP3TIP3TIP3TIP3TIP3TIP3TIP3TIP3
          TIP3TIP3TIP3TIP3TIP3TIP3TIP3TIP3TIP3TIP3TIP3TIP3TIP3TIP3TIP3TIP3TIP3TIP3TIP3TIP3
          TIP3TIP3TIP3TIP3TIP3TIP3TIP3TIP3TIP3TIP3TIP3TIP3TIP3TIP3TIP3TIP3TIP3TIP3TIP3TIP3
          TIP3TIP3TIP3TIP3TIP3TIP3TIP3TIP3TIP3TIP3TIP3TIP3TIP3TIP3TIP3TIP3TIP3TIP3TIP3TIP3
          TIP3TIP3TIP3TIP3TIP3TIP3TIP3TIP3TIP3TIP3TIP3TIP3TIP3TIP3TIP3TIP3TIP3TIP3TIP3TIP3
          TIP3TIP3TIP3TIP3TIP3TIP3TIP3TIP3TIP3TIP3TIP3TIP3TIP3TIP3TIP3TIP3TIP3TIP3TIP3TIP3
          TIP3TIP3TIP3TIP3TIP3TIP3TIP3TIP3TIP3TIP3TIP3TIP3TIP3TIP3TIP3TIP3TIP3TIP3TIP3TIP3
          TIP3TIP3TIP3TIP3TIP3TIP3TIP3TIP3TIP3TIP3TIP3TIP3TIP3TIP3TIP3TIP3TIP3TIP3TIP3TIP3
          TIP3TIP3TIP3TIP3TIP3TIP3TIP3TIP3TIP3TIP3TIP3TIP3TIP3TIP3TIP3TIP3TIP3TIP3TIP3TIP3
          TIP3TIP3TIP3TIP3TIP3TIP3TIP3TIP3TIP3TIP3TIP3TIP3TIP3TIP3TIP3TIP3TIP3TIP3TIP3TIP3
          TIP3TIP3TIP3TIP3TIP3TIP3TIP3TIP3TIP3TIP3TIP3TIP3TIP3TIP3TIP3TIP3TIP3TIP3TIP3TIP3
          TIP3TIP3TIP3TIP3TIP3TIP3TIP3TIP3TIP3TIP3TIP3TIP3TIP3TIP3TIP3TIP3TIP3TIP3TIP3TIP3
          TIP3TIP3TIP3TIP3TIP3TIP3TIP3TIP3TIP3TIP3TIP3TIP3TIP3TIP3TIP3TIP3TIP3TIP3TIP3TIP3
          TIP3TIP3TIP3TIP3TIP3TIP3TIP3TIP3TIP3TIP3TIP3TIP3TIP3TIP3TIP3TIP3TIP3TIP3TIP3TIP3
          TIP3TIP3TIP3TIP3TIP3TIP3TIP3TIP3TIP3TIP3TIP3TIP3TIP3TIP3TIP3TIP3TIP3TIP3TIP3TIP3
          TIP3TIP3TIP3TIP3TIP3TIP3TIP3TIP3TIP3TIP3TIP3TIP3TIP3TIP3TIP3TIP3TIP3TIP3TIP3TIP3
          TIP3TIP3TIP3TIP3TIP3TIP3TIP3TIP3TIP3TIP3TIP3TIP3TIP3TIP3TIP3TIP3TIP3TIP3TIP3TIP3
          TIP3TIP3TIP3TIP3TIP3TIP3TIP3TIP3TIP3TIP3TIP3TIP3TIP3TIP3TIP3TIP3TIP3TIP3TIP3TIP3
          TIP3TIP3TIP3TIP3TIP3TIP3TIP3TIP3TIP3TIP3TIP3TIP3TIP3TIP3TIP3TIP3TIP3TIP3TIP3TIP3
          TIP3TIP3TIP3TIP3TIP3TIP3TIP3TIP3TIP3TIP3TIP3TIP3TIP3TIP3TIP3TIP3TIP3TIP3TIP3TIP3
          TIP3TIP3TIP3TIP3TIP3TIP3TIP3TIP3TIP3TIP3TIP3TIP3TIP3TIP3TIP3TIP3TIP3TIP3TIP3TIP3
          TIP3TIP3TIP3TIP3TIP3TIP3TIP3TIP3TIP3TIP3TIP3TIP3TIP3TIP3TIP3TIP3TIP3TIP3TIP3TIP3
          TIP3TIP3TIP3TIP3TIP3TIP3TIP3TIP3TIP3TIP3TIP3TIP3TIP3TIP3TIP3TIP3TIP3TIP3TIP3TIP3
          TIP3TIP3TIP3TIP3TIP3TIP3TIP3TIP3TIP3TIP3TIP3TIP3TIP3TIP3TIP3TIP3TIP3TIP3TIP3TIP3
          TIP3TIP3TIP3TIP3TIP3TIP3TIP3TIP3TIP3TIP3TIP3TIP3TIP3TIP3TIP3TIP3TIP3TIP3TIP3TIP3
          TIP3TIP3TIP3TIP3TIP3TIP3TIP3TIP3TIP3TIP3TIP3TIP3TIP3TIP3TIP3TIP3TIP3TIP3TIP3TIP3
          TIP3TIP3TIP3TIP3TIP3TIP3TIP3TIP3TIP3TIP3TIP3TIP3TIP3TIP3TIP3TIP3TIP3TIP3TIP3TIP3
          TIP3TIP3TIP3TIP3TIP3TIP3TIP3TIP3TIP3TIP3TIP3TIP3TIP3TIP3TIP3TIP3TIP3TIP3TIP3TIP3
          TIP3TIP3TIP3TIP3TIP3TIP3TIP3TIP3TIP3TIP3TIP3TIP3TIP3TIP3TIP3TIP3TIP3TIP3TIP3TIP3
          TIP3TIP3TIP3TIP3TIP3TIP3TIP3TIP3TIP3TIP3TIP3TIP3TIP3TIP3TIP3TIP3TIP3TIP3TIP3TIP3
          TIP3TIP3TIP3TIP3TIP3TIP3TIP3TIP3TIP3TIP3TIP3TIP3TIP3TIP3TIP3TIP3TIP3TIP3TIP3TIP3
          TIP3TIP3TIP3TIP3TIP3TIP3TIP3TIP3TIP3TIP3TIP3TIP3TIP3TIP3TIP3TIP3TIP3TIP3TIP3TIP3
          TIP3TIP3TIP3TIP3TIP3TIP3TIP3TIP3TIP3TIP3TIP3TIP3TIP3TIP3TIP3TIP3TIP3TIP3TIP3TIP3
          TIP3TIP3TIP3TIP3TIP3TIP3TIP3TIP3TIP3TIP3TIP3TIP3TIP3TIP3TIP3TIP3TIP3TIP3TIP3TIP3
          TIP3TIP3TIP3TIP3TIP3TIP3TIP3TIP3TIP3TIP3TIP3TIP3TIP3TIP3TIP3TIP3TIP3TIP3TIP3TIP3
          TIP3TIP3TIP3TIP3TIP3TIP3TIP3TIP3TIP3TIP3TIP3TIP3TIP3TIP3TIP3TIP3TIP3TIP3TIP3TIP3
          TIP3TIP3TIP3TIP3TIP3TIP3TIP3TIP3TIP3TIP3TIP3TIP3TIP3TIP3TIP3TIP3TIP3TIP3TIP3TIP3
          TIP3TIP3TIP3TIP3TIP3TIP3TIP3TIP3TIP3TIP3TIP3TIP3TIP3TIP3TIP3TIP3TIP3TIP3TIP3TIP3
          TIP3TIP3TIP3TIP3TIP3TIP3TIP3TIP3TIP3TIP3TIP3TIP3TIP3TIP3TIP3TIP3TIP3TIP3TIP3TIP3
          TIP3TIP3TIP3TIP3TIP3TIP3TIP3TIP3TIP3TIP3TIP3TIP3TIP3TIP3TIP3TIP3TIP3TIP3TIP3TIP3
          TIP3TIP3TIP3TIP3TIP3TIP3TIP3TIP3TIP3TIP3TIP3TIP3TIP3TIP3TIP3TIP3TIP3TIP3TIP3TIP3
          TIP3TIP3TIP3TIP3TIP3TIP3TIP3TIP3TIP3TIP3TIP3TIP3TIP3TIP3TIP3TIP3TIP3TIP3TIP3TIP3
          TIP3TIP3TIP3TIP3TIP3TIP3TIP3TIP3TIP3TIP3TIP3TIP3TIP3TIP3TIP3TIP3TIP3TIP3TIP3TIP3
          TIP3TIP3TIP3TIP3TIP3TIP3TIP3TIP3TIP3TIP3TIP3TIP3TIP3TIP3TIP3TIP3TIP3TIP3TIP3TIP3
          TIP3TIP3TIP3TIP3TIP3TIP3TIP3TIP3TIP3TIP3TIP3TIP3TIP3TIP3TIP3TIP3TIP3TIP3TIP3TIP3
          TIP3TIP3TIP3TIP3TIP3TIP3TIP3TIP3TIP3TIP3TIP3TIP3TIP3TIP3TIP3TIP3TIP3TIP3TIP3TIP3
          TIP3TIP3TIP3TIP3TIP3TIP3TIP3TIP3TIP3TIP3TIP3TIP3TIP3TIP3TIP3TIP3TIP3TIP3TIP3TIP3
          TIP3TIP3TIP3TIP3TIP3TIP3TIP3TIP3TIP3TIP3TIP3TIP3TIP3TIP3TIP3TIP3TIP3TIP3TIP3TIP3
          TIP3TIP3TIP3TIP3TIP3TIP3TIP3TIP3TIP3TIP3TIP3TIP3TIP3TIP3TIP3TIP3TIP3TIP3TIP3TIP3
          TIP3TIP3TIP3TIP3TIP3TIP3TIP3TIP3TIP3TIP3TIP3TIP3TIP3TIP3TIP3TIP3TIP3TIP3TIP3TIP3
          TIP3TIP3TIP3TIP3TIP3TIP3TIP3TIP3TIP3TIP3TIP3TIP3TIP3TIP3TIP3TIP3TIP3TIP3TIP3TIP3
          TIP3TIP3TIP3TIP3TIP3TIP3TIP3TIP3TIP3TIP3TIP3TIP3TIP3TIP3TIP3TIP3TIP3TIP3TIP3TIP3
          TIP3TIP3TIP3TIP3TIP3TIP3TIP3TIP3TIP3TIP3TIP3TIP3TIP3TIP3TIP3TIP3TIP3TIP3TIP3TIP3
          TIP3TIP3TIP3TIP3TIP3TIP3TIP3TIP3TIP3TIP3TIP3TIP3TIP3TIP3TIP3TIP3TIP3TIP3TIP3TIP3
          TIP3TIP3TIP3TIP3TIP3TIP3TIP3TIP3TIP3TIP3TIP3TIP3TIP3TIP3TIP3TIP3TIP3TIP3TIP3TIP3
          TIP3TIP3TIP3TIP3TIP3TIP3TIP3TIP3TIP3TIP3TIP3TIP3TIP3TIP3TIP3TIP3TIP3TIP3TIP3TIP3
          TIP3TIP3TIP3TIP3TIP3TIP3TIP3TIP3TIP3TIP3TIP3TIP3TIP3TIP3TIP3TIP3TIP3TIP3TIP3TIP3
          TIP3TIP3TIP3TIP3TIP3TIP3TIP3TIP3TIP3TIP3TIP3TIP3TIP3TIP3TIP3TIP3TIP3TIP3TIP3TIP3
          TIP3TIP3TIP3TIP3TIP3TIP3TIP3TIP3TIP3TIP3TIP3TIP3TIP3TIP3TIP3TIP3TIP3TIP3TIP3TIP3
          TIP3TIP3TIP3TIP3TIP3TIP3TIP3TIP3TIP3TIP3TIP3TIP3TIP3TIP3TIP3TIP3TIP3TIP3TIP3TIP3
          TIP3TIP3TIP3TIP3TIP3TIP3TIP3TIP3TIP3TIP3TIP3TIP3TIP3TIP3TIP3TIP3TIP3TIP3TIP3TIP3
          TIP3TIP3TIP3TIP3TIP3TIP3TIP3TIP3TIP3TIP3TIP3TIP3TIP3TIP3TIP3TIP3TIP3TIP3TIP3TIP3
          TIP3TIP3TIP3TIP3TIP3TIP3TIP3TIP3TIP3TIP3TIP3TIP3TIP3TIP3TIP3TIP3TIP3TIP3TIP3TIP3
          TIP3TIP3TIP3TIP3TIP3TIP3TIP3TIP3TIP3TIP3TIP3TIP3TIP3TIP3TIP3TIP3TIP3TIP3TIP3TIP3
          TIP3TIP3TIP3TIP3TIP3TIP3TIP3TIP3TIP3TIP3TIP3TIP3TIP3TIP3TIP3TIP3TIP3TIP3TIP3TIP3
          TIP3TIP3TIP3TIP3TIP3TIP3TIP3TIP3TIP3TIP3TIP3TIP3TIP3TIP3TIP3TIP3TIP3TIP3TIP3TIP3
          TIP3TIP3TIP3TIP3TIP3TIP3TIP3TIP3TIP3TIP3TIP3TIP3TIP3TIP3TIP3TIP3TIP3TIP3TIP3TIP3
          TIP3TIP3TIP3TIP3TIP3TIP3TIP3TIP3TIP3TIP3TIP3TIP3TIP3TIP3TIP3TIP3TIP3TIP3TIP3TIP3
          TIP3TIP3TIP3TIP3TIP3TIP3TIP3TIP3TIP3TIP3TIP3TIP3TIP3TIP3TIP3TIP3TIP3TIP3TIP3TIP3
          TIP3TIP3TIP3TIP3TIP3TIP3TIP3TIP3TIP3TIP3TIP3TIP3TIP3TIP3TIP3TIP3TIP3TIP3TIP3TIP3
          TIP3TIP3TIP3TIP3TIP3TIP3TIP3TIP3TIP3TIP3TIP3TIP3TIP3TIP3TIP3TIP3TIP3TIP3TIP3TIP3
          TIP3TIP3TIP3TIP3TIP3TIP3TIP3TIP3TIP3TIP3TIP3TIP3TIP3TIP3TIP3TIP3TIP3TIP3TIP3TIP3
          TIP3TIP3TIP3TIP3TIP3TIP3TIP3TIP3TIP3TIP3TIP3TIP3TIP3TIP3TIP3TIP3TIP3TIP3TIP3TIP3
          TIP3TIP3TIP3TIP3TIP3TIP3TIP3TIP3TIP3TIP3TIP3TIP3TIP3TIP3TIP3TIP3TIP3TIP3TIP3TIP3
          TIP3TIP3TIP3TIP3TIP3TIP3TIP3TIP3TIP3TIP3TIP3TIP3TIP3TIP3TIP3TIP3TIP3TIP3TIP3TIP3
          TIP3TIP3TIP3TIP3TIP3TIP3TIP3TIP3TIP3TIP3TIP3TIP3TIP3TIP3TIP3TIP3TIP3TIP3TIP3TIP3
          TIP3TIP3TIP3TIP3TIP3TIP3TIP3TIP3TIP3TIP3TIP3TIP3TIP3TIP3TIP3TIP3TIP3TIP3TIP3TIP3
          TIP3TIP3TIP3TIP3TIP3TIP3TIP3TIP3TIP3TIP3TIP3TIP3TIP3TIP3TIP3TIP3TIP3TIP3TIP3TIP3
          TIP3TIP3TIP3TIP3TIP3TIP3TIP3TIP3TIP3TIP3TIP3TIP3TIP3TIP3TIP3TIP3TIP3TIP3TIP3TIP3
          TIP3TIP3TIP3TIP3TIP3TIP3TIP3TIP3TIP3TIP3TIP3TIP3TIP3TIP3TIP3TIP3TIP3TIP3TIP3TIP3
          TIP3TIP3TIP3TIP3TIP3TIP3TIP3TIP3TIP3TIP3TIP3TIP3TIP3TIP3TIP3TIP3TIP3TIP3TIP3TIP3
          TIP3TIP3TIP3TIP3TIP3TIP3TIP3TIP3TIP3TIP3TIP3TIP3TIP3TIP3TIP3TIP3TIP3TIP3TIP3TIP3
          TIP3TIP3TIP3TIP3TIP3TIP3TIP3TIP3TIP3TIP3TIP3TIP3TIP3TIP3TIP3TIP3TIP3TIP3TIP3TIP3
          TIP3TIP3TIP3TIP3TIP3TIP3TIP3TIP3TIP3TIP3TIP3TIP3TIP3TIP3TIP3TIP3TIP3TIP3TIP3TIP3
          TIP3TIP3TIP3TIP3TIP3TIP3TIP3TIP3TIP3TIP3TIP3TIP3TIP3TIP3TIP3TIP3TIP3TIP3TIP3TIP3
          TIP3TIP3TIP3TIP3TIP3TIP3TIP3TIP3TIP3TIP3TIP3TIP3TIP3TIP3TIP3TIP3TIP3TIP3TIP3TIP3
          TIP3TIP3TIP3TIP3TIP3TIP3TIP3TIP3TIP3TIP3TIP3TIP3TIP3TIP3TIP3TIP3TIP3TIP3TIP3TIP3
          TIP3TIP3TIP3TIP3TIP3TIP3TIP3TIP3TIP3TIP3TIP3TIP3TIP3TIP3TIP3TIP3TIP3TIP3TIP3TIP3
          TIP3TIP3TIP3TIP3TIP3TIP3TIP3TIP3TIP3TIP3TIP3TIP3TIP3TIP3TIP3TIP3TIP3TIP3TIP3TIP3
          TIP3TIP3TIP3TIP3TIP3TIP3TIP3TIP3TIP3TIP3TIP3TIP3TIP3TIP3TIP3TIP3TIP3TIP3TIP3TIP3
          TIP3TIP3TIP3TIP3TIP3TIP3TIP3TIP3TIP3TIP3TIP3TIP3TIP3TIP3TIP3TIP3TIP3TIP3TIP3TIP3
          TIP3TIP3TIP3TIP3TIP3TIP3TIP3TIP3TIP3TIP3TIP3TIP3TIP3TIP3TIP3TIP3TIP3TIP3TIP3TIP3
          TIP3TIP3TIP3TIP3TIP3TIP3TIP3TIP3TIP3TIP3TIP3TIP3TIP3TIP3TIP3TIP3TIP3TIP3TIP3TIP3
          TIP3TIP3TIP3TIP3TIP3TIP3TIP3TIP3TIP3TIP3TIP3TIP3TIP3TIP3TIP3TIP3TIP3TIP3TIP3TIP3
          TIP3TIP3TIP3TIP3TIP3TIP3TIP3TIP3TIP3TIP3TIP3TIP3TIP3TIP3TIP3TIP3TIP3TIP3TIP3TIP3
          TIP3TIP3TIP3TIP3TIP3TIP3TIP3TIP3TIP3TIP3TIP3TIP3TIP3TIP3TIP3TIP3TIP3TIP3TIP3TIP3
          TIP3TIP3TIP3TIP3TIP3TIP3TIP3TIP3TIP3TIP3TIP3TIP3TIP3TIP3TIP3TIP3TIP3TIP3TIP3TIP3
          TIP3TIP3TIP3TIP3TIP3TIP3TIP3TIP3TIP3TIP3TIP3TIP3TIP3TIP3TIP3TIP3TIP3TIP3TIP3TIP3
          TIP3TIP3TIP3TIP3TIP3TIP3TIP3TIP3TIP3TIP3TIP3TIP3TIP3TIP3TIP3TIP3TIP3TIP3TIP3TIP3
          TIP3TIP3TIP3TIP3TIP3TIP3TIP3TIP3TIP3TIP3TIP3TIP3TIP3TIP3TIP3TIP3TIP3TIP3TIP3TIP3
          TIP3TIP3TIP3TIP3TIP3TIP3TIP3TIP3TIP3TIP3TIP3TIP3TIP3TIP3TIP3TIP3TIP3TIP3TIP3TIP3
          TIP3TIP3TIP3TIP3TIP3TIP3TIP3TIP3TIP3TIP3TIP3TIP3TIP3TIP3TIP3TIP3TIP3TIP3TIP3TIP3
          TIP3TIP3TIP3TIP3TIP3TIP3TIP3TIP3TIP3TIP3TIP3TIP3TIP3TIP3TIP3TIP3TIP3TIP3TIP3TIP3
          TIP3TIP3TIP3TIP3TIP3TIP3TIP3TIP3TIP3TIP3TIP3TIP3TIP3TIP3TIP3TIP3TIP3TIP3TIP3TIP3
          TIP3TIP3TIP3TIP3TIP3TIP3TIP3TIP3TIP3TIP3TIP3TIP3TIP3TIP3TIP3TIP3TIP3TIP3TIP3TIP3
          TIP3TIP3TIP3TIP3TIP3TIP3TIP3TIP3TIP3TIP3TIP3TIP3TIP3TIP3TIP3TIP3TIP3TIP3TIP3TIP3
          TIP3TIP3TIP3TIP3TIP3TIP3TIP3TIP3TIP3TIP3TIP3TIP3TIP3TIP3TIP3TIP3TIP3TIP3TIP3TIP3
          TIP3TIP3TIP3TIP3TIP3TIP3TIP3TIP3TIP3TIP3TIP3TIP3TIP3TIP3TIP3TIP3TIP3TIP3TIP3TIP3
          TIP3TIP3TIP3TIP3TIP3TIP3TIP3TIP3TIP3TIP3TIP3TIP3TIP3TIP3TIP3TIP3TIP3TIP3TIP3TIP3
          TIP3TIP3TIP3TIP3TIP3TIP3TIP3TIP3TIP3TIP3TIP3TIP3TIP3TIP3TIP3TIP3TIP3TIP3TIP3TIP3
          TIP3TIP3TIP3TIP3TIP3TIP3TIP3TIP3TIP3TIP3TIP3TIP3TIP3TIP3TIP3TIP3TIP3TIP3TIP3TIP3
          TIP3TIP3TIP3TIP3TIP3TIP3TIP3TIP3TIP3TIP3TIP3TIP3TIP3TIP3TIP3TIP3TIP3TIP3TIP3TIP3
          TIP3TIP3TIP3TIP3TIP3TIP3TIP3TIP3TIP3TIP3TIP3TIP3TIP3TIP3TIP3TIP3TIP3TIP3TIP3TIP3
          TIP3TIP3TIP3TIP3TIP3TIP3TIP3TIP3TIP3TIP3TIP3TIP3TIP3TIP3TIP3TIP3TIP3TIP3TIP3TIP3
          TIP3TIP3TIP3TIP3TIP3TIP3TIP3TIP3TIP3TIP3TIP3TIP3TIP3TIP3TIP3TIP3TIP3TIP3TIP3TIP3
          TIP3TIP3TIP3TIP3TIP3TIP3TIP3TIP3TIP3TIP3TIP3TIP3TIP3TIP3TIP3TIP3TIP3TIP3TIP3TIP3
          TIP3TIP3TIP3TIP3TIP3TIP3TIP3TIP3TIP3TIP3TIP3TIP3TIP3TIP3TIP3TIP3TIP3TIP3TIP3TIP3
          TIP3TIP3TIP3TIP3TIP3TIP3TIP3TIP3TIP3TIP3TIP3TIP3TIP3TIP3TIP3TIP3TIP3TIP3TIP3TIP3
          TIP3TIP3TIP3TIP3TIP3TIP3TIP3TIP3TIP3TIP3TIP3TIP3TIP3TIP3TIP3TIP3TIP3TIP3TIP3TIP3
          TIP3TIP3TIP3TIP3TIP3TIP3TIP3TIP3TIP3TIP3TIP3TIP3TIP3TIP3TIP3TIP3TIP3TIP3TIP3TIP3
          TIP3TIP3TIP3TIP3TIP3TIP3TIP3TIP3TIP3TIP3TIP3TIP3TIP3TIP3TIP3TIP3TIP3TIP3TIP3TIP3
          TIP3TIP3TIP3TIP3TIP3TIP3TIP3TIP3TIP3TIP3TIP3TIP3TIP3TIP3TIP3TIP3TIP3TIP3TIP3TIP3
          TIP3TIP3TIP3TIP3TIP3TIP3TIP3TIP3TIP3TIP3TIP3TIP3TIP3TIP3TIP3TIP3TIP3TIP3TIP3TIP3
          TIP3TIP3TIP3TIP3TIP3TIP3TIP3TIP3TIP3TIP3TIP3TIP3TIP3TIP3TIP3TIP3TIP3TIP3TIP3TIP3
          TIP3TIP3TIP3TIP3TIP3TIP3TIP3TIP3TIP3TIP3TIP3TIP3TIP3TIP3TIP3TIP3TIP3TIP3TIP3TIP3
          TIP3TIP3TIP3TIP3TIP3TIP3TIP3TIP3TIP3TIP3TIP3TIP3TIP3TIP3TIP3TIP3TIP3TIP3TIP3TIP3
          TIP3TIP3TIP3TIP3TIP3TIP3TIP3TIP3TIP3TIP3TIP3TIP3TIP3TIP3TIP3TIP3TIP3TIP3TIP3TIP3
          TIP3TIP3TIP3TIP3TIP3TIP3TIP3TIP3TIP3TIP3TIP3TIP3TIP3TIP3TIP3TIP3TIP3TIP3TIP3TIP3
          TIP3TIP3TIP3TIP3TIP3TIP3TIP3TIP3TIP3TIP3TIP3TIP3TIP3TIP3TIP3TIP3TIP3TIP3TIP3TIP3
          TIP3TIP3TIP3TIP3TIP3TIP3TIP3TIP3TIP3TIP3TIP3TIP3TIP3TIP3TIP3TIP3TIP3TIP3TIP3TIP3
          TIP3TIP3TIP3TIP3TIP3TIP3TIP3TIP3TIP3TIP3TIP3TIP3TIP3TIP3TIP3TIP3TIP3TIP3TIP3TIP3
          TIP3TIP3TIP3TIP3TIP3TIP3TIP3TIP3TIP3TIP3TIP3TIP3TIP3TIP3TIP3TIP3TIP3TIP3TIP3TIP3
          TIP3TIP3TIP3TIP3TIP3TIP3TIP3TIP3TIP3TIP3TIP3TIP3TIP3TIP3TIP3TIP3TIP3TIP3TIP3TIP3
          TIP3TIP3TIP3TIP3TIP3TIP3TIP3TIP3TIP3TIP3TIP3TIP3TIP3TIP3TIP3TIP3TIP3TIP3TIP3TIP3
          TIP3TIP3TIP3TIP3TIP3TIP3TIP3TIP3TIP3TIP3TIP3TIP3TIP3TIP3TIP3TIP3TIP3TIP3TIP3TIP3
          TIP3TIP3TIP3TIP3TIP3TIP3TIP3TIP3TIP3TIP3TIP3TIP3TIP3TIP3TIP3TIP3TIP3TIP3TIP3TIP3
          TIP3TIP3TIP3TIP3TIP3TIP3TIP3TIP3TIP3TIP3TIP3TIP3TIP3TIP3TIP3TIP3TIP3TIP3TIP3TIP3
          TIP3TIP3TIP3TIP3TIP3TIP3TIP3TIP3TIP3TIP3TIP3TIP3TIP3TIP3TIP3TIP3TIP3TIP3TIP3TIP3
          TIP3TIP3TIP3TIP3TIP3TIP3TIP3TIP3TIP3TIP3TIP3TIP3TIP3TIP3TIP3TIP3TIP3TIP3TIP3TIP3
          TIP3TIP3TIP3TIP3TIP3TIP3TIP3TIP3TIP3TIP3TIP3TIP3TIP3TIP3TIP3TIP3TIP3TIP3TIP3TIP3
          TIP3TIP3TIP3TIP3TIP3TIP3TIP3TIP3TIP3TIP3TIP3TIP3TIP3TIP3TIP3TIP3TIP3TIP3TIP3TIP3
          TIP3TIP3TIP3TIP3TIP3TIP3TIP3TIP3TIP3TIP3TIP3TIP3TIP3TIP3TIP3TIP3TIP3TIP3TIP3TIP3
          TIP3TIP3TIP3TIP3TIP3TIP3TIP3TIP3TIP3TIP3TIP3TIP3TIP3TIP3TIP3TIP3TIP3TIP3TIP3TIP3
          TIP3TIP3TIP3TIP3TIP3TIP3TIP3TIP3TIP3TIP3TIP3TIP3TIP3TIP3TIP3TIP3TIP3TIP3TIP3TIP3
          TIP3TIP3TIP3TIP3TIP3TIP3TIP3TIP3TIP3TIP3TIP3TIP3TIP3TIP3TIP3TIP3TIP3TIP3TIP3TIP3
          TIP3TIP3TIP3TIP3TIP3TIP3TIP3TIP3TIP3TIP3TIP3TIP3TIP3TIP3TIP3TIP3TIP3TIP3TIP3TIP3
          TIP3TIP3TIP3TIP3TIP3TIP3TIP3TIP3TIP3TIP3TIP3TIP3TIP3TIP3TIP3TIP3TIP3TIP3TIP3TIP3
          TIP3TIP3TIP3TIP3TIP3TIP3TIP3TIP3TIP3TIP3TIP3TIP3TIP3TIP3TIP3TIP3TIP3TIP3TIP3TIP3
          TIP3TIP3TIP3TIP3TIP3TIP3TIP3TIP3TIP3TIP3TIP3TIP3TIP3TIP3TIP3TIP3TIP3TIP3TIP3TIP3
          TIP3TIP3TIP3TIP3TIP3TIP3TIP3TIP3TIP3TIP3TIP3TIP3TIP3TIP3TIP3TIP3TIP3TIP3TIP3TIP3
          TIP3TIP3TIP3TIP3TIP3TIP3TIP3TIP3TIP3TIP3TIP3TIP3TIP3TIP3TIP3TIP3TIP3TIP3TIP3TIP3
          TIP3TIP3TIP3TIP3TIP3TIP3TIP3TIP3TIP3TIP3TIP3TIP3TIP3TIP3TIP3TIP3TIP3TIP3TIP3TIP3
          TIP3TIP3TIP3TIP3TIP3TIP3TIP3TIP3TIP3TIP3TIP3TIP3TIP3TIP3TIP3TIP3TIP3TIP3TIP3TIP3
          TIP3TIP3TIP3TIP3TIP3TIP3TIP3TIP3TIP3TIP3TIP3TIP3TIP3TIP3TIP3TIP3TIP3TIP3TIP3TIP3
          TIP3TIP3TIP3TIP3TIP3TIP3TIP3TIP3TIP3TIP3TIP3TIP3TIP3TIP3TIP3TIP3TIP3TIP3TIP3TIP3
          TIP3TIP3TIP3TIP3TIP3TIP3TIP3TIP3TIP3TIP3TIP3TIP3TIP3TIP3TIP3TIP3TIP3TIP3TIP3TIP3
          TIP3TIP3TIP3TIP3TIP3TIP3TIP3TIP3TIP3TIP3TIP3TIP3TIP3TIP3TIP3TIP3TIP3TIP3TIP3TIP3
          TIP3TIP3TIP3TIP3TIP3TIP3TIP3TIP3TIP3TIP3TIP3TIP3TIP3TIP3TIP3TIP3TIP3TIP3TIP3TIP3
          TIP3TIP3TIP3TIP3TIP3TIP3TIP3TIP3TIP3TIP3TIP3TIP3TIP3TIP3TIP3TIP3TIP3TIP3TIP3TIP3
          TIP3TIP3TIP3TIP3TIP3TIP3TIP3TIP3TIP3TIP3TIP3TIP3TIP3TIP3TIP3TIP3TIP3TIP3TIP3TIP3
          TIP3TIP3TIP3TIP3TIP3TIP3TIP3TIP3TIP3TIP3TIP3TIP3TIP3TIP3TIP3TIP3TIP3TIP3TIP3TIP3
          TIP3TIP3TIP3TIP3TIP3TIP3TIP3TIP3TIP3TIP3TIP3TIP3TIP3TIP3TIP3TIP3TIP3TIP3TIP3TIP3
          TIP3TIP3TIP3TIP3TIP3TIP3TIP3TIP3TIP3TIP3TIP3TIP3TIP3TIP3TIP3TIP3TIP3TIP3TIP3TIP3
          TIP3TIP3TIP3TIP3TIP3TIP3TIP3TIP3TIP3TIP3TIP3TIP3TIP3TIP3TIP3TIP3TIP3TIP3TIP3TIP3
          TIP3TIP3TIP3TIP3TIP3TIP3TIP3TIP3TIP3TIP3TIP3TIP3TIP3TIP3TIP3TIP3TIP3TIP3TIP3TIP3
          TIP3TIP3TIP3TIP3TIP3TIP3TIP3TIP3TIP3TIP3TIP3TIP3TIP3TIP3TIP3TIP3TIP3TIP3TIP3TIP3
          TIP3TIP3TIP3TIP3TIP3TIP3TIP3TIP3TIP3TIP3TIP3TIP3TIP3TIP3TIP3TIP3
 VCLOSE: Closing unit   90 with status "KEEP"
  
 CHARMM>        gene @root@ctr setup first none last none nodihe noangl
 Parameter: ROOT -> "W"
 Parameter: CTR -> "103"
 NO PATCHING WILL BE DONE ON THE FIRST RESIDUE
 NO PATCHING WILL BE DONE ON THE LAST  RESIDUE
 GENPSF> Segment   9 has been generated. Its identifier is W103.
 PSFSUM> PSF modified: NONBOND lists and IMAGE atoms cleared.
 PSFSUM> Summary of the structure file counters :
         Number of segments      =        9   Number of residues   =    12457
         Number of atoms         =    48953   Number of groups     =    15807
         Number of bonds         =    49152   Number of angles     =    37847
         Number of dihedrals     =    38677   Number of impropers  =     2624
         Number of cross-terms   =      936
         Number of HB acceptors  =    12949   Number of HB donors  =    24668
         Number of NB exclusions =        0   Total charge =  -12.00000
  
 CHARMM>        incr ctr
 Parameter: CTR <- "104"
  
 CHARMM>    if @ctr .le. @last then goto loop
 Parameter: CTR -> "104"
 Parameter: LAST -> "104"
 Comparing "104" and "104".
 IF test evaluated as true.  Performing command
  
 CHARMM>        read sequ pdb  name @root@ctr.pdb
 Parameter: ROOT -> "W"
 Parameter: CTR -> "104"
 VOPEN> Attempting to open::w104.pdb::
 MAINIO> Sequence information being read from unit  90.
 TITLE>  *

          RESIDUE SEQUENCE --  4839 RESIDUES
          TIP3TIP3TIP3TIP3TIP3TIP3TIP3TIP3TIP3TIP3TIP3TIP3TIP3TIP3TIP3TIP3TIP3TIP3TIP3TIP3
          TIP3TIP3TIP3TIP3TIP3TIP3TIP3TIP3TIP3TIP3TIP3TIP3TIP3TIP3TIP3TIP3TIP3TIP3TIP3TIP3
          TIP3TIP3TIP3TIP3TIP3TIP3TIP3TIP3TIP3TIP3TIP3TIP3TIP3TIP3TIP3TIP3TIP3TIP3TIP3TIP3
          TIP3TIP3TIP3TIP3TIP3TIP3TIP3TIP3TIP3TIP3TIP3TIP3TIP3TIP3TIP3TIP3TIP3TIP3TIP3TIP3
          TIP3TIP3TIP3TIP3TIP3TIP3TIP3TIP3TIP3TIP3TIP3TIP3TIP3TIP3TIP3TIP3TIP3TIP3TIP3TIP3
          TIP3TIP3TIP3TIP3TIP3TIP3TIP3TIP3TIP3TIP3TIP3TIP3TIP3TIP3TIP3TIP3TIP3TIP3TIP3TIP3
          TIP3TIP3TIP3TIP3TIP3TIP3TIP3TIP3TIP3TIP3TIP3TIP3TIP3TIP3TIP3TIP3TIP3TIP3TIP3TIP3
          TIP3TIP3TIP3TIP3TIP3TIP3TIP3TIP3TIP3TIP3TIP3TIP3TIP3TIP3TIP3TIP3TIP3TIP3TIP3TIP3
          TIP3TIP3TIP3TIP3TIP3TIP3TIP3TIP3TIP3TIP3TIP3TIP3TIP3TIP3TIP3TIP3TIP3TIP3TIP3TIP3
          TIP3TIP3TIP3TIP3TIP3TIP3TIP3TIP3TIP3TIP3TIP3TIP3TIP3TIP3TIP3TIP3TIP3TIP3TIP3TIP3
          TIP3TIP3TIP3TIP3TIP3TIP3TIP3TIP3TIP3TIP3TIP3TIP3TIP3TIP3TIP3TIP3TIP3TIP3TIP3TIP3
          TIP3TIP3TIP3TIP3TIP3TIP3TIP3TIP3TIP3TIP3TIP3TIP3TIP3TIP3TIP3TIP3TIP3TIP3TIP3TIP3
          TIP3TIP3TIP3TIP3TIP3TIP3TIP3TIP3TIP3TIP3TIP3TIP3TIP3TIP3TIP3TIP3TIP3TIP3TIP3TIP3
          TIP3TIP3TIP3TIP3TIP3TIP3TIP3TIP3TIP3TIP3TIP3TIP3TIP3TIP3TIP3TIP3TIP3TIP3TIP3TIP3
          TIP3TIP3TIP3TIP3TIP3TIP3TIP3TIP3TIP3TIP3TIP3TIP3TIP3TIP3TIP3TIP3TIP3TIP3TIP3TIP3
          TIP3TIP3TIP3TIP3TIP3TIP3TIP3TIP3TIP3TIP3TIP3TIP3TIP3TIP3TIP3TIP3TIP3TIP3TIP3TIP3
          TIP3TIP3TIP3TIP3TIP3TIP3TIP3TIP3TIP3TIP3TIP3TIP3TIP3TIP3TIP3TIP3TIP3TIP3TIP3TIP3
          TIP3TIP3TIP3TIP3TIP3TIP3TIP3TIP3TIP3TIP3TIP3TIP3TIP3TIP3TIP3TIP3TIP3TIP3TIP3TIP3
          TIP3TIP3TIP3TIP3TIP3TIP3TIP3TIP3TIP3TIP3TIP3TIP3TIP3TIP3TIP3TIP3TIP3TIP3TIP3TIP3
          TIP3TIP3TIP3TIP3TIP3TIP3TIP3TIP3TIP3TIP3TIP3TIP3TIP3TIP3TIP3TIP3TIP3TIP3TIP3TIP3
          TIP3TIP3TIP3TIP3TIP3TIP3TIP3TIP3TIP3TIP3TIP3TIP3TIP3TIP3TIP3TIP3TIP3TIP3TIP3TIP3
          TIP3TIP3TIP3TIP3TIP3TIP3TIP3TIP3TIP3TIP3TIP3TIP3TIP3TIP3TIP3TIP3TIP3TIP3TIP3TIP3
          TIP3TIP3TIP3TIP3TIP3TIP3TIP3TIP3TIP3TIP3TIP3TIP3TIP3TIP3TIP3TIP3TIP3TIP3TIP3TIP3
          TIP3TIP3TIP3TIP3TIP3TIP3TIP3TIP3TIP3TIP3TIP3TIP3TIP3TIP3TIP3TIP3TIP3TIP3TIP3TIP3
          TIP3TIP3TIP3TIP3TIP3TIP3TIP3TIP3TIP3TIP3TIP3TIP3TIP3TIP3TIP3TIP3TIP3TIP3TIP3TIP3
          TIP3TIP3TIP3TIP3TIP3TIP3TIP3TIP3TIP3TIP3TIP3TIP3TIP3TIP3TIP3TIP3TIP3TIP3TIP3TIP3
          TIP3TIP3TIP3TIP3TIP3TIP3TIP3TIP3TIP3TIP3TIP3TIP3TIP3TIP3TIP3TIP3TIP3TIP3TIP3TIP3
          TIP3TIP3TIP3TIP3TIP3TIP3TIP3TIP3TIP3TIP3TIP3TIP3TIP3TIP3TIP3TIP3TIP3TIP3TIP3TIP3
          TIP3TIP3TIP3TIP3TIP3TIP3TIP3TIP3TIP3TIP3TIP3TIP3TIP3TIP3TIP3TIP3TIP3TIP3TIP3TIP3
          TIP3TIP3TIP3TIP3TIP3TIP3TIP3TIP3TIP3TIP3TIP3TIP3TIP3TIP3TIP3TIP3TIP3TIP3TIP3TIP3
          TIP3TIP3TIP3TIP3TIP3TIP3TIP3TIP3TIP3TIP3TIP3TIP3TIP3TIP3TIP3TIP3TIP3TIP3TIP3TIP3
          TIP3TIP3TIP3TIP3TIP3TIP3TIP3TIP3TIP3TIP3TIP3TIP3TIP3TIP3TIP3TIP3TIP3TIP3TIP3TIP3
          TIP3TIP3TIP3TIP3TIP3TIP3TIP3TIP3TIP3TIP3TIP3TIP3TIP3TIP3TIP3TIP3TIP3TIP3TIP3TIP3
          TIP3TIP3TIP3TIP3TIP3TIP3TIP3TIP3TIP3TIP3TIP3TIP3TIP3TIP3TIP3TIP3TIP3TIP3TIP3TIP3
          TIP3TIP3TIP3TIP3TIP3TIP3TIP3TIP3TIP3TIP3TIP3TIP3TIP3TIP3TIP3TIP3TIP3TIP3TIP3TIP3
          TIP3TIP3TIP3TIP3TIP3TIP3TIP3TIP3TIP3TIP3TIP3TIP3TIP3TIP3TIP3TIP3TIP3TIP3TIP3TIP3
          TIP3TIP3TIP3TIP3TIP3TIP3TIP3TIP3TIP3TIP3TIP3TIP3TIP3TIP3TIP3TIP3TIP3TIP3TIP3TIP3
          TIP3TIP3TIP3TIP3TIP3TIP3TIP3TIP3TIP3TIP3TIP3TIP3TIP3TIP3TIP3TIP3TIP3TIP3TIP3TIP3
          TIP3TIP3TIP3TIP3TIP3TIP3TIP3TIP3TIP3TIP3TIP3TIP3TIP3TIP3TIP3TIP3TIP3TIP3TIP3TIP3
          TIP3TIP3TIP3TIP3TIP3TIP3TIP3TIP3TIP3TIP3TIP3TIP3TIP3TIP3TIP3TIP3TIP3TIP3TIP3TIP3
          TIP3TIP3TIP3TIP3TIP3TIP3TIP3TIP3TIP3TIP3TIP3TIP3TIP3TIP3TIP3TIP3TIP3TIP3TIP3TIP3
          TIP3TIP3TIP3TIP3TIP3TIP3TIP3TIP3TIP3TIP3TIP3TIP3TIP3TIP3TIP3TIP3TIP3TIP3TIP3TIP3
          TIP3TIP3TIP3TIP3TIP3TIP3TIP3TIP3TIP3TIP3TIP3TIP3TIP3TIP3TIP3TIP3TIP3TIP3TIP3TIP3
          TIP3TIP3TIP3TIP3TIP3TIP3TIP3TIP3TIP3TIP3TIP3TIP3TIP3TIP3TIP3TIP3TIP3TIP3TIP3TIP3
          TIP3TIP3TIP3TIP3TIP3TIP3TIP3TIP3TIP3TIP3TIP3TIP3TIP3TIP3TIP3TIP3TIP3TIP3TIP3TIP3
          TIP3TIP3TIP3TIP3TIP3TIP3TIP3TIP3TIP3TIP3TIP3TIP3TIP3TIP3TIP3TIP3TIP3TIP3TIP3TIP3
          TIP3TIP3TIP3TIP3TIP3TIP3TIP3TIP3TIP3TIP3TIP3TIP3TIP3TIP3TIP3TIP3TIP3TIP3TIP3TIP3
          TIP3TIP3TIP3TIP3TIP3TIP3TIP3TIP3TIP3TIP3TIP3TIP3TIP3TIP3TIP3TIP3TIP3TIP3TIP3TIP3
          TIP3TIP3TIP3TIP3TIP3TIP3TIP3TIP3TIP3TIP3TIP3TIP3TIP3TIP3TIP3TIP3TIP3TIP3TIP3TIP3
          TIP3TIP3TIP3TIP3TIP3TIP3TIP3TIP3TIP3TIP3TIP3TIP3TIP3TIP3TIP3TIP3TIP3TIP3TIP3TIP3
          TIP3TIP3TIP3TIP3TIP3TIP3TIP3TIP3TIP3TIP3TIP3TIP3TIP3TIP3TIP3TIP3TIP3TIP3TIP3TIP3
          TIP3TIP3TIP3TIP3TIP3TIP3TIP3TIP3TIP3TIP3TIP3TIP3TIP3TIP3TIP3TIP3TIP3TIP3TIP3TIP3
          TIP3TIP3TIP3TIP3TIP3TIP3TIP3TIP3TIP3TIP3TIP3TIP3TIP3TIP3TIP3TIP3TIP3TIP3TIP3TIP3
          TIP3TIP3TIP3TIP3TIP3TIP3TIP3TIP3TIP3TIP3TIP3TIP3TIP3TIP3TIP3TIP3TIP3TIP3TIP3TIP3
          TIP3TIP3TIP3TIP3TIP3TIP3TIP3TIP3TIP3TIP3TIP3TIP3TIP3TIP3TIP3TIP3TIP3TIP3TIP3TIP3
          TIP3TIP3TIP3TIP3TIP3TIP3TIP3TIP3TIP3TIP3TIP3TIP3TIP3TIP3TIP3TIP3TIP3TIP3TIP3TIP3
          TIP3TIP3TIP3TIP3TIP3TIP3TIP3TIP3TIP3TIP3TIP3TIP3TIP3TIP3TIP3TIP3TIP3TIP3TIP3TIP3
          TIP3TIP3TIP3TIP3TIP3TIP3TIP3TIP3TIP3TIP3TIP3TIP3TIP3TIP3TIP3TIP3TIP3TIP3TIP3TIP3
          TIP3TIP3TIP3TIP3TIP3TIP3TIP3TIP3TIP3TIP3TIP3TIP3TIP3TIP3TIP3TIP3TIP3TIP3TIP3TIP3
          TIP3TIP3TIP3TIP3TIP3TIP3TIP3TIP3TIP3TIP3TIP3TIP3TIP3TIP3TIP3TIP3TIP3TIP3TIP3TIP3
          TIP3TIP3TIP3TIP3TIP3TIP3TIP3TIP3TIP3TIP3TIP3TIP3TIP3TIP3TIP3TIP3TIP3TIP3TIP3TIP3
          TIP3TIP3TIP3TIP3TIP3TIP3TIP3TIP3TIP3TIP3TIP3TIP3TIP3TIP3TIP3TIP3TIP3TIP3TIP3TIP3
          TIP3TIP3TIP3TIP3TIP3TIP3TIP3TIP3TIP3TIP3TIP3TIP3TIP3TIP3TIP3TIP3TIP3TIP3TIP3TIP3
          TIP3TIP3TIP3TIP3TIP3TIP3TIP3TIP3TIP3TIP3TIP3TIP3TIP3TIP3TIP3TIP3TIP3TIP3TIP3TIP3
          TIP3TIP3TIP3TIP3TIP3TIP3TIP3TIP3TIP3TIP3TIP3TIP3TIP3TIP3TIP3TIP3TIP3TIP3TIP3TIP3
          TIP3TIP3TIP3TIP3TIP3TIP3TIP3TIP3TIP3TIP3TIP3TIP3TIP3TIP3TIP3TIP3TIP3TIP3TIP3TIP3
          TIP3TIP3TIP3TIP3TIP3TIP3TIP3TIP3TIP3TIP3TIP3TIP3TIP3TIP3TIP3TIP3TIP3TIP3TIP3TIP3
          TIP3TIP3TIP3TIP3TIP3TIP3TIP3TIP3TIP3TIP3TIP3TIP3TIP3TIP3TIP3TIP3TIP3TIP3TIP3TIP3
          TIP3TIP3TIP3TIP3TIP3TIP3TIP3TIP3TIP3TIP3TIP3TIP3TIP3TIP3TIP3TIP3TIP3TIP3TIP3TIP3
          TIP3TIP3TIP3TIP3TIP3TIP3TIP3TIP3TIP3TIP3TIP3TIP3TIP3TIP3TIP3TIP3TIP3TIP3TIP3TIP3
          TIP3TIP3TIP3TIP3TIP3TIP3TIP3TIP3TIP3TIP3TIP3TIP3TIP3TIP3TIP3TIP3TIP3TIP3TIP3TIP3
          TIP3TIP3TIP3TIP3TIP3TIP3TIP3TIP3TIP3TIP3TIP3TIP3TIP3TIP3TIP3TIP3TIP3TIP3TIP3TIP3
          TIP3TIP3TIP3TIP3TIP3TIP3TIP3TIP3TIP3TIP3TIP3TIP3TIP3TIP3TIP3TIP3TIP3TIP3TIP3TIP3
          TIP3TIP3TIP3TIP3TIP3TIP3TIP3TIP3TIP3TIP3TIP3TIP3TIP3TIP3TIP3TIP3TIP3TIP3TIP3TIP3
          TIP3TIP3TIP3TIP3TIP3TIP3TIP3TIP3TIP3TIP3TIP3TIP3TIP3TIP3TIP3TIP3TIP3TIP3TIP3TIP3
          TIP3TIP3TIP3TIP3TIP3TIP3TIP3TIP3TIP3TIP3TIP3TIP3TIP3TIP3TIP3TIP3TIP3TIP3TIP3TIP3
          TIP3TIP3TIP3TIP3TIP3TIP3TIP3TIP3TIP3TIP3TIP3TIP3TIP3TIP3TIP3TIP3TIP3TIP3TIP3TIP3
          TIP3TIP3TIP3TIP3TIP3TIP3TIP3TIP3TIP3TIP3TIP3TIP3TIP3TIP3TIP3TIP3TIP3TIP3TIP3TIP3
          TIP3TIP3TIP3TIP3TIP3TIP3TIP3TIP3TIP3TIP3TIP3TIP3TIP3TIP3TIP3TIP3TIP3TIP3TIP3TIP3
          TIP3TIP3TIP3TIP3TIP3TIP3TIP3TIP3TIP3TIP3TIP3TIP3TIP3TIP3TIP3TIP3TIP3TIP3TIP3TIP3
          TIP3TIP3TIP3TIP3TIP3TIP3TIP3TIP3TIP3TIP3TIP3TIP3TIP3TIP3TIP3TIP3TIP3TIP3TIP3TIP3
          TIP3TIP3TIP3TIP3TIP3TIP3TIP3TIP3TIP3TIP3TIP3TIP3TIP3TIP3TIP3TIP3TIP3TIP3TIP3TIP3
          TIP3TIP3TIP3TIP3TIP3TIP3TIP3TIP3TIP3TIP3TIP3TIP3TIP3TIP3TIP3TIP3TIP3TIP3TIP3TIP3
          TIP3TIP3TIP3TIP3TIP3TIP3TIP3TIP3TIP3TIP3TIP3TIP3TIP3TIP3TIP3TIP3TIP3TIP3TIP3TIP3
          TIP3TIP3TIP3TIP3TIP3TIP3TIP3TIP3TIP3TIP3TIP3TIP3TIP3TIP3TIP3TIP3TIP3TIP3TIP3TIP3
          TIP3TIP3TIP3TIP3TIP3TIP3TIP3TIP3TIP3TIP3TIP3TIP3TIP3TIP3TIP3TIP3TIP3TIP3TIP3TIP3
          TIP3TIP3TIP3TIP3TIP3TIP3TIP3TIP3TIP3TIP3TIP3TIP3TIP3TIP3TIP3TIP3TIP3TIP3TIP3TIP3
          TIP3TIP3TIP3TIP3TIP3TIP3TIP3TIP3TIP3TIP3TIP3TIP3TIP3TIP3TIP3TIP3TIP3TIP3TIP3TIP3
          TIP3TIP3TIP3TIP3TIP3TIP3TIP3TIP3TIP3TIP3TIP3TIP3TIP3TIP3TIP3TIP3TIP3TIP3TIP3TIP3
          TIP3TIP3TIP3TIP3TIP3TIP3TIP3TIP3TIP3TIP3TIP3TIP3TIP3TIP3TIP3TIP3TIP3TIP3TIP3TIP3
          TIP3TIP3TIP3TIP3TIP3TIP3TIP3TIP3TIP3TIP3TIP3TIP3TIP3TIP3TIP3TIP3TIP3TIP3TIP3TIP3
          TIP3TIP3TIP3TIP3TIP3TIP3TIP3TIP3TIP3TIP3TIP3TIP3TIP3TIP3TIP3TIP3TIP3TIP3TIP3TIP3
          TIP3TIP3TIP3TIP3TIP3TIP3TIP3TIP3TIP3TIP3TIP3TIP3TIP3TIP3TIP3TIP3TIP3TIP3TIP3TIP3
          TIP3TIP3TIP3TIP3TIP3TIP3TIP3TIP3TIP3TIP3TIP3TIP3TIP3TIP3TIP3TIP3TIP3TIP3TIP3TIP3
          TIP3TIP3TIP3TIP3TIP3TIP3TIP3TIP3TIP3TIP3TIP3TIP3TIP3TIP3TIP3TIP3TIP3TIP3TIP3TIP3
          TIP3TIP3TIP3TIP3TIP3TIP3TIP3TIP3TIP3TIP3TIP3TIP3TIP3TIP3TIP3TIP3TIP3TIP3TIP3TIP3
          TIP3TIP3TIP3TIP3TIP3TIP3TIP3TIP3TIP3TIP3TIP3TIP3TIP3TIP3TIP3TIP3TIP3TIP3TIP3TIP3
          TIP3TIP3TIP3TIP3TIP3TIP3TIP3TIP3TIP3TIP3TIP3TIP3TIP3TIP3TIP3TIP3TIP3TIP3TIP3TIP3
          TIP3TIP3TIP3TIP3TIP3TIP3TIP3TIP3TIP3TIP3TIP3TIP3TIP3TIP3TIP3TIP3TIP3TIP3TIP3TIP3
          TIP3TIP3TIP3TIP3TIP3TIP3TIP3TIP3TIP3TIP3TIP3TIP3TIP3TIP3TIP3TIP3TIP3TIP3TIP3TIP3
          TIP3TIP3TIP3TIP3TIP3TIP3TIP3TIP3TIP3TIP3TIP3TIP3TIP3TIP3TIP3TIP3TIP3TIP3TIP3TIP3
          TIP3TIP3TIP3TIP3TIP3TIP3TIP3TIP3TIP3TIP3TIP3TIP3TIP3TIP3TIP3TIP3TIP3TIP3TIP3TIP3
          TIP3TIP3TIP3TIP3TIP3TIP3TIP3TIP3TIP3TIP3TIP3TIP3TIP3TIP3TIP3TIP3TIP3TIP3TIP3TIP3
          TIP3TIP3TIP3TIP3TIP3TIP3TIP3TIP3TIP3TIP3TIP3TIP3TIP3TIP3TIP3TIP3TIP3TIP3TIP3TIP3
          TIP3TIP3TIP3TIP3TIP3TIP3TIP3TIP3TIP3TIP3TIP3TIP3TIP3TIP3TIP3TIP3TIP3TIP3TIP3TIP3
          TIP3TIP3TIP3TIP3TIP3TIP3TIP3TIP3TIP3TIP3TIP3TIP3TIP3TIP3TIP3TIP3TIP3TIP3TIP3TIP3
          TIP3TIP3TIP3TIP3TIP3TIP3TIP3TIP3TIP3TIP3TIP3TIP3TIP3TIP3TIP3TIP3TIP3TIP3TIP3TIP3
          TIP3TIP3TIP3TIP3TIP3TIP3TIP3TIP3TIP3TIP3TIP3TIP3TIP3TIP3TIP3TIP3TIP3TIP3TIP3TIP3
          TIP3TIP3TIP3TIP3TIP3TIP3TIP3TIP3TIP3TIP3TIP3TIP3TIP3TIP3TIP3TIP3TIP3TIP3TIP3TIP3
          TIP3TIP3TIP3TIP3TIP3TIP3TIP3TIP3TIP3TIP3TIP3TIP3TIP3TIP3TIP3TIP3TIP3TIP3TIP3TIP3
          TIP3TIP3TIP3TIP3TIP3TIP3TIP3TIP3TIP3TIP3TIP3TIP3TIP3TIP3TIP3TIP3TIP3TIP3TIP3TIP3
          TIP3TIP3TIP3TIP3TIP3TIP3TIP3TIP3TIP3TIP3TIP3TIP3TIP3TIP3TIP3TIP3TIP3TIP3TIP3TIP3
          TIP3TIP3TIP3TIP3TIP3TIP3TIP3TIP3TIP3TIP3TIP3TIP3TIP3TIP3TIP3TIP3TIP3TIP3TIP3TIP3
          TIP3TIP3TIP3TIP3TIP3TIP3TIP3TIP3TIP3TIP3TIP3TIP3TIP3TIP3TIP3TIP3TIP3TIP3TIP3TIP3
          TIP3TIP3TIP3TIP3TIP3TIP3TIP3TIP3TIP3TIP3TIP3TIP3TIP3TIP3TIP3TIP3TIP3TIP3TIP3TIP3
          TIP3TIP3TIP3TIP3TIP3TIP3TIP3TIP3TIP3TIP3TIP3TIP3TIP3TIP3TIP3TIP3TIP3TIP3TIP3TIP3
          TIP3TIP3TIP3TIP3TIP3TIP3TIP3TIP3TIP3TIP3TIP3TIP3TIP3TIP3TIP3TIP3TIP3TIP3TIP3TIP3
          TIP3TIP3TIP3TIP3TIP3TIP3TIP3TIP3TIP3TIP3TIP3TIP3TIP3TIP3TIP3TIP3TIP3TIP3TIP3TIP3
          TIP3TIP3TIP3TIP3TIP3TIP3TIP3TIP3TIP3TIP3TIP3TIP3TIP3TIP3TIP3TIP3TIP3TIP3TIP3TIP3
          TIP3TIP3TIP3TIP3TIP3TIP3TIP3TIP3TIP3TIP3TIP3TIP3TIP3TIP3TIP3TIP3TIP3TIP3TIP3TIP3
          TIP3TIP3TIP3TIP3TIP3TIP3TIP3TIP3TIP3TIP3TIP3TIP3TIP3TIP3TIP3TIP3TIP3TIP3TIP3TIP3
          TIP3TIP3TIP3TIP3TIP3TIP3TIP3TIP3TIP3TIP3TIP3TIP3TIP3TIP3TIP3TIP3TIP3TIP3TIP3TIP3
          TIP3TIP3TIP3TIP3TIP3TIP3TIP3TIP3TIP3TIP3TIP3TIP3TIP3TIP3TIP3TIP3TIP3TIP3TIP3TIP3
          TIP3TIP3TIP3TIP3TIP3TIP3TIP3TIP3TIP3TIP3TIP3TIP3TIP3TIP3TIP3TIP3TIP3TIP3TIP3TIP3
          TIP3TIP3TIP3TIP3TIP3TIP3TIP3TIP3TIP3TIP3TIP3TIP3TIP3TIP3TIP3TIP3TIP3TIP3TIP3TIP3
          TIP3TIP3TIP3TIP3TIP3TIP3TIP3TIP3TIP3TIP3TIP3TIP3TIP3TIP3TIP3TIP3TIP3TIP3TIP3TIP3
          TIP3TIP3TIP3TIP3TIP3TIP3TIP3TIP3TIP3TIP3TIP3TIP3TIP3TIP3TIP3TIP3TIP3TIP3TIP3TIP3
          TIP3TIP3TIP3TIP3TIP3TIP3TIP3TIP3TIP3TIP3TIP3TIP3TIP3TIP3TIP3TIP3TIP3TIP3TIP3TIP3
          TIP3TIP3TIP3TIP3TIP3TIP3TIP3TIP3TIP3TIP3TIP3TIP3TIP3TIP3TIP3TIP3TIP3TIP3TIP3TIP3
          TIP3TIP3TIP3TIP3TIP3TIP3TIP3TIP3TIP3TIP3TIP3TIP3TIP3TIP3TIP3TIP3TIP3TIP3TIP3TIP3
          TIP3TIP3TIP3TIP3TIP3TIP3TIP3TIP3TIP3TIP3TIP3TIP3TIP3TIP3TIP3TIP3TIP3TIP3TIP3TIP3
          TIP3TIP3TIP3TIP3TIP3TIP3TIP3TIP3TIP3TIP3TIP3TIP3TIP3TIP3TIP3TIP3TIP3TIP3TIP3TIP3
          TIP3TIP3TIP3TIP3TIP3TIP3TIP3TIP3TIP3TIP3TIP3TIP3TIP3TIP3TIP3TIP3TIP3TIP3TIP3TIP3
          TIP3TIP3TIP3TIP3TIP3TIP3TIP3TIP3TIP3TIP3TIP3TIP3TIP3TIP3TIP3TIP3TIP3TIP3TIP3TIP3
          TIP3TIP3TIP3TIP3TIP3TIP3TIP3TIP3TIP3TIP3TIP3TIP3TIP3TIP3TIP3TIP3TIP3TIP3TIP3TIP3
          TIP3TIP3TIP3TIP3TIP3TIP3TIP3TIP3TIP3TIP3TIP3TIP3TIP3TIP3TIP3TIP3TIP3TIP3TIP3TIP3
          TIP3TIP3TIP3TIP3TIP3TIP3TIP3TIP3TIP3TIP3TIP3TIP3TIP3TIP3TIP3TIP3TIP3TIP3TIP3TIP3
          TIP3TIP3TIP3TIP3TIP3TIP3TIP3TIP3TIP3TIP3TIP3TIP3TIP3TIP3TIP3TIP3TIP3TIP3TIP3TIP3
          TIP3TIP3TIP3TIP3TIP3TIP3TIP3TIP3TIP3TIP3TIP3TIP3TIP3TIP3TIP3TIP3TIP3TIP3TIP3TIP3
          TIP3TIP3TIP3TIP3TIP3TIP3TIP3TIP3TIP3TIP3TIP3TIP3TIP3TIP3TIP3TIP3TIP3TIP3TIP3TIP3
          TIP3TIP3TIP3TIP3TIP3TIP3TIP3TIP3TIP3TIP3TIP3TIP3TIP3TIP3TIP3TIP3TIP3TIP3TIP3TIP3
          TIP3TIP3TIP3TIP3TIP3TIP3TIP3TIP3TIP3TIP3TIP3TIP3TIP3TIP3TIP3TIP3TIP3TIP3TIP3TIP3
          TIP3TIP3TIP3TIP3TIP3TIP3TIP3TIP3TIP3TIP3TIP3TIP3TIP3TIP3TIP3TIP3TIP3TIP3TIP3TIP3
          TIP3TIP3TIP3TIP3TIP3TIP3TIP3TIP3TIP3TIP3TIP3TIP3TIP3TIP3TIP3TIP3TIP3TIP3TIP3TIP3
          TIP3TIP3TIP3TIP3TIP3TIP3TIP3TIP3TIP3TIP3TIP3TIP3TIP3TIP3TIP3TIP3TIP3TIP3TIP3TIP3
          TIP3TIP3TIP3TIP3TIP3TIP3TIP3TIP3TIP3TIP3TIP3TIP3TIP3TIP3TIP3TIP3TIP3TIP3TIP3TIP3
          TIP3TIP3TIP3TIP3TIP3TIP3TIP3TIP3TIP3TIP3TIP3TIP3TIP3TIP3TIP3TIP3TIP3TIP3TIP3TIP3
          TIP3TIP3TIP3TIP3TIP3TIP3TIP3TIP3TIP3TIP3TIP3TIP3TIP3TIP3TIP3TIP3TIP3TIP3TIP3TIP3
          TIP3TIP3TIP3TIP3TIP3TIP3TIP3TIP3TIP3TIP3TIP3TIP3TIP3TIP3TIP3TIP3TIP3TIP3TIP3TIP3
          TIP3TIP3TIP3TIP3TIP3TIP3TIP3TIP3TIP3TIP3TIP3TIP3TIP3TIP3TIP3TIP3TIP3TIP3TIP3TIP3
          TIP3TIP3TIP3TIP3TIP3TIP3TIP3TIP3TIP3TIP3TIP3TIP3TIP3TIP3TIP3TIP3TIP3TIP3TIP3TIP3
          TIP3TIP3TIP3TIP3TIP3TIP3TIP3TIP3TIP3TIP3TIP3TIP3TIP3TIP3TIP3TIP3TIP3TIP3TIP3TIP3
          TIP3TIP3TIP3TIP3TIP3TIP3TIP3TIP3TIP3TIP3TIP3TIP3TIP3TIP3TIP3TIP3TIP3TIP3TIP3TIP3
          TIP3TIP3TIP3TIP3TIP3TIP3TIP3TIP3TIP3TIP3TIP3TIP3TIP3TIP3TIP3TIP3TIP3TIP3TIP3TIP3
          TIP3TIP3TIP3TIP3TIP3TIP3TIP3TIP3TIP3TIP3TIP3TIP3TIP3TIP3TIP3TIP3TIP3TIP3TIP3TIP3
          TIP3TIP3TIP3TIP3TIP3TIP3TIP3TIP3TIP3TIP3TIP3TIP3TIP3TIP3TIP3TIP3TIP3TIP3TIP3TIP3
          TIP3TIP3TIP3TIP3TIP3TIP3TIP3TIP3TIP3TIP3TIP3TIP3TIP3TIP3TIP3TIP3TIP3TIP3TIP3TIP3
          TIP3TIP3TIP3TIP3TIP3TIP3TIP3TIP3TIP3TIP3TIP3TIP3TIP3TIP3TIP3TIP3TIP3TIP3TIP3TIP3
          TIP3TIP3TIP3TIP3TIP3TIP3TIP3TIP3TIP3TIP3TIP3TIP3TIP3TIP3TIP3TIP3TIP3TIP3TIP3TIP3
          TIP3TIP3TIP3TIP3TIP3TIP3TIP3TIP3TIP3TIP3TIP3TIP3TIP3TIP3TIP3TIP3TIP3TIP3TIP3TIP3
          TIP3TIP3TIP3TIP3TIP3TIP3TIP3TIP3TIP3TIP3TIP3TIP3TIP3TIP3TIP3TIP3TIP3TIP3TIP3TIP3
          TIP3TIP3TIP3TIP3TIP3TIP3TIP3TIP3TIP3TIP3TIP3TIP3TIP3TIP3TIP3TIP3TIP3TIP3TIP3TIP3
          TIP3TIP3TIP3TIP3TIP3TIP3TIP3TIP3TIP3TIP3TIP3TIP3TIP3TIP3TIP3TIP3TIP3TIP3TIP3TIP3
          TIP3TIP3TIP3TIP3TIP3TIP3TIP3TIP3TIP3TIP3TIP3TIP3TIP3TIP3TIP3TIP3TIP3TIP3TIP3TIP3
          TIP3TIP3TIP3TIP3TIP3TIP3TIP3TIP3TIP3TIP3TIP3TIP3TIP3TIP3TIP3TIP3TIP3TIP3TIP3TIP3
          TIP3TIP3TIP3TIP3TIP3TIP3TIP3TIP3TIP3TIP3TIP3TIP3TIP3TIP3TIP3TIP3TIP3TIP3TIP3TIP3
          TIP3TIP3TIP3TIP3TIP3TIP3TIP3TIP3TIP3TIP3TIP3TIP3TIP3TIP3TIP3TIP3TIP3TIP3TIP3TIP3
          TIP3TIP3TIP3TIP3TIP3TIP3TIP3TIP3TIP3TIP3TIP3TIP3TIP3TIP3TIP3TIP3TIP3TIP3TIP3TIP3
          TIP3TIP3TIP3TIP3TIP3TIP3TIP3TIP3TIP3TIP3TIP3TIP3TIP3TIP3TIP3TIP3TIP3TIP3TIP3TIP3
          TIP3TIP3TIP3TIP3TIP3TIP3TIP3TIP3TIP3TIP3TIP3TIP3TIP3TIP3TIP3TIP3TIP3TIP3TIP3TIP3
          TIP3TIP3TIP3TIP3TIP3TIP3TIP3TIP3TIP3TIP3TIP3TIP3TIP3TIP3TIP3TIP3TIP3TIP3TIP3TIP3
          TIP3TIP3TIP3TIP3TIP3TIP3TIP3TIP3TIP3TIP3TIP3TIP3TIP3TIP3TIP3TIP3TIP3TIP3TIP3TIP3
          TIP3TIP3TIP3TIP3TIP3TIP3TIP3TIP3TIP3TIP3TIP3TIP3TIP3TIP3TIP3TIP3TIP3TIP3TIP3TIP3
          TIP3TIP3TIP3TIP3TIP3TIP3TIP3TIP3TIP3TIP3TIP3TIP3TIP3TIP3TIP3TIP3TIP3TIP3TIP3TIP3
          TIP3TIP3TIP3TIP3TIP3TIP3TIP3TIP3TIP3TIP3TIP3TIP3TIP3TIP3TIP3TIP3TIP3TIP3TIP3TIP3
          TIP3TIP3TIP3TIP3TIP3TIP3TIP3TIP3TIP3TIP3TIP3TIP3TIP3TIP3TIP3TIP3TIP3TIP3TIP3TIP3
          TIP3TIP3TIP3TIP3TIP3TIP3TIP3TIP3TIP3TIP3TIP3TIP3TIP3TIP3TIP3TIP3TIP3TIP3TIP3TIP3
          TIP3TIP3TIP3TIP3TIP3TIP3TIP3TIP3TIP3TIP3TIP3TIP3TIP3TIP3TIP3TIP3TIP3TIP3TIP3TIP3
          TIP3TIP3TIP3TIP3TIP3TIP3TIP3TIP3TIP3TIP3TIP3TIP3TIP3TIP3TIP3TIP3TIP3TIP3TIP3TIP3
          TIP3TIP3TIP3TIP3TIP3TIP3TIP3TIP3TIP3TIP3TIP3TIP3TIP3TIP3TIP3TIP3TIP3TIP3TIP3TIP3
          TIP3TIP3TIP3TIP3TIP3TIP3TIP3TIP3TIP3TIP3TIP3TIP3TIP3TIP3TIP3TIP3TIP3TIP3TIP3TIP3
          TIP3TIP3TIP3TIP3TIP3TIP3TIP3TIP3TIP3TIP3TIP3TIP3TIP3TIP3TIP3TIP3TIP3TIP3TIP3TIP3
          TIP3TIP3TIP3TIP3TIP3TIP3TIP3TIP3TIP3TIP3TIP3TIP3TIP3TIP3TIP3TIP3TIP3TIP3TIP3TIP3
          TIP3TIP3TIP3TIP3TIP3TIP3TIP3TIP3TIP3TIP3TIP3TIP3TIP3TIP3TIP3TIP3TIP3TIP3TIP3TIP3
          TIP3TIP3TIP3TIP3TIP3TIP3TIP3TIP3TIP3TIP3TIP3TIP3TIP3TIP3TIP3TIP3TIP3TIP3TIP3TIP3
          TIP3TIP3TIP3TIP3TIP3TIP3TIP3TIP3TIP3TIP3TIP3TIP3TIP3TIP3TIP3TIP3TIP3TIP3TIP3TIP3
          TIP3TIP3TIP3TIP3TIP3TIP3TIP3TIP3TIP3TIP3TIP3TIP3TIP3TIP3TIP3TIP3TIP3TIP3TIP3TIP3
          TIP3TIP3TIP3TIP3TIP3TIP3TIP3TIP3TIP3TIP3TIP3TIP3TIP3TIP3TIP3TIP3TIP3TIP3TIP3TIP3
          TIP3TIP3TIP3TIP3TIP3TIP3TIP3TIP3TIP3TIP3TIP3TIP3TIP3TIP3TIP3TIP3TIP3TIP3TIP3TIP3
          TIP3TIP3TIP3TIP3TIP3TIP3TIP3TIP3TIP3TIP3TIP3TIP3TIP3TIP3TIP3TIP3TIP3TIP3TIP3TIP3
          TIP3TIP3TIP3TIP3TIP3TIP3TIP3TIP3TIP3TIP3TIP3TIP3TIP3TIP3TIP3TIP3TIP3TIP3TIP3TIP3
          TIP3TIP3TIP3TIP3TIP3TIP3TIP3TIP3TIP3TIP3TIP3TIP3TIP3TIP3TIP3TIP3TIP3TIP3TIP3TIP3
          TIP3TIP3TIP3TIP3TIP3TIP3TIP3TIP3TIP3TIP3TIP3TIP3TIP3TIP3TIP3TIP3TIP3TIP3TIP3TIP3
          TIP3TIP3TIP3TIP3TIP3TIP3TIP3TIP3TIP3TIP3TIP3TIP3TIP3TIP3TIP3TIP3TIP3TIP3TIP3TIP3
          TIP3TIP3TIP3TIP3TIP3TIP3TIP3TIP3TIP3TIP3TIP3TIP3TIP3TIP3TIP3TIP3TIP3TIP3TIP3TIP3
          TIP3TIP3TIP3TIP3TIP3TIP3TIP3TIP3TIP3TIP3TIP3TIP3TIP3TIP3TIP3TIP3TIP3TIP3TIP3TIP3
          TIP3TIP3TIP3TIP3TIP3TIP3TIP3TIP3TIP3TIP3TIP3TIP3TIP3TIP3TIP3TIP3TIP3TIP3TIP3TIP3
          TIP3TIP3TIP3TIP3TIP3TIP3TIP3TIP3TIP3TIP3TIP3TIP3TIP3TIP3TIP3TIP3TIP3TIP3TIP3TIP3
          TIP3TIP3TIP3TIP3TIP3TIP3TIP3TIP3TIP3TIP3TIP3TIP3TIP3TIP3TIP3TIP3TIP3TIP3TIP3TIP3
          TIP3TIP3TIP3TIP3TIP3TIP3TIP3TIP3TIP3TIP3TIP3TIP3TIP3TIP3TIP3TIP3TIP3TIP3TIP3TIP3
          TIP3TIP3TIP3TIP3TIP3TIP3TIP3TIP3TIP3TIP3TIP3TIP3TIP3TIP3TIP3TIP3TIP3TIP3TIP3TIP3
          TIP3TIP3TIP3TIP3TIP3TIP3TIP3TIP3TIP3TIP3TIP3TIP3TIP3TIP3TIP3TIP3TIP3TIP3TIP3TIP3
          TIP3TIP3TIP3TIP3TIP3TIP3TIP3TIP3TIP3TIP3TIP3TIP3TIP3TIP3TIP3TIP3TIP3TIP3TIP3TIP3
          TIP3TIP3TIP3TIP3TIP3TIP3TIP3TIP3TIP3TIP3TIP3TIP3TIP3TIP3TIP3TIP3TIP3TIP3TIP3TIP3
          TIP3TIP3TIP3TIP3TIP3TIP3TIP3TIP3TIP3TIP3TIP3TIP3TIP3TIP3TIP3TIP3TIP3TIP3TIP3TIP3
          TIP3TIP3TIP3TIP3TIP3TIP3TIP3TIP3TIP3TIP3TIP3TIP3TIP3TIP3TIP3TIP3TIP3TIP3TIP3TIP3
          TIP3TIP3TIP3TIP3TIP3TIP3TIP3TIP3TIP3TIP3TIP3TIP3TIP3TIP3TIP3TIP3TIP3TIP3TIP3TIP3
          TIP3TIP3TIP3TIP3TIP3TIP3TIP3TIP3TIP3TIP3TIP3TIP3TIP3TIP3TIP3TIP3TIP3TIP3TIP3TIP3
          TIP3TIP3TIP3TIP3TIP3TIP3TIP3TIP3TIP3TIP3TIP3TIP3TIP3TIP3TIP3TIP3TIP3TIP3TIP3TIP3
          TIP3TIP3TIP3TIP3TIP3TIP3TIP3TIP3TIP3TIP3TIP3TIP3TIP3TIP3TIP3TIP3TIP3TIP3TIP3TIP3
          TIP3TIP3TIP3TIP3TIP3TIP3TIP3TIP3TIP3TIP3TIP3TIP3TIP3TIP3TIP3TIP3TIP3TIP3TIP3TIP3
          TIP3TIP3TIP3TIP3TIP3TIP3TIP3TIP3TIP3TIP3TIP3TIP3TIP3TIP3TIP3TIP3TIP3TIP3TIP3TIP3
          TIP3TIP3TIP3TIP3TIP3TIP3TIP3TIP3TIP3TIP3TIP3TIP3TIP3TIP3TIP3TIP3TIP3TIP3TIP3TIP3
          TIP3TIP3TIP3TIP3TIP3TIP3TIP3TIP3TIP3TIP3TIP3TIP3TIP3TIP3TIP3TIP3TIP3TIP3TIP3TIP3
          TIP3TIP3TIP3TIP3TIP3TIP3TIP3TIP3TIP3TIP3TIP3TIP3TIP3TIP3TIP3TIP3TIP3TIP3TIP3TIP3
          TIP3TIP3TIP3TIP3TIP3TIP3TIP3TIP3TIP3TIP3TIP3TIP3TIP3TIP3TIP3TIP3TIP3TIP3TIP3TIP3
          TIP3TIP3TIP3TIP3TIP3TIP3TIP3TIP3TIP3TIP3TIP3TIP3TIP3TIP3TIP3TIP3TIP3TIP3TIP3TIP3
          TIP3TIP3TIP3TIP3TIP3TIP3TIP3TIP3TIP3TIP3TIP3TIP3TIP3TIP3TIP3TIP3TIP3TIP3TIP3TIP3
          TIP3TIP3TIP3TIP3TIP3TIP3TIP3TIP3TIP3TIP3TIP3TIP3TIP3TIP3TIP3TIP3TIP3TIP3TIP3TIP3
          TIP3TIP3TIP3TIP3TIP3TIP3TIP3TIP3TIP3TIP3TIP3TIP3TIP3TIP3TIP3TIP3TIP3TIP3TIP3TIP3
          TIP3TIP3TIP3TIP3TIP3TIP3TIP3TIP3TIP3TIP3TIP3TIP3TIP3TIP3TIP3TIP3TIP3TIP3TIP3TIP3
          TIP3TIP3TIP3TIP3TIP3TIP3TIP3TIP3TIP3TIP3TIP3TIP3TIP3TIP3TIP3TIP3TIP3TIP3TIP3TIP3
          TIP3TIP3TIP3TIP3TIP3TIP3TIP3TIP3TIP3TIP3TIP3TIP3TIP3TIP3TIP3TIP3TIP3TIP3TIP3TIP3
          TIP3TIP3TIP3TIP3TIP3TIP3TIP3TIP3TIP3TIP3TIP3TIP3TIP3TIP3TIP3TIP3TIP3TIP3TIP3TIP3
          TIP3TIP3TIP3TIP3TIP3TIP3TIP3TIP3TIP3TIP3TIP3TIP3TIP3TIP3TIP3TIP3TIP3TIP3TIP3TIP3
          TIP3TIP3TIP3TIP3TIP3TIP3TIP3TIP3TIP3TIP3TIP3TIP3TIP3TIP3TIP3TIP3TIP3TIP3TIP3TIP3
          TIP3TIP3TIP3TIP3TIP3TIP3TIP3TIP3TIP3TIP3TIP3TIP3TIP3TIP3TIP3TIP3TIP3TIP3TIP3TIP3
          TIP3TIP3TIP3TIP3TIP3TIP3TIP3TIP3TIP3TIP3TIP3TIP3TIP3TIP3TIP3TIP3TIP3TIP3TIP3TIP3
          TIP3TIP3TIP3TIP3TIP3TIP3TIP3TIP3TIP3TIP3TIP3TIP3TIP3TIP3TIP3TIP3TIP3TIP3TIP3TIP3
          TIP3TIP3TIP3TIP3TIP3TIP3TIP3TIP3TIP3TIP3TIP3TIP3TIP3TIP3TIP3TIP3TIP3TIP3TIP3TIP3
          TIP3TIP3TIP3TIP3TIP3TIP3TIP3TIP3TIP3TIP3TIP3TIP3TIP3TIP3TIP3TIP3TIP3TIP3TIP3TIP3
          TIP3TIP3TIP3TIP3TIP3TIP3TIP3TIP3TIP3TIP3TIP3TIP3TIP3TIP3TIP3TIP3TIP3TIP3TIP3TIP3
          TIP3TIP3TIP3TIP3TIP3TIP3TIP3TIP3TIP3TIP3TIP3TIP3TIP3TIP3TIP3TIP3TIP3TIP3TIP3TIP3
          TIP3TIP3TIP3TIP3TIP3TIP3TIP3TIP3TIP3TIP3TIP3TIP3TIP3TIP3TIP3TIP3TIP3TIP3TIP3TIP3
          TIP3TIP3TIP3TIP3TIP3TIP3TIP3TIP3TIP3TIP3TIP3TIP3TIP3TIP3TIP3TIP3TIP3TIP3TIP3TIP3
          TIP3TIP3TIP3TIP3TIP3TIP3TIP3TIP3TIP3TIP3TIP3TIP3TIP3TIP3TIP3TIP3TIP3TIP3TIP3TIP3
          TIP3TIP3TIP3TIP3TIP3TIP3TIP3TIP3TIP3TIP3TIP3TIP3TIP3TIP3TIP3TIP3TIP3TIP3TIP3TIP3
          TIP3TIP3TIP3TIP3TIP3TIP3TIP3TIP3TIP3TIP3TIP3TIP3TIP3TIP3TIP3TIP3TIP3TIP3TIP3TIP3
          TIP3TIP3TIP3TIP3TIP3TIP3TIP3TIP3TIP3TIP3TIP3TIP3TIP3TIP3TIP3TIP3TIP3TIP3TIP3TIP3
          TIP3TIP3TIP3TIP3TIP3TIP3TIP3TIP3TIP3TIP3TIP3TIP3TIP3TIP3TIP3TIP3TIP3TIP3TIP3TIP3
          TIP3TIP3TIP3TIP3TIP3TIP3TIP3TIP3TIP3TIP3TIP3TIP3TIP3TIP3TIP3TIP3TIP3TIP3TIP3TIP3
          TIP3TIP3TIP3TIP3TIP3TIP3TIP3TIP3TIP3TIP3TIP3TIP3TIP3TIP3TIP3TIP3TIP3TIP3TIP3
 VCLOSE: Closing unit   90 with status "KEEP"
  
 CHARMM>        gene @root@ctr setup first none last none nodihe noangl
 Parameter: ROOT -> "W"
 Parameter: CTR -> "104"
 NO PATCHING WILL BE DONE ON THE FIRST RESIDUE
 NO PATCHING WILL BE DONE ON THE LAST  RESIDUE
 GENPSF> Segment  10 has been generated. Its identifier is W104.
 PSFSUM> PSF modified: NONBOND lists and IMAGE atoms cleared.
 PSFSUM> Summary of the structure file counters :
         Number of segments      =       10   Number of residues   =    17296
         Number of atoms         =    63470   Number of groups     =    20646
         Number of bonds         =    63669   Number of angles     =    42686
         Number of dihedrals     =    38677   Number of impropers  =     2624
         Number of cross-terms   =      936
         Number of HB acceptors  =    17788   Number of HB donors  =    34346
         Number of NB exclusions =        0   Total charge =  -12.00000
  
 CHARMM>        incr ctr
 Parameter: CTR <- "105"
  
 CHARMM>    if @ctr .le. @last then goto loop
 Parameter: CTR -> "105"
 Parameter: LAST -> "104"
 Comparing "105" and "104".
 IF test evaluated as false.  Skipping command
  
 CHARMM>     
  
 CHARMM>     
  
 CHARMM>    !
 CHARMM>    ! READ IN COORDINATES
 CHARMM>    !
 CHARMM>     
  
 CHARMM>    set ctr 100
 Parameter: CTR <- "100"
  
 CHARMM>    label loop2
  
 CHARMM>         read coor pdb resid name @root@ctr.pdb sele segid @root@ctr end
 Parameter: ROOT -> "W"
 Parameter: CTR -> "100"
 Parameter: ROOT -> "W"
 Parameter: CTR -> "100"
 VOPEN> Attempting to open::w100.pdb::
  read CHARMM-pdb format
 SELRPN>      3 atoms have been selected out of  63470
          SPATIAL COORDINATES BEING READ FROM UNIT 90
 INFO: A subset of total atoms will be read.

 TITLE>  *
 VCLOSE: Closing unit   90 with status "KEEP"
  
 CHARMM>         incr ctr by 1
 Parameter: CTR <- "101"
  
 CHARMM>    if @ctr .le. @last then goto loop2
 Parameter: CTR -> "101"
 Parameter: LAST -> "104"
 Comparing "101" and "104".
 IF test evaluated as true.  Performing command
  
 CHARMM>         read coor pdb resid name @root@ctr.pdb sele segid @root@ctr end
 Parameter: ROOT -> "W"
 Parameter: CTR -> "101"
 Parameter: ROOT -> "W"
 Parameter: CTR -> "101"
 VOPEN> Attempting to open::w101.pdb::
  read CHARMM-pdb format
 SELRPN>      3 atoms have been selected out of  63470
          SPATIAL COORDINATES BEING READ FROM UNIT 90
 INFO: A subset of total atoms will be read.

 TITLE>  *
 VCLOSE: Closing unit   90 with status "KEEP"
  
 CHARMM>         incr ctr by 1
 Parameter: CTR <- "102"
  
 CHARMM>    if @ctr .le. @last then goto loop2
 Parameter: CTR -> "102"
 Parameter: LAST -> "104"
 Comparing "102" and "104".
 IF test evaluated as true.  Performing command
  
 CHARMM>         read coor pdb resid name @root@ctr.pdb sele segid @root@ctr end
 Parameter: ROOT -> "W"
 Parameter: CTR -> "102"
 Parameter: ROOT -> "W"
 Parameter: CTR -> "102"
 VOPEN> Attempting to open::w102.pdb::
  read CHARMM-pdb format
 SELRPN>      3 atoms have been selected out of  63470
          SPATIAL COORDINATES BEING READ FROM UNIT 90
 INFO: A subset of total atoms will be read.

 TITLE>  *
 VCLOSE: Closing unit   90 with status "KEEP"
  
 CHARMM>         incr ctr by 1
 Parameter: CTR <- "103"
  
 CHARMM>    if @ctr .le. @last then goto loop2
 Parameter: CTR -> "103"
 Parameter: LAST -> "104"
 Comparing "103" and "104".
 IF test evaluated as true.  Performing command
  
 CHARMM>         read coor pdb resid name @root@ctr.pdb sele segid @root@ctr end
 Parameter: ROOT -> "W"
 Parameter: CTR -> "103"
 Parameter: ROOT -> "W"
 Parameter: CTR -> "103"
 VOPEN> Attempting to open::w103.pdb::
  read CHARMM-pdb format
 SELRPN>  29988 atoms have been selected out of  63470
          SPATIAL COORDINATES BEING READ FROM UNIT 90
 INFO: A subset of total atoms will be read.

 TITLE>  *
 VCLOSE: Closing unit   90 with status "KEEP"
  
 CHARMM>         incr ctr by 1
 Parameter: CTR <- "104"
  
 CHARMM>    if @ctr .le. @last then goto loop2
 Parameter: CTR -> "104"
 Parameter: LAST -> "104"
 Comparing "104" and "104".
 IF test evaluated as true.  Performing command
  
 CHARMM>         read coor pdb resid name @root@ctr.pdb sele segid @root@ctr end
 Parameter: ROOT -> "W"
 Parameter: CTR -> "104"
 Parameter: ROOT -> "W"
 Parameter: CTR -> "104"
 VOPEN> Attempting to open::w104.pdb::
  read CHARMM-pdb format
 SELRPN>  14517 atoms have been selected out of  63470
          SPATIAL COORDINATES BEING READ FROM UNIT 90
 INFO: A subset of total atoms will be read.

 TITLE>  *
 VCLOSE: Closing unit   90 with status "KEEP"
  
 CHARMM>         incr ctr by 1
 Parameter: CTR <- "105"
  
 CHARMM>    if @ctr .le. @last then goto loop2
 Parameter: CTR -> "105"
 Parameter: LAST -> "104"
 Comparing "105" and "104".
 IF test evaluated as false.  Skipping command
  
 CHARMM>     
  
 CHARMM>     
  
 CHARMM>    ioformat extend
 MISCOM> Expanded I/O format is used.
  
 CHARMM>     
  
 CHARMM>    write psf card name 2agy_ws.psf
 VOPEN> Attempting to open::2agy_ws.psf::
 RDTITL> * AADH + WATER SHELL
 RDTITL> *
 VCLOSE: Closing unit   90 with status "KEEP"
  
 CHARMM>     
  
 CHARMM>    write coor card name 2agy_ws.cor
 VOPEN> Attempting to open::2agy_ws.cor::
 RDTITL> * AADH + WATER SHELL
 RDTITL> *
 VCLOSE: Closing unit   90 with status "KEEP"
 VCLOSE: Closing unit   90 with status "KEEP"
  
 CHARMM>     
  
 CHARMM>    write coor pdb name 2agy_ws.pdb
 VOPEN> Attempting to open::2agy_ws.pdb::
 RDTITL> * AADH + WATER SHELL
 RDTITL> *
  Write CHARMM-pdb format
 VCLOSE: Closing unit   90 with status "KEEP"
  
 CHARMM>     
  
 CHARMM>    stop
$$$$$$  New timer profile $$$$$
 Total time                      4.07 Other:            0.00

                    NORMAL TERMINATION BY NORMAL STOP
                    MOST SEVERE WARNING WAS AT LEVEL  0

                    $$$$$ JOB ACCOUNTING INFORMATION $$$$$
                     ELAPSED TIME:     4.07  SECONDS 
                         CPU TIME:     4.06  SECONDS 
