
          -------------------------------------------------------
          Amber 16 PMEMD                              2016
          -------------------------------------------------------

| PMEMD implementation of SANDER, Release 16

| Run on 04/06/2017 at 20:53:52

|   Executable path: pmemd.cuda
| Working directory: /home/robert/Research/AADH/MD/7_tuning
|          Hostname: Unknown
  [-O]verwriting output

File Assignments:
|   MDIN: hmrcut10npt.in                                                        
|  MDOUT: hmrcut10npt.out                                                       
| INPCRD: ../common/equil6.rst                                                  
|   PARM: ../common/2agy_final_min_hmr.prmtop                                   
| RESTRT: restrt                                                                
|   REFC: refc                                                                  
|  MDVEL: mdvel                                                                 
|   MDEN: mden                                                                  
|  MDCRD: mdcrd                                                                 
| MDINFO: mdinfo                                                                
|  MDFRC: mdfrc                                                                 


 Here is the input file:

AADH reference trajectory: 20ps MD                                             
&cntrl                                                                         
  imin   = 0,                    ! INP Standard MD, no minimization            
  irest  = 1,                    ! INP Restart simulation                      
  ntx    = 5,                    ! INP Read in coordinates and velocities      
  ntpr   = 500,                  ! OUT print frequencey for energy info to mdou
  ntc    = 2,                    ! RESTRAINTS SHAKE for TIP3P                  
  nscm   = 1000,                 ! MD frequency to remove C.o.M motion         
  dt     = 0.004,                ! MD timestep                                 
  nrespa = 1,                    ! MD RESPA time step.  Keep nrespa * dt <= 4  
  nstlim = 20000,                 ! MD Number of time steps                    
  tempi  = 310.0,                  ! TEMP initial temperature                  
  temp0  = 310.0,                ! TEMP final temperature                      
  ntt    = 3,                    ! TEMP Temp control 3 = Langevin, 0 = NVE     
  gamma_ln = 5.0,                ! TEMP collision frequency                    
  ntp    = 1,                    ! PRESSURE Constant pressure dynamics         
  barostat = 2,                  ! PRESSURE MC barostat                        
  pres0 = 1.01325,               ! PRESSURE the pressure in bar                
  mcbarint = 100,                ! PRESSURE # MC sampling frequency            
  taup   = 1.0,                  ! PRESSURE pressure relaxation (increase if un
  ntf    = 2,                    ! POTENTIAL omit H-atoms in potential evaluati
  ntb    = 2,                    ! POTENTIAL Constant pressurem PBC for non-bon
  cut    = 10.0,                 ! POTENTIAL Non-bonded cutoff                 
  fswitch = 8.0,                ! POTENTIAL Switching function start length    
/                                                                              
                                                                               


Note: ig = -1. Setting random seed to   251463 based on wallclock time in 
      microseconds.
 
|--------------------- INFORMATION ----------------------
| GPU (CUDA) Version of PMEMD in use: NVIDIA GPU IN USE.
|                    Version 16.0.0
| 
|                      02/25/2016
| 
| Implementation by:
|                    Ross C. Walker     (SDSC)
|                    Scott Le Grand     (nVIDIA)
| 
| Precision model in use:
|      [SPFP] - Single Precision Forces, 64-bit Fixed Point
|               Accumulation. (Default)
| 
|--------------------------------------------------------
 
|----------------- CITATION INFORMATION -----------------
|
|    When publishing work that utilized the CUDA version
|    of AMBER, please cite the following in addition to
|    the regular AMBER citations:
|
|  - Romelia Salomon-Ferrer; Andreas W. Goetz; Duncan
|    Poole; Scott Le Grand; Ross C. Walker "Routine
|    microsecond molecular dynamics simulations with
|    AMBER - Part II: Particle Mesh Ewald", J. Chem.
|    Theory Comput., 2013, 9 (9), pp3878-3888,
|    DOI: 10.1021/ct400314y.
|
|  - Andreas W. Goetz; Mark J. Williamson; Dong Xu;
|    Duncan Poole; Scott Le Grand; Ross C. Walker
|    "Routine microsecond molecular dynamics simulations
|    with AMBER - Part I: Generalized Born", J. Chem.
|    Theory Comput., 2012, 8 (5), pp1542-1555.
|
|  - Scott Le Grand; Andreas W. Goetz; Ross C. Walker
|    "SPFP: Speed without compromise - a mixed precision
|    model for GPU accelerated molecular dynamics
|    simulations.", Comp. Phys. Comm., 2013, 184
|    pp374-380, DOI: 10.1016/j.cpc.2012.09.022
|
|--------------------------------------------------------
 
|------------------- GPU DEVICE INFO --------------------
|
|            CUDA_VISIBLE_DEVICES: not set
|   CUDA Capable Devices Detected:      1
|           CUDA Device ID in use:      0
|                CUDA Device Name: GeForce GTX 980
|     CUDA Device Global Mem Size:   8112 MB
| CUDA Device Num Multiprocessors:     16
|           CUDA Device Core Freq:   1.19 GHz
|
|--------------------------------------------------------
 
 
| Conditional Compilation Defines Used:
| PUBFFT
| BINTRAJ
| CUDA
| EMIL

| Largest sphere to fit in unit cell has radius =    44.450

| New format PARM file being parsed.
| Version =    1.000 Date = 04/06/17 Time = 20:20:39
| Force field information read from topology file: 
|              >>>> CHARMM36 All-Hydrogen Parameter File for Proteins <<<<<<<<<<  
|
|CHARMM: CHARMM force field in use. 

| Note: 1-4 EEL scale factors are being read from the topology file.

| Note: 1-4 VDW scale factors are being read from the topology file.
| INFO: Off Diagonal (NBFIX) LJ terms found in prmtop file.
|       The prmtop file has been modified to support atom
|       type based pairwise Lennard-Jones terms.
| Duplicated    0 dihedrals

| Duplicated    0 dihedrals

--------------------------------------------------------------------------------
   1.  RESOURCE   USE: 
--------------------------------------------------------------------------------

 getting new box info from bottom of inpcrd
 NATOM  =  115183 NTYPES =      45 NBONH =  107615 MBONA  =    7567
 NTHETH =   49571 MTHETA =   10290 NPHIH =   26934 MPHIA  =   18893
 NHPARM =       0 NPARM  =       0 NNB   =  213960 NRES   =   34667
 NBONA  =    7567 NTHETA =   10290 NPHIA =   18893 NUMBND =      84
 NUMANG =     194 NPTRA  =     454 NATYP =       1 NPHB   =       0
 IFBOX  =       1 NMXRS  =      45 IFCAP =       0 NEXTRA =       0
 NCOPY  =       0

|CHARMM: Reticulating splines.

| Coordinate Index Table dimensions:    22   18   16
| Direct force subcell size =     5.6307    5.7305    5.5562

     BOX TYPE: RECTILINEAR

--------------------------------------------------------------------------------
   2.  CONTROL  DATA  FOR  THE  RUN
--------------------------------------------------------------------------------

                                                                                

General flags:
     imin    =       0, nmropt  =       0

Nature and format of input:
     ntx     =       5, irest   =       1, ntrx    =       1

Nature and format of output:
     ntxo    =       2, ntpr    =     500, ntrx    =       1, ntwr    =   20000
     iwrap   =       0, ntwx    =       0, ntwv    =       0, ntwe    =       0
     ioutfm  =       1, ntwprt  =       0, idecomp =       0, rbornstat=      0

Potential function:
     ntf     =       2, ntb     =       2, igb     =       0, nsnb    =      25
     ipol    =       0, gbsa    =       0, iesp    =       0
     dielc   =   1.00000, cut     =  10.00000, intdiel =   1.00000

Frozen or restrained atoms:
     ibelly  =       0, ntr     =       0

Molecular dynamics:
     nstlim  =     20000, nscm    =      1000, nrespa  =         1
     t       =   0.00000, dt      =   0.00400, vlimit  =  -1.00000

Langevin dynamics temperature regulation:
     ig      =  251463
     temp0   = 310.00000, tempi   = 310.00000, gamma_ln=   5.00000

Pressure regulation:
     ntp     =       1
     pres0   =   1.01325, comp    =  44.60000, taup    =   1.00000
     Monte-Carlo Barostat:
     mcbarint  =     100

SHAKE:
     ntc     =       2, jfastw  =       0
     tol     =   0.00001

| Intermolecular bonds treatment:
|     no_intermolecular_bonds =       1

| Energy averages sample interval:
|     ene_avg_sampling =     500

Ewald parameters:
     verbose =       0, ew_type =       0, nbflag  =       1, use_pme =       1
     vdwmeth =       0, eedmeth =       1, netfrc  =       1
     Box X =  123.876   Box Y =  103.149   Box Z =   88.900
     Alpha =   90.000   Beta  =   90.000   Gamma =   90.000
     NFFT1 =  128       NFFT2 =  108       NFFT3 =   96
     Cutoff=   10.000   Tol   =0.100E-04
     Ewald Coefficient =  0.27511
     Interpolation order =    4
| MONTE CARLO BAROSTAT IMPORTANT NOTE:
|   The Monte-Carlo barostat does not require the virial to adjust the system volume.
|   Since it is an expensive calculation, it is skipped for efficiency. A side-effect
|   is that the reported pressure is always 0 because it is not calculated.

--------------------------------------------------------------------------------
   3.  ATOMIC COORDINATES AND VELOCITIES
--------------------------------------------------------------------------------

                                                                                
 begin time read from input coords =  1070.000 ps

 
 Number of triangulated 3-point waters found:    33521

     Sum of charges from parm topology file =  -0.00000000
     Forcing neutrality...

| Dynamic Memory, Types Used:
| Reals             4596094
| Integers          4125735

| Nonbonded Pairs Initial Allocation:    34839977

| GPU memory information (estimate):
| KB of GPU memory in use:    692972
| KB of CPU memory in use:    139472

--------------------------------------------------------------------------------
   4.  RESULTS
--------------------------------------------------------------------------------

 ---------------------------------------------------
 APPROXIMATING switch and d/dx switch using CUBIC SPLINE INTERPOLATION
 using   5000.0 points per unit in tabled values
 TESTING RELATIVE ERROR over r ranging from 0.0 to cutoff
| CHECK switch(x): max rel err =   0.2738E-14   at   2.422500
| CHECK d/dx switch(x): max rel err =   0.8314E-11   at   2.736960
 ---------------------------------------------------
|---------------------------------------------------
| APPROXIMATING direct energy using CUBIC SPLINE INTERPOLATION
|  with   50.0 points per unit in tabled values
| Relative Error Limit not exceeded for r .gt.   2.33
| APPROXIMATING direct force using CUBIC SPLINE INTERPOLATION
|  with   50.0 points per unit in tabled values
| Relative Error Limit not exceeded for r .gt.   2.80
|---------------------------------------------------

 NSTEP =      500   TIME(PS) =    1072.000  TEMP(K) =   310.78  PRESS =     0.0
 Etot   =   -279194.7302  EKtot   =     73470.4531  EPtot      =   -352665.1833
 BOND   =      3773.5228  ANGLE   =      8173.8224  DIHED      =      9660.0329
 UB     =       959.6233  IMP     =       537.7099  CMAP       =      -595.2179
 1-4 NB =      2477.6300  1-4 EEL =     39193.9075  VDWAALS    =     30960.7211
 EELEC  =   -447806.9356  EHBOND  =         0.0000  RESTRAINT  =         0.0000
 EKCMT  =         0.0000  VIRIAL  =         0.0000  VOLUME     =   1138067.5933
                                                    Density    =         1.0427
 ------------------------------------------------------------------------------

| MC Barostat: Decreasing size of volume moves

 NSTEP =     1000   TIME(PS) =    1074.000  TEMP(K) =   309.37  PRESS =     0.0
 Etot   =   -279356.6538  EKtot   =     73137.7891  EPtot      =   -352494.4428
 BOND   =      3646.7667  ANGLE   =      8009.4476  DIHED      =      9617.2549
 UB     =       974.7291  IMP     =       540.3925  CMAP       =      -587.1069
 1-4 NB =      2482.9469  1-4 EEL =     39364.8641  VDWAALS    =     31091.3513
 EELEC  =   -447635.0890  EHBOND  =         0.0000  RESTRAINT  =         0.0000
 EKCMT  =         0.0000  VIRIAL  =         0.0000  VOLUME     =   1138067.5933
                                                    Density    =         1.0427
 ------------------------------------------------------------------------------


 NSTEP =     1500   TIME(PS) =    1076.000  TEMP(K) =   309.54  PRESS =     0.0
 Etot   =   -278970.7882  EKtot   =     73177.6406  EPtot      =   -352148.4288
 BOND   =      3580.6338  ANGLE   =      8095.1743  DIHED      =      9647.6269
 UB     =       936.9962  IMP     =       575.6214  CMAP       =      -596.5663
 1-4 NB =      2546.8753  1-4 EEL =     39300.2379  VDWAALS    =     30850.3108
 EELEC  =   -447085.3393  EHBOND  =         0.0000  RESTRAINT  =         0.0000
 EKCMT  =         0.0000  VIRIAL  =         0.0000  VOLUME     =   1140018.0714
                                                    Density    =         1.0409
 ------------------------------------------------------------------------------

| MC Barostat: Decreasing size of volume moves

 NSTEP =     2000   TIME(PS) =    1078.000  TEMP(K) =   310.18  PRESS =     0.0
 Etot   =   -279056.3631  EKtot   =     73329.3281  EPtot      =   -352385.6913
 BOND   =      3714.2166  ANGLE   =      8070.0377  DIHED      =      9677.8447
 UB     =       956.4023  IMP     =       534.7716  CMAP       =      -629.4919
 1-4 NB =      2540.1691  1-4 EEL =     39448.4415  VDWAALS    =     31301.8932
 EELEC  =   -447999.9761  EHBOND  =         0.0000  RESTRAINT  =         0.0000
 EKCMT  =         0.0000  VIRIAL  =         0.0000  VOLUME     =   1140018.0714
                                                    Density    =         1.0409
 ------------------------------------------------------------------------------


 NSTEP =     2500   TIME(PS) =    1080.000  TEMP(K) =   311.28  PRESS =     0.0
 Etot   =   -279061.9647  EKtot   =     73589.4219  EPtot      =   -352651.3866
 BOND   =      3573.7200  ANGLE   =      7957.3740  DIHED      =      9687.0000
 UB     =       927.2433  IMP     =       570.7954  CMAP       =      -597.9148
 1-4 NB =      2521.9505  1-4 EEL =     39318.1991  VDWAALS    =     31153.4257
 EELEC  =   -447763.1796  EHBOND  =         0.0000  RESTRAINT  =         0.0000
 EKCMT  =         0.0000  VIRIAL  =         0.0000  VOLUME     =   1140018.0714
                                                    Density    =         1.0409
 ------------------------------------------------------------------------------

| MC Barostat: Decreasing size of volume moves

 NSTEP =     3000   TIME(PS) =    1082.000  TEMP(K) =   310.63  PRESS =     0.0
 Etot   =   -278650.2806  EKtot   =     73435.6562  EPtot      =   -352085.9368
 BOND   =      3622.9093  ANGLE   =      7908.8851  DIHED      =      9647.1315
 UB     =       940.3524  IMP     =       548.7029  CMAP       =      -611.0267
 1-4 NB =      2525.6093  1-4 EEL =     39382.9590  VDWAALS    =     31222.0904
 EELEC  =   -447273.5501  EHBOND  =         0.0000  RESTRAINT  =         0.0000
 EKCMT  =         0.0000  VIRIAL  =         0.0000  VOLUME     =   1140018.0714
                                                    Density    =         1.0409
 ------------------------------------------------------------------------------


 NSTEP =     3500   TIME(PS) =    1084.000  TEMP(K) =   308.98  PRESS =     0.0
 Etot   =   -279000.4750  EKtot   =     73045.5547  EPtot      =   -352046.0297
 BOND   =      3740.3588  ANGLE   =      7989.8104  DIHED      =      9690.8300
 UB     =       948.4697  IMP     =       565.4779  CMAP       =      -571.6006
 1-4 NB =      2516.2437  1-4 EEL =     39266.1218  VDWAALS    =     30926.7014
 EELEC  =   -447118.4428  EHBOND  =         0.0000  RESTRAINT  =         0.0000
 EKCMT  =         0.0000  VIRIAL  =         0.0000  VOLUME     =   1139961.0013
                                                    Density    =         1.0409
 ------------------------------------------------------------------------------

| MC Barostat: Decreasing size of volume moves

 NSTEP =     4000   TIME(PS) =    1086.000  TEMP(K) =   309.53  PRESS =     0.0
 Etot   =   -279587.8438  EKtot   =     73176.9531  EPtot      =   -352764.7969
 BOND   =      3715.7810  ANGLE   =      7962.1223  DIHED      =      9684.0811
 UB     =       956.9926  IMP     =       573.5670  CMAP       =      -578.2187
 1-4 NB =      2516.3826  1-4 EEL =     39353.0037  VDWAALS    =     31110.1915
 EELEC  =   -448058.7002  EHBOND  =         0.0000  RESTRAINT  =         0.0000
 EKCMT  =         0.0000  VIRIAL  =         0.0000  VOLUME     =   1139961.0013
                                                    Density    =         1.0409
 ------------------------------------------------------------------------------


 NSTEP =     4500   TIME(PS) =    1088.000  TEMP(K) =   311.79  PRESS =     0.0
 Etot   =   -278700.8005  EKtot   =     73710.7188  EPtot      =   -352411.5192
 BOND   =      3594.3461  ANGLE   =      8000.8739  DIHED      =      9658.3228
 UB     =       928.2059  IMP     =       526.6106  CMAP       =      -626.8578
 1-4 NB =      2494.4614  1-4 EEL =     39176.8825  VDWAALS    =     31074.9913
 EELEC  =   -447239.3560  EHBOND  =         0.0000  RESTRAINT  =         0.0000
 EKCMT  =         0.0000  VIRIAL  =         0.0000  VOLUME     =   1141253.1303
                                                    Density    =         1.0398
 ------------------------------------------------------------------------------


 NSTEP =     5000   TIME(PS) =    1090.000  TEMP(K) =   310.79  PRESS =     0.0
 Etot   =   -278756.1275  EKtot   =     73472.9453  EPtot      =   -352229.0729
 BOND   =      3757.0986  ANGLE   =      8000.9620  DIHED      =      9630.3868
 UB     =       926.0309  IMP     =       518.3861  CMAP       =      -612.1463
 1-4 NB =      2516.8791  1-4 EEL =     39328.9831  VDWAALS    =     30966.5581
 EELEC  =   -447262.2113  EHBOND  =         0.0000  RESTRAINT  =         0.0000
 EKCMT  =         0.0000  VIRIAL  =         0.0000  VOLUME     =   1141098.9169
                                                    Density    =         1.0399
 ------------------------------------------------------------------------------


 NSTEP =     5500   TIME(PS) =    1092.000  TEMP(K) =   310.05  PRESS =     0.0
 Etot   =   -278645.6385  EKtot   =     73299.2188  EPtot      =   -351944.8572
 BOND   =      3631.8952  ANGLE   =      8087.1232  DIHED      =      9668.1304
 UB     =       950.7380  IMP     =       583.5730  CMAP       =      -614.2786
 1-4 NB =      2492.9817  1-4 EEL =     39329.1291  VDWAALS    =     30742.3574
 EELEC  =   -446816.5065  EHBOND  =         0.0000  RESTRAINT  =         0.0000
 EKCMT  =         0.0000  VIRIAL  =         0.0000  VOLUME     =   1141098.9169
                                                    Density    =         1.0399
 ------------------------------------------------------------------------------

| MC Barostat: Decreasing size of volume moves

 NSTEP =     6000   TIME(PS) =    1094.000  TEMP(K) =   310.52  PRESS =     0.0
 Etot   =   -279532.2572  EKtot   =     73410.4453  EPtot      =   -352942.7025
 BOND   =      3656.1975  ANGLE   =      7986.0623  DIHED      =      9666.7112
 UB     =       950.3119  IMP     =       538.7503  CMAP       =      -590.0078
 1-4 NB =      2494.1870  1-4 EEL =     39148.5151  VDWAALS    =     31104.2177
 EELEC  =   -447897.6478  EHBOND  =         0.0000  RESTRAINT  =         0.0000
 EKCMT  =         0.0000  VIRIAL  =         0.0000  VOLUME     =   1141098.9169
                                                    Density    =         1.0399
 ------------------------------------------------------------------------------


 NSTEP =     6500   TIME(PS) =    1096.000  TEMP(K) =   311.51  PRESS =     0.0
 Etot   =   -278998.3833  EKtot   =     73644.5703  EPtot      =   -352642.9536
 BOND   =      3592.4279  ANGLE   =      8050.0434  DIHED      =      9606.0164
 UB     =       914.6465  IMP     =       553.7017  CMAP       =      -614.1141
 1-4 NB =      2504.4135  1-4 EEL =     39323.3158  VDWAALS    =     30895.8032
 EELEC  =   -447469.2079  EHBOND  =         0.0000  RESTRAINT  =         0.0000
 EKCMT  =         0.0000  VIRIAL  =         0.0000  VOLUME     =   1142474.4975
                                                    Density    =         1.0386
 ------------------------------------------------------------------------------


 NSTEP =     7000   TIME(PS) =    1098.000  TEMP(K) =   310.28  PRESS =     0.0
 Etot   =   -279241.8261  EKtot   =     73353.5469  EPtot      =   -352595.3729
 BOND   =      3595.0686  ANGLE   =      8030.7215  DIHED      =      9644.6754
 UB     =       942.7619  IMP     =       575.4289  CMAP       =      -617.7399
 1-4 NB =      2518.9546  1-4 EEL =     39366.6221  VDWAALS    =     31355.3378
 EELEC  =   -448007.2037  EHBOND  =         0.0000  RESTRAINT  =         0.0000
 EKCMT  =         0.0000  VIRIAL  =         0.0000  VOLUME     =   1142474.4975
                                                    Density    =         1.0386
 ------------------------------------------------------------------------------


 NSTEP =     7500   TIME(PS) =    1100.000  TEMP(K) =   310.58  PRESS =     0.0
 Etot   =   -278871.3561  EKtot   =     73424.6875  EPtot      =   -352296.0436
 BOND   =      3571.0624  ANGLE   =      8041.9929  DIHED      =      9624.8218
 UB     =       932.4203  IMP     =       549.6021  CMAP       =      -615.5748
 1-4 NB =      2564.5943  1-4 EEL =     39348.0869  VDWAALS    =     31029.6927
 EELEC  =   -447342.7422  EHBOND  =         0.0000  RESTRAINT  =         0.0000
 EKCMT  =         0.0000  VIRIAL  =         0.0000  VOLUME     =   1142474.4975
                                                    Density    =         1.0386
 ------------------------------------------------------------------------------

| MC Barostat: Decreasing size of volume moves

 NSTEP =     8000   TIME(PS) =    1102.000  TEMP(K) =   310.42  PRESS =     0.0
 Etot   =   -279120.7363  EKtot   =     73385.4688  EPtot      =   -352506.2050
 BOND   =      3671.3694  ANGLE   =      8037.1263  DIHED      =      9577.9471
 UB     =       945.3189  IMP     =       549.4673  CMAP       =      -607.0646
 1-4 NB =      2523.2489  1-4 EEL =     39302.6814  VDWAALS    =     31143.5366
 EELEC  =   -447649.8364  EHBOND  =         0.0000  RESTRAINT  =         0.0000
 EKCMT  =         0.0000  VIRIAL  =         0.0000  VOLUME     =   1142032.2619
                                                    Density    =         1.0390
 ------------------------------------------------------------------------------


 NSTEP =     8500   TIME(PS) =    1104.000  TEMP(K) =   309.14  PRESS =     0.0
 Etot   =   -278444.3768  EKtot   =     73082.9219  EPtot      =   -351527.2987
 BOND   =      3674.7294  ANGLE   =      8239.8456  DIHED      =      9577.4370
 UB     =       943.0094  IMP     =       532.2816  CMAP       =      -627.8710
 1-4 NB =      2519.0164  1-4 EEL =     39282.0153  VDWAALS    =     30488.6025
 EELEC  =   -446156.3651  EHBOND  =         0.0000  RESTRAINT  =         0.0000
 EKCMT  =         0.0000  VIRIAL  =         0.0000  VOLUME     =   1143520.4665
                                                    Density    =         1.0377
 ------------------------------------------------------------------------------

| MC Barostat: Decreasing size of volume moves

 NSTEP =     9000   TIME(PS) =    1106.000  TEMP(K) =   309.86  PRESS =     0.0
 Etot   =   -278758.7473  EKtot   =     73254.0000  EPtot      =   -352012.7473
 BOND   =      3734.8164  ANGLE   =      8003.6542  DIHED      =      9644.9084
 UB     =       952.8560  IMP     =       558.9251  CMAP       =      -612.1137
 1-4 NB =      2517.2689  1-4 EEL =     39314.4496  VDWAALS    =     31307.3864
 EELEC  =   -447434.8987  EHBOND  =         0.0000  RESTRAINT  =         0.0000
 EKCMT  =         0.0000  VIRIAL  =         0.0000  VOLUME     =   1143503.1717
                                                    Density    =         1.0377
 ------------------------------------------------------------------------------


 NSTEP =     9500   TIME(PS) =    1108.000  TEMP(K) =   310.93  PRESS =     0.0
 Etot   =   -278753.6152  EKtot   =     73506.1250  EPtot      =   -352259.7402
 BOND   =      3697.5712  ANGLE   =      7976.4017  DIHED      =      9624.8421
 UB     =       940.2826  IMP     =       535.9045  CMAP       =      -603.9557
 1-4 NB =      2462.0809  1-4 EEL =     39492.7964  VDWAALS    =     31184.4031
 EELEC  =   -447570.0670  EHBOND  =         0.0000  RESTRAINT  =         0.0000
 EKCMT  =         0.0000  VIRIAL  =         0.0000  VOLUME     =   1143503.1717
                                                    Density    =         1.0377
 ------------------------------------------------------------------------------

| MC Barostat: Decreasing size of volume moves

 NSTEP =    10000   TIME(PS) =    1110.000  TEMP(K) =   310.86  PRESS =     0.0
 Etot   =   -278809.6126  EKtot   =     73491.5000  EPtot      =   -352301.1126
 BOND   =      3782.2094  ANGLE   =      8050.0885  DIHED      =      9668.1265
 UB     =       953.9610  IMP     =       543.1305  CMAP       =      -603.6688
 1-4 NB =      2511.4066  1-4 EEL =     39235.7945  VDWAALS    =     31130.1926
 EELEC  =   -447572.3533  EHBOND  =         0.0000  RESTRAINT  =         0.0000
 EKCMT  =         0.0000  VIRIAL  =         0.0000  VOLUME     =   1143503.1717
                                                    Density    =         1.0377
 ------------------------------------------------------------------------------


 NSTEP =    10500   TIME(PS) =    1112.000  TEMP(K) =   310.54  PRESS =     0.0
 Etot   =   -279333.3498  EKtot   =     73415.3828  EPtot      =   -352748.7326
 BOND   =      3687.4464  ANGLE   =      8046.7912  DIHED      =      9570.7880
 UB     =       934.7986  IMP     =       512.7630  CMAP       =      -596.1459
 1-4 NB =      2497.0819  1-4 EEL =     39324.7029  VDWAALS    =     30990.2389
 EELEC  =   -447717.1977  EHBOND  =         0.0000  RESTRAINT  =         0.0000
 EKCMT  =         0.0000  VIRIAL  =         0.0000  VOLUME     =   1143503.1717
                                                    Density    =         1.0377
 ------------------------------------------------------------------------------

| MC Barostat: Decreasing size of volume moves

 NSTEP =    11000   TIME(PS) =    1114.000  TEMP(K) =   310.18  PRESS =     0.0
 Etot   =   -278783.9007  EKtot   =     73329.5078  EPtot      =   -352113.4085
 BOND   =      3731.3824  ANGLE   =      8011.6971  DIHED      =      9648.8047
 UB     =       962.1344  IMP     =       562.8864  CMAP       =      -627.5247
 1-4 NB =      2495.5335  1-4 EEL =     39158.5103  VDWAALS    =     30459.1643
 EELEC  =   -446515.9970  EHBOND  =         0.0000  RESTRAINT  =         0.0000
 EKCMT  =         0.0000  VIRIAL  =         0.0000  VOLUME     =   1143503.1717
                                                    Density    =         1.0377
 ------------------------------------------------------------------------------


 NSTEP =    11500   TIME(PS) =    1116.000  TEMP(K) =   310.88  PRESS =     0.0
 Etot   =   -278871.7946  EKtot   =     73495.8672  EPtot      =   -352367.6618
 BOND   =      3642.1101  ANGLE   =      8102.7538  DIHED      =      9641.2838
 UB     =       938.1115  IMP     =       548.8414  CMAP       =      -607.9654
 1-4 NB =      2529.6060  1-4 EEL =     39310.4710  VDWAALS    =     30842.8618
 EELEC  =   -447315.7360  EHBOND  =         0.0000  RESTRAINT  =         0.0000
 EKCMT  =         0.0000  VIRIAL  =         0.0000  VOLUME     =   1143503.1717
                                                    Density    =         1.0377
 ------------------------------------------------------------------------------

| MC Barostat: Decreasing size of volume moves

 NSTEP =    12000   TIME(PS) =    1118.000  TEMP(K) =   309.45  PRESS =     0.0
 Etot   =   -279138.8519  EKtot   =     73157.6719  EPtot      =   -352296.5237
 BOND   =      3668.7946  ANGLE   =      7998.1906  DIHED      =      9601.0084
 UB     =       946.7832  IMP     =       561.5765  CMAP       =      -605.0808
 1-4 NB =      2489.7192  1-4 EEL =     39343.0727  VDWAALS    =     31108.1008
 EELEC  =   -447408.6889  EHBOND  =         0.0000  RESTRAINT  =         0.0000
 EKCMT  =         0.0000  VIRIAL  =         0.0000  VOLUME     =   1143503.1717
                                                    Density    =         1.0377
 ------------------------------------------------------------------------------


 NSTEP =    12500   TIME(PS) =    1120.000  TEMP(K) =   310.57  PRESS =     0.0
 Etot   =   -278601.2272  EKtot   =     73422.9375  EPtot      =   -352024.1647
 BOND   =      3695.1754  ANGLE   =      8094.0845  DIHED      =      9609.1526
 UB     =       944.5013  IMP     =       539.9185  CMAP       =      -613.5542
 1-4 NB =      2518.3687  1-4 EEL =     39295.4594  VDWAALS    =     30700.6250
 EELEC  =   -446807.8959  EHBOND  =         0.0000  RESTRAINT  =         0.0000
 EKCMT  =         0.0000  VIRIAL  =         0.0000  VOLUME     =   1144198.9615
                                                    Density    =         1.0371
 ------------------------------------------------------------------------------

| MC Barostat: Decreasing size of volume moves

 NSTEP =    13000   TIME(PS) =    1122.000  TEMP(K) =   310.01  PRESS =     0.0
 Etot   =   -278766.3398  EKtot   =     73289.5547  EPtot      =   -352055.8944
 BOND   =      3777.7712  ANGLE   =      8046.4059  DIHED      =      9650.1636
 UB     =       932.0587  IMP     =       543.8037  CMAP       =      -609.1858
 1-4 NB =      2478.5618  1-4 EEL =     39269.5529  VDWAALS    =     30443.9427
 EELEC  =   -446588.9690  EHBOND  =         0.0000  RESTRAINT  =         0.0000
 EKCMT  =         0.0000  VIRIAL  =         0.0000  VOLUME     =   1143823.1356
                                                    Density    =         1.0374
 ------------------------------------------------------------------------------


 NSTEP =    13500   TIME(PS) =    1124.000  TEMP(K) =   310.97  PRESS =     0.0
 Etot   =   -278774.8027  EKtot   =     73517.0547  EPtot      =   -352291.8574
 BOND   =      3719.6488  ANGLE   =      7979.5144  DIHED      =      9581.7846
 UB     =       933.3802  IMP     =       560.2214  CMAP       =      -620.4626
 1-4 NB =      2525.5961  1-4 EEL =     39305.5891  VDWAALS    =     30623.0415
 EELEC  =   -446900.1709  EHBOND  =         0.0000  RESTRAINT  =         0.0000
 EKCMT  =         0.0000  VIRIAL  =         0.0000  VOLUME     =   1143781.4281
                                                    Density    =         1.0375
 ------------------------------------------------------------------------------

| MC Barostat: Decreasing size of volume moves

 NSTEP =    14000   TIME(PS) =    1126.000  TEMP(K) =   309.97  PRESS =     0.0
 Etot   =   -278882.6084  EKtot   =     73280.1328  EPtot      =   -352162.7413
 BOND   =      3706.7780  ANGLE   =      8073.3744  DIHED      =      9666.3155
 UB     =       936.6429  IMP     =       561.8842  CMAP       =      -631.9443
 1-4 NB =      2501.5309  1-4 EEL =     39243.6053  VDWAALS    =     30526.5446
 EELEC  =   -446747.4727  EHBOND  =         0.0000  RESTRAINT  =         0.0000
 EKCMT  =         0.0000  VIRIAL  =         0.0000  VOLUME     =   1143781.4281
                                                    Density    =         1.0375
 ------------------------------------------------------------------------------


 NSTEP =    14500   TIME(PS) =    1128.000  TEMP(K) =   310.91  PRESS =     0.0
 Etot   =   -278982.2562  EKtot   =     73501.2969  EPtot      =   -352483.5531
 BOND   =      3740.7684  ANGLE   =      7955.7993  DIHED      =      9674.3688
 UB     =       918.0997  IMP     =       558.6024  CMAP       =      -611.8666
 1-4 NB =      2488.7178  1-4 EEL =     39305.5144  VDWAALS    =     30998.8793
 EELEC  =   -447512.4367  EHBOND  =         0.0000  RESTRAINT  =         0.0000
 EKCMT  =         0.0000  VIRIAL  =         0.0000  VOLUME     =   1143868.2259
                                                    Density    =         1.0374
 ------------------------------------------------------------------------------


 NSTEP =    15000   TIME(PS) =    1130.000  TEMP(K) =   309.92  PRESS =     0.0
 Etot   =   -279006.4084  EKtot   =     73269.3281  EPtot      =   -352275.7365
 BOND   =      3623.0724  ANGLE   =      8064.3925  DIHED      =      9597.3489
 UB     =       939.3533  IMP     =       561.1829  CMAP       =      -591.7421
 1-4 NB =      2545.7321  1-4 EEL =     39360.9426  VDWAALS    =     31116.1009
 EELEC  =   -447492.1200  EHBOND  =         0.0000  RESTRAINT  =         0.0000
 EKCMT  =         0.0000  VIRIAL  =         0.0000  VOLUME     =   1143657.8787
                                                    Density    =         1.0376
 ------------------------------------------------------------------------------


 NSTEP =    15500   TIME(PS) =    1132.000  TEMP(K) =   309.92  PRESS =     0.0
 Etot   =   -279239.0658  EKtot   =     73268.5000  EPtot      =   -352507.5658
 BOND   =      3722.0865  ANGLE   =      7912.5531  DIHED      =      9631.4020
 UB     =       932.1171  IMP     =       546.3712  CMAP       =      -636.7603
 1-4 NB =      2510.1245  1-4 EEL =     39277.2804  VDWAALS    =     31260.0596
 EELEC  =   -447662.8000  EHBOND  =         0.0000  RESTRAINT  =         0.0000
 EKCMT  =         0.0000  VIRIAL  =         0.0000  VOLUME     =   1143957.1714
                                                    Density    =         1.0373
 ------------------------------------------------------------------------------


 NSTEP =    16000   TIME(PS) =    1134.000  TEMP(K) =   311.83  PRESS =     0.0
 Etot   =   -278540.5431  EKtot   =     73719.9219  EPtot      =   -352260.4650
 BOND   =      3638.4901  ANGLE   =      7935.6255  DIHED      =      9634.9480
 UB     =       942.2265  IMP     =       535.4516  CMAP       =      -613.2759
 1-4 NB =      2503.1621  1-4 EEL =     39343.2217  VDWAALS    =     31082.2752
 EELEC  =   -447262.5898  EHBOND  =         0.0000  RESTRAINT  =         0.0000
 EKCMT  =         0.0000  VIRIAL  =         0.0000  VOLUME     =   1144148.6877
                                                    Density    =         1.0371
 ------------------------------------------------------------------------------


 NSTEP =    16500   TIME(PS) =    1136.000  TEMP(K) =   310.64  PRESS =     0.0
 Etot   =   -278815.0757  EKtot   =     73438.5703  EPtot      =   -352253.6460
 BOND   =      3859.0633  ANGLE   =      7988.2912  DIHED      =      9628.3710
 UB     =       958.3305  IMP     =       532.4697  CMAP       =      -600.1215
 1-4 NB =      2491.9406  1-4 EEL =     39143.7213  VDWAALS    =     31405.7427
 EELEC  =   -447661.4548  EHBOND  =         0.0000  RESTRAINT  =         0.0000
 EKCMT  =         0.0000  VIRIAL  =         0.0000  VOLUME     =   1144148.6877
                                                    Density    =         1.0371
 ------------------------------------------------------------------------------

| MC Barostat: Decreasing size of volume moves

 NSTEP =    17000   TIME(PS) =    1138.000  TEMP(K) =   311.62  PRESS =     0.0
 Etot   =   -278322.8453  EKtot   =     73669.7422  EPtot      =   -351992.5875
 BOND   =      3727.5299  ANGLE   =      8036.2279  DIHED      =      9624.3005
 UB     =       951.1422  IMP     =       542.0682  CMAP       =      -584.7742
 1-4 NB =      2534.3433  1-4 EEL =     39303.0685  VDWAALS    =     31017.2830
 EELEC  =   -447143.7767  EHBOND  =         0.0000  RESTRAINT  =         0.0000
 EKCMT  =         0.0000  VIRIAL  =         0.0000  VOLUME     =   1143822.0690
                                                    Density    =         1.0374
 ------------------------------------------------------------------------------


 NSTEP =    17500   TIME(PS) =    1140.000  TEMP(K) =   309.87  PRESS =     0.0
 Etot   =   -278296.5291  EKtot   =     73255.6641  EPtot      =   -351552.1931
 BOND   =      3760.7873  ANGLE   =      8147.2590  DIHED      =      9614.7737
 UB     =       958.7554  IMP     =       559.5228  CMAP       =      -601.8541
 1-4 NB =      2526.8742  1-4 EEL =     39243.7102  VDWAALS    =     30686.4885
 EELEC  =   -446448.5100  EHBOND  =         0.0000  RESTRAINT  =         0.0000
 EKCMT  =         0.0000  VIRIAL  =         0.0000  VOLUME     =   1146568.5147
                                                    Density    =         1.0349
 ------------------------------------------------------------------------------


 NSTEP =    18000   TIME(PS) =    1142.000  TEMP(K) =   311.46  PRESS =     0.0
 Etot   =   -278521.4830  EKtot   =     73632.5859  EPtot      =   -352154.0689
 BOND   =      3707.0205  ANGLE   =      7866.5471  DIHED      =      9636.2693
 UB     =       953.5293  IMP     =       588.4831  CMAP       =      -609.8289
 1-4 NB =      2552.8396  1-4 EEL =     39400.0713  VDWAALS    =     30830.1245
 EELEC  =   -447079.1247  EHBOND  =         0.0000  RESTRAINT  =         0.0000
 EKCMT  =         0.0000  VIRIAL  =         0.0000  VOLUME     =   1146033.7424
                                                    Density    =         1.0354
 ------------------------------------------------------------------------------


 NSTEP =    18500   TIME(PS) =    1144.000  TEMP(K) =   310.35  PRESS =     0.0
 Etot   =   -278213.5505  EKtot   =     73369.1719  EPtot      =   -351582.7223
 BOND   =      3705.5067  ANGLE   =      8128.3228  DIHED      =      9617.9170
 UB     =       957.1349  IMP     =       581.0057  CMAP       =      -598.0069
 1-4 NB =      2479.3372  1-4 EEL =     39238.9978  VDWAALS    =     31146.5224
 EELEC  =   -446839.4598  EHBOND  =         0.0000  RESTRAINT  =         0.0000
 EKCMT  =         0.0000  VIRIAL  =         0.0000  VOLUME     =   1146162.9426
                                                    Density    =         1.0353
 ------------------------------------------------------------------------------

| MC Barostat: Decreasing size of volume moves

 NSTEP =    19000   TIME(PS) =    1146.000  TEMP(K) =   310.28  PRESS =     0.0
 Etot   =   -278757.1180  EKtot   =     73352.2500  EPtot      =   -352109.3680
 BOND   =      3746.6819  ANGLE   =      8143.6140  DIHED      =      9624.5496
 UB     =       972.6437  IMP     =       535.6800  CMAP       =      -605.0233
 1-4 NB =      2528.3556  1-4 EEL =     39134.6813  VDWAALS    =     30612.4326
 EELEC  =   -446802.9834  EHBOND  =         0.0000  RESTRAINT  =         0.0000
 EKCMT  =         0.0000  VIRIAL  =         0.0000  VOLUME     =   1146335.8876
                                                    Density    =         1.0351
 ------------------------------------------------------------------------------


 NSTEP =    19500   TIME(PS) =    1148.000  TEMP(K) =   308.67  PRESS =     0.0
 Etot   =   -278835.2591  EKtot   =     72973.5703  EPtot      =   -351808.8294
 BOND   =      3628.8152  ANGLE   =      8116.8709  DIHED      =      9561.4372
 UB     =       924.0857  IMP     =       555.1833  CMAP       =      -570.7357
 1-4 NB =      2522.3539  1-4 EEL =     39193.7277  VDWAALS    =     30672.7106
 EELEC  =   -446413.2782  EHBOND  =         0.0000  RESTRAINT  =         0.0000
 EKCMT  =         0.0000  VIRIAL  =         0.0000  VOLUME     =   1146540.2063
                                                    Density    =         1.0350
 ------------------------------------------------------------------------------


 NSTEP =    20000   TIME(PS) =    1150.000  TEMP(K) =   310.03  PRESS =     0.0
 Etot   =   -278590.9793  EKtot   =     73295.0938  EPtot      =   -351886.0730
 BOND   =      3685.9534  ANGLE   =      7877.4592  DIHED      =      9666.8068
 UB     =       927.0904  IMP     =       552.9704  CMAP       =      -611.0474
 1-4 NB =      2543.0466  1-4 EEL =     39428.4185  VDWAALS    =     30883.4291
 EELEC  =   -446840.2000  EHBOND  =         0.0000  RESTRAINT  =         0.0000
 EKCMT  =         0.0000  VIRIAL  =         0.0000  VOLUME     =   1146540.2063
                                                    Density    =         1.0350
 ------------------------------------------------------------------------------


      A V E R A G E S   O V E R      40 S T E P S


 NSTEP =    20000   TIME(PS) =    1150.000  TEMP(K) =   310.38  PRESS =     0.0
 Etot   =   -278869.6641  EKtot   =     73376.3188  EPtot      =   -352245.9829
 BOND   =      3687.5396  ANGLE   =      8029.9336  DIHED      =      9634.6481
 UB     =       943.6068  IMP     =       551.3422  CMAP       =      -606.4859
 1-4 NB =      2512.7532  1-4 EEL =     39297.5331  VDWAALS    =     30961.1583
 EELEC  =   -447258.0118  EHBOND  =         0.0000  RESTRAINT  =         0.0000
 EKCMT  =         0.0000  VIRIAL  =         0.0000  VOLUME     =   1142888.6738
                                                    Density    =         1.0383
 ------------------------------------------------------------------------------


      R M S  F L U C T U A T I O N S


 NSTEP =    20000   TIME(PS) =    1150.000  TEMP(K) =     0.75  PRESS =     0.0
 Etot   =       312.3091  EKtot   =       176.1264  EPtot      =       321.5086
 BOND   =        65.3775  ANGLE   =        78.9563  DIHED      =        32.9677
 UB     =        13.7476  IMP     =        17.3427  CMAP       =        15.3065
 1-4 NB =        22.7064  1-4 EEL =        81.6517  VDWAALS    =       253.4473
 EELEC  =       474.2171  EHBOND  =         0.0000  RESTRAINT  =         0.0000
 EKCMT  =         0.0000  VIRIAL  =         0.0000  VOLUME     =      2218.0647
                                                    Density    =         0.0020
 ------------------------------------------------------------------------------

| MC Barostat:        200 volume changes attempted.
| MC Barostat:         32 changes successful ( 16.00%)
 ------------------------------------------------------------------------------

--------------------------------------------------------------------------------
   5.  TIMINGS
--------------------------------------------------------------------------------

|  NonSetup CPU Time in Major Routines:
|
|     Routine           Sec        %
|     ------------------------------
|     Nonbond          10.26    6.10
|     Bond              0.00    0.00
|     Angle             0.00    0.00
|     Dihedral          0.00    0.00
|     Shake             0.12    0.07
|     RunMD           157.38   93.54
|     Other             0.48    0.29
|     ------------------------------
|     Total           168.25

|  PME Nonbond Pairlist CPU Time:
|
|     Routine              Sec        %
|     ---------------------------------
|     Set Up Cit           0.00    0.00
|     Build List           0.00    0.00
|     ---------------------------------
|     Total                0.00    0.00

|  PME Direct Force CPU Time:
|
|     Routine              Sec        %
|     ---------------------------------
|     NonBonded Calc       0.00    0.00
|     Exclude Masked       0.00    0.00
|     Other                0.00    0.00
|     ---------------------------------
|     Total                0.00    0.00

|  PME Reciprocal Force CPU Time:
|
|     Routine              Sec        %
|     ---------------------------------
|     1D bspline           0.00    0.00
|     Grid Charges         0.00    0.00
|     Scalar Sum           0.00    0.00
|     Gradient Sum         0.00    0.00
|     FFT                  0.00    0.00
|     ---------------------------------
|     Total                0.00    0.00

|  Final Performance Info:
|     -----------------------------------------------------
|     Average timings for last    4500 steps:
|     Elapsed(s) =      38.27 Per Step(ms) =       8.50
|         ns/day =      40.64   seconds/ns =    2126.01
|
|     Average timings for all steps:
|     Elapsed(s) =     168.22 Per Step(ms) =       8.41
|         ns/day =      41.09   seconds/ns =    2102.80
|     -----------------------------------------------------

|  Setup CPU time:            1.22 seconds
|  NonSetup CPU time:       168.25 seconds
|  Total CPU time:          169.46 seconds     0.05 hours

|  Setup wall time:           1    seconds
|  NonSetup wall time:      169    seconds
|  Total wall time:         170    seconds     0.05 hours
