
          -------------------------------------------------------
          Amber 16 PMEMD                              2016
          -------------------------------------------------------

| PMEMD implementation of SANDER, Release 16

| Run on 04/06/2017 at 20:34:15

|   Executable path: pmemd.cuda
| Working directory: /home/robert/Research/AADH/MD/7_tuning
|          Hostname: Unknown
  [-O]verwriting output

File Assignments:
|   MDIN: hmrcut10and.in                                                        
|  MDOUT: hmrcut10and.out                                                       
| INPCRD: ../common/equil6.rst                                                  
|   PARM: ../common/2agy_final_min_hmr.prmtop                                   
| RESTRT: restrt                                                                
|   REFC: refc                                                                  
|  MDVEL: mdvel                                                                 
|   MDEN: mden                                                                  
|  MDCRD: mdcrd                                                                 
| MDINFO: mdinfo                                                                
|  MDFRC: mdfrc                                                                 


 Here is the input file:

AADH reference trajectory: 20ps MD                                             
&cntrl                                                                         
  imin   = 0,                    ! INP Standard MD, no minimization            
  irest  = 1,                    ! INP Restart simulation                      
  ntx    = 5,                    ! INP Read in coordinates and velocities      
  ntpr   = 500,                  ! OUT print frequencey for energy info to mdou
  ntc    = 2,                    ! RESTRAINTS SHAKE for TIP3P                  
  nscm   = 1000,                 ! MD frequency to remove C.o.M motion         
  dt     = 0.004,                ! MD timestep                                 
  nrespa = 1,                    ! MD RESPA time step.  Keep nrespa * dt <= 4  
  nstlim = 20000,                 ! MD Number of time steps                    
  tempi  = 310.0,                  ! TEMP initial temperature                  
  temp0  = 310.0,                ! TEMP final temperature                      
  ntt    = 2,                    ! TEMP Temp control 3 = Langevin, 0 = NVE     
 ! gamma_ln = 5.0,                ! TEMP collision frequency                   
  vrand  = 1000,                                                               
  ntf    = 2,                    ! POTENTIAL omit H-atoms in potential evaluati
  ntb    = 1,                    ! POTENTIAL Constant Volume PBC for non-bonded
  cut    = 10.0,                 ! POTENTIAL Non-bonded cutoff                 
  fswitch = 8.0,                ! POTENTIAL Switching function start length    
/                                                                              
                                                                               


Note: ig = -1. Setting random seed to   826549 based on wallclock time in 
      microseconds.
 
|--------------------- INFORMATION ----------------------
| GPU (CUDA) Version of PMEMD in use: NVIDIA GPU IN USE.
|                    Version 16.0.0
| 
|                      02/25/2016
| 
| Implementation by:
|                    Ross C. Walker     (SDSC)
|                    Scott Le Grand     (nVIDIA)
| 
| Precision model in use:
|      [SPFP] - Single Precision Forces, 64-bit Fixed Point
|               Accumulation. (Default)
| 
|--------------------------------------------------------
 
|----------------- CITATION INFORMATION -----------------
|
|    When publishing work that utilized the CUDA version
|    of AMBER, please cite the following in addition to
|    the regular AMBER citations:
|
|  - Romelia Salomon-Ferrer; Andreas W. Goetz; Duncan
|    Poole; Scott Le Grand; Ross C. Walker "Routine
|    microsecond molecular dynamics simulations with
|    AMBER - Part II: Particle Mesh Ewald", J. Chem.
|    Theory Comput., 2013, 9 (9), pp3878-3888,
|    DOI: 10.1021/ct400314y.
|
|  - Andreas W. Goetz; Mark J. Williamson; Dong Xu;
|    Duncan Poole; Scott Le Grand; Ross C. Walker
|    "Routine microsecond molecular dynamics simulations
|    with AMBER - Part I: Generalized Born", J. Chem.
|    Theory Comput., 2012, 8 (5), pp1542-1555.
|
|  - Scott Le Grand; Andreas W. Goetz; Ross C. Walker
|    "SPFP: Speed without compromise - a mixed precision
|    model for GPU accelerated molecular dynamics
|    simulations.", Comp. Phys. Comm., 2013, 184
|    pp374-380, DOI: 10.1016/j.cpc.2012.09.022
|
|--------------------------------------------------------
 
|------------------- GPU DEVICE INFO --------------------
|
|            CUDA_VISIBLE_DEVICES: not set
|   CUDA Capable Devices Detected:      1
|           CUDA Device ID in use:      0
|                CUDA Device Name: GeForce GTX 980
|     CUDA Device Global Mem Size:   8112 MB
| CUDA Device Num Multiprocessors:     16
|           CUDA Device Core Freq:   1.19 GHz
|
|--------------------------------------------------------
 
 
| Conditional Compilation Defines Used:
| PUBFFT
| BINTRAJ
| CUDA
| EMIL

| Largest sphere to fit in unit cell has radius =    44.450

| New format PARM file being parsed.
| Version =    1.000 Date = 04/06/17 Time = 20:20:39
| Force field information read from topology file: 
|              >>>> CHARMM36 All-Hydrogen Parameter File for Proteins <<<<<<<<<<  
|
|CHARMM: CHARMM force field in use. 

| Note: 1-4 EEL scale factors are being read from the topology file.

| Note: 1-4 VDW scale factors are being read from the topology file.
| INFO: Off Diagonal (NBFIX) LJ terms found in prmtop file.
|       The prmtop file has been modified to support atom
|       type based pairwise Lennard-Jones terms.
| Duplicated    0 dihedrals

| Duplicated    0 dihedrals

--------------------------------------------------------------------------------
   1.  RESOURCE   USE: 
--------------------------------------------------------------------------------

 getting new box info from bottom of inpcrd
 NATOM  =  115183 NTYPES =      45 NBONH =  107615 MBONA  =    7567
 NTHETH =   49571 MTHETA =   10290 NPHIH =   26934 MPHIA  =   18893
 NHPARM =       0 NPARM  =       0 NNB   =  213960 NRES   =   34667
 NBONA  =    7567 NTHETA =   10290 NPHIA =   18893 NUMBND =      84
 NUMANG =     194 NPTRA  =     454 NATYP =       1 NPHB   =       0
 IFBOX  =       1 NMXRS  =      45 IFCAP =       0 NEXTRA =       0
 NCOPY  =       0

|CHARMM: Reticulating splines.

| Coordinate Index Table dimensions:    22   18   16
| Direct force subcell size =     5.6307    5.7305    5.5562

     BOX TYPE: RECTILINEAR

--------------------------------------------------------------------------------
   2.  CONTROL  DATA  FOR  THE  RUN
--------------------------------------------------------------------------------

                                                                                

General flags:
     imin    =       0, nmropt  =       0

Nature and format of input:
     ntx     =       5, irest   =       1, ntrx    =       1

Nature and format of output:
     ntxo    =       2, ntpr    =     500, ntrx    =       1, ntwr    =   20000
     iwrap   =       0, ntwx    =       0, ntwv    =       0, ntwe    =       0
     ioutfm  =       1, ntwprt  =       0, idecomp =       0, rbornstat=      0

Potential function:
     ntf     =       2, ntb     =       1, igb     =       0, nsnb    =      25
     ipol    =       0, gbsa    =       0, iesp    =       0
     dielc   =   1.00000, cut     =  10.00000, intdiel =   1.00000

Frozen or restrained atoms:
     ibelly  =       0, ntr     =       0

Molecular dynamics:
     nstlim  =     20000, nscm    =      1000, nrespa  =         1
     t       =   0.00000, dt      =   0.00400, vlimit  =  -1.00000

Anderson (strong collision) temperature regulation:
     ig      =  826549, vrand   =    1000
     temp0   = 310.00000, tempi   = 310.00000

SHAKE:
     ntc     =       2, jfastw  =       0
     tol     =   0.00001

| Intermolecular bonds treatment:
|     no_intermolecular_bonds =       1

| Energy averages sample interval:
|     ene_avg_sampling =     500

Ewald parameters:
     verbose =       0, ew_type =       0, nbflag  =       1, use_pme =       1
     vdwmeth =       0, eedmeth =       1, netfrc  =       1
     Box X =  123.876   Box Y =  103.149   Box Z =   88.900
     Alpha =   90.000   Beta  =   90.000   Gamma =   90.000
     NFFT1 =  128       NFFT2 =  108       NFFT3 =   96
     Cutoff=   10.000   Tol   =0.100E-04
     Ewald Coefficient =  0.27511
     Interpolation order =    4

--------------------------------------------------------------------------------
   3.  ATOMIC COORDINATES AND VELOCITIES
--------------------------------------------------------------------------------

                                                                                
 begin time read from input coords =  1070.000 ps

 
 Number of triangulated 3-point waters found:    33521

     Sum of charges from parm topology file =  -0.00000000
     Forcing neutrality...

| Dynamic Memory, Types Used:
| Reals             3053572
| Integers          3841927

| Nonbonded Pairs Initial Allocation:    34839977

| GPU memory information (estimate):
| KB of GPU memory in use:    689524
| KB of CPU memory in use:    136024

--------------------------------------------------------------------------------
   4.  RESULTS
--------------------------------------------------------------------------------

 ---------------------------------------------------
 APPROXIMATING switch and d/dx switch using CUBIC SPLINE INTERPOLATION
 using   5000.0 points per unit in tabled values
 TESTING RELATIVE ERROR over r ranging from 0.0 to cutoff
| CHECK switch(x): max rel err =   0.2738E-14   at   2.422500
| CHECK d/dx switch(x): max rel err =   0.8314E-11   at   2.736960
 ---------------------------------------------------
|---------------------------------------------------
| APPROXIMATING direct energy using CUBIC SPLINE INTERPOLATION
|  with   50.0 points per unit in tabled values
| Relative Error Limit not exceeded for r .gt.   2.33
| APPROXIMATING direct force using CUBIC SPLINE INTERPOLATION
|  with   50.0 points per unit in tabled values
| Relative Error Limit not exceeded for r .gt.   2.80
|---------------------------------------------------

 NSTEP =      500   TIME(PS) =    1072.000  TEMP(K) =   323.08  PRESS =     0.0
 Etot   =   -272981.4946  EKtot   =     76377.4219  EPtot      =   -349358.9164
 BOND   =      3959.7033  ANGLE   =      9260.1982  DIHED      =      9912.3834
 UB     =      1108.2538  IMP     =       639.7021  CMAP       =      -622.6939
 1-4 NB =      2584.4819  1-4 EEL =     39199.1910  VDWAALS    =     31378.1864
 EELEC  =   -446778.3224  EHBOND  =         0.0000  RESTRAINT  =         0.0000
 ------------------------------------------------------------------------------

Setting new random velocities at step     1000
check COM velocity, temp:        0.000511     0.00(Removed)

 NSTEP =     1000   TIME(PS) =    1074.000  TEMP(K) =   322.70  PRESS =     0.0
 Etot   =   -272885.0588  EKtot   =     76288.9502  EPtot      =   -349174.0090
 BOND   =      3914.8389  ANGLE   =      8935.6152  DIHED      =      9832.7950
 UB     =      1065.1073  IMP     =       628.0593  CMAP       =      -588.4487
 1-4 NB =      2554.5161  1-4 EEL =     39190.3833  VDWAALS    =     31302.5590
 EELEC  =   -446009.4345  EHBOND  =         0.0000  RESTRAINT  =         0.0000
 ------------------------------------------------------------------------------


 NSTEP =     1500   TIME(PS) =    1076.000  TEMP(K) =   316.72  PRESS =     0.0
 Etot   =   -275897.9394  EKtot   =     74875.5938  EPtot      =   -350773.5331
 BOND   =      3573.5780  ANGLE   =      8358.4472  DIHED      =      9764.6418
 UB     =       987.4327  IMP     =       634.6175  CMAP       =      -602.6851
 1-4 NB =      2608.1880  1-4 EEL =     39079.7917  VDWAALS    =     30578.8958
 EELEC  =   -445756.4408  EHBOND  =         0.0000  RESTRAINT  =         0.0000
 ------------------------------------------------------------------------------

Setting new random velocities at step     2000
check COM velocity, temp:        0.002262     0.01(Removed)

 NSTEP =     2000   TIME(PS) =    1078.000  TEMP(K) =   317.24  PRESS =     0.0
 Etot   =   -275543.3256  EKtot   =     74997.7727  EPtot      =   -350541.0983
 BOND   =      3536.4037  ANGLE   =      8247.3621  DIHED      =      9748.2638
 UB     =       984.5039  IMP     =       595.9047  CMAP       =      -581.8248
 1-4 NB =      2577.9496  1-4 EEL =     39199.9234  VDWAALS    =     30982.1150
 EELEC  =   -445831.6997  EHBOND  =         0.0000  RESTRAINT  =         0.0000
 ------------------------------------------------------------------------------


 NSTEP =     2500   TIME(PS) =    1080.000  TEMP(K) =   313.29  PRESS =     0.0
 Etot   =   -277514.5144  EKtot   =     74064.8672  EPtot      =   -351579.3816
 BOND   =      3356.1338  ANGLE   =      8253.0331  DIHED      =      9653.7085
 UB     =       970.2404  IMP     =       565.6405  CMAP       =      -561.1878
 1-4 NB =      2556.5815  1-4 EEL =     39250.0983  VDWAALS    =     31343.1776
 EELEC  =   -446966.8075  EHBOND  =         0.0000  RESTRAINT  =         0.0000
 ------------------------------------------------------------------------------

Setting new random velocities at step     3000
check COM velocity, temp:        0.000367     0.00(Removed)

 NSTEP =     3000   TIME(PS) =    1082.000  TEMP(K) =   313.65  PRESS =     0.0
 Etot   =   -277562.1120  EKtot   =     74150.0255  EPtot      =   -351712.1374
 BOND   =      3494.4520  ANGLE   =      8140.4405  DIHED      =      9687.5289
 UB     =       951.1538  IMP     =       570.6799  CMAP       =      -617.6386
 1-4 NB =      2515.9213  1-4 EEL =     39276.9101  VDWAALS    =     30767.4334
 EELEC  =   -446499.0188  EHBOND  =         0.0000  RESTRAINT  =         0.0000
 ------------------------------------------------------------------------------


 NSTEP =     3500   TIME(PS) =    1084.000  TEMP(K) =   311.90  PRESS =     0.0
 Etot   =   -278491.9948  EKtot   =     73736.2500  EPtot      =   -352228.2448
 BOND   =      3529.9283  ANGLE   =      8032.6624  DIHED      =      9636.6198
 UB     =       942.8092  IMP     =       526.9836  CMAP       =      -605.6220
 1-4 NB =      2520.4822  1-4 EEL =     39397.3590  VDWAALS    =     31396.1241
 EELEC  =   -447605.5913  EHBOND  =         0.0000  RESTRAINT  =         0.0000
 ------------------------------------------------------------------------------

Setting new random velocities at step     4000
check COM velocity, temp:        0.002186     0.01(Removed)

 NSTEP =     4000   TIME(PS) =    1086.000  TEMP(K) =   311.84  PRESS =     0.0
 Etot   =   -278589.9847  EKtot   =     73721.8154  EPtot      =   -352311.8002
 BOND   =      3431.3324  ANGLE   =      8058.0613  DIHED      =      9630.5662
 UB     =       963.9419  IMP     =       572.1085  CMAP       =      -588.9448
 1-4 NB =      2553.3966  1-4 EEL =     39401.0162  VDWAALS    =     31633.1936
 EELEC  =   -447966.4719  EHBOND  =         0.0000  RESTRAINT  =         0.0000
 ------------------------------------------------------------------------------


 NSTEP =     4500   TIME(PS) =    1088.000  TEMP(K) =   310.78  PRESS =     0.0
 Etot   =   -278567.5855  EKtot   =     73471.6719  EPtot      =   -352039.2573
 BOND   =      3580.6446  ANGLE   =      8075.1461  DIHED      =      9673.9203
 UB     =       950.3111  IMP     =       564.9689  CMAP       =      -586.9269
 1-4 NB =      2481.5674  1-4 EEL =     39224.7116  VDWAALS    =     31190.7358
 EELEC  =   -447194.3363  EHBOND  =         0.0000  RESTRAINT  =         0.0000
 ------------------------------------------------------------------------------

Setting new random velocities at step     5000
check COM velocity, temp:        0.001482     0.00(Removed)

 NSTEP =     5000   TIME(PS) =    1090.000  TEMP(K) =   310.79  PRESS =     0.0
 Etot   =   -278818.7359  EKtot   =     73473.7857  EPtot      =   -352292.5216
 BOND   =      3414.7847  ANGLE   =      8001.9004  DIHED      =      9616.6332
 UB     =       960.4184  IMP     =       563.0428  CMAP       =      -561.7854
 1-4 NB =      2542.1069  1-4 EEL =     39366.6955  VDWAALS    =     31126.7136
 EELEC  =   -447323.0317  EHBOND  =         0.0000  RESTRAINT  =         0.0000
 ------------------------------------------------------------------------------


 NSTEP =     5500   TIME(PS) =    1092.000  TEMP(K) =   309.86  PRESS =     0.0
 Etot   =   -278990.7492  EKtot   =     73253.7734  EPtot      =   -352244.5226
 BOND   =      3522.7348  ANGLE   =      8066.0916  DIHED      =      9667.8455
 UB     =       939.4575  IMP     =       531.3342  CMAP       =      -635.4827
 1-4 NB =      2512.5223  1-4 EEL =     39210.0230  VDWAALS    =     31455.9577
 EELEC  =   -447515.0065  EHBOND  =         0.0000  RESTRAINT  =         0.0000
 ------------------------------------------------------------------------------

Setting new random velocities at step     6000
check COM velocity, temp:        0.003084     0.01(Removed)

 NSTEP =     6000   TIME(PS) =    1094.000  TEMP(K) =   310.21  PRESS =     0.0
 Etot   =   -279284.4761  EKtot   =     73336.9633  EPtot      =   -352621.4394
 BOND   =      3321.6190  ANGLE   =      7849.7753  DIHED      =      9675.5500
 UB     =       911.3057  IMP     =       563.9587  CMAP       =      -617.6114
 1-4 NB =      2536.5340  1-4 EEL =     39324.1651  VDWAALS    =     31227.1013
 EELEC  =   -447413.8370  EHBOND  =         0.0000  RESTRAINT  =         0.0000
 ------------------------------------------------------------------------------


 NSTEP =     6500   TIME(PS) =    1096.000  TEMP(K) =   309.57  PRESS =     0.0
 Etot   =   -279349.4139  EKtot   =     73184.8281  EPtot      =   -352534.2421
 BOND   =      3485.9207  ANGLE   =      7946.7062  DIHED      =      9700.0060
 UB     =       939.7524  IMP     =       533.8915  CMAP       =      -634.2446
 1-4 NB =      2514.6341  1-4 EEL =     39318.1384  VDWAALS    =     31304.6855
 EELEC  =   -447643.7322  EHBOND  =         0.0000  RESTRAINT  =         0.0000
 ------------------------------------------------------------------------------

Setting new random velocities at step     7000
check COM velocity, temp:        0.001978     0.01(Removed)

 NSTEP =     7000   TIME(PS) =    1098.000  TEMP(K) =   309.46  PRESS =     0.0
 Etot   =   -279678.4437  EKtot   =     73159.0051  EPtot      =   -352837.4488
 BOND   =      3446.9506  ANGLE   =      7896.3025  DIHED      =      9650.6048
 UB     =       928.2696  IMP     =       556.6939  CMAP       =      -619.3910
 1-4 NB =      2568.7101  1-4 EEL =     39299.9179  VDWAALS    =     31262.5218
 EELEC  =   -447828.0290  EHBOND  =         0.0000  RESTRAINT  =         0.0000
 ------------------------------------------------------------------------------


 NSTEP =     7500   TIME(PS) =    1100.000  TEMP(K) =   311.16  PRESS =     0.0
 Etot   =   -279320.9321  EKtot   =     73561.5547  EPtot      =   -352882.4868
 BOND   =      3539.8251  ANGLE   =      7846.1952  DIHED      =      9691.1944
 UB     =       926.4151  IMP     =       566.4078  CMAP       =      -596.0704
 1-4 NB =      2533.2629  1-4 EEL =     39370.3179  VDWAALS    =     31377.7425
 EELEC  =   -448137.7774  EHBOND  =         0.0000  RESTRAINT  =         0.0000
 ------------------------------------------------------------------------------

Setting new random velocities at step     8000
check COM velocity, temp:        0.000789     0.00(Removed)

 NSTEP =     8000   TIME(PS) =    1102.000  TEMP(K) =   311.34  PRESS =     0.0
 Etot   =   -279357.7944  EKtot   =     73603.7719  EPtot      =   -352961.5662
 BOND   =      3392.1124  ANGLE   =      7901.7381  DIHED      =      9628.9777
 UB     =       923.7539  IMP     =       533.0152  CMAP       =      -597.3197
 1-4 NB =      2535.1991  1-4 EEL =     39404.9045  VDWAALS    =     31347.5736
 EELEC  =   -448031.5211  EHBOND  =         0.0000  RESTRAINT  =         0.0000
 ------------------------------------------------------------------------------


 NSTEP =     8500   TIME(PS) =    1104.000  TEMP(K) =   309.36  PRESS =     0.0
 Etot   =   -279754.7984  EKtot   =     73136.0625  EPtot      =   -352890.8609
 BOND   =      3441.6727  ANGLE   =      7797.0360  DIHED      =      9631.9649
 UB     =       903.7766  IMP     =       555.6546  CMAP       =      -609.2068
 1-4 NB =      2513.5843  1-4 EEL =     39384.3365  VDWAALS    =     31147.0022
 EELEC  =   -447656.6819  EHBOND  =         0.0000  RESTRAINT  =         0.0000
 ------------------------------------------------------------------------------

Setting new random velocities at step     9000
check COM velocity, temp:        0.000993     0.00(Removed)

 NSTEP =     9000   TIME(PS) =    1106.000  TEMP(K) =   307.63  PRESS =     0.0
 Etot   =   -279886.9867  EKtot   =     72726.2705  EPtot      =   -352613.2573
 BOND   =      3416.0563  ANGLE   =      7976.8492  DIHED      =      9624.9034
 UB     =       954.8486  IMP     =       503.5240  CMAP       =      -643.4200
 1-4 NB =      2588.3469  1-4 EEL =     39169.1816  VDWAALS    =     31365.9442
 EELEC  =   -447569.4914  EHBOND  =         0.0000  RESTRAINT  =         0.0000
 ------------------------------------------------------------------------------


 NSTEP =     9500   TIME(PS) =    1108.000  TEMP(K) =   310.27  PRESS =     0.0
 Etot   =   -279311.8533  EKtot   =     73349.0938  EPtot      =   -352660.9471
 BOND   =      3468.3356  ANGLE   =      7941.7399  DIHED      =      9609.3530
 UB     =       954.9899  IMP     =       547.0967  CMAP       =      -551.4246
 1-4 NB =      2485.0664  1-4 EEL =     39150.0793  VDWAALS    =     31949.2563
 EELEC  =   -448215.4396  EHBOND  =         0.0000  RESTRAINT  =         0.0000
 ------------------------------------------------------------------------------

Setting new random velocities at step    10000
check COM velocity, temp:        0.000965     0.00(Removed)

 NSTEP =    10000   TIME(PS) =    1110.000  TEMP(K) =   310.02  PRESS =     0.0
 Etot   =   -279575.2934  EKtot   =     73291.1503  EPtot      =   -352866.4437
 BOND   =      3330.9353  ANGLE   =      7915.3588  DIHED      =      9656.0450
 UB     =       938.6798  IMP     =       525.2181  CMAP       =      -628.0968
 1-4 NB =      2552.5667  1-4 EEL =     39221.5826  VDWAALS    =     31386.8275
 EELEC  =   -447765.5607  EHBOND  =         0.0000  RESTRAINT  =         0.0000
 ------------------------------------------------------------------------------


 NSTEP =    10500   TIME(PS) =    1112.000  TEMP(K) =   310.48  PRESS =     0.0
 Etot   =   -279212.5092  EKtot   =     73399.5000  EPtot      =   -352612.0092
 BOND   =      3470.4050  ANGLE   =      7847.2811  DIHED      =      9695.8372
 UB     =       926.3507  IMP     =       550.2522  CMAP       =      -612.4151
 1-4 NB =      2544.3937  1-4 EEL =     39390.5328  VDWAALS    =     31308.7944
 EELEC  =   -447733.4410  EHBOND  =         0.0000  RESTRAINT  =         0.0000
 ------------------------------------------------------------------------------

Setting new random velocities at step    11000
check COM velocity, temp:        0.001112     0.00(Removed)

 NSTEP =    11000   TIME(PS) =    1114.000  TEMP(K) =   311.59  PRESS =     0.0
 Etot   =   -279036.6888  EKtot   =     73661.7189  EPtot      =   -352698.4077
 BOND   =      3351.4268  ANGLE   =      7880.7324  DIHED      =      9664.5988
 UB     =       910.0487  IMP     =       550.8115  CMAP       =      -583.8913
 1-4 NB =      2512.2413  1-4 EEL =     39300.3808  VDWAALS    =     31011.5255
 EELEC  =   -447296.2821  EHBOND  =         0.0000  RESTRAINT  =         0.0000
 ------------------------------------------------------------------------------


 NSTEP =    11500   TIME(PS) =    1116.000  TEMP(K) =   312.39  PRESS =     0.0
 Etot   =   -278848.6947  EKtot   =     73850.5000  EPtot      =   -352699.1947
 BOND   =      3412.4933  ANGLE   =      7957.0490  DIHED      =      9671.6340
 UB     =       943.8248  IMP     =       555.6182  CMAP       =      -616.5059
 1-4 NB =      2552.2259  1-4 EEL =     39272.3948  VDWAALS    =     31544.0417
 EELEC  =   -447991.9706  EHBOND  =         0.0000  RESTRAINT  =         0.0000
 ------------------------------------------------------------------------------

Setting new random velocities at step    12000
check COM velocity, temp:        0.000834     0.00(Removed)

 NSTEP =    12000   TIME(PS) =    1118.000  TEMP(K) =   312.51  PRESS =     0.0
 Etot   =   -278570.7070  EKtot   =     73880.1687  EPtot      =   -352450.8758
 BOND   =      3569.2966  ANGLE   =      7904.9089  DIHED      =      9714.5522
 UB     =       929.6509  IMP     =       535.8186  CMAP       =      -619.1779
 1-4 NB =      2507.9639  1-4 EEL =     39247.8754  VDWAALS    =     31134.5528
 EELEC  =   -447376.3173  EHBOND  =         0.0000  RESTRAINT  =         0.0000
 ------------------------------------------------------------------------------


 NSTEP =    12500   TIME(PS) =    1120.000  TEMP(K) =   312.00  PRESS =     0.0
 Etot   =   -278912.3369  EKtot   =     73758.4297  EPtot      =   -352670.7666
 BOND   =      3508.8204  ANGLE   =      8013.4386  DIHED      =      9672.1309
 UB     =       953.1034  IMP     =       557.9542  CMAP       =      -643.1526
 1-4 NB =      2509.4423  1-4 EEL =     39140.2806  VDWAALS    =     31774.6903
 EELEC  =   -448157.4748  EHBOND  =         0.0000  RESTRAINT  =         0.0000
 ------------------------------------------------------------------------------

Setting new random velocities at step    13000
check COM velocity, temp:        0.001263     0.00(Removed)

 NSTEP =    13000   TIME(PS) =    1122.000  TEMP(K) =   312.44  PRESS =     0.0
 Etot   =   -278480.5403  EKtot   =     73862.0033  EPtot      =   -352342.5436
 BOND   =      3466.3197  ANGLE   =      7947.5744  DIHED      =      9662.8319
 UB     =       931.8382  IMP     =       552.3094  CMAP       =      -618.8094
 1-4 NB =      2513.1231  1-4 EEL =     39341.4319  VDWAALS    =     31093.1010
 EELEC  =   -447232.2638  EHBOND  =         0.0000  RESTRAINT  =         0.0000
 ------------------------------------------------------------------------------


 NSTEP =    13500   TIME(PS) =    1124.000  TEMP(K) =   310.73  PRESS =     0.0
 Etot   =   -279167.6066  EKtot   =     73459.7891  EPtot      =   -352627.3956
 BOND   =      3400.1644  ANGLE   =      7931.4348  DIHED      =      9677.4110
 UB     =       954.5316  IMP     =       531.6686  CMAP       =      -590.0777
 1-4 NB =      2571.5456  1-4 EEL =     39241.5359  VDWAALS    =     31597.0122
 EELEC  =   -447942.6221  EHBOND  =         0.0000  RESTRAINT  =         0.0000
 ------------------------------------------------------------------------------

Setting new random velocities at step    14000
check COM velocity, temp:        0.000761     0.00(Removed)

 NSTEP =    14000   TIME(PS) =    1126.000  TEMP(K) =   310.69  PRESS =     0.0
 Etot   =   -278952.3928  EKtot   =     73449.1741  EPtot      =   -352401.5669
 BOND   =      3423.2520  ANGLE   =      7766.2530  DIHED      =      9687.0384
 UB     =       928.4640  IMP     =       566.3877  CMAP       =      -606.4124
 1-4 NB =      2514.7406  1-4 EEL =     39494.5451  VDWAALS    =     31332.8338
 EELEC  =   -447508.6692  EHBOND  =         0.0000  RESTRAINT  =         0.0000
 ------------------------------------------------------------------------------


 NSTEP =    14500   TIME(PS) =    1128.000  TEMP(K) =   311.81  PRESS =     0.0
 Etot   =   -278840.5682  EKtot   =     73715.1719  EPtot      =   -352555.7401
 BOND   =      3314.9430  ANGLE   =      7868.1491  DIHED      =      9646.7623
 UB     =       920.9118  IMP     =       569.3897  CMAP       =      -602.3072
 1-4 NB =      2556.0349  1-4 EEL =     39380.2224  VDWAALS    =     30872.0518
 EELEC  =   -447081.8980  EHBOND  =         0.0000  RESTRAINT  =         0.0000
 ------------------------------------------------------------------------------

Setting new random velocities at step    15000
check COM velocity, temp:        0.001012     0.00(Removed)

 NSTEP =    15000   TIME(PS) =    1130.000  TEMP(K) =   311.19  PRESS =     0.0
 Etot   =   -278821.2117  EKtot   =     73567.2394  EPtot      =   -352388.4511
 BOND   =      3422.1903  ANGLE   =      7787.5882  DIHED      =      9715.5422
 UB     =       923.6873  IMP     =       570.6808  CMAP       =      -591.4475
 1-4 NB =      2483.3747  1-4 EEL =     39174.5359  VDWAALS    =     31409.6982
 EELEC  =   -447284.3012  EHBOND  =         0.0000  RESTRAINT  =         0.0000
 ------------------------------------------------------------------------------


 NSTEP =    15500   TIME(PS) =    1132.000  TEMP(K) =   309.92  PRESS =     0.0
 Etot   =   -279504.7561  EKtot   =     73266.5234  EPtot      =   -352771.2795
 BOND   =      3451.5647  ANGLE   =      7806.5823  DIHED      =      9653.2971
 UB     =       908.8478  IMP     =       569.9576  CMAP       =      -583.5279
 1-4 NB =      2531.5197  1-4 EEL =     39152.9185  VDWAALS    =     30790.6961
 EELEC  =   -447053.1354  EHBOND  =         0.0000  RESTRAINT  =         0.0000
 ------------------------------------------------------------------------------

Setting new random velocities at step    16000
check COM velocity, temp:        0.002123     0.01(Removed)

 NSTEP =    16000   TIME(PS) =    1134.000  TEMP(K) =   309.90  PRESS =     0.0
 Etot   =   -279539.1266  EKtot   =     73263.7801  EPtot      =   -352802.9066
 BOND   =      3355.6455  ANGLE   =      7947.8983  DIHED      =      9594.3536
 UB     =       918.8595  IMP     =       580.4003  CMAP       =      -582.4972
 1-4 NB =      2499.7565  1-4 EEL =     39246.5441  VDWAALS    =     31428.6812
 EELEC  =   -447792.5486  EHBOND  =         0.0000  RESTRAINT  =         0.0000
 ------------------------------------------------------------------------------


 NSTEP =    16500   TIME(PS) =    1136.000  TEMP(K) =   311.84  PRESS =     0.0
 Etot   =   -279480.6268  EKtot   =     73721.1406  EPtot      =   -353201.7674
 BOND   =      3374.3552  ANGLE   =      7914.2734  DIHED      =      9651.5605
 UB     =       918.7424  IMP     =       537.8838  CMAP       =      -580.1497
 1-4 NB =      2485.1603  1-4 EEL =     39227.9081  VDWAALS    =     31313.6575
 EELEC  =   -448045.1589  EHBOND  =         0.0000  RESTRAINT  =         0.0000
 ------------------------------------------------------------------------------

Setting new random velocities at step    17000
check COM velocity, temp:        0.000468     0.00(Removed)

 NSTEP =    17000   TIME(PS) =    1138.000  TEMP(K) =   311.50  PRESS =     0.0
 Etot   =   -278908.3811  EKtot   =     73640.4591  EPtot      =   -352548.8402
 BOND   =      3447.9568  ANGLE   =      7938.2487  DIHED      =      9614.1614
 UB     =       945.3636  IMP     =       539.5716  CMAP       =      -577.0988
 1-4 NB =      2531.3653  1-4 EEL =     39079.6994  VDWAALS    =     31233.5533
 EELEC  =   -447301.6613  EHBOND  =         0.0000  RESTRAINT  =         0.0000
 ------------------------------------------------------------------------------


 NSTEP =    17500   TIME(PS) =    1140.000  TEMP(K) =   310.80  PRESS =     0.0
 Etot   =   -279129.3067  EKtot   =     73475.7656  EPtot      =   -352605.0723
 BOND   =      3393.2354  ANGLE   =      8147.6566  DIHED      =      9620.6492
 UB     =       934.8549  IMP     =       560.8028  CMAP       =      -595.6599
 1-4 NB =      2501.8766  1-4 EEL =     39241.3192  VDWAALS    =     30692.9316
 EELEC  =   -447102.7386  EHBOND  =         0.0000  RESTRAINT  =         0.0000
 ------------------------------------------------------------------------------

Setting new random velocities at step    18000
check COM velocity, temp:        0.001048     0.00(Removed)

 NSTEP =    18000   TIME(PS) =    1142.000  TEMP(K) =   310.00  PRESS =     0.0
 Etot   =   -279157.0044  EKtot   =     73286.5655  EPtot      =   -352443.5699
 BOND   =      3375.0921  ANGLE   =      7906.5073  DIHED      =      9689.6505
 UB     =       929.0944  IMP     =       577.6468  CMAP       =      -613.4716
 1-4 NB =      2517.2297  1-4 EEL =     39287.0537  VDWAALS    =     31292.4630
 EELEC  =   -447404.8357  EHBOND  =         0.0000  RESTRAINT  =         0.0000
 ------------------------------------------------------------------------------


 NSTEP =    18500   TIME(PS) =    1144.000  TEMP(K) =   311.11  PRESS =     0.0
 Etot   =   -278976.8989  EKtot   =     73549.2344  EPtot      =   -352526.1333
 BOND   =      3418.5087  ANGLE   =      7939.0131  DIHED      =      9623.6684
 UB     =       937.7552  IMP     =       549.9724  CMAP       =      -534.6466
 1-4 NB =      2556.2064  1-4 EEL =     39307.7765  VDWAALS    =     31650.3722
 EELEC  =   -447974.7595  EHBOND  =         0.0000  RESTRAINT  =         0.0000
 ------------------------------------------------------------------------------

Setting new random velocities at step    19000
check COM velocity, temp:        0.002667     0.01(Removed)

 NSTEP =    19000   TIME(PS) =    1146.000  TEMP(K) =   311.37  PRESS =     0.0
 Etot   =   -279016.7279  EKtot   =     73610.0469  EPtot      =   -352626.7748
 BOND   =      3354.0509  ANGLE   =      7928.1043  DIHED      =      9655.1357
 UB     =       920.4624  IMP     =       519.4411  CMAP       =      -567.4497
 1-4 NB =      2515.3598  1-4 EEL =     39234.2470  VDWAALS    =     30964.3062
 EELEC  =   -447150.4325  EHBOND  =         0.0000  RESTRAINT  =         0.0000
 ------------------------------------------------------------------------------


 NSTEP =    19500   TIME(PS) =    1148.000  TEMP(K) =   309.74  PRESS =     0.0
 Etot   =   -279153.0427  EKtot   =     73225.3203  EPtot      =   -352378.3630
 BOND   =      3414.0656  ANGLE   =      7957.3687  DIHED      =      9688.9118
 UB     =       927.4876  IMP     =       539.5886  CMAP       =      -603.2648
 1-4 NB =      2543.3194  1-4 EEL =     39285.2637  VDWAALS    =     31428.6212
 EELEC  =   -447559.7247  EHBOND  =         0.0000  RESTRAINT  =         0.0000
 ------------------------------------------------------------------------------

Setting new random velocities at step    20000
check COM velocity, temp:        0.002009     0.01(Removed)

 NSTEP =    20000   TIME(PS) =    1150.000  TEMP(K) =   309.86  PRESS =     0.0
 Etot   =   -279472.0474  EKtot   =     73252.3627  EPtot      =   -352724.4101
 BOND   =      3451.5228  ANGLE   =      7975.2240  DIHED      =      9669.1345
 UB     =       947.9728  IMP     =       525.0183  CMAP       =      -586.1392
 1-4 NB =      2518.4101  1-4 EEL =     39188.2041  VDWAALS    =     31011.9372
 EELEC  =   -447425.6947  EHBOND  =         0.0000  RESTRAINT  =         0.0000
 ------------------------------------------------------------------------------


      A V E R A G E S   O V E R      40 S T E P S


 NSTEP =    20000   TIME(PS) =    1150.000  TEMP(K) =   311.82  PRESS =     0.0
 Etot   =   -278563.6165  EKtot   =     73716.3880  EPtot      =   -352280.0046
 BOND   =      3463.3318  ANGLE   =      8021.6486  DIHED      =      9674.0592
 UB     =       945.4318  IMP     =       557.9919  CMAP       =      -598.9532
 1-4 NB =      2532.5227  1-4 EEL =     39266.8349  VDWAALS    =     31260.2317
 EELEC  =   -447403.1040  EHBOND  =         0.0000  RESTRAINT  =         0.0000
 ------------------------------------------------------------------------------


      R M S  F L U C T U A T I O N S


 NSTEP =    20000   TIME(PS) =    1150.000  TEMP(K) =     3.08  PRESS =     0.0
 Etot   =      1556.1217  EKtot   =       728.2907  EPtot      =       858.3342
 BOND   =       128.8628  ANGLE   =       279.3172  DIHED      =        58.5842
 UB     =        37.8787  IMP     =        28.7197  CMAP       =        24.2498
 1-4 NB =        30.0838  1-4 EEL =        93.3538  VDWAALS    =       283.4944
 EELEC  =       584.9560  EHBOND  =         0.0000  RESTRAINT  =         0.0000
 ------------------------------------------------------------------------------

--------------------------------------------------------------------------------
   5.  TIMINGS
--------------------------------------------------------------------------------

|  NonSetup CPU Time in Major Routines:
|
|     Routine           Sec        %
|     ------------------------------
|     Nonbond         175.41   94.15
|     Bond              0.00    0.00
|     Angle             0.00    0.00
|     Dihedral          0.00    0.00
|     Shake             0.07    0.04
|     RunMD            10.82    5.81
|     Other             0.02    0.01
|     ------------------------------
|     Total           186.32

|  PME Nonbond Pairlist CPU Time:
|
|     Routine              Sec        %
|     ---------------------------------
|     Set Up Cit           0.00    0.00
|     Build List           0.00    0.00
|     ---------------------------------
|     Total                0.00    0.00

|  PME Direct Force CPU Time:
|
|     Routine              Sec        %
|     ---------------------------------
|     NonBonded Calc       0.00    0.00
|     Exclude Masked       0.00    0.00
|     Other                0.01    0.00
|     ---------------------------------
|     Total                0.01    0.00

|  PME Reciprocal Force CPU Time:
|
|     Routine              Sec        %
|     ---------------------------------
|     1D bspline           0.00    0.00
|     Grid Charges         0.00    0.00
|     Scalar Sum           0.00    0.00
|     Gradient Sum         0.00    0.00
|     FFT                  0.00    0.00
|     ---------------------------------
|     Total                0.00    0.00

|  Final Performance Info:
|     -----------------------------------------------------
|     Average timings for last       0 steps:
|     Elapsed(s) =       0.00 Per Step(ms) =   Infinity
|         ns/day =       0.00   seconds/ns =   Infinity
|
|     Average timings for all steps:
|     Elapsed(s) =     186.30 Per Step(ms) =       9.31
|         ns/day =      37.10   seconds/ns =    2328.69
|     -----------------------------------------------------

|  Setup CPU time:            1.21 seconds
|  NonSetup CPU time:       186.32 seconds
|  Total CPU time:          187.52 seconds     0.05 hours

|  Setup wall time:           1    seconds
|  NonSetup wall time:      186    seconds
|  Total wall time:         187    seconds     0.05 hours
